Abaqus/Explicit 2025                             DATE 12-5į┬-2026  TIME 04:47:23
-------------------------------------------------------------------------------
 PREPROCESSOR WARNING MESSAGES
-------------------------------------------------------------------------------


***WARNING: There are 2 warning messages in the data (.dat) file.  Please
            check the data file for possible errors in the input file.


-------------------------------------------------------------------------------
 NUMERICAL PRECISION USED FOR THIS Abaqus/Explicit ANALYSIS
-------------------------------------------------------------------------------

Single precision package and explicit executables will be used in this analysis.

-------------------------------------------------------------------------------

***WARNING: In step 1, portions of main surfaces in the general contact domain
            have been tied together.  Joining disconnected surfaces with *TIE
            does not alter the surface connectivity and results in a seam in
            the contact surface.  The nodes along the tied surface perimeters
            have been added to the node set named  "WarnNodePerimTieSeam".

-------------------------------------------------------------------------------
 MODEL INFORMATION (IN GLOBAL X-Y COORDINATES)
-------------------------------------------------------------------------------

   Total mass in model = 6.26845E-06
   Center of mass of model = ( 6.901389E+00,-1.175773E+00)
   For the axisymmetric body, the center of mass is located at the center of mass
   of the circumferential slice.

   Moments of Inertia :
                 About Center of Mass              About Origin
      I(XX)          1.729152E-04                  1.815810E-04
      I(YY)          4.518243E-05                  3.437435E-04
      I(XY)         -1.749125E-06                  4.911601E-05
      I(ZZ)          2.180976E-04                  5.253244E-04

-------------------------------------------------------------------------------
 STABLE TIME INCREMENT INFORMATION
-------------------------------------------------------------------------------


  The stable time increment estimate for each element is based on
  linearization about the initial state.


   Initial time increment = 6.32000E-07

   Statistics over 1113 deformable elements:
      Mean = 2.40803E-05
      Standard deviation = 4.68473E-05

   Most critical elements:
    Element number   Rank    Time increment   Increment ratio
    (Instance name)
   ----------------------------------------------------------
          33          1       6.320001E-07      1.000000E+00
    CORNEA-1
           1          2       7.075819E-07      8.931830E-01
    CORNEA-1
           2          3       8.851875E-07      7.139732E-01
    CORNEA-1
          38          4       8.923142E-07      7.082708E-01
    CORNEA-1
           3          5       8.954066E-07      7.058247E-01
    CORNEA-1
          32          6       9.051583E-07      6.982206E-01
    CORNEA-1
          14          7       9.423269E-07      6.706803E-01
    CORNEA-1
          37          8       9.551446E-07      6.616800E-01
    CORNEA-1
          28          9       9.586105E-07      6.592878E-01
    BACK-SCLERA-1
          29         10       1.007863E-06      6.270694E-01
    CORNEA-1


  Instance name for the most critical element will be printed if the critical
  element changes or at the beginning of a new page.


-------------------------------------------------------------------------------

  INFORMATION REGARDING INITIAL CONTACT OVERCLOSURES FOR NEWLY DEFINED GENERAL
  CONTACT INTERACTIONS IN STEP 1

-------------------------------------------------------------------------------

  Abaqus/Explicit will attempt to resolve 50 initial node-face overclosure(s).


  Maximum initial overclosure for node-face contact is 2.08170E-02 at node 11
  of instance CRYSTALLINE-1 and face S3 of element 101 of instance VITREOUS-1.


  Maximum initial contact adjustment is: 2.08387E-02 at node 11 of instance
  CRYSTALLINE-1.


  No unresolved initial node-face overclosures found.


***NOTE: You can view the deformed configuration due to the resolution of
         initial overclosures.  In increment 0, draw the deformed shape or
         draw a symbol plot of vector displacements.

------------------------------------------------------------------------------

Abaqus/Explicit 2025                             DATE 12-5į┬-2026  TIME 04:47:30
The entire model is considered 1 domain.
Only 1 MPI rank is used.

-------------------------------------------------------------------------------
 SOLUTION PROGRESS
-------------------------------------------------------------------------------

 STEP 1  ORIGIN 0.0000

  Total memory used for step 1 is approximately 3.1 megabytes.
  Global time estimation algorithm will be used.
  Scaling factor:  1.0000
              STEP     TOTAL      WALL        STABLE    CRITICAL    KINETIC      TOTAL
INCREMENT     TIME      TIME      TIME     INCREMENT     ELEMENT     ENERGY     ENERGY
        0  0.000E+00 0.000E+00  00:00:00 6.32000E-07          33  6.126E-05  6.126E-05
INSTANCE WITH CRITICAL ELEMENT: CORNEA-1
Output Field Frame Number     0, of      5, at step time 0.000E+00
      465  5.009E-04 5.009E-04  00:00:01 1.06854E-06          33  8.544E-02  9.888E-05
INSTANCE WITH CRITICAL ELEMENT: CORNEA-1
      938  1.001E-03 1.001E-03  00:00:02 1.04521E-06          33  1.782E-01  1.449E-04
INSTANCE WITH CRITICAL ELEMENT: CORNEA-1
     1425  1.501E-03 1.501E-03  00:00:03 1.00870E-06          33  2.733E-01  1.945E-04
INSTANCE WITH CRITICAL ELEMENT: CORNEA-1
     1918  2.000E-03 2.000E-03  00:00:03 1.00723E-06          33  3.798E-01  2.878E-04
INSTANCE WITH CRITICAL ELEMENT: CORNEA-1
Output Field Frame Number     1, of      5, at step time 2.000E-03
     2414  2.501E-03 2.501E-03  00:00:04 1.02455E-06          33  4.730E-01  4.092E-04
INSTANCE WITH CRITICAL ELEMENT: CORNEA-1
     2906  3.002E-03 3.002E-03  00:00:05 1.01470E-06          33  5.475E-01  6.208E-04
INSTANCE WITH CRITICAL ELEMENT: CORNEA-1
     3400  3.502E-03 3.502E-03  00:00:05 1.02528E-06          33  5.692E-01  8.064E-04
INSTANCE WITH CRITICAL ELEMENT: CORNEA-1
     3888  4.000E-03 4.000E-03  00:00:06 1.01136E-06          33  5.198E-01  1.036E-03
INSTANCE WITH CRITICAL ELEMENT: CORNEA-1
Output Field Frame Number     2, of      5, at step time 4.000E-03
     4380  4.500E-03 4.500E-03  00:00:07 1.02720E-06          33  4.048E-01  1.301E-03
INSTANCE WITH CRITICAL ELEMENT: CORNEA-1
     4869  5.000E-03 5.000E-03  00:00:07 1.01878E-06          33  2.482E-01  1.540E-03
INSTANCE WITH CRITICAL ELEMENT: CORNEA-1
     5358  5.501E-03 5.501E-03  00:00:08 1.03057E-06          33  1.263E-01  1.654E-03
INSTANCE WITH CRITICAL ELEMENT: CORNEA-1
     5845  6.000E-03 6.000E-03  00:00:09 1.02482E-06          33  6.595E-02  1.732E-03
INSTANCE WITH CRITICAL ELEMENT: CORNEA-1
Output Field Frame Number     3, of      5, at step time 6.000E-03
     6332  6.501E-03 6.501E-03  00:00:09 1.02661E-06          33  5.698E-02  1.866E-03
INSTANCE WITH CRITICAL ELEMENT: CORNEA-1
     6817  7.001E-03 7.001E-03  00:00:10 1.02862E-06          33  1.177E-01  1.833E-03
INSTANCE WITH CRITICAL ELEMENT: CORNEA-1
     7301  7.501E-03 7.501E-03  00:00:11 1.03754E-06          33  2.309E-01  1.704E-03
INSTANCE WITH CRITICAL ELEMENT: CORNEA-1
     7782  8.000E-03 8.000E-03  00:00:11 1.03630E-06          33  3.656E-01  1.487E-03
INSTANCE WITH CRITICAL ELEMENT: CORNEA-1
Output Field Frame Number     4, of      5, at step time 8.000E-03
     8265  8.501E-03 8.501E-03  00:00:12 1.03866E-06          33  4.861E-01  1.168E-03
INSTANCE WITH CRITICAL ELEMENT: CORNEA-1
     8749  9.001E-03 9.001E-03  00:00:13 1.02653E-06          33  5.503E-01  8.823E-04
INSTANCE WITH CRITICAL ELEMENT: CORNEA-1
     9234  9.502E-03 9.502E-03  00:00:14 1.04140E-06          33  5.434E-01  6.717E-04
INSTANCE WITH CRITICAL ELEMENT: CORNEA-1
     9718  1.000E-02 1.000E-02  00:00:14 1.03458E-06          33  4.791E-01  5.343E-04
INSTANCE WITH CRITICAL ELEMENT: CORNEA-1
Restart Number  1 at 1.00000E-02
Output Field Frame Number     5, of      5, at step time 1.000E-02

Abaqus/Explicit 2025                             DATE 12-5į┬-2026  TIME 04:47:44

 STEP 2  ORIGIN 1.00000E-02

  Total memory used for step 2 is approximately 3.2 megabytes.
  Element by element stable time estimation algorithm will be used.
  Scaling factor:  1.0000
              STEP     TOTAL      WALL        STABLE    CRITICAL    KINETIC      TOTAL
INCREMENT     TIME      TIME      TIME     INCREMENT     ELEMENT     ENERGY     ENERGY
        0  0.000E+00 1.000E-02  00:00:14 6.44787E-07          33  4.791E-01  5.349E-04
INSTANCE WITH CRITICAL ELEMENT: CORNEA-1
Output Field Frame Number     0, of      5, at step time 0.000E+00
     7782  5.000E-03 1.500E-02  00:00:28 6.39689E-07          33  2.956E-01  5.657E-04
INSTANCE WITH CRITICAL ELEMENT: CORNEA-1
    15564  1.000E-02 2.000E-02  00:00:42 6.40315E-07          33  1.570E-01  4.130E-03
INSTANCE WITH CRITICAL ELEMENT: CORNEA-1



***ERROR: Excessive distortion of element number 213 of instance CORNEA-1


***ERROR: There is only one excessively distorted element


The following checklist may be helpful in diagnosing the error:

    1. Check contact definitions for problems such as excessive initial
       overclosure or unrealistic tied definition between contact pairs.
       A vector plot of velocities or accelerations will usually help to
       identify contact problems.

    2. Check stiffness (elastic modulus) and mass (density) definitions for
       consistent units and verify that the combination is reasonable.

    3. Check for poor mesh definition.

    4. Check the boundary conditions for an excessive loading rate. The
       *DIAGNOSTICS, DEFORMATION SPEED CHECK=DETAIL option may be used to obtain
       detailed diagnostics information.

    5. Check the current status of the structure to see if it has
       totally failed.

    6. A dashpot or a very stiff spring may cause the analysis to go unstable.
       The *DYNAMIC, DIRECT option may be used to control the time increment
       directly.


***ERROR: The fatal error will generate a new field output in the last
          increment. All variables applicable to the current procedure and
          material type(s) will be written to the output database.




***ERROR: Excessive distortion of element number 213 of instance CORNEA-1

    19155  1.231E-02 2.231E-02  00:00:49 1.00000E-14          33  6.804E-01 -2.663E-02
INSTANCE WITH CRITICAL ELEMENT: CORNEA-1
A special Output Field Frame with all relevant variables was written at step time 1.231E-02 of 1.000E-01
  EXPLICIT EXECUTABLE TIME SUMMARY
       USER TIME (SEC)      =   122.30
       SYSTEM TIME (SEC)    =   129.40
       WALLCLOCK TIME (SEC) =           49
              INIT (SEC) =          0
              MAIN (SEC) =         49

  THE ANALYSIS HAS NOT BEEN COMPLETED

