1
0
1
ASSEMBLY
6
BACK-SCLERA-1
BACK-SCLERA
CORNEA-1
CORNEA
CRYSTALLINE-1
CRYSTALLINE
FRONT-SCLERA-1
FRONT-SCLERA
TOUCH-LEN-1
TOUCH-LEN
VITREOUS-1
VITREOUS
6
BACK-SCLERA-1
58
2 1
3 2
4 3
5 4
6 5
7 6
8 7
9 8
10 9
11 10
12 11
13 12
14 13
15 14
16 15
17 16
18 17
19 18
20 19
21 20
22 21
23 22
24 23
25 24
26 25
27 26
28 27
29 28
30 29
31 30
32 31
33 32
34 33
35 34
36 35
37 36
38 37
39 38
40 39
41 40
42 41
43 42
44 43
45 44
46 45
47 46
48 47
49 48
50 49
51 50
52 51
53 52
54 53
55 54
56 55
57 56
58 57
59 58
-2147483647
CORNEA-1
14
-2147483646
0
48 1 16 5 0 1 0 -1 -1 445 1 -1879048189 60 445 
14
48 1 16 5 0 1 0 -1 -1 445 1 -1879048189 1 445 
CRYSTALLINE-1
14
-2147483646
0
48 1 16 5 0 1 0 -1 -1 438 1 -1879048189 505 438 
14
48 1 16 5 0 1 0 -1 -1 438 1 -1879048189 1 438 
FRONT-SCLERA-1
51
943 1
944 2
945 3
946 4
947 5
948 6
949 7
950 8
951 9
952 10
953 11
954 12
955 13
956 14
957 15
958 16
959 17
960 18
961 19
962 20
963 21
964 22
965 23
966 24
967 25
968 26
969 27
970 28
971 29
972 30
973 31
974 32
975 33
976 34
977 35
978 36
979 37
980 38
981 39
982 40
983 41
984 42
985 43
986 44
987 45
988 46
989 47
990 48
991 49
992 50
993 51
-2147483647
TOUCH-LEN-1
88
994 1
995 2
996 3
997 4
998 5
999 6
1000 7
1001 8
1002 9
1003 10
1004 11
1005 12
1006 13
1007 14
1008 15
1009 16
1010 17
1011 18
1012 19
1013 20
1014 21
1015 22
1016 23
1017 24
1018 25
1019 26
1020 27
1021 28
1022 29
1023 30
1024 31
1025 32
1026 33
1027 34
1028 35
1029 36
1030 37
1031 38
1032 39
1033 40
1034 41
1035 42
1036 43
1037 44
1038 45
1039 46
1040 47
1041 48
1042 49
1043 50
1044 51
1045 52
1046 53
1047 54
1048 55
1049 56
1050 57
1051 58
1052 59
1053 60
1054 61
1055 62
1056 63
1057 64
1058 65
1059 66
1060 67
1061 68
1062 69
1063 70
1064 71
1065 72
1066 73
1067 74
1068 75
1069 76
1070 77
1071 78
1072 79
1073 80
1074 81
1075 82
1076 83
1077 84
1078 85
1079 86
1080 87
1081 88
-2147483647
VITREOUS-1
224
1082 1
1083 2
1084 3
1085 4
1086 5
1087 6
1088 7
1089 8
1090 9
1091 10
1092 11
1093 12
1094 13
1095 14
1096 15
1097 16
1098 17
1099 18
1100 19
1101 20
1102 21
1103 22
1104 23
1105 24
1106 25
1107 26
1108 27
1109 28
1110 29
1111 30
1112 31
1113 32
1114 33
1115 34
1116 35
1117 36
1118 37
1119 38
1120 39
1121 40
1122 41
1123 42
1124 43
1125 44
1126 45
1127 46
1128 47
1129 48
1130 49
1131 50
1132 51
1133 52
1134 53
1135 54
1136 55
1137 56
1138 57
1139 58
1140 59
1141 60
1142 61
1143 62
1144 63
1145 64
1146 65
1147 66
1148 67
1149 68
1150 69
1151 70
1152 71
1153 72
1154 73
1155 74
1156 75
1157 76
1158 77
1159 78
1160 79
1161 80
1162 81
1163 82
1164 83
1165 84
1166 85
1167 86
1168 87
1169 88
1170 89
1171 90
1172 91
1173 92
1174 93
1175 94
1176 95
1177 96
1178 97
1179 98
1180 99
1181 100
1182 101
1183 102
1184 103
1185 104
1186 105
1187 106
1188 107
1189 108
1190 109
1191 110
1192 111
1193 112
1194 113
1195 114
1196 115
1197 116
1198 117
1199 118
1200 119
1201 120
1202 121
1203 122
1204 123
1205 124
1206 125
1207 126
1208 127
1209 128
1210 129
1211 130
1212 131
1213 132
1214 133
1215 134
1216 135
1217 136
1218 137
1219 138
1220 139
1221 140
1222 141
1223 142
1224 143
1225 144
1226 145
1227 146
1228 147
1229 148
1230 149
1231 150
1232 151
1233 152
1234 153
1235 154
1236 155
1237 156
1238 157
1239 158
1240 159
1241 160
1242 161
1243 162
1244 163
1245 164
1246 165
1247 166
1248 167
1249 168
1250 169
1251 170
1252 171
1253 172
1254 173
1255 174
1256 175
1257 176
1258 177
1259 178
1260 179
1261 180
1262 181
1263 182
1264 183
1265 184
1266 185
1267 186
1268 187
1269 188
1270 189
1271 190
1272 191
1273 192
1274 193
1275 194
1276 195
1277 196
1278 197
1279 198
1280 199
1281 200
1282 201
1283 202
1284 203
1285 204
1286 205
1287 206
1288 207
1289 208
1290 209
1291 210
1292 211
1293 212
1294 213
1295 214
1296 215
1297 216
1298 217
1299 218
1300 219
1301 220
1302 221
1303 222
1304 223
1305 224
-2147483647
1
1 1
-2147483647
6
BACK-SCLERA-1
28
1 1
2 2
3 3
4 4
5 5
6 6
7 7
8 8
9 9
10 10
11 11
12 12
13 13
14 14
15 15
16 16
17 17
18 18
19 19
20 20
21 21
22 22
23 23
24 24
25 25
26 26
27 27
28 28
-2147483647
CORNEA-1
14
-2147483646
0
48 1 16 5 0 1 0 -1 -1 386 1 -1879048189 29 386 
14
48 1 16 5 0 1 0 -1 -1 386 1 -1879048189 1 386 
CRYSTALLINE-1
14
-2147483646
0
48 1 16 5 0 1 0 -1 -1 403 1 -1879048189 415 403 
14
48 1 16 5 0 1 0 -1 -1 403 1 -1879048189 1 403 
FRONT-SCLERA-1
32
818 1
819 2
820 3
821 4
822 5
823 6
824 7
825 8
826 9
827 10
828 11
829 12
830 13
831 14
832 15
833 16
834 17
835 18
836 19
837 20
838 21
839 22
840 23
841 24
842 25
843 26
844 27
845 28
846 29
847 30
848 31
849 32
-2147483647
TOUCH-LEN-1
63
850 1
851 2
852 3
853 4
854 5
855 6
856 7
857 8
858 9
859 10
860 11
861 12
862 13
863 14
864 15
865 16
866 17
867 18
868 19
869 20
870 21
871 22
872 23
873 24
874 25
875 26
876 27
877 28
878 29
879 30
880 31
881 32
882 33
883 34
884 35
885 36
886 37
887 38
888 39
889 40
890 41
891 42
892 43
893 44
894 45
895 46
896 47
897 48
898 49
899 50
900 51
901 52
902 53
903 54
904 55
905 56
906 57
907 58
908 59
909 60
910 61
911 62
912 63
-2147483647
VITREOUS-1
201
913 1
914 2
915 3
916 4
917 5
918 6
919 7
920 8
921 9
922 10
923 11
924 12
925 13
926 14
927 15
928 16
929 17
930 18
931 19
932 20
933 21
934 22
935 23
936 24
937 25
938 26
939 27
940 28
941 29
942 30
943 31
944 32
945 33
946 34
947 35
948 36
949 37
950 38
951 39
952 40
953 41
954 42
955 43
956 44
957 45
958 46
959 47
960 48
961 49
962 50
963 51
964 52
965 53
966 54
967 55
968 56
969 57
970 58
971 59
972 60
973 61
974 62
975 63
976 64
977 65
978 66
979 67
980 68
981 69
982 70
983 71
984 72
985 73
986 74
987 75
988 76
989 77
990 78
991 79
992 80
993 81
994 82
995 83
996 84
997 85
998 86
999 87
1000 88
1001 89
1002 90
1003 91
1004 92
1005 93
1006 94
1007 95
1008 96
1009 97
1010 98
1011 99
1012 100
1013 101
1014 102
1015 103
1016 104
1017 105
1018 106
1019 107
1020 108
1021 109
1022 110
1023 111
1024 112
1025 113
1026 114
1027 115
1028 116
1029 117
1030 118
1031 119
1032 120
1033 121
1034 122
1035 123
1036 124
1037 125
1038 126
1039 127
1040 128
1041 129
1042 130
1043 131
1044 132
1045 133
1046 134
1047 135
1048 136
1049 137
1050 138
1051 139
1052 140
1053 141
1054 142
1055 143
1056 144
1057 145
1058 146
1059 147
1060 148
1061 149
1062 150
1063 151
1064 152
1065 153
1066 154
1067 155
1068 156
1069 157
1070 158
1071 159
1072 160
1073 161
1074 162
1075 163
1076 164
1077 165
1078 166
1079 167
1080 168
1081 169
1082 170
1083 171
1084 172
1085 173
1086 174
1087 175
1088 176
1089 177
1090 178
1091 179
1092 180
1093 181
1094 182
1095 183
1096 184
1097 185
1098 186
1099 187
1100 188
1101 189
1102 190
1103 191
1104 192
1105 193
1106 194
1107 195
1108 196
1109 197
1110 198
1111 199
1112 200
1113 201
-2147483647
0
19
 PIBATCH
0
2
0
6
BACK-SCLERA-1
28
1 2 3 4 5 6 7 8 9 10 11 12 13 14 15 16 17 18 19 20 21 22 23 24 25 26 27 28 
FRONT-SCLERA-1
32
818 819 820 821 822 823 824 825 826 827 828 829 830 831 832 833 834 835 836 837 838 839 840 841 842 843 844 845 846 847 848 849 
TOUCH-LEN-1
63
850 851 852 853 854 855 856 857 858 859 860 861 862 863 864 865 866 867 868 869 870 871 872 873 874 875 876 877 878 879 880 881 882 883 884 885 886 887 888 889 890 891 892 893 894 895 896 897 898 899 900 901 902 903 904 905 906 907 908 909 910 911 912 
VITREOUS-1
201
913 914 915 916 917 918 919 920 921 922 923 924 925 926 927 928 929 930 931 932 933 934 935 936 937 938 939 940 941 942 943 944 945 946 947 948 949 950 951 952 953 954 955 956 957 958 959 960 961 962 963 964 965 966 967 968 969 970 971 972 973 974 975 976 977 978 979 980 981 982 983 984 985 986 987 988 989 990 991 992 993 994 995 996 997 998 999 1000 1001 1002 1003 1004 1005 1006 1007 1008 1009 1010 1011 1012 1013 1014 1015 1016 1017 1018 1019 1020 1021 1022 1023 1024 1025 1026 1027 1028 1029 1030 1031 1032 1033 1034 1035 1036 1037 1038 1039 1040 1041 1042 1043 1044 1045 1046 1047 1048 1049 1050 1051 1052 1053 1054 1055 1056 1057 1058 1059 1060 1061 1062 1063 1064 1065 1066 1067 1068 1069 1070 1071 1072 1073 1074 1075 1076 1077 1078 1079 1080 1081 1082 1083 1084 1085 1086 1087 1088 1089 1090 1091 1092 1093 1094 1095 1096 1097 1098 1099 1100 1101 1102 1103 1104 1105 1106 1107 1108 1109 1110 1111 1112 1113 
CORNEA-1
14
-2147483647
48 1 16 5 0 1 0 -1 -1 386 1 -1879048189 29 386 
CRYSTALLINE-1
14
-2147483647
48 1 16 5 0 1 0 -1 -1 403 1 -1879048189 415 403 
0
_PICKEDSET31
0
2
0
2
BACK-SCLERA-1
28
1 2 3 4 5 6 7 8 9 10 11 12 13 14 15 16 17 18 19 20 21 22 23 24 25 26 27 28 
FRONT-SCLERA-1
16
818 820 822 824 826 828 830 832 834 836 839 841 843 845 847 849 
0
_PICKEDSET76
0
2
0
5
BACK-SCLERA-1
1
28 
TOUCH-LEN-1
3
870 891 912 
VITREOUS-1
13
918 921 922 923 925 926 927 931 932 936 938 939 953 
CORNEA-1
6
110 130 240 241 242 262 
CRYSTALLINE-1
23
424 428 441 442 450 452 454 456 458 459 460 463 464 499 540 542 557 574 583 587 590 592 594 
0
__PICKEDSURF109_S1
0
2
0
3
CORNEA-1
27
61 69 102 104 131 135 137 138 142 143 163 166 168 190 195 196 242 243 244 249 250 251 252 253 256 274 278 
VITREOUS-1
3
1019 1038 1106 
CRYSTALLINE-1
1
476 
0
__PICKEDSURF109_S2
0
2
0
3
CORNEA-1
9
86 87 90 150 155 160 167 178 245 
VITREOUS-1
2
1112 1113 
CRYSTALLINE-1
16
431 433 434 439 442 475 478 483 484 486 490 498 500 503 506 811 
0
__PICKEDSURF109_S3
0
2
0
1
CORNEA-1
9
67 68 103 114 132 193 254 255 280 
0
__PICKEDSURF109_S4
0
2
0
4
CORNEA-1
11
88 145 149 154 159 180 216 246 247 248 270 
FRONT-SCLERA-1
6
838 840 842 844 846 848 
VITREOUS-1
1
1108 
CRYSTALLINE-1
12
420 425 426 429 432 440 477 479 481 488 497 502 
0
__PICKEDSURF23_S2
0
2
0
1
CORNEA-1
2
29 56 
0
__PICKEDSURF23_S3
0
2
0
2
CORNEA-1
4
34 35 44 51 
FRONT-SCLERA-1
2
848 849 
0
__PICKEDSURF23_S4
0
2
0
1
CORNEA-1
2
43 45 
0
__PICKEDSURF24_S2
0
2
0
1
CORNEA-1
2
29 56 
0
__PICKEDSURF24_S3
0
2
0
1
CORNEA-1
4
34 35 44 51 
0
__PICKEDSURF24_S4
0
2
0
1
CORNEA-1
2
43 45 
0
__PICKEDSURF25_S4
0
2
0
1
BACK-SCLERA-1
1
1 
0
__PICKEDSURF26_S3
0
2
0
1
FRONT-SCLERA-1
2
836 837 
0
__PICKEDSURF73_S1
0
2
0
1
TOUCH-LEN-1
21
850 851 852 853 854 855 856 857 858 859 860 861 862 863 864 865 866 867 868 869 870 
0
__PICKEDSURF73_S2
0
2
0
1
TOUCH-LEN-1
3
870 891 912 
0
__PICKEDSURF73_S3
0
2
0
1
TOUCH-LEN-1
21
892 893 894 895 896 897 898 899 900 901 902 903 904 905 906 907 908 909 910 911 912 
0
__PICKEDSURF73_S4
0
2
0
1
TOUCH-LEN-1
3
850 871 892 
0
6
BACK-SCLERA-1
4
 P       1 PIBATCH
0
2
28
1 2 3 4 5 6 7 8 9 10 11 12 13 14 15 16 17 18 19 20 21 22 23 24 25 26 27 28 
0
0
 P       1_PICKEDSET31
0
2
28
1 2 3 4 5 6 7 8 9 10 11 12 13 14 15 16 17 18 19 20 21 22 23 24 25 26 27 28 
0
0
 P       1_PICKEDSET76
0
2
1
28 
0
0
_PICKEDSET2
0
2
28
1 2 3 4 5 6 7 8 9 10 11 12 13 14 15 16 17 18 19 20 21 22 23 24 25 26 27 28 
0
0
0
FRONT-SCLERA-1
5
 P       4 PIBATCH
0
2
32
818 819 820 821 822 823 824 825 826 827 828 829 830 831 832 833 834 835 836 837 838 839 840 841 842 843 844 845 846 847 848 849 
0
0
 P       4_PICKEDSET31
0
2
16
818 820 822 824 826 828 830 832 834 836 839 841 843 845 847 849 
0
0
 P       4__PICKEDSURF109_S4
0
2
6
838 840 842 844 846 848 
0
0
 P       4__PICKEDSURF23_S3
0
2
2
848 849 
0
0
_PICKEDSET2
0
2
32
818 819 820 821 822 823 824 825 826 827 828 829 830 831 832 833 834 835 836 837 838 839 840 841 842 843 844 845 846 847 848 849 
0
0
0
VITREOUS-1
6
 P       6 PIBATCH
0
2
201
913 914 915 916 917 918 919 920 921 922 923 924 925 926 927 928 929 930 931 932 933 934 935 936 937 938 939 940 941 942 943 944 945 946 947 948 949 950 951 952 953 954 955 956 957 958 959 960 961 962 963 964 965 966 967 968 969 970 971 972 973 974 975 976 977 978 979 980 981 982 983 984 985 986 987 988 989 990 991 992 993 994 995 996 997 998 999 1000 1001 1002 1003 1004 1005 1006 1007 1008 1009 1010 1011 1012 1013 1014 1015 1016 1017 1018 1019 1020 1021 1022 1023 1024 1025 1026 1027 1028 1029 1030 1031 1032 1033 1034 1035 1036 1037 1038 1039 1040 1041 1042 1043 1044 1045 1046 1047 1048 1049 1050 1051 1052 1053 1054 1055 1056 1057 1058 1059 1060 1061 1062 1063 1064 1065 1066 1067 1068 1069 1070 1071 1072 1073 1074 1075 1076 1077 1078 1079 1080 1081 1082 1083 1084 1085 1086 1087 1088 1089 1090 1091 1092 1093 1094 1095 1096 1097 1098 1099 1100 1101 1102 1103 1104 1105 1106 1107 1108 1109 1110 1111 1112 1113 
0
0
 P       6_PICKEDSET76
0
2
13
918 921 922 923 925 926 927 931 932 936 938 939 953 
0
0
 P       6__PICKEDSURF109_S1
0
2
3
1019 1038 1106 
0
0
 P       6__PICKEDSURF109_S2
0
2
2
1112 1113 
0
0
 P       6__PICKEDSURF109_S4
0
2
1
1108 
0
0
_PICKEDSET2
0
2
201
913 914 915 916 917 918 919 920 921 922 923 924 925 926 927 928 929 930 931 932 933 934 935 936 937 938 939 940 941 942 943 944 945 946 947 948 949 950 951 952 953 954 955 956 957 958 959 960 961 962 963 964 965 966 967 968 969 970 971 972 973 974 975 976 977 978 979 980 981 982 983 984 985 986 987 988 989 990 991 992 993 994 995 996 997 998 999 1000 1001 1002 1003 1004 1005 1006 1007 1008 1009 1010 1011 1012 1013 1014 1015 1016 1017 1018 1019 1020 1021 1022 1023 1024 1025 1026 1027 1028 1029 1030 1031 1032 1033 1034 1035 1036 1037 1038 1039 1040 1041 1042 1043 1044 1045 1046 1047 1048 1049 1050 1051 1052 1053 1054 1055 1056 1057 1058 1059 1060 1061 1062 1063 1064 1065 1066 1067 1068 1069 1070 1071 1072 1073 1074 1075 1076 1077 1078 1079 1080 1081 1082 1083 1084 1085 1086 1087 1088 1089 1090 1091 1092 1093 1094 1095 1096 1097 1098 1099 1100 1101 1102 1103 1104 1105 1106 1107 1108 1109 1110 1111 1112 1113 
0
0
0
TOUCH-LEN-1
3
 P       5 PIBATCH
0
2
63
850 851 852 853 854 855 856 857 858 859 860 861 862 863 864 865 866 867 868 869 870 871 872 873 874 875 876 877 878 879 880 881 882 883 884 885 886 887 888 889 890 891 892 893 894 895 896 897 898 899 900 901 902 903 904 905 906 907 908 909 910 911 912 
0
0
 P       5_PICKEDSET76
0
2
3
870 891 912 
0
0
_PICKEDSET2
0
2
63
850 851 852 853 854 855 856 857 858 859 860 861 862 863 864 865 866 867 868 869 870 871 872 873 874 875 876 877 878 879 880 881 882 883 884 885 886 887 888 889 890 891 892 893 894 895 896 897 898 899 900 901 902 903 904 905 906 907 908 909 910 911 912 
0
0
0
CORNEA-1
7
 P       2 PIBATCH
0
2
14
-2147483647
48 1 16 5 0 1 0 -1 -1 386 1 -1879048189 29 386 
0
0
 P       2_PICKEDSET76
0
2
6
110 130 240 241 242 262 
0
0
 P       2__PICKEDSURF109_S1
0
2
27
61 69 102 104 131 135 137 138 142 143 163 166 168 190 195 196 242 243 244 249 250 251 252 253 256 274 278 
0
0
 P       2__PICKEDSURF109_S2
0
2
9
86 87 90 150 155 160 167 178 245 
0
0
 P       2__PICKEDSURF109_S4
0
2
11
88 145 149 154 159 180 216 246 247 248 270 
0
0
 P       2__PICKEDSURF23_S3
0
2
4
34 35 44 51 
0
0
_PICKEDSET2
0
2
14
-2147483647
48 1 16 5 0 1 0 -1 -1 386 1 -1879048189 29 386 
0
0
0
CRYSTALLINE-1
6
 P       3 PIBATCH
0
2
14
-2147483647
48 1 16 5 0 1 0 -1 -1 403 1 -1879048189 415 403 
0
0
 P       3_PICKEDSET76
0
2
23
424 428 441 442 450 452 454 456 458 459 460 463 464 499 540 542 557 574 583 587 590 592 594 
0
0
 P       3__PICKEDSURF109_S1
0
2
1
476 
0
0
 P       3__PICKEDSURF109_S2
0
2
16
431 433 434 439 442 475 478 483 484 486 490 498 500 503 506 811 
0
0
 P       3__PICKEDSURF109_S4
0
2
12
420 425 426 429 432 440 477 479 481 488 497 502 
0
0
_PICKEDSET2
0
2
14
-2147483647
48 1 16 5 0 1 0 -1 -1 403 1 -1879048189 415 403 
0
0
0
5
 PIBATCH
0
2
0
7

1
1 
BACK-SCLERA-1
58
2 3 4 5 6 7 8 9 10 11 12 13 14 15 16 17 18 19 20 21 22 23 24 25 26 27 28 29 30 31 32 33 34 35 36 37 38 39 40 41 42 43 44 45 46 47 48 49 50 51 52 53 54 55 56 57 58 59 
FRONT-SCLERA-1
51
943 944 945 946 947 948 949 950 951 952 953 954 955 956 957 958 959 960 961 962 963 964 965 966 967 968 969 970 971 972 973 974 975 976 977 978 979 980 981 982 983 984 985 986 987 988 989 990 991 992 993 
TOUCH-LEN-1
88
994 995 996 997 998 999 1000 1001 1002 1003 1004 1005 1006 1007 1008 1009 1010 1011 1012 1013 1014 1015 1016 1017 1018 1019 1020 1021 1022 1023 1024 1025 1026 1027 1028 1029 1030 1031 1032 1033 1034 1035 1036 1037 1038 1039 1040 1041 1042 1043 1044 1045 1046 1047 1048 1049 1050 1051 1052 1053 1054 1055 1056 1057 1058 1059 1060 1061 1062 1063 1064 1065 1066 1067 1068 1069 1070 1071 1072 1073 1074 1075 1076 1077 1078 1079 1080 1081 
VITREOUS-1
224
1082 1083 1084 1085 1086 1087 1088 1089 1090 1091 1092 1093 1094 1095 1096 1097 1098 1099 1100 1101 1102 1103 1104 1105 1106 1107 1108 1109 1110 1111 1112 1113 1114 1115 1116 1117 1118 1119 1120 1121 1122 1123 1124 1125 1126 1127 1128 1129 1130 1131 1132 1133 1134 1135 1136 1137 1138 1139 1140 1141 1142 1143 1144 1145 1146 1147 1148 1149 1150 1151 1152 1153 1154 1155 1156 1157 1158 1159 1160 1161 1162 1163 1164 1165 1166 1167 1168 1169 1170 1171 1172 1173 1174 1175 1176 1177 1178 1179 1180 1181 1182 1183 1184 1185 1186 1187 1188 1189 1190 1191 1192 1193 1194 1195 1196 1197 1198 1199 1200 1201 1202 1203 1204 1205 1206 1207 1208 1209 1210 1211 1212 1213 1214 1215 1216 1217 1218 1219 1220 1221 1222 1223 1224 1225 1226 1227 1228 1229 1230 1231 1232 1233 1234 1235 1236 1237 1238 1239 1240 1241 1242 1243 1244 1245 1246 1247 1248 1249 1250 1251 1252 1253 1254 1255 1256 1257 1258 1259 1260 1261 1262 1263 1264 1265 1266 1267 1268 1269 1270 1271 1272 1273 1274 1275 1276 1277 1278 1279 1280 1281 1282 1283 1284 1285 1286 1287 1288 1289 1290 1291 1292 1293 1294 1295 1296 1297 1298 1299 1300 1301 1302 1303 1304 1305 
CORNEA-1
14
-2147483647
48 1 16 5 0 1 0 -1 -1 445 1 -1879048189 60 445 
CRYSTALLINE-1
14
-2147483647
48 1 16 5 0 1 0 -1 -1 438 1 -1879048189 505 438 
0
_PICKEDSET31
0
2
0
2
BACK-SCLERA-1
29
31 32 33 34 35 36 37 38 39 40 41 42 43 44 45 46 47 48 49 50 51 52 53 54 55 56 57 58 59 
FRONT-SCLERA-1
17
943 946 947 960 961 962 963 964 965 966 967 968 969 970 971 972 973 
0
_PICKEDSET74
0
2
1
1 
0
0
_PICKEDSET75
0
2
1
1 
0
0
_PICKEDSET76
0
2
0
5
BACK-SCLERA-1
2
30 59 
TOUCH-LEN-1
4
1015 1037 1059 1081 
VITREOUS-1
14
1083 1084 1101 1102 1103 1104 1105 1106 1107 1108 1109 1110 1111 1112 
CORNEA-1
7
63 64 138 139 140 141 142 
CRYSTALLINE-1
24
510 511 533 534 535 536 537 538 539 540 541 542 543 544 545 546 547 548 549 550 551 552 553 554 
0
7
BACK-SCLERA-1
4
 P       1 PIBATCH
0
2
58
2 3 4 5 6 7 8 9 10 11 12 13 14 15 16 17 18 19 20 21 22 23 24 25 26 27 28 29 30 31 32 33 34 35 36 37 38 39 40 41 42 43 44 45 46 47 48 49 50 51 52 53 54 55 56 57 58 59 
0
0
 P       1_PICKEDSET31
0
2
29
31 32 33 34 35 36 37 38 39 40 41 42 43 44 45 46 47 48 49 50 51 52 53 54 55 56 57 58 59 
0
0
 P       1_PICKEDSET76
0
2
2
30 59 
0
0
_PICKEDSET2
0
2
58
2 3 4 5 6 7 8 9 10 11 12 13 14 15 16 17 18 19 20 21 22 23 24 25 26 27 28 29 30 31 32 33 34 35 36 37 38 39 40 41 42 43 44 45 46 47 48 49 50 51 52 53 54 55 56 57 58 59 
0
0
0
FRONT-SCLERA-1
3
 P       4 PIBATCH
0
2
51
943 944 945 946 947 948 949 950 951 952 953 954 955 956 957 958 959 960 961 962 963 964 965 966 967 968 969 970 971 972 973 974 975 976 977 978 979 980 981 982 983 984 985 986 987 988 989 990 991 992 993 
0
0
 P       4_PICKEDSET31
0
2
17
943 946 947 960 961 962 963 964 965 966 967 968 969 970 971 972 973 
0
0
_PICKEDSET2
0
2
51
943 944 945 946 947 948 949 950 951 952 953 954 955 956 957 958 959 960 961 962 963 964 965 966 967 968 969 970 971 972 973 974 975 976 977 978 979 980 981 982 983 984 985 986 987 988 989 990 991 992 993 
0
0
0

1
 P       0 PIBATCH
0
2
1
1 
0
0
0
VITREOUS-1
3
 P       6 PIBATCH
0
2
224
1082 1083 1084 1085 1086 1087 1088 1089 1090 1091 1092 1093 1094 1095 1096 1097 1098 1099 1100 1101 1102 1103 1104 1105 1106 1107 1108 1109 1110 1111 1112 1113 1114 1115 1116 1117 1118 1119 1120 1121 1122 1123 1124 1125 1126 1127 1128 1129 1130 1131 1132 1133 1134 1135 1136 1137 1138 1139 1140 1141 1142 1143 1144 1145 1146 1147 1148 1149 1150 1151 1152 1153 1154 1155 1156 1157 1158 1159 1160 1161 1162 1163 1164 1165 1166 1167 1168 1169 1170 1171 1172 1173 1174 1175 1176 1177 1178 1179 1180 1181 1182 1183 1184 1185 1186 1187 1188 1189 1190 1191 1192 1193 1194 1195 1196 1197 1198 1199 1200 1201 1202 1203 1204 1205 1206 1207 1208 1209 1210 1211 1212 1213 1214 1215 1216 1217 1218 1219 1220 1221 1222 1223 1224 1225 1226 1227 1228 1229 1230 1231 1232 1233 1234 1235 1236 1237 1238 1239 1240 1241 1242 1243 1244 1245 1246 1247 1248 1249 1250 1251 1252 1253 1254 1255 1256 1257 1258 1259 1260 1261 1262 1263 1264 1265 1266 1267 1268 1269 1270 1271 1272 1273 1274 1275 1276 1277 1278 1279 1280 1281 1282 1283 1284 1285 1286 1287 1288 1289 1290 1291 1292 1293 1294 1295 1296 1297 1298 1299 1300 1301 1302 1303 1304 1305 
0
0
 P       6_PICKEDSET76
0
2
14
1083 1084 1101 1102 1103 1104 1105 1106 1107 1108 1109 1110 1111 1112 
0
0
_PICKEDSET2
0
2
224
1082 1083 1084 1085 1086 1087 1088 1089 1090 1091 1092 1093 1094 1095 1096 1097 1098 1099 1100 1101 1102 1103 1104 1105 1106 1107 1108 1109 1110 1111 1112 1113 1114 1115 1116 1117 1118 1119 1120 1121 1122 1123 1124 1125 1126 1127 1128 1129 1130 1131 1132 1133 1134 1135 1136 1137 1138 1139 1140 1141 1142 1143 1144 1145 1146 1147 1148 1149 1150 1151 1152 1153 1154 1155 1156 1157 1158 1159 1160 1161 1162 1163 1164 1165 1166 1167 1168 1169 1170 1171 1172 1173 1174 1175 1176 1177 1178 1179 1180 1181 1182 1183 1184 1185 1186 1187 1188 1189 1190 1191 1192 1193 1194 1195 1196 1197 1198 1199 1200 1201 1202 1203 1204 1205 1206 1207 1208 1209 1210 1211 1212 1213 1214 1215 1216 1217 1218 1219 1220 1221 1222 1223 1224 1225 1226 1227 1228 1229 1230 1231 1232 1233 1234 1235 1236 1237 1238 1239 1240 1241 1242 1243 1244 1245 1246 1247 1248 1249 1250 1251 1252 1253 1254 1255 1256 1257 1258 1259 1260 1261 1262 1263 1264 1265 1266 1267 1268 1269 1270 1271 1272 1273 1274 1275 1276 1277 1278 1279 1280 1281 1282 1283 1284 1285 1286 1287 1288 1289 1290 1291 1292 1293 1294 1295 1296 1297 1298 1299 1300 1301 1302 1303 1304 1305 
0
0
0
TOUCH-LEN-1
3
 P       5 PIBATCH
0
2
88
994 995 996 997 998 999 1000 1001 1002 1003 1004 1005 1006 1007 1008 1009 1010 1011 1012 1013 1014 1015 1016 1017 1018 1019 1020 1021 1022 1023 1024 1025 1026 1027 1028 1029 1030 1031 1032 1033 1034 1035 1036 1037 1038 1039 1040 1041 1042 1043 1044 1045 1046 1047 1048 1049 1050 1051 1052 1053 1054 1055 1056 1057 1058 1059 1060 1061 1062 1063 1064 1065 1066 1067 1068 1069 1070 1071 1072 1073 1074 1075 1076 1077 1078 1079 1080 1081 
0
0
 P       5_PICKEDSET76
0
2
4
1015 1037 1059 1081 
0
0
_PICKEDSET2
0
2
88
994 995 996 997 998 999 1000 1001 1002 1003 1004 1005 1006 1007 1008 1009 1010 1011 1012 1013 1014 1015 1016 1017 1018 1019 1020 1021 1022 1023 1024 1025 1026 1027 1028 1029 1030 1031 1032 1033 1034 1035 1036 1037 1038 1039 1040 1041 1042 1043 1044 1045 1046 1047 1048 1049 1050 1051 1052 1053 1054 1055 1056 1057 1058 1059 1060 1061 1062 1063 1064 1065 1066 1067 1068 1069 1070 1071 1072 1073 1074 1075 1076 1077 1078 1079 1080 1081 
0
0
0
CORNEA-1
3
 P       2 PIBATCH
0
2
14
-2147483647
48 1 16 5 0 1 0 -1 -1 445 1 -1879048189 60 445 
0
0
 P       2_PICKEDSET76
0
2
7
63 64 138 139 140 141 142 
0
0
_PICKEDSET2
0
2
14
-2147483647
48 1 16 5 0 1 0 -1 -1 445 1 -1879048189 60 445 
0
0
0
CRYSTALLINE-1
3
 P       3 PIBATCH
0
2
14
-2147483647
48 1 16 5 0 1 0 -1 -1 438 1 -1879048189 505 438 
0
0
 P       3_PICKEDSET76
0
2
24
510 511 533 534 535 536 537 538 539 540 541 542 543 544 545 546 547 548 549 550 551 552 553 554 
0
0
_PICKEDSET2
0
2
14
-2147483647
48 1 16 5 0 1 0 -1 -1 438 1 -1879048189 505 438 
0
0
0
0
6
_PICKEDSURF109
1
0
0
4
CORNEA-1
0
0
4
S1
27
61 69 102 104 131 135 137 138 142 143 163 166 168 190 195 196 242 243 244 249 250 251 252 253 256 274 278 
S3
9
67 68 103 114 132 193 254 255 280 
S2
9
86 87 90 150 155 160 167 178 245 
S4
11
88 145 149 154 159 180 216 246 247 248 270 
CRYSTALLINE-1
0
0
3
S1
1
476 
S2
16
431 433 434 439 442 475 478 483 484 486 490 498 500 503 506 811 
S4
12
420 425 426 429 432 440 477 479 481 488 497 502 
FRONT-SCLERA-1
0
0
1
S4
6
838 840 842 844 846 848 
VITREOUS-1
0
0
3
S1
3
1019 1038 1106 
S2
2
1112 1113 
S4
1
1108 
_PICKEDSURF23
1
0
0
2
CORNEA-1
0
0
3
S2
2
29 56 
S3
4
34 35 44 51 
S4
2
43 45 
FRONT-SCLERA-1
0
0
1
S3
2
848 849 
_PICKEDSURF24
1
0
0
1
CORNEA-1
0
0
3
S2
2
29 56 
S3
4
34 35 44 51 
S4
2
43 45 
_PICKEDSURF25
1
0
0
1
BACK-SCLERA-1
0
0
1
S4
1
1 
_PICKEDSURF26
1
0
0
1
FRONT-SCLERA-1
0
0
1
S3
2
836 837 
_PICKEDSURF73
1
0
0
1
TOUCH-LEN-1
0
0
4
S1
21
850 851 852 853 854 855 856 857 858 859 860 861 862 863 864 865 866 867 868 869 870 
S2
3
870 891 912 
S4
3
850 871 892 
S3
21
892 893 894 895 896 897 898 899 900 901 902 903 904 905 906 907 908 909 910 911 912 
1
0
1
ASSEMBLY
6
BACK-SCLERA-1
BACK-SCLERA
CORNEA-1
CORNEA
CRYSTALLINE-1
CRYSTALLINE
FRONT-SCLERA-1
FRONT-SCLERA
TOUCH-LEN-1
TOUCH-LEN
VITREOUS-1
VITREOUS
6
BACK-SCLERA-1
58
2 1
3 2
4 3
5 4
6 5
7 6
8 7
9 8
10 9
11 10
12 11
13 12
14 13
15 14
16 15
17 16
18 17
19 18
20 19
21 20
22 21
23 22
24 23
25 24
26 25
27 26
28 27
29 28
30 29
31 30
32 31
33 32
34 33
35 34
36 35
37 36
38 37
39 38
40 39
41 40
42 41
43 42
44 43
45 44
46 45
47 46
48 47
49 48
50 49
51 50
52 51
53 52
54 53
55 54
56 55
57 56
58 57
59 58
-2147483647
CORNEA-1
14
-2147483646
0
48 1 16 5 0 1 0 -1 -1 445 1 -1879048189 60 445 
14
48 1 16 5 0 1 0 -1 -1 445 1 -1879048189 1 445 
CRYSTALLINE-1
14
-2147483646
0
48 1 16 5 0 1 0 -1 -1 438 1 -1879048189 505 438 
14
48 1 16 5 0 1 0 -1 -1 438 1 -1879048189 1 438 
FRONT-SCLERA-1
51
943 1
944 2
945 3
946 4
947 5
948 6
949 7
950 8
951 9
952 10
953 11
954 12
955 13
956 14
957 15
958 16
959 17
960 18
961 19
962 20
963 21
964 22
965 23
966 24
967 25
968 26
969 27
970 28
971 29
972 30
973 31
974 32
975 33
976 34
977 35
978 36
979 37
980 38
981 39
982 40
983 41
984 42
985 43
986 44
987 45
988 46
989 47
990 48
991 49
992 50
993 51
-2147483647
TOUCH-LEN-1
88
994 1
995 2
996 3
997 4
998 5
999 6
1000 7
1001 8
1002 9
1003 10
1004 11
1005 12
1006 13
1007 14
1008 15
1009 16
1010 17
1011 18
1012 19
1013 20
1014 21
1015 22
1016 23
1017 24
1018 25
1019 26
1020 27
1021 28
1022 29
1023 30
1024 31
1025 32
1026 33
1027 34
1028 35
1029 36
1030 37
1031 38
1032 39
1033 40
1034 41
1035 42
1036 43
1037 44
1038 45
1039 46
1040 47
1041 48
1042 49
1043 50
1044 51
1045 52
1046 53
1047 54
1048 55
1049 56
1050 57
1051 58
1052 59
1053 60
1054 61
1055 62
1056 63
1057 64
1058 65
1059 66
1060 67
1061 68
1062 69
1063 70
1064 71
1065 72
1066 73
1067 74
1068 75
1069 76
1070 77
1071 78
1072 79
1073 80
1074 81
1075 82
1076 83
1077 84
1078 85
1079 86
1080 87
1081 88
-2147483647
VITREOUS-1
224
1082 1
1083 2
1084 3
1085 4
1086 5
1087 6
1088 7
1089 8
1090 9
1091 10
1092 11
1093 12
1094 13
1095 14
1096 15
1097 16
1098 17
1099 18
1100 19
1101 20
1102 21
1103 22
1104 23
1105 24
1106 25
1107 26
1108 27
1109 28
1110 29
1111 30
1112 31
1113 32
1114 33
1115 34
1116 35
1117 36
1118 37
1119 38
1120 39
1121 40
1122 41
1123 42
1124 43
1125 44
1126 45
1127 46
1128 47
1129 48
1130 49
1131 50
1132 51
1133 52
1134 53
1135 54
1136 55
1137 56
1138 57
1139 58
1140 59
1141 60
1142 61
1143 62
1144 63
1145 64
1146 65
1147 66
1148 67
1149 68
1150 69
1151 70
1152 71
1153 72
1154 73
1155 74
1156 75
1157 76
1158 77
1159 78
1160 79
1161 80
1162 81
1163 82
1164 83
1165 84
1166 85
1167 86
1168 87
1169 88
1170 89
1171 90
1172 91
1173 92
1174 93
1175 94
1176 95
1177 96
1178 97
1179 98
1180 99
1181 100
1182 101
1183 102
1184 103
1185 104
1186 105
1187 106
1188 107
1189 108
1190 109
1191 110
1192 111
1193 112
1194 113
1195 114
1196 115
1197 116
1198 117
1199 118
1200 119
1201 120
1202 121
1203 122
1204 123
1205 124
1206 125
1207 126
1208 127
1209 128
1210 129
1211 130
1212 131
1213 132
1214 133
1215 134
1216 135
1217 136
1218 137
1219 138
1220 139
1221 140
1222 141
1223 142
1224 143
1225 144
1226 145
1227 146
1228 147
1229 148
1230 149
1231 150
1232 151
1233 152
1234 153
1235 154
1236 155
1237 156
1238 157
1239 158
1240 159
1241 160
1242 161
1243 162
1244 163
1245 164
1246 165
1247 166
1248 167
1249 168
1250 169
1251 170
1252 171
1253 172
1254 173
1255 174
1256 175
1257 176
1258 177
1259 178
1260 179
1261 180
1262 181
1263 182
1264 183
1265 184
1266 185
1267 186
1268 187
1269 188
1270 189
1271 190
1272 191
1273 192
1274 193
1275 194
1276 195
1277 196
1278 197
1279 198
1280 199
1281 200
1282 201
1283 202
1284 203
1285 204
1286 205
1287 206
1288 207
1289 208
1290 209
1291 210
1292 211
1293 212
1294 213
1295 214
1296 215
1297 216
1298 217
1299 218
1300 219
1301 220
1302 221
1303 222
1304 223
1305 224
-2147483647
1
1 1
-2147483647
6
BACK-SCLERA-1
28
1 1
2 2
3 3
4 4
5 5
6 6
7 7
8 8
9 9
10 10
11 11
12 12
13 13
14 14
15 15
16 16
17 17
18 18
19 19
20 20
21 21
22 22
23 23
24 24
25 25
26 26
27 27
28 28
-2147483647
CORNEA-1
14
-2147483646
0
48 1 16 5 0 1 0 -1 -1 386 1 -1879048189 29 386 
14
48 1 16 5 0 1 0 -1 -1 386 1 -1879048189 1 386 
CRYSTALLINE-1
14
-2147483646
0
48 1 16 5 0 1 0 -1 -1 403 1 -1879048189 415 403 
14
48 1 16 5 0 1 0 -1 -1 403 1 -1879048189 1 403 
FRONT-SCLERA-1
32
818 1
819 2
820 3
821 4
822 5
823 6
824 7
825 8
826 9
827 10
828 11
829 12
830 13
831 14
832 15
833 16
834 17
835 18
836 19
837 20
838 21
839 22
840 23
841 24
842 25
843 26
844 27
845 28
846 29
847 30
848 31
849 32
-2147483647
TOUCH-LEN-1
63
850 1
851 2
852 3
853 4
854 5
855 6
856 7
857 8
858 9
859 10
860 11
861 12
862 13
863 14
864 15
865 16
866 17
867 18
868 19
869 20
870 21
871 22
872 23
873 24
874 25
875 26
876 27
877 28
878 29
879 30
880 31
881 32
882 33
883 34
884 35
885 36
886 37
887 38
888 39
889 40
890 41
891 42
892 43
893 44
894 45
895 46
896 47
897 48
898 49
899 50
900 51
901 52
902 53
903 54
904 55
905 56
906 57
907 58
908 59
909 60
910 61
911 62
912 63
-2147483647
VITREOUS-1
201
913 1
914 2
915 3
916 4
917 5
918 6
919 7
920 8
921 9
922 10
923 11
924 12
925 13
926 14
927 15
928 16
929 17
930 18
931 19
932 20
933 21
934 22
935 23
936 24
937 25
938 26
939 27
940 28
941 29
942 30
943 31
944 32
945 33
946 34
947 35
948 36
949 37
950 38
951 39
952 40
953 41
954 42
955 43
956 44
957 45
958 46
959 47
960 48
961 49
962 50
963 51
964 52
965 53
966 54
967 55
968 56
969 57
970 58
971 59
972 60
973 61
974 62
975 63
976 64
977 65
978 66
979 67
980 68
981 69
982 70
983 71
984 72
985 73
986 74
987 75
988 76
989 77
990 78
991 79
992 80
993 81
994 82
995 83
996 84
997 85
998 86
999 87
1000 88
1001 89
1002 90
1003 91
1004 92
1005 93
1006 94
1007 95
1008 96
1009 97
1010 98
1011 99
1012 100
1013 101
1014 102
1015 103
1016 104
1017 105
1018 106
1019 107
1020 108
1021 109
1022 110
1023 111
1024 112
1025 113
1026 114
1027 115
1028 116
1029 117
1030 118
1031 119
1032 120
1033 121
1034 122
1035 123
1036 124
1037 125
1038 126
1039 127
1040 128
1041 129
1042 130
1043 131
1044 132
1045 133
1046 134
1047 135
1048 136
1049 137
1050 138
1051 139
1052 140
1053 141
1054 142
1055 143
1056 144
1057 145
1058 146
1059 147
1060 148
1061 149
1062 150
1063 151
1064 152
1065 153
1066 154
1067 155
1068 156
1069 157
1070 158
1071 159
1072 160
1073 161
1074 162
1075 163
1076 164
1077 165
1078 166
1079 167
1080 168
1081 169
1082 170
1083 171
1084 172
1085 173
1086 174
1087 175
1088 176
1089 177
1090 178
1091 179
1092 180
1093 181
1094 182
1095 183
1096 184
1097 185
1098 186
1099 187
1100 188
1101 189
1102 190
1103 191
1104 192
1105 193
1106 194
1107 195
1108 196
1109 197
1110 198
1111 199
1112 200
1113 201
-2147483647
0
19
 PIBATCH
0
2
0
6
BACK-SCLERA-1
28
1 2 3 4 5 6 7 8 9 10 11 12 13 14 15 16 17 18 19 20 21 22 23 24 25 26 27 28 
FRONT-SCLERA-1
32
818 819 820 821 822 823 824 825 826 827 828 829 830 831 832 833 834 835 836 837 838 839 840 841 842 843 844 845 846 847 848 849 
TOUCH-LEN-1
63
850 851 852 853 854 855 856 857 858 859 860 861 862 863 864 865 866 867 868 869 870 871 872 873 874 875 876 877 878 879 880 881 882 883 884 885 886 887 888 889 890 891 892 893 894 895 896 897 898 899 900 901 902 903 904 905 906 907 908 909 910 911 912 
VITREOUS-1
201
913 914 915 916 917 918 919 920 921 922 923 924 925 926 927 928 929 930 931 932 933 934 935 936 937 938 939 940 941 942 943 944 945 946 947 948 949 950 951 952 953 954 955 956 957 958 959 960 961 962 963 964 965 966 967 968 969 970 971 972 973 974 975 976 977 978 979 980 981 982 983 984 985 986 987 988 989 990 991 992 993 994 995 996 997 998 999 1000 1001 1002 1003 1004 1005 1006 1007 1008 1009 1010 1011 1012 1013 1014 1015 1016 1017 1018 1019 1020 1021 1022 1023 1024 1025 1026 1027 1028 1029 1030 1031 1032 1033 1034 1035 1036 1037 1038 1039 1040 1041 1042 1043 1044 1045 1046 1047 1048 1049 1050 1051 1052 1053 1054 1055 1056 1057 1058 1059 1060 1061 1062 1063 1064 1065 1066 1067 1068 1069 1070 1071 1072 1073 1074 1075 1076 1077 1078 1079 1080 1081 1082 1083 1084 1085 1086 1087 1088 1089 1090 1091 1092 1093 1094 1095 1096 1097 1098 1099 1100 1101 1102 1103 1104 1105 1106 1107 1108 1109 1110 1111 1112 1113 
CORNEA-1
14
-2147483647
48 1 16 5 0 1 0 -1 -1 386 1 -1879048189 29 386 
CRYSTALLINE-1
14
-2147483647
48 1 16 5 0 1 0 -1 -1 403 1 -1879048189 415 403 
0
_PICKEDSET31
0
2
0
2
BACK-SCLERA-1
28
1 2 3 4 5 6 7 8 9 10 11 12 13 14 15 16 17 18 19 20 21 22 23 24 25 26 27 28 
FRONT-SCLERA-1
16
818 820 822 824 826 828 830 832 834 836 839 841 843 845 847 849 
0
_PICKEDSET76
0
2
0
5
BACK-SCLERA-1
1
28 
TOUCH-LEN-1
3
870 891 912 
VITREOUS-1
13
918 921 922 923 925 926 927 931 932 936 938 939 953 
CORNEA-1
6
110 130 240 241 242 262 
CRYSTALLINE-1
23
424 428 441 442 450 452 454 456 458 459 460 463 464 499 540 542 557 574 583 587 590 592 594 
0
__PICKEDSURF109_S1
0
2
0
3
CORNEA-1
27
61 69 102 104 131 135 137 138 142 143 163 166 168 190 195 196 242 243 244 249 250 251 252 253 256 274 278 
VITREOUS-1
3
1019 1038 1106 
CRYSTALLINE-1
1
476 
0
__PICKEDSURF109_S2
0
2
0
3
CORNEA-1
9
86 87 90 150 155 160 167 178 245 
VITREOUS-1
2
1112 1113 
CRYSTALLINE-1
16
431 433 434 439 442 475 478 483 484 486 490 498 500 503 506 811 
0
__PICKEDSURF109_S3
0
2
0
1
CORNEA-1
9
67 68 103 114 132 193 254 255 280 
0
__PICKEDSURF109_S4
0
2
0
4
CORNEA-1
11
88 145 149 154 159 180 216 246 247 248 270 
FRONT-SCLERA-1
6
838 840 842 844 846 848 
VITREOUS-1
1
1108 
CRYSTALLINE-1
12
420 425 426 429 432 440 477 479 481 488 497 502 
0
__PICKEDSURF23_S2
0
2
0
1
CORNEA-1
2
29 56 
0
__PICKEDSURF23_S3
0
2
0
2
CORNEA-1
4
34 35 44 51 
FRONT-SCLERA-1
2
848 849 
0
__PICKEDSURF23_S4
0
2
0
1
CORNEA-1
2
43 45 
0
__PICKEDSURF24_S2
0
2
0
1
CORNEA-1
2
29 56 
0
__PICKEDSURF24_S3
0
2
0
1
CORNEA-1
4
34 35 44 51 
0
__PICKEDSURF24_S4
0
2
0
1
CORNEA-1
2
43 45 
0
__PICKEDSURF25_S4
0
2
0
1
BACK-SCLERA-1
1
1 
0
__PICKEDSURF26_S3
0
2
0
1
FRONT-SCLERA-1
2
836 837 
0
__PICKEDSURF73_S1
0
2
0
1
TOUCH-LEN-1
21
850 851 852 853 854 855 856 857 858 859 860 861 862 863 864 865 866 867 868 869 870 
0
__PICKEDSURF73_S2
0
2
0
1
TOUCH-LEN-1
3
870 891 912 
0
__PICKEDSURF73_S3
0
2
0
1
TOUCH-LEN-1
21
892 893 894 895 896 897 898 899 900 901 902 903 904 905 906 907 908 909 910 911 912 
0
__PICKEDSURF73_S4
0
2
0
1
TOUCH-LEN-1
3
850 871 892 
0
6
BACK-SCLERA-1
4
 P       1 PIBATCH
0
2
28
1 2 3 4 5 6 7 8 9 10 11 12 13 14 15 16 17 18 19 20 21 22 23 24 25 26 27 28 
0
0
 P       1_PICKEDSET31
0
2
28
1 2 3 4 5 6 7 8 9 10 11 12 13 14 15 16 17 18 19 20 21 22 23 24 25 26 27 28 
0
0
 P       1_PICKEDSET76
0
2
1
28 
0
0
_PICKEDSET2
0
2
28
1 2 3 4 5 6 7 8 9 10 11 12 13 14 15 16 17 18 19 20 21 22 23 24 25 26 27 28 
0
0
0
FRONT-SCLERA-1
5
 P       4 PIBATCH
0
2
32
818 819 820 821 822 823 824 825 826 827 828 829 830 831 832 833 834 835 836 837 838 839 840 841 842 843 844 845 846 847 848 849 
0
0
 P       4_PICKEDSET31
0
2
16
818 820 822 824 826 828 830 832 834 836 839 841 843 845 847 849 
0
0
 P       4__PICKEDSURF109_S4
0
2
6
838 840 842 844 846 848 
0
0
 P       4__PICKEDSURF23_S3
0
2
2
848 849 
0
0
_PICKEDSET2
0
2
32
818 819 820 821 822 823 824 825 826 827 828 829 830 831 832 833 834 835 836 837 838 839 840 841 842 843 844 845 846 847 848 849 
0
0
0
VITREOUS-1
6
 P       6 PIBATCH
0
2
201
913 914 915 916 917 918 919 920 921 922 923 924 925 926 927 928 929 930 931 932 933 934 935 936 937 938 939 940 941 942 943 944 945 946 947 948 949 950 951 952 953 954 955 956 957 958 959 960 961 962 963 964 965 966 967 968 969 970 971 972 973 974 975 976 977 978 979 980 981 982 983 984 985 986 987 988 989 990 991 992 993 994 995 996 997 998 999 1000 1001 1002 1003 1004 1005 1006 1007 1008 1009 1010 1011 1012 1013 1014 1015 1016 1017 1018 1019 1020 1021 1022 1023 1024 1025 1026 1027 1028 1029 1030 1031 1032 1033 1034 1035 1036 1037 1038 1039 1040 1041 1042 1043 1044 1045 1046 1047 1048 1049 1050 1051 1052 1053 1054 1055 1056 1057 1058 1059 1060 1061 1062 1063 1064 1065 1066 1067 1068 1069 1070 1071 1072 1073 1074 1075 1076 1077 1078 1079 1080 1081 1082 1083 1084 1085 1086 1087 1088 1089 1090 1091 1092 1093 1094 1095 1096 1097 1098 1099 1100 1101 1102 1103 1104 1105 1106 1107 1108 1109 1110 1111 1112 1113 
0
0
 P       6_PICKEDSET76
0
2
13
918 921 922 923 925 926 927 931 932 936 938 939 953 
0
0
 P       6__PICKEDSURF109_S1
0
2
3
1019 1038 1106 
0
0
 P       6__PICKEDSURF109_S2
0
2
2
1112 1113 
0
0
 P       6__PICKEDSURF109_S4
0
2
1
1108 
0
0
_PICKEDSET2
0
2
201
913 914 915 916 917 918 919 920 921 922 923 924 925 926 927 928 929 930 931 932 933 934 935 936 937 938 939 940 941 942 943 944 945 946 947 948 949 950 951 952 953 954 955 956 957 958 959 960 961 962 963 964 965 966 967 968 969 970 971 972 973 974 975 976 977 978 979 980 981 982 983 984 985 986 987 988 989 990 991 992 993 994 995 996 997 998 999 1000 1001 1002 1003 1004 1005 1006 1007 1008 1009 1010 1011 1012 1013 1014 1015 1016 1017 1018 1019 1020 1021 1022 1023 1024 1025 1026 1027 1028 1029 1030 1031 1032 1033 1034 1035 1036 1037 1038 1039 1040 1041 1042 1043 1044 1045 1046 1047 1048 1049 1050 1051 1052 1053 1054 1055 1056 1057 1058 1059 1060 1061 1062 1063 1064 1065 1066 1067 1068 1069 1070 1071 1072 1073 1074 1075 1076 1077 1078 1079 1080 1081 1082 1083 1084 1085 1086 1087 1088 1089 1090 1091 1092 1093 1094 1095 1096 1097 1098 1099 1100 1101 1102 1103 1104 1105 1106 1107 1108 1109 1110 1111 1112 1113 
0
0
0
TOUCH-LEN-1
3
 P       5 PIBATCH
0
2
63
850 851 852 853 854 855 856 857 858 859 860 861 862 863 864 865 866 867 868 869 870 871 872 873 874 875 876 877 878 879 880 881 882 883 884 885 886 887 888 889 890 891 892 893 894 895 896 897 898 899 900 901 902 903 904 905 906 907 908 909 910 911 912 
0
0
 P       5_PICKEDSET76
0
2
3
870 891 912 
0
0
_PICKEDSET2
0
2
63
850 851 852 853 854 855 856 857 858 859 860 861 862 863 864 865 866 867 868 869 870 871 872 873 874 875 876 877 878 879 880 881 882 883 884 885 886 887 888 889 890 891 892 893 894 895 896 897 898 899 900 901 902 903 904 905 906 907 908 909 910 911 912 
0
0
0
CORNEA-1
7
 P       2 PIBATCH
0
2
14
-2147483647
48 1 16 5 0 1 0 -1 -1 386 1 -1879048189 29 386 
0
0
 P       2_PICKEDSET76
0
2
6
110 130 240 241 242 262 
0
0
 P       2__PICKEDSURF109_S1
0
2
27
61 69 102 104 131 135 137 138 142 143 163 166 168 190 195 196 242 243 244 249 250 251 252 253 256 274 278 
0
0
 P       2__PICKEDSURF109_S2
0
2
9
86 87 90 150 155 160 167 178 245 
0
0
 P       2__PICKEDSURF109_S4
0
2
11
88 145 149 154 159 180 216 246 247 248 270 
0
0
 P       2__PICKEDSURF23_S3
0
2
4
34 35 44 51 
0
0
_PICKEDSET2
0
2
14
-2147483647
48 1 16 5 0 1 0 -1 -1 386 1 -1879048189 29 386 
0
0
0
CRYSTALLINE-1
6
 P       3 PIBATCH
0
2
14
-2147483647
48 1 16 5 0 1 0 -1 -1 403 1 -1879048189 415 403 
0
0
 P       3_PICKEDSET76
0
2
23
424 428 441 442 450 452 454 456 458 459 460 463 464 499 540 542 557 574 583 587 590 592 594 
0
0
 P       3__PICKEDSURF109_S1
0
2
1
476 
0
0
 P       3__PICKEDSURF109_S2
0
2
16
431 433 434 439 442 475 478 483 484 486 490 498 500 503 506 811 
0
0
 P       3__PICKEDSURF109_S4
0
2
12
420 425 426 429 432 440 477 479 481 488 497 502 
0
0
_PICKEDSET2
0
2
14
-2147483647
48 1 16 5 0 1 0 -1 -1 403 1 -1879048189 415 403 
0
0
0
5
 PIBATCH
0
2
0
7

1
1 
BACK-SCLERA-1
58
2 3 4 5 6 7 8 9 10 11 12 13 14 15 16 17 18 19 20 21 22 23 24 25 26 27 28 29 30 31 32 33 34 35 36 37 38 39 40 41 42 43 44 45 46 47 48 49 50 51 52 53 54 55 56 57 58 59 
FRONT-SCLERA-1
51
943 944 945 946 947 948 949 950 951 952 953 954 955 956 957 958 959 960 961 962 963 964 965 966 967 968 969 970 971 972 973 974 975 976 977 978 979 980 981 982 983 984 985 986 987 988 989 990 991 992 993 
TOUCH-LEN-1
88
994 995 996 997 998 999 1000 1001 1002 1003 1004 1005 1006 1007 1008 1009 1010 1011 1012 1013 1014 1015 1016 1017 1018 1019 1020 1021 1022 1023 1024 1025 1026 1027 1028 1029 1030 1031 1032 1033 1034 1035 1036 1037 1038 1039 1040 1041 1042 1043 1044 1045 1046 1047 1048 1049 1050 1051 1052 1053 1054 1055 1056 1057 1058 1059 1060 1061 1062 1063 1064 1065 1066 1067 1068 1069 1070 1071 1072 1073 1074 1075 1076 1077 1078 1079 1080 1081 
VITREOUS-1
224
1082 1083 1084 1085 1086 1087 1088 1089 1090 1091 1092 1093 1094 1095 1096 1097 1098 1099 1100 1101 1102 1103 1104 1105 1106 1107 1108 1109 1110 1111 1112 1113 1114 1115 1116 1117 1118 1119 1120 1121 1122 1123 1124 1125 1126 1127 1128 1129 1130 1131 1132 1133 1134 1135 1136 1137 1138 1139 1140 1141 1142 1143 1144 1145 1146 1147 1148 1149 1150 1151 1152 1153 1154 1155 1156 1157 1158 1159 1160 1161 1162 1163 1164 1165 1166 1167 1168 1169 1170 1171 1172 1173 1174 1175 1176 1177 1178 1179 1180 1181 1182 1183 1184 1185 1186 1187 1188 1189 1190 1191 1192 1193 1194 1195 1196 1197 1198 1199 1200 1201 1202 1203 1204 1205 1206 1207 1208 1209 1210 1211 1212 1213 1214 1215 1216 1217 1218 1219 1220 1221 1222 1223 1224 1225 1226 1227 1228 1229 1230 1231 1232 1233 1234 1235 1236 1237 1238 1239 1240 1241 1242 1243 1244 1245 1246 1247 1248 1249 1250 1251 1252 1253 1254 1255 1256 1257 1258 1259 1260 1261 1262 1263 1264 1265 1266 1267 1268 1269 1270 1271 1272 1273 1274 1275 1276 1277 1278 1279 1280 1281 1282 1283 1284 1285 1286 1287 1288 1289 1290 1291 1292 1293 1294 1295 1296 1297 1298 1299 1300 1301 1302 1303 1304 1305 
CORNEA-1
14
-2147483647
48 1 16 5 0 1 0 -1 -1 445 1 -1879048189 60 445 
CRYSTALLINE-1
14
-2147483647
48 1 16 5 0 1 0 -1 -1 438 1 -1879048189 505 438 
0
_PICKEDSET31
0
2
0
2
BACK-SCLERA-1
29
31 32 33 34 35 36 37 38 39 40 41 42 43 44 45 46 47 48 49 50 51 52 53 54 55 56 57 58 59 
FRONT-SCLERA-1
17
943 946 947 960 961 962 963 964 965 966 967 968 969 970 971 972 973 
0
_PICKEDSET74
0
2
1
1 
0
0
_PICKEDSET75
0
2
1
1 
0
0
_PICKEDSET76
0
2
0
5
BACK-SCLERA-1
2
30 59 
TOUCH-LEN-1
4
1015 1037 1059 1081 
VITREOUS-1
14
1083 1084 1101 1102 1103 1104 1105 1106 1107 1108 1109 1110 1111 1112 
CORNEA-1
7
63 64 138 139 140 141 142 
CRYSTALLINE-1
24
510 511 533 534 535 536 537 538 539 540 541 542 543 544 545 546 547 548 549 550 551 552 553 554 
0
7
BACK-SCLERA-1
4
 P       1 PIBATCH
0
2
58
2 3 4 5 6 7 8 9 10 11 12 13 14 15 16 17 18 19 20 21 22 23 24 25 26 27 28 29 30 31 32 33 34 35 36 37 38 39 40 41 42 43 44 45 46 47 48 49 50 51 52 53 54 55 56 57 58 59 
0
0
 P       1_PICKEDSET31
0
2
29
31 32 33 34 35 36 37 38 39 40 41 42 43 44 45 46 47 48 49 50 51 52 53 54 55 56 57 58 59 
0
0
 P       1_PICKEDSET76
0
2
2
30 59 
0
0
_PICKEDSET2
0
2
58
2 3 4 5 6 7 8 9 10 11 12 13 14 15 16 17 18 19 20 21 22 23 24 25 26 27 28 29 30 31 32 33 34 35 36 37 38 39 40 41 42 43 44 45 46 47 48 49 50 51 52 53 54 55 56 57 58 59 
0
0
0
FRONT-SCLERA-1
3
 P       4 PIBATCH
0
2
51
943 944 945 946 947 948 949 950 951 952 953 954 955 956 957 958 959 960 961 962 963 964 965 966 967 968 969 970 971 972 973 974 975 976 977 978 979 980 981 982 983 984 985 986 987 988 989 990 991 992 993 
0
0
 P       4_PICKEDSET31
0
2
17
943 946 947 960 961 962 963 964 965 966 967 968 969 970 971 972 973 
0
0
_PICKEDSET2
0
2
51
943 944 945 946 947 948 949 950 951 952 953 954 955 956 957 958 959 960 961 962 963 964 965 966 967 968 969 970 971 972 973 974 975 976 977 978 979 980 981 982 983 984 985 986 987 988 989 990 991 992 993 
0
0
0

1
 P       0 PIBATCH
0
2
1
1 
0
0
0
VITREOUS-1
3
 P       6 PIBATCH
0
2
224
1082 1083 1084 1085 1086 1087 1088 1089 1090 1091 1092 1093 1094 1095 1096 1097 1098 1099 1100 1101 1102 1103 1104 1105 1106 1107 1108 1109 1110 1111 1112 1113 1114 1115 1116 1117 1118 1119 1120 1121 1122 1123 1124 1125 1126 1127 1128 1129 1130 1131 1132 1133 1134 1135 1136 1137 1138 1139 1140 1141 1142 1143 1144 1145 1146 1147 1148 1149 1150 1151 1152 1153 1154 1155 1156 1157 1158 1159 1160 1161 1162 1163 1164 1165 1166 1167 1168 1169 1170 1171 1172 1173 1174 1175 1176 1177 1178 1179 1180 1181 1182 1183 1184 1185 1186 1187 1188 1189 1190 1191 1192 1193 1194 1195 1196 1197 1198 1199 1200 1201 1202 1203 1204 1205 1206 1207 1208 1209 1210 1211 1212 1213 1214 1215 1216 1217 1218 1219 1220 1221 1222 1223 1224 1225 1226 1227 1228 1229 1230 1231 1232 1233 1234 1235 1236 1237 1238 1239 1240 1241 1242 1243 1244 1245 1246 1247 1248 1249 1250 1251 1252 1253 1254 1255 1256 1257 1258 1259 1260 1261 1262 1263 1264 1265 1266 1267 1268 1269 1270 1271 1272 1273 1274 1275 1276 1277 1278 1279 1280 1281 1282 1283 1284 1285 1286 1287 1288 1289 1290 1291 1292 1293 1294 1295 1296 1297 1298 1299 1300 1301 1302 1303 1304 1305 
0
0
 P       6_PICKEDSET76
0
2
14
1083 1084 1101 1102 1103 1104 1105 1106 1107 1108 1109 1110 1111 1112 
0
0
_PICKEDSET2
0
2
224
1082 1083 1084 1085 1086 1087 1088 1089 1090 1091 1092 1093 1094 1095 1096 1097 1098 1099 1100 1101 1102 1103 1104 1105 1106 1107 1108 1109 1110 1111 1112 1113 1114 1115 1116 1117 1118 1119 1120 1121 1122 1123 1124 1125 1126 1127 1128 1129 1130 1131 1132 1133 1134 1135 1136 1137 1138 1139 1140 1141 1142 1143 1144 1145 1146 1147 1148 1149 1150 1151 1152 1153 1154 1155 1156 1157 1158 1159 1160 1161 1162 1163 1164 1165 1166 1167 1168 1169 1170 1171 1172 1173 1174 1175 1176 1177 1178 1179 1180 1181 1182 1183 1184 1185 1186 1187 1188 1189 1190 1191 1192 1193 1194 1195 1196 1197 1198 1199 1200 1201 1202 1203 1204 1205 1206 1207 1208 1209 1210 1211 1212 1213 1214 1215 1216 1217 1218 1219 1220 1221 1222 1223 1224 1225 1226 1227 1228 1229 1230 1231 1232 1233 1234 1235 1236 1237 1238 1239 1240 1241 1242 1243 1244 1245 1246 1247 1248 1249 1250 1251 1252 1253 1254 1255 1256 1257 1258 1259 1260 1261 1262 1263 1264 1265 1266 1267 1268 1269 1270 1271 1272 1273 1274 1275 1276 1277 1278 1279 1280 1281 1282 1283 1284 1285 1286 1287 1288 1289 1290 1291 1292 1293 1294 1295 1296 1297 1298 1299 1300 1301 1302 1303 1304 1305 
0
0
0
TOUCH-LEN-1
3
 P       5 PIBATCH
0
2
88
994 995 996 997 998 999 1000 1001 1002 1003 1004 1005 1006 1007 1008 1009 1010 1011 1012 1013 1014 1015 1016 1017 1018 1019 1020 1021 1022 1023 1024 1025 1026 1027 1028 1029 1030 1031 1032 1033 1034 1035 1036 1037 1038 1039 1040 1041 1042 1043 1044 1045 1046 1047 1048 1049 1050 1051 1052 1053 1054 1055 1056 1057 1058 1059 1060 1061 1062 1063 1064 1065 1066 1067 1068 1069 1070 1071 1072 1073 1074 1075 1076 1077 1078 1079 1080 1081 
0
0
 P       5_PICKEDSET76
0
2
4
1015 1037 1059 1081 
0
0
_PICKEDSET2
0
2
88
994 995 996 997 998 999 1000 1001 1002 1003 1004 1005 1006 1007 1008 1009 1010 1011 1012 1013 1014 1015 1016 1017 1018 1019 1020 1021 1022 1023 1024 1025 1026 1027 1028 1029 1030 1031 1032 1033 1034 1035 1036 1037 1038 1039 1040 1041 1042 1043 1044 1045 1046 1047 1048 1049 1050 1051 1052 1053 1054 1055 1056 1057 1058 1059 1060 1061 1062 1063 1064 1065 1066 1067 1068 1069 1070 1071 1072 1073 1074 1075 1076 1077 1078 1079 1080 1081 
0
0
0
CORNEA-1
3
 P       2 PIBATCH
0
2
14
-2147483647
48 1 16 5 0 1 0 -1 -1 445 1 -1879048189 60 445 
0
0
 P       2_PICKEDSET76
0
2
7
63 64 138 139 140 141 142 
0
0
_PICKEDSET2
0
2
14
-2147483647
48 1 16 5 0 1 0 -1 -1 445 1 -1879048189 60 445 
0
0
0
CRYSTALLINE-1
3
 P       3 PIBATCH
0
2
14
-2147483647
48 1 16 5 0 1 0 -1 -1 438 1 -1879048189 505 438 
0
0
 P       3_PICKEDSET76
0
2
24
510 511 533 534 535 536 537 538 539 540 541 542 543 544 545 546 547 548 549 550 551 552 553 554 
0
0
_PICKEDSET2
0
2
14
-2147483647
48 1 16 5 0 1 0 -1 -1 438 1 -1879048189 505 438 
0
0
0
0
6
_PICKEDSURF109
1
0
0
4
CORNEA-1
0
0
4
S1
27
61 69 102 104 131 135 137 138 142 143 163 166 168 190 195 196 242 243 244 249 250 251 252 253 256 274 278 
S3
9
67 68 103 114 132 193 254 255 280 
S2
9
86 87 90 150 155 160 167 178 245 
S4
11
88 145 149 154 159 180 216 246 247 248 270 
CRYSTALLINE-1
0
0
3
S1
1
476 
S2
16
431 433 434 439 442 475 478 483 484 486 490 498 500 503 506 811 
S4
12
420 425 426 429 432 440 477 479 481 488 497 502 
FRONT-SCLERA-1
0
0
1
S4
6
838 840 842 844 846 848 
VITREOUS-1
0
0
3
S1
3
1019 1038 1106 
S2
2
1112 1113 
S4
1
1108 
_PICKEDSURF23
1
0
0
2
CORNEA-1
0
0
3
S2
2
29 56 
S3
4
34 35 44 51 
S4
2
43 45 
FRONT-SCLERA-1
0
0
1
S3
2
848 849 
_PICKEDSURF24
1
0
0
1
CORNEA-1
0
0
3
S2
2
29 56 
S3
4
34 35 44 51 
S4
2
43 45 
_PICKEDSURF25
1
0
0
1
BACK-SCLERA-1
0
0
1
S4
1
1 
_PICKEDSURF26
1
0
0
1
FRONT-SCLERA-1
0
0
1
S3
2
836 837 
_PICKEDSURF73
1
0
0
1
TOUCH-LEN-1
0
0
4
S1
21
850 851 852 853 854 855 856 857 858 859 860 861 862 863 864 865 866 867 868 869 870 
S2
3
870 891 912 
S4
3
850 871 892 
S3
21
892 893 894 895 896 897 898 899 900 901 902 903 904 905 906 907 908 909 910 911 912 
1
0
1
ASSEMBLY
6
BACK-SCLERA-1
BACK-SCLERA
CORNEA-1
CORNEA
CRYSTALLINE-1
CRYSTALLINE
FRONT-SCLERA-1
FRONT-SCLERA
TOUCH-LEN-1
TOUCH-LEN
VITREOUS-1
VITREOUS
6
BACK-SCLERA-1
58
2 1
3 2
4 3
5 4
6 5
7 6
8 7
9 8
10 9
11 10
12 11
13 12
14 13
15 14
16 15
17 16
18 17
19 18
20 19
21 20
22 21
23 22
24 23
25 24
26 25
27 26
28 27
29 28
30 29
31 30
32 31
33 32
34 33
35 34
36 35
37 36
38 37
39 38
40 39
41 40
42 41
43 42
44 43
45 44
46 45
47 46
48 47
49 48
50 49
51 50
52 51
53 52
54 53
55 54
56 55
57 56
58 57
59 58
-2147483647
CORNEA-1
14
-2147483646
0
48 1 16 5 0 1 0 -1 -1 445 1 -1879048189 60 445 
14
48 1 16 5 0 1 0 -1 -1 445 1 -1879048189 1 445 
CRYSTALLINE-1
14
-2147483646
0
48 1 16 5 0 1 0 -1 -1 438 1 -1879048189 505 438 
14
48 1 16 5 0 1 0 -1 -1 438 1 -1879048189 1 438 
FRONT-SCLERA-1
51
943 1
944 2
945 3
946 4
947 5
948 6
949 7
950 8
951 9
952 10
953 11
954 12
955 13
956 14
957 15
958 16
959 17
960 18
961 19
962 20
963 21
964 22
965 23
966 24
967 25
968 26
969 27
970 28
971 29
972 30
973 31
974 32
975 33
976 34
977 35
978 36
979 37
980 38
981 39
982 40
983 41
984 42
985 43
986 44
987 45
988 46
989 47
990 48
991 49
992 50
993 51
-2147483647
TOUCH-LEN-1
88
994 1
995 2
996 3
997 4
998 5
999 6
1000 7
1001 8
1002 9
1003 10
1004 11
1005 12
1006 13
1007 14
1008 15
1009 16
1010 17
1011 18
1012 19
1013 20
1014 21
1015 22
1016 23
1017 24
1018 25
1019 26
1020 27
1021 28
1022 29
1023 30
1024 31
1025 32
1026 33
1027 34
1028 35
1029 36
1030 37
1031 38
1032 39
1033 40
1034 41
1035 42
1036 43
1037 44
1038 45
1039 46
1040 47
1041 48
1042 49
1043 50
1044 51
1045 52
1046 53
1047 54
1048 55
1049 56
1050 57
1051 58
1052 59
1053 60
1054 61
1055 62
1056 63
1057 64
1058 65
1059 66
1060 67
1061 68
1062 69
1063 70
1064 71
1065 72
1066 73
1067 74
1068 75
1069 76
1070 77
1071 78
1072 79
1073 80
1074 81
1075 82
1076 83
1077 84
1078 85
1079 86
1080 87
1081 88
-2147483647
VITREOUS-1
224
1082 1
1083 2
1084 3
1085 4
1086 5
1087 6
1088 7
1089 8
1090 9
1091 10
1092 11
1093 12
1094 13
1095 14
1096 15
1097 16
1098 17
1099 18
1100 19
1101 20
1102 21
1103 22
1104 23
1105 24
1106 25
1107 26
1108 27
1109 28
1110 29
1111 30
1112 31
1113 32
1114 33
1115 34
1116 35
1117 36
1118 37
1119 38
1120 39
1121 40
1122 41
1123 42
1124 43
1125 44
1126 45
1127 46
1128 47
1129 48
1130 49
1131 50
1132 51
1133 52
1134 53
1135 54
1136 55
1137 56
1138 57
1139 58
1140 59
1141 60
1142 61
1143 62
1144 63
1145 64
1146 65
1147 66
1148 67
1149 68
1150 69
1151 70
1152 71
1153 72
1154 73
1155 74
1156 75
1157 76
1158 77
1159 78
1160 79
1161 80
1162 81
1163 82
1164 83
1165 84
1166 85
1167 86
1168 87
1169 88
1170 89
1171 90
1172 91
1173 92
1174 93
1175 94
1176 95
1177 96
1178 97
1179 98
1180 99
1181 100
1182 101
1183 102
1184 103
1185 104
1186 105
1187 106
1188 107
1189 108
1190 109
1191 110
1192 111
1193 112
1194 113
1195 114
1196 115
1197 116
1198 117
1199 118
1200 119
1201 120
1202 121
1203 122
1204 123
1205 124
1206 125
1207 126
1208 127
1209 128
1210 129
1211 130
1212 131
1213 132
1214 133
1215 134
1216 135
1217 136
1218 137
1219 138
1220 139
1221 140
1222 141
1223 142
1224 143
1225 144
1226 145
1227 146
1228 147
1229 148
1230 149
1231 150
1232 151
1233 152
1234 153
1235 154
1236 155
1237 156
1238 157
1239 158
1240 159
1241 160
1242 161
1243 162
1244 163
1245 164
1246 165
1247 166
1248 167
1249 168
1250 169
1251 170
1252 171
1253 172
1254 173
1255 174
1256 175
1257 176
1258 177
1259 178
1260 179
1261 180
1262 181
1263 182
1264 183
1265 184
1266 185
1267 186
1268 187
1269 188
1270 189
1271 190
1272 191
1273 192
1274 193
1275 194
1276 195
1277 196
1278 197
1279 198
1280 199
1281 200
1282 201
1283 202
1284 203
1285 204
1286 205
1287 206
1288 207
1289 208
1290 209
1291 210
1292 211
1293 212
1294 213
1295 214
1296 215
1297 216
1298 217
1299 218
1300 219
1301 220
1302 221
1303 222
1304 223
1305 224
-2147483647
1
1 1
-2147483647
6
BACK-SCLERA-1
28
1 1
2 2
3 3
4 4
5 5
6 6
7 7
8 8
9 9
10 10
11 11
12 12
13 13
14 14
15 15
16 16
17 17
18 18
19 19
20 20
21 21
22 22
23 23
24 24
25 25
26 26
27 27
28 28
-2147483647
CORNEA-1
14
-2147483646
0
48 1 16 5 0 1 0 -1 -1 386 1 -1879048189 29 386 
14
48 1 16 5 0 1 0 -1 -1 386 1 -1879048189 1 386 
CRYSTALLINE-1
14
-2147483646
0
48 1 16 5 0 1 0 -1 -1 403 1 -1879048189 415 403 
14
48 1 16 5 0 1 0 -1 -1 403 1 -1879048189 1 403 
FRONT-SCLERA-1
32
818 1
819 2
820 3
821 4
822 5
823 6
824 7
825 8
826 9
827 10
828 11
829 12
830 13
831 14
832 15
833 16
834 17
835 18
836 19
837 20
838 21
839 22
840 23
841 24
842 25
843 26
844 27
845 28
846 29
847 30
848 31
849 32
-2147483647
TOUCH-LEN-1
63
850 1
851 2
852 3
853 4
854 5
855 6
856 7
857 8
858 9
859 10
860 11
861 12
862 13
863 14
864 15
865 16
866 17
867 18
868 19
869 20
870 21
871 22
872 23
873 24
874 25
875 26
876 27
877 28
878 29
879 30
880 31
881 32
882 33
883 34
884 35
885 36
886 37
887 38
888 39
889 40
890 41
891 42
892 43
893 44
894 45
895 46
896 47
897 48
898 49
899 50
900 51
901 52
902 53
903 54
904 55
905 56
906 57
907 58
908 59
909 60
910 61
911 62
912 63
-2147483647
VITREOUS-1
201
913 1
914 2
915 3
916 4
917 5
918 6
919 7
920 8
921 9
922 10
923 11
924 12
925 13
926 14
927 15
928 16
929 17
930 18
931 19
932 20
933 21
934 22
935 23
936 24
937 25
938 26
939 27
940 28
941 29
942 30
943 31
944 32
945 33
946 34
947 35
948 36
949 37
950 38
951 39
952 40
953 41
954 42
955 43
956 44
957 45
958 46
959 47
960 48
961 49
962 50
963 51
964 52
965 53
966 54
967 55
968 56
969 57
970 58
971 59
972 60
973 61
974 62
975 63
976 64
977 65
978 66
979 67
980 68
981 69
982 70
983 71
984 72
985 73
986 74
987 75
988 76
989 77
990 78
991 79
992 80
993 81
994 82
995 83
996 84
997 85
998 86
999 87
1000 88
1001 89
1002 90
1003 91
1004 92
1005 93
1006 94
1007 95
1008 96
1009 97
1010 98
1011 99
1012 100
1013 101
1014 102
1015 103
1016 104
1017 105
1018 106
1019 107
1020 108
1021 109
1022 110
1023 111
1024 112
1025 113
1026 114
1027 115
1028 116
1029 117
1030 118
1031 119
1032 120
1033 121
1034 122
1035 123
1036 124
1037 125
1038 126
1039 127
1040 128
1041 129
1042 130
1043 131
1044 132
1045 133
1046 134
1047 135
1048 136
1049 137
1050 138
1051 139
1052 140
1053 141
1054 142
1055 143
1056 144
1057 145
1058 146
1059 147
1060 148
1061 149
1062 150
1063 151
1064 152
1065 153
1066 154
1067 155
1068 156
1069 157
1070 158
1071 159
1072 160
1073 161
1074 162
1075 163
1076 164
1077 165
1078 166
1079 167
1080 168
1081 169
1082 170
1083 171
1084 172
1085 173
1086 174
1087 175
1088 176
1089 177
1090 178
1091 179
1092 180
1093 181
1094 182
1095 183
1096 184
1097 185
1098 186
1099 187
1100 188
1101 189
1102 190
1103 191
1104 192
1105 193
1106 194
1107 195
1108 196
1109 197
1110 198
1111 199
1112 200
1113 201
-2147483647
0
19
 PIBATCH
0
2
0
6
BACK-SCLERA-1
28
1 2 3 4 5 6 7 8 9 10 11 12 13 14 15 16 17 18 19 20 21 22 23 24 25 26 27 28 
FRONT-SCLERA-1
32
818 819 820 821 822 823 824 825 826 827 828 829 830 831 832 833 834 835 836 837 838 839 840 841 842 843 844 845 846 847 848 849 
TOUCH-LEN-1
63
850 851 852 853 854 855 856 857 858 859 860 861 862 863 864 865 866 867 868 869 870 871 872 873 874 875 876 877 878 879 880 881 882 883 884 885 886 887 888 889 890 891 892 893 894 895 896 897 898 899 900 901 902 903 904 905 906 907 908 909 910 911 912 
VITREOUS-1
201
913 914 915 916 917 918 919 920 921 922 923 924 925 926 927 928 929 930 931 932 933 934 935 936 937 938 939 940 941 942 943 944 945 946 947 948 949 950 951 952 953 954 955 956 957 958 959 960 961 962 963 964 965 966 967 968 969 970 971 972 973 974 975 976 977 978 979 980 981 982 983 984 985 986 987 988 989 990 991 992 993 994 995 996 997 998 999 1000 1001 1002 1003 1004 1005 1006 1007 1008 1009 1010 1011 1012 1013 1014 1015 1016 1017 1018 1019 1020 1021 1022 1023 1024 1025 1026 1027 1028 1029 1030 1031 1032 1033 1034 1035 1036 1037 1038 1039 1040 1041 1042 1043 1044 1045 1046 1047 1048 1049 1050 1051 1052 1053 1054 1055 1056 1057 1058 1059 1060 1061 1062 1063 1064 1065 1066 1067 1068 1069 1070 1071 1072 1073 1074 1075 1076 1077 1078 1079 1080 1081 1082 1083 1084 1085 1086 1087 1088 1089 1090 1091 1092 1093 1094 1095 1096 1097 1098 1099 1100 1101 1102 1103 1104 1105 1106 1107 1108 1109 1110 1111 1112 1113 
CORNEA-1
14
-2147483647
48 1 16 5 0 1 0 -1 -1 386 1 -1879048189 29 386 
CRYSTALLINE-1
14
-2147483647
48 1 16 5 0 1 0 -1 -1 403 1 -1879048189 415 403 
0
_PICKEDSET31
0
2
0
2
BACK-SCLERA-1
28
1 2 3 4 5 6 7 8 9 10 11 12 13 14 15 16 17 18 19 20 21 22 23 24 25 26 27 28 
FRONT-SCLERA-1
16
818 820 822 824 826 828 830 832 834 836 839 841 843 845 847 849 
0
_PICKEDSET76
0
2
0
5
BACK-SCLERA-1
1
28 
TOUCH-LEN-1
3
870 891 912 
VITREOUS-1
13
918 921 922 923 925 926 927 931 932 936 938 939 953 
CORNEA-1
6
110 130 240 241 242 262 
CRYSTALLINE-1
23
424 428 441 442 450 452 454 456 458 459 460 463 464 499 540 542 557 574 583 587 590 592 594 
0
__PICKEDSURF109_S1
0
2
0
3
CORNEA-1
27
61 69 102 104 131 135 137 138 142 143 163 166 168 190 195 196 242 243 244 249 250 251 252 253 256 274 278 
VITREOUS-1
3
1019 1038 1106 
CRYSTALLINE-1
1
476 
0
__PICKEDSURF109_S2
0
2
0
3
CORNEA-1
9
86 87 90 150 155 160 167 178 245 
VITREOUS-1
2
1112 1113 
CRYSTALLINE-1
16
431 433 434 439 442 475 478 483 484 486 490 498 500 503 506 811 
0
__PICKEDSURF109_S3
0
2
0
1
CORNEA-1
9
67 68 103 114 132 193 254 255 280 
0
__PICKEDSURF109_S4
0
2
0
4
CORNEA-1
11
88 145 149 154 159 180 216 246 247 248 270 
FRONT-SCLERA-1
6
838 840 842 844 846 848 
VITREOUS-1
1
1108 
CRYSTALLINE-1
12
420 425 426 429 432 440 477 479 481 488 497 502 
0
__PICKEDSURF23_S2
0
2
0
1
CORNEA-1
2
29 56 
0
__PICKEDSURF23_S3
0
2
0
2
CORNEA-1
4
34 35 44 51 
FRONT-SCLERA-1
2
848 849 
0
__PICKEDSURF23_S4
0
2
0
1
CORNEA-1
2
43 45 
0
__PICKEDSURF24_S2
0
2
0
1
CORNEA-1
2
29 56 
0
__PICKEDSURF24_S3
0
2
0
1
CORNEA-1
4
34 35 44 51 
0
__PICKEDSURF24_S4
0
2
0
1
CORNEA-1
2
43 45 
0
__PICKEDSURF25_S4
0
2
0
1
BACK-SCLERA-1
1
1 
0
__PICKEDSURF26_S3
0
2
0
1
FRONT-SCLERA-1
2
836 837 
0
__PICKEDSURF73_S1
0
2
0
1
TOUCH-LEN-1
21
850 851 852 853 854 855 856 857 858 859 860 861 862 863 864 865 866 867 868 869 870 
0
__PICKEDSURF73_S2
0
2
0
1
TOUCH-LEN-1
3
870 891 912 
0
__PICKEDSURF73_S3
0
2
0
1
TOUCH-LEN-1
21
892 893 894 895 896 897 898 899 900 901 902 903 904 905 906 907 908 909 910 911 912 
0
__PICKEDSURF73_S4
0
2
0
1
TOUCH-LEN-1
3
850 871 892 
0
6
BACK-SCLERA-1
4
 P       1 PIBATCH
0
2
28
1 2 3 4 5 6 7 8 9 10 11 12 13 14 15 16 17 18 19 20 21 22 23 24 25 26 27 28 
0
0
 P       1_PICKEDSET31
0
2
28
1 2 3 4 5 6 7 8 9 10 11 12 13 14 15 16 17 18 19 20 21 22 23 24 25 26 27 28 
0
0
 P       1_PICKEDSET76
0
2
1
28 
0
0
_PICKEDSET2
0
2
28
1 2 3 4 5 6 7 8 9 10 11 12 13 14 15 16 17 18 19 20 21 22 23 24 25 26 27 28 
0
0
0
FRONT-SCLERA-1
5
 P       4 PIBATCH
0
2
32
818 819 820 821 822 823 824 825 826 827 828 829 830 831 832 833 834 835 836 837 838 839 840 841 842 843 844 845 846 847 848 849 
0
0
 P       4_PICKEDSET31
0
2
16
818 820 822 824 826 828 830 832 834 836 839 841 843 845 847 849 
0
0
 P       4__PICKEDSURF109_S4
0
2
6
838 840 842 844 846 848 
0
0
 P       4__PICKEDSURF23_S3
0
2
2
848 849 
0
0
_PICKEDSET2
0
2
32
818 819 820 821 822 823 824 825 826 827 828 829 830 831 832 833 834 835 836 837 838 839 840 841 842 843 844 845 846 847 848 849 
0
0
0
VITREOUS-1
6
 P       6 PIBATCH
0
2
201
913 914 915 916 917 918 919 920 921 922 923 924 925 926 927 928 929 930 931 932 933 934 935 936 937 938 939 940 941 942 943 944 945 946 947 948 949 950 951 952 953 954 955 956 957 958 959 960 961 962 963 964 965 966 967 968 969 970 971 972 973 974 975 976 977 978 979 980 981 982 983 984 985 986 987 988 989 990 991 992 993 994 995 996 997 998 999 1000 1001 1002 1003 1004 1005 1006 1007 1008 1009 1010 1011 1012 1013 1014 1015 1016 1017 1018 1019 1020 1021 1022 1023 1024 1025 1026 1027 1028 1029 1030 1031 1032 1033 1034 1035 1036 1037 1038 1039 1040 1041 1042 1043 1044 1045 1046 1047 1048 1049 1050 1051 1052 1053 1054 1055 1056 1057 1058 1059 1060 1061 1062 1063 1064 1065 1066 1067 1068 1069 1070 1071 1072 1073 1074 1075 1076 1077 1078 1079 1080 1081 1082 1083 1084 1085 1086 1087 1088 1089 1090 1091 1092 1093 1094 1095 1096 1097 1098 1099 1100 1101 1102 1103 1104 1105 1106 1107 1108 1109 1110 1111 1112 1113 
0
0
 P       6_PICKEDSET76
0
2
13
918 921 922 923 925 926 927 931 932 936 938 939 953 
0
0
 P       6__PICKEDSURF109_S1
0
2
3
1019 1038 1106 
0
0
 P       6__PICKEDSURF109_S2
0
2
2
1112 1113 
0
0
 P       6__PICKEDSURF109_S4
0
2
1
1108 
0
0
_PICKEDSET2
0
2
201
913 914 915 916 917 918 919 920 921 922 923 924 925 926 927 928 929 930 931 932 933 934 935 936 937 938 939 940 941 942 943 944 945 946 947 948 949 950 951 952 953 954 955 956 957 958 959 960 961 962 963 964 965 966 967 968 969 970 971 972 973 974 975 976 977 978 979 980 981 982 983 984 985 986 987 988 989 990 991 992 993 994 995 996 997 998 999 1000 1001 1002 1003 1004 1005 1006 1007 1008 1009 1010 1011 1012 1013 1014 1015 1016 1017 1018 1019 1020 1021 1022 1023 1024 1025 1026 1027 1028 1029 1030 1031 1032 1033 1034 1035 1036 1037 1038 1039 1040 1041 1042 1043 1044 1045 1046 1047 1048 1049 1050 1051 1052 1053 1054 1055 1056 1057 1058 1059 1060 1061 1062 1063 1064 1065 1066 1067 1068 1069 1070 1071 1072 1073 1074 1075 1076 1077 1078 1079 1080 1081 1082 1083 1084 1085 1086 1087 1088 1089 1090 1091 1092 1093 1094 1095 1096 1097 1098 1099 1100 1101 1102 1103 1104 1105 1106 1107 1108 1109 1110 1111 1112 1113 
0
0
0
TOUCH-LEN-1
3
 P       5 PIBATCH
0
2
63
850 851 852 853 854 855 856 857 858 859 860 861 862 863 864 865 866 867 868 869 870 871 872 873 874 875 876 877 878 879 880 881 882 883 884 885 886 887 888 889 890 891 892 893 894 895 896 897 898 899 900 901 902 903 904 905 906 907 908 909 910 911 912 
0
0
 P       5_PICKEDSET76
0
2
3
870 891 912 
0
0
_PICKEDSET2
0
2
63
850 851 852 853 854 855 856 857 858 859 860 861 862 863 864 865 866 867 868 869 870 871 872 873 874 875 876 877 878 879 880 881 882 883 884 885 886 887 888 889 890 891 892 893 894 895 896 897 898 899 900 901 902 903 904 905 906 907 908 909 910 911 912 
0
0
0
CORNEA-1
7
 P       2 PIBATCH
0
2
14
-2147483647
48 1 16 5 0 1 0 -1 -1 386 1 -1879048189 29 386 
0
0
 P       2_PICKEDSET76
0
2
6
110 130 240 241 242 262 
0
0
 P       2__PICKEDSURF109_S1
0
2
27
61 69 102 104 131 135 137 138 142 143 163 166 168 190 195 196 242 243 244 249 250 251 252 253 256 274 278 
0
0
 P       2__PICKEDSURF109_S2
0
2
9
86 87 90 150 155 160 167 178 245 
0
0
 P       2__PICKEDSURF109_S4
0
2
11
88 145 149 154 159 180 216 246 247 248 270 
0
0
 P       2__PICKEDSURF23_S3
0
2
4
34 35 44 51 
0
0
_PICKEDSET2
0
2
14
-2147483647
48 1 16 5 0 1 0 -1 -1 386 1 -1879048189 29 386 
0
0
0
CRYSTALLINE-1
6
 P       3 PIBATCH
0
2
14
-2147483647
48 1 16 5 0 1 0 -1 -1 403 1 -1879048189 415 403 
0
0
 P       3_PICKEDSET76
0
2
23
424 428 441 442 450 452 454 456 458 459 460 463 464 499 540 542 557 574 583 587 590 592 594 
0
0
 P       3__PICKEDSURF109_S1
0
2
1
476 
0
0
 P       3__PICKEDSURF109_S2
0
2
16
431 433 434 439 442 475 478 483 484 486 490 498 500 503 506 811 
0
0
 P       3__PICKEDSURF109_S4
0
2
12
420 425 426 429 432 440 477 479 481 488 497 502 
0
0
_PICKEDSET2
0
2
14
-2147483647
48 1 16 5 0 1 0 -1 -1 403 1 -1879048189 415 403 
0
0
0
5
 PIBATCH
0
2
0
7

1
1 
BACK-SCLERA-1
58
2 3 4 5 6 7 8 9 10 11 12 13 14 15 16 17 18 19 20 21 22 23 24 25 26 27 28 29 30 31 32 33 34 35 36 37 38 39 40 41 42 43 44 45 46 47 48 49 50 51 52 53 54 55 56 57 58 59 
FRONT-SCLERA-1
51
943 944 945 946 947 948 949 950 951 952 953 954 955 956 957 958 959 960 961 962 963 964 965 966 967 968 969 970 971 972 973 974 975 976 977 978 979 980 981 982 983 984 985 986 987 988 989 990 991 992 993 
TOUCH-LEN-1
88
994 995 996 997 998 999 1000 1001 1002 1003 1004 1005 1006 1007 1008 1009 1010 1011 1012 1013 1014 1015 1016 1017 1018 1019 1020 1021 1022 1023 1024 1025 1026 1027 1028 1029 1030 1031 1032 1033 1034 1035 1036 1037 1038 1039 1040 1041 1042 1043 1044 1045 1046 1047 1048 1049 1050 1051 1052 1053 1054 1055 1056 1057 1058 1059 1060 1061 1062 1063 1064 1065 1066 1067 1068 1069 1070 1071 1072 1073 1074 1075 1076 1077 1078 1079 1080 1081 
VITREOUS-1
224
1082 1083 1084 1085 1086 1087 1088 1089 1090 1091 1092 1093 1094 1095 1096 1097 1098 1099 1100 1101 1102 1103 1104 1105 1106 1107 1108 1109 1110 1111 1112 1113 1114 1115 1116 1117 1118 1119 1120 1121 1122 1123 1124 1125 1126 1127 1128 1129 1130 1131 1132 1133 1134 1135 1136 1137 1138 1139 1140 1141 1142 1143 1144 1145 1146 1147 1148 1149 1150 1151 1152 1153 1154 1155 1156 1157 1158 1159 1160 1161 1162 1163 1164 1165 1166 1167 1168 1169 1170 1171 1172 1173 1174 1175 1176 1177 1178 1179 1180 1181 1182 1183 1184 1185 1186 1187 1188 1189 1190 1191 1192 1193 1194 1195 1196 1197 1198 1199 1200 1201 1202 1203 1204 1205 1206 1207 1208 1209 1210 1211 1212 1213 1214 1215 1216 1217 1218 1219 1220 1221 1222 1223 1224 1225 1226 1227 1228 1229 1230 1231 1232 1233 1234 1235 1236 1237 1238 1239 1240 1241 1242 1243 1244 1245 1246 1247 1248 1249 1250 1251 1252 1253 1254 1255 1256 1257 1258 1259 1260 1261 1262 1263 1264 1265 1266 1267 1268 1269 1270 1271 1272 1273 1274 1275 1276 1277 1278 1279 1280 1281 1282 1283 1284 1285 1286 1287 1288 1289 1290 1291 1292 1293 1294 1295 1296 1297 1298 1299 1300 1301 1302 1303 1304 1305 
CORNEA-1
14
-2147483647
48 1 16 5 0 1 0 -1 -1 445 1 -1879048189 60 445 
CRYSTALLINE-1
14
-2147483647
48 1 16 5 0 1 0 -1 -1 438 1 -1879048189 505 438 
0
_PICKEDSET31
0
2
0
2
BACK-SCLERA-1
29
31 32 33 34 35 36 37 38 39 40 41 42 43 44 45 46 47 48 49 50 51 52 53 54 55 56 57 58 59 
FRONT-SCLERA-1
17
943 946 947 960 961 962 963 964 965 966 967 968 969 970 971 972 973 
0
_PICKEDSET74
0
2
1
1 
0
0
_PICKEDSET75
0
2
1
1 
0
0
_PICKEDSET76
0
2
0
5
BACK-SCLERA-1
2
30 59 
TOUCH-LEN-1
4
1015 1037 1059 1081 
VITREOUS-1
14
1083 1084 1101 1102 1103 1104 1105 1106 1107 1108 1109 1110 1111 1112 
CORNEA-1
7
63 64 138 139 140 141 142 
CRYSTALLINE-1
24
510 511 533 534 535 536 537 538 539 540 541 542 543 544 545 546 547 548 549 550 551 552 553 554 
0
7
BACK-SCLERA-1
4
 P       1 PIBATCH
0
2
58
2 3 4 5 6 7 8 9 10 11 12 13 14 15 16 17 18 19 20 21 22 23 24 25 26 27 28 29 30 31 32 33 34 35 36 37 38 39 40 41 42 43 44 45 46 47 48 49 50 51 52 53 54 55 56 57 58 59 
0
0
 P       1_PICKEDSET31
0
2
29
31 32 33 34 35 36 37 38 39 40 41 42 43 44 45 46 47 48 49 50 51 52 53 54 55 56 57 58 59 
0
0
 P       1_PICKEDSET76
0
2
2
30 59 
0
0
_PICKEDSET2
0
2
58
2 3 4 5 6 7 8 9 10 11 12 13 14 15 16 17 18 19 20 21 22 23 24 25 26 27 28 29 30 31 32 33 34 35 36 37 38 39 40 41 42 43 44 45 46 47 48 49 50 51 52 53 54 55 56 57 58 59 
0
0
0
FRONT-SCLERA-1
3
 P       4 PIBATCH
0
2
51
943 944 945 946 947 948 949 950 951 952 953 954 955 956 957 958 959 960 961 962 963 964 965 966 967 968 969 970 971 972 973 974 975 976 977 978 979 980 981 982 983 984 985 986 987 988 989 990 991 992 993 
0
0
 P       4_PICKEDSET31
0
2
17
943 946 947 960 961 962 963 964 965 966 967 968 969 970 971 972 973 
0
0
_PICKEDSET2
0
2
51
943 944 945 946 947 948 949 950 951 952 953 954 955 956 957 958 959 960 961 962 963 964 965 966 967 968 969 970 971 972 973 974 975 976 977 978 979 980 981 982 983 984 985 986 987 988 989 990 991 992 993 
0
0
0

1
 P       0 PIBATCH
0
2
1
1 
0
0
0
VITREOUS-1
3
 P       6 PIBATCH
0
2
224
1082 1083 1084 1085 1086 1087 1088 1089 1090 1091 1092 1093 1094 1095 1096 1097 1098 1099 1100 1101 1102 1103 1104 1105 1106 1107 1108 1109 1110 1111 1112 1113 1114 1115 1116 1117 1118 1119 1120 1121 1122 1123 1124 1125 1126 1127 1128 1129 1130 1131 1132 1133 1134 1135 1136 1137 1138 1139 1140 1141 1142 1143 1144 1145 1146 1147 1148 1149 1150 1151 1152 1153 1154 1155 1156 1157 1158 1159 1160 1161 1162 1163 1164 1165 1166 1167 1168 1169 1170 1171 1172 1173 1174 1175 1176 1177 1178 1179 1180 1181 1182 1183 1184 1185 1186 1187 1188 1189 1190 1191 1192 1193 1194 1195 1196 1197 1198 1199 1200 1201 1202 1203 1204 1205 1206 1207 1208 1209 1210 1211 1212 1213 1214 1215 1216 1217 1218 1219 1220 1221 1222 1223 1224 1225 1226 1227 1228 1229 1230 1231 1232 1233 1234 1235 1236 1237 1238 1239 1240 1241 1242 1243 1244 1245 1246 1247 1248 1249 1250 1251 1252 1253 1254 1255 1256 1257 1258 1259 1260 1261 1262 1263 1264 1265 1266 1267 1268 1269 1270 1271 1272 1273 1274 1275 1276 1277 1278 1279 1280 1281 1282 1283 1284 1285 1286 1287 1288 1289 1290 1291 1292 1293 1294 1295 1296 1297 1298 1299 1300 1301 1302 1303 1304 1305 
0
0
 P       6_PICKEDSET76
0
2
14
1083 1084 1101 1102 1103 1104 1105 1106 1107 1108 1109 1110 1111 1112 
0
0
_PICKEDSET2
0
2
224
1082 1083 1084 1085 1086 1087 1088 1089 1090 1091 1092 1093 1094 1095 1096 1097 1098 1099 1100 1101 1102 1103 1104 1105 1106 1107 1108 1109 1110 1111 1112 1113 1114 1115 1116 1117 1118 1119 1120 1121 1122 1123 1124 1125 1126 1127 1128 1129 1130 1131 1132 1133 1134 1135 1136 1137 1138 1139 1140 1141 1142 1143 1144 1145 1146 1147 1148 1149 1150 1151 1152 1153 1154 1155 1156 1157 1158 1159 1160 1161 1162 1163 1164 1165 1166 1167 1168 1169 1170 1171 1172 1173 1174 1175 1176 1177 1178 1179 1180 1181 1182 1183 1184 1185 1186 1187 1188 1189 1190 1191 1192 1193 1194 1195 1196 1197 1198 1199 1200 1201 1202 1203 1204 1205 1206 1207 1208 1209 1210 1211 1212 1213 1214 1215 1216 1217 1218 1219 1220 1221 1222 1223 1224 1225 1226 1227 1228 1229 1230 1231 1232 1233 1234 1235 1236 1237 1238 1239 1240 1241 1242 1243 1244 1245 1246 1247 1248 1249 1250 1251 1252 1253 1254 1255 1256 1257 1258 1259 1260 1261 1262 1263 1264 1265 1266 1267 1268 1269 1270 1271 1272 1273 1274 1275 1276 1277 1278 1279 1280 1281 1282 1283 1284 1285 1286 1287 1288 1289 1290 1291 1292 1293 1294 1295 1296 1297 1298 1299 1300 1301 1302 1303 1304 1305 
0
0
0
TOUCH-LEN-1
3
 P       5 PIBATCH
0
2
88
994 995 996 997 998 999 1000 1001 1002 1003 1004 1005 1006 1007 1008 1009 1010 1011 1012 1013 1014 1015 1016 1017 1018 1019 1020 1021 1022 1023 1024 1025 1026 1027 1028 1029 1030 1031 1032 1033 1034 1035 1036 1037 1038 1039 1040 1041 1042 1043 1044 1045 1046 1047 1048 1049 1050 1051 1052 1053 1054 1055 1056 1057 1058 1059 1060 1061 1062 1063 1064 1065 1066 1067 1068 1069 1070 1071 1072 1073 1074 1075 1076 1077 1078 1079 1080 1081 
0
0
 P       5_PICKEDSET76
0
2
4
1015 1037 1059 1081 
0
0
_PICKEDSET2
0
2
88
994 995 996 997 998 999 1000 1001 1002 1003 1004 1005 1006 1007 1008 1009 1010 1011 1012 1013 1014 1015 1016 1017 1018 1019 1020 1021 1022 1023 1024 1025 1026 1027 1028 1029 1030 1031 1032 1033 1034 1035 1036 1037 1038 1039 1040 1041 1042 1043 1044 1045 1046 1047 1048 1049 1050 1051 1052 1053 1054 1055 1056 1057 1058 1059 1060 1061 1062 1063 1064 1065 1066 1067 1068 1069 1070 1071 1072 1073 1074 1075 1076 1077 1078 1079 1080 1081 
0
0
0
CORNEA-1
3
 P       2 PIBATCH
0
2
14
-2147483647
48 1 16 5 0 1 0 -1 -1 445 1 -1879048189 60 445 
0
0
 P       2_PICKEDSET76
0
2
7
63 64 138 139 140 141 142 
0
0
_PICKEDSET2
0
2
14
-2147483647
48 1 16 5 0 1 0 -1 -1 445 1 -1879048189 60 445 
0
0
0
CRYSTALLINE-1
3
 P       3 PIBATCH
0
2
14
-2147483647
48 1 16 5 0 1 0 -1 -1 438 1 -1879048189 505 438 
0
0
 P       3_PICKEDSET76
0
2
24
510 511 533 534 535 536 537 538 539 540 541 542 543 544 545 546 547 548 549 550 551 552 553 554 
0
0
_PICKEDSET2
0
2
14
-2147483647
48 1 16 5 0 1 0 -1 -1 438 1 -1879048189 505 438 
0
0
0
0
6
_PICKEDSURF109
1
0
0
4
CORNEA-1
0
0
4
S1
27
61 69 102 104 131 135 137 138 142 143 163 166 168 190 195 196 242 243 244 249 250 251 252 253 256 274 278 
S3
9
67 68 103 114 132 193 254 255 280 
S2
9
86 87 90 150 155 160 167 178 245 
S4
11
88 145 149 154 159 180 216 246 247 248 270 
CRYSTALLINE-1
0
0
3
S1
1
476 
S2
16
431 433 434 439 442 475 478 483 484 486 490 498 500 503 506 811 
S4
12
420 425 426 429 432 440 477 479 481 488 497 502 
FRONT-SCLERA-1
0
0
1
S4
6
838 840 842 844 846 848 
VITREOUS-1
0
0
3
S1
3
1019 1038 1106 
S2
2
1112 1113 
S4
1
1108 
_PICKEDSURF23
1
0
0
2
CORNEA-1
0
0
3
S2
2
29 56 
S3
4
34 35 44 51 
S4
2
43 45 
FRONT-SCLERA-1
0
0
1
S3
2
848 849 
_PICKEDSURF24
1
0
0
1
CORNEA-1
0
0
3
S2
2
29 56 
S3
4
34 35 44 51 
S4
2
43 45 
_PICKEDSURF25
1
0
0
1
BACK-SCLERA-1
0
0
1
S4
1
1 
_PICKEDSURF26
1
0
0
1
FRONT-SCLERA-1
0
0
1
S3
2
836 837 
_PICKEDSURF73
1
0
0
1
TOUCH-LEN-1
0
0
4
S1
21
850 851 852 853 854 855 856 857 858 859 860 861 862 863 864 865 866 867 868 869 870 
S2
3
870 891 912 
S4
3
850 871 892 
S3
21
892 893 894 895 896 897 898 899 900 901 902 903 904 905 906 907 908 909 910 911 912 
