Analysis initiated from SIMULIA established products
Abaqus JOB assembly-improved
Abaqus 2025
USING MEMORY DOUG-LEA ALLOCATOR
Abaqus License Manager checked out the following licenses:
Abaqus/Explicit checked out 5 tokens from Flexnet server localhost.
<9994 out of 9999 licenses remain available>.
Begin Analysis Input File Processor
2026/5/12 5:30:39
Run pre.exe
2026/5/12 5:30:47
End Analysis Input File Processor
Begin Abaqus/Explicit Packager
2026/5/12 5:30:47
PAC_NUM_THREADS VALUE: 1
Run package.exe
2026/5/12 5:30:54
End Abaqus/Explicit Packager
Begin Abaqus/Explicit Analysis
2026/5/12 5:30:54
Run explicit.exe
2026/5/12 5:37:29
End Abaqus/Explicit Analysis
Abaqus JOB assembly-improved COMPLETED
