Abaqus/Explicit 2025                             DATE 08-5ÔÂ-2026  TIME 14:01:50
-------------------------------------------------------------------------------
 PREPROCESSOR WARNING MESSAGES
-------------------------------------------------------------------------------


***WARNING: There are 19 warning messages in the data (.dat) file.  Please
            check the data file for possible errors in the input file.


-------------------------------------------------------------------------------
 NUMERICAL PRECISION USED FOR THIS Abaqus/Explicit ANALYSIS
-------------------------------------------------------------------------------

Single precision package and explicit executables will be used in this analysis.

-------------------------------------------------------------------------------

***WARNING: In step 1, portions of main surfaces in the general contact domain
            have been tied together.  Joining disconnected surfaces with *TIE
            does not alter the surface connectivity and results in a seam in
            the contact surface.  The nodes along the tied surface perimeters
            have been added to the node set named  "WarnNodePerimTieSeam".

-------------------------------------------------------------------------------
 MODEL INFORMATION (IN GLOBAL X-Y COORDINATES)
-------------------------------------------------------------------------------

   Total mass in model = 5.74960E-06
   Center of mass of model = ( 6.759438E+00,-1.918985E+00)
   For the axisymmetric body, the center of mass is located at the center of mass
   of the circumferential slice.

   Moments of Inertia :
                 About Center of Mass              About Origin
      I(XX)          1.488448E-04                  1.700177E-04
      I(YY)          4.021005E-05                  3.029093E-04
      I(XY)         -2.581397E-06                  7.199817E-05
      I(ZZ)          1.890548E-04                  4.729270E-04

-------------------------------------------------------------------------------
 STABLE TIME INCREMENT INFORMATION
-------------------------------------------------------------------------------


  The stable time increment estimate for each element is based on
  linearization about the initial state.


   Initial time increment = 5.32626E-09

   Statistics over 1251 deformable elements:
      Mean = 2.87019E-06
      Standard deviation = 1.43437E-06

   Most critical elements:
    Element number   Rank    Time increment   Increment ratio
    (Instance name)
   ----------------------------------------------------------
           4          1       5.326258E-09      1.000000E+00
    VITREOUS-1
           6          2       1.056778E-08      5.040091E-01
    VITREOUS-1
           1          3       1.573598E-08      3.384764E-01
    VITREOUS-1
           2          4       1.913081E-08      2.784125E-01
    VITREOUS-1
           7          5       2.552900E-08      2.086356E-01
    VITREOUS-1
           5          6       3.004428E-08      1.772803E-01
    VITREOUS-1
          14          7       3.138270E-08      1.697196E-01
    VITREOUS-1
           3          8       3.745101E-08      1.422193E-01
    VITREOUS-1
           8          9       3.760411E-08      1.416403E-01
    VITREOUS-1
           9         10       4.617242E-08      1.153558E-01
    VITREOUS-1


  Instance name for the most critical element will be printed if the critical
  element changes or at the beginning of a new page.


-------------------------------------------------------------------------------

  INFORMATION REGARDING INITIAL CONTACT OVERCLOSURES FOR NEWLY DEFINED GENERAL
  CONTACT INTERACTIONS IN STEP 1

-------------------------------------------------------------------------------

  Abaqus/Explicit will attempt to resolve 55 initial node-face overclosure(s).


  Maximum initial overclosure for node-face contact is 1.25880E-02 at node 11
  of instance CRYSTALLINE-1 and face S2 of element 117 of instance VITREOUS-1.


  Maximum initial contact adjustment is: 1.26096E-02 at node 11 of instance
  CRYSTALLINE-1.


  No unresolved initial node-face overclosures found.


***WARNING: 0 surface intersections have been detected after the completion of
            the initial overclosure procedure (2 were detected in the original
            model).  It may be neccessary to manually adjust the configuration
            of the intersecting surfaces (e.g. via the *CONTACT CLEARANCE
            ASSIGNMENT option). The elements involved in these intersections
            have been added to the elset WarnElemSurfaceIntersect.


***NOTE: You can view the deformed configuration due to the resolution of
         initial overclosures.  In increment 0, draw the deformed shape or
         draw a symbol plot of vector displacements.

------------------------------------------------------------------------------

Abaqus/Explicit 2025                             DATE 08-5ÔÂ-2026  TIME 14:01:58
The entire model is considered 1 domain.
Only 1 MPI rank is used.

-------------------------------------------------------------------------------
 SOLUTION PROGRESS
-------------------------------------------------------------------------------

 STEP 1  ORIGIN 0.0000

  Total memory used for step 1 is approximately 3.3 megabytes.
  Global time estimation algorithm will be used.
  Scaling factor:  1.0000
              STEP     TOTAL      WALL        STABLE    CRITICAL    KINETIC      TOTAL
INCREMENT     TIME      TIME      TIME     INCREMENT     ELEMENT     ENERGY     ENERGY
        0  0.000E+00 0.000E+00  00:00:00 5.30077E-09           4  7.351E-07  7.351E-07
INSTANCE WITH CRITICAL ELEMENT: VITREOUS-1
Output Field Frame Number     0, of     20, at step time 0.000E+00

***WARNING: THE ANALYSIS MAY NEED A LARGE NUMBER OF INCREMENTS (MORE THAN
            300000), AND IT MAY BE AFFECTED BY ROUND-OFF ERRORS. RUNNING THE
            DOUBLE PRECISION EXECUTABLE IS RECOMMENDED.

    36317  5.000E-04 5.000E-04  00:01:11 1.37520E-08           4  1.468E-02  3.788E-06
INSTANCE WITH CRITICAL ELEMENT: VITREOUS-1
Output Field Frame Number     1, of     20, at step time 5.000E-04
    72638  1.000E-03 1.000E-03  00:02:20 1.37651E-08           4  1.476E-02  8.055E-06
INSTANCE WITH CRITICAL ELEMENT: VITREOUS-1
Output Field Frame Number     2, of     20, at step time 1.000E-03
   109031  1.500E-03 1.500E-03  00:03:29 1.37528E-08           4  1.142E-02  9.426E-07
INSTANCE WITH CRITICAL ELEMENT: VITREOUS-1
Output Field Frame Number     3, of     20, at step time 1.500E-03
   145429  2.000E-03 2.000E-03  00:04:43 1.37512E-08           4  9.531E-03 -1.919E-07
INSTANCE WITH CRITICAL ELEMENT: VITREOUS-1
Output Field Frame Number     4, of     20, at step time 2.000E-03
   181827  2.500E-03 2.500E-03  00:05:49 1.37562E-08           4  7.627E-03 -6.290E-07
INSTANCE WITH CRITICAL ELEMENT: VITREOUS-1
Output Field Frame Number     5, of     20, at step time 2.500E-03
   218225  3.000E-03 3.000E-03  00:07:02 1.37604E-08           4  4.752E-03 -2.621E-06
INSTANCE WITH CRITICAL ELEMENT: VITREOUS-1
Output Field Frame Number     6, of     20, at step time 3.000E-03
   254623  3.500E-03 3.500E-03  00:08:06 1.37613E-08           4  5.103E-03 -6.773E-06
INSTANCE WITH CRITICAL ELEMENT: VITREOUS-1
Output Field Frame Number     7, of     20, at step time 3.500E-03
   290946  4.000E-03 4.000E-03  00:09:10 1.37535E-08           4  4.119E-03 -1.294E-05
INSTANCE WITH CRITICAL ELEMENT: VITREOUS-1
Output Field Frame Number     8, of     20, at step time 4.000E-03

***WARNING: THE ANALYSIS REACHED A LARGE NUMBER OF INCREMENTS (300000), AND IT
            MAY BE AFFECTED BY ROUND-OFF ERRORS. RUNNING THE DOUBLE PRECISION
            EXECUTABLE IS RECOMMENDED.

   326837  4.500E-03 4.500E-03  00:10:13 1.37580E-08           4  4.302E-03 -1.734E-05
INSTANCE WITH CRITICAL ELEMENT: VITREOUS-1
Output Field Frame Number     9, of     20, at step time 4.500E-03
   362871  5.000E-03 5.000E-03  00:11:17 1.37497E-08           4  2.091E-03 -2.337E-05
INSTANCE WITH CRITICAL ELEMENT: VITREOUS-1
Output Field Frame Number    10, of     20, at step time 5.000E-03
   398854  5.500E-03 5.500E-03  00:12:20 1.37359E-08           4  1.799E-03 -3.021E-05
INSTANCE WITH CRITICAL ELEMENT: VITREOUS-1
Output Field Frame Number    11, of     20, at step time 5.500E-03
   434766  6.000E-03 6.000E-03  00:13:23 1.37522E-08           4  2.977E-03 -3.596E-05
INSTANCE WITH CRITICAL ELEMENT: VITREOUS-1
Output Field Frame Number    12, of     20, at step time 6.000E-03
   470807  6.500E-03 6.500E-03  00:14:26 1.37657E-08           4  2.051E-03 -4.130E-05
INSTANCE WITH CRITICAL ELEMENT: VITREOUS-1
Output Field Frame Number    13, of     20, at step time 6.500E-03
   506715  7.000E-03 7.000E-03  00:15:30 1.37769E-08           4  2.012E-03 -4.767E-05
INSTANCE WITH CRITICAL ELEMENT: VITREOUS-1
Output Field Frame Number    14, of     20, at step time 7.000E-03
   542654  7.500E-03 7.500E-03  00:16:33 1.37646E-08           4  2.641E-03 -5.781E-05
INSTANCE WITH CRITICAL ELEMENT: VITREOUS-1
Output Field Frame Number    15, of     20, at step time 7.500E-03
   578566  8.000E-03 8.000E-03  00:17:36 1.37440E-08           4  1.277E-03 -6.759E-05
INSTANCE WITH CRITICAL ELEMENT: VITREOUS-1
Output Field Frame Number    16, of     20, at step time 8.000E-03
   614357  8.500E-03 8.500E-03  00:18:40 1.37502E-08           4  1.510E-03 -7.404E-05
INSTANCE WITH CRITICAL ELEMENT: VITREOUS-1
Output Field Frame Number    17, of     20, at step time 8.500E-03
   650148  9.000E-03 9.000E-03  00:19:44 1.37466E-08           4  2.620E-03 -8.164E-05
INSTANCE WITH CRITICAL ELEMENT: VITREOUS-1
Output Field Frame Number    18, of     20, at step time 9.000E-03
   685940  9.500E-03 9.500E-03  00:20:47 1.37293E-08           4  1.458E-03 -1.002E-04
INSTANCE WITH CRITICAL ELEMENT: VITREOUS-1
Output Field Frame Number    19, of     20, at step time 9.500E-03
   721731  1.000E-02 1.000E-02  00:21:50 1.37681E-08           4  2.163E-03 -1.317E-04
INSTANCE WITH CRITICAL ELEMENT: VITREOUS-1
Restart Number  1 at 1.00000E-02
Output Field Frame Number    20, of     20, at step time 1.000E-02

***WARNING: Jumps in displacement boundary conditions have been detected at
            the beginning of step 2.  The maximum jump is 8.34660E-04 at node
            1 of instance         .  The node set "WarnNodeDispBCJump" has
            been written to the database file.  Check the .msg file for more
            detailed information.


***NOTE: Displacement boundary conditions with prescribed jumps will be
         enforced as defined, minus the value of the jump. The jumps might be
         caused by:
            1) A discontinuous *BOUNDARY, TYPE=DISPLACEMENT definition.
            2) Initial contact adjustments at the beginning of the first
               step.
            3) Locating the rigid body reference node with the POSITION=CENTER
               OF MASS parameter.
            4) Use of an amplitude curve to prescribe the boundary conditions
               in an analysis with a large number of increments; precision
               error may cause a small drift from the prescribed displacement.


Abaqus/Explicit 2025                             DATE 08-5ÔÂ-2026  TIME 14:23:48

 STEP 2  ORIGIN 1.00000E-02

  Total memory used for step 2 is approximately 3.5 megabytes.
  Global time estimation algorithm will be used.
  Scaling factor:  1.0000
              STEP     TOTAL      WALL        STABLE    CRITICAL    KINETIC      TOTAL
INCREMENT     TIME      TIME      TIME     INCREMENT     ELEMENT     ENERGY     ENERGY
        0  0.000E+00 1.000E-02  00:21:50 5.30729E-09           4  2.163E-03 -1.314E-04
INSTANCE WITH CRITICAL ELEMENT: VITREOUS-1
Output Field Frame Number     0, of     20, at step time 0.000E+00
     3638  5.001E-05 1.005E-02  00:21:56 1.37626E-08           4  2.653E-03 -1.363E-04
INSTANCE WITH CRITICAL ELEMENT: VITREOUS-1
Output Field Frame Number     1, of     20, at step time 5.001E-05
     7274  1.000E-04 1.010E-02  00:22:03 1.37529E-08           4  2.403E-03 -1.409E-04
INSTANCE WITH CRITICAL ELEMENT: VITREOUS-1
Output Field Frame Number     2, of     20, at step time 1.000E-04
    10911  1.500E-04 1.015E-02  00:22:09 1.37484E-08           4  1.552E-03 -1.444E-04
INSTANCE WITH CRITICAL ELEMENT: VITREOUS-1
Output Field Frame Number     3, of     20, at step time 1.500E-04
    14546  2.000E-04 1.020E-02  00:22:15 1.37504E-08           4  1.093E-03 -1.486E-04
INSTANCE WITH CRITICAL ELEMENT: VITREOUS-1
Output Field Frame Number     4, of     20, at step time 2.000E-04
    18189  2.500E-04 1.025E-02  00:22:22 1.37376E-08           4  1.672E-03 -1.523E-04
INSTANCE WITH CRITICAL ELEMENT: VITREOUS-1
Output Field Frame Number     5, of     20, at step time 2.500E-04
    21828  3.000E-04 1.030E-02  00:22:28 1.37621E-08           4  2.174E-03 -1.541E-04
INSTANCE WITH CRITICAL ELEMENT: VITREOUS-1
Output Field Frame Number     6, of     20, at step time 3.000E-04
    25463  3.500E-04 1.035E-02  00:22:34 1.37363E-08           4  1.804E-03 -1.571E-04
INSTANCE WITH CRITICAL ELEMENT: VITREOUS-1
Output Field Frame Number     7, of     20, at step time 3.500E-04
    29102  4.000E-04 1.040E-02  00:22:41 1.37450E-08           4  1.327E-03 -1.596E-04
INSTANCE WITH CRITICAL ELEMENT: VITREOUS-1
Output Field Frame Number     8, of     20, at step time 4.000E-04
    32741  4.500E-04 1.045E-02  00:22:47 1.37519E-08           4  1.568E-03 -1.598E-04
INSTANCE WITH CRITICAL ELEMENT: VITREOUS-1
Output Field Frame Number     9, of     20, at step time 4.500E-04
    36382  5.000E-04 1.050E-02  00:22:54 1.37399E-08           4  1.711E-03 -1.629E-04
INSTANCE WITH CRITICAL ELEMENT: VITREOUS-1
Output Field Frame Number    10, of     20, at step time 5.000E-04
    40022  5.500E-04 1.055E-02  00:23:00 1.37414E-08           4  1.513E-03 -1.661E-04
INSTANCE WITH CRITICAL ELEMENT: VITREOUS-1
Output Field Frame Number    11, of     20, at step time 5.500E-04
    43661  6.000E-04 1.060E-02  00:23:07 1.37567E-08           4  1.458E-03 -1.716E-04
INSTANCE WITH CRITICAL ELEMENT: VITREOUS-1
Output Field Frame Number    12, of     20, at step time 6.000E-04
    47301  6.500E-04 1.065E-02  00:23:13 1.37348E-08           4  2.095E-03 -1.783E-04
INSTANCE WITH CRITICAL ELEMENT: VITREOUS-1
Output Field Frame Number    13, of     20, at step time 6.500E-04
    50941  7.000E-04 1.070E-02  00:23:19 1.37457E-08           4  2.540E-03 -1.831E-04
INSTANCE WITH CRITICAL ELEMENT: VITREOUS-1
Output Field Frame Number    14, of     20, at step time 7.000E-04
    54578  7.500E-04 1.075E-02  00:23:26 1.37505E-08           4  2.200E-03 -1.915E-04
INSTANCE WITH CRITICAL ELEMENT: VITREOUS-1
Output Field Frame Number    15, of     20, at step time 7.500E-04
    58218  8.000E-04 1.080E-02  00:23:32 1.37649E-08           4  1.433E-03 -1.975E-04
INSTANCE WITH CRITICAL ELEMENT: VITREOUS-1
Output Field Frame Number    16, of     20, at step time 8.000E-04
    61857  8.500E-04 1.085E-02  00:23:38 1.37394E-08           4  1.297E-03 -2.059E-04
INSTANCE WITH CRITICAL ELEMENT: VITREOUS-1
Output Field Frame Number    17, of     20, at step time 8.500E-04
    65498  9.000E-04 1.090E-02  00:23:45 1.37201E-08           4  1.607E-03 -2.137E-04
INSTANCE WITH CRITICAL ELEMENT: VITREOUS-1
Output Field Frame Number    18, of     20, at step time 9.000E-04
    69137  9.500E-04 1.095E-02  00:23:51 1.37511E-08           4  1.601E-03 -2.205E-04
INSTANCE WITH CRITICAL ELEMENT: VITREOUS-1
Output Field Frame Number    19, of     20, at step time 9.500E-04
    72777  1.000E-03 1.100E-02  00:23:58 1.37429E-08           4  1.239E-03 -2.282E-04
INSTANCE WITH CRITICAL ELEMENT: VITREOUS-1
Restart Number  1 at 1.10000E-02
Output Field Frame Number    20, of     20, at step time 1.000E-03
  EXPLICIT EXECUTABLE TIME SUMMARY
       USER TIME (SEC)      =   781.80
       SYSTEM TIME (SEC)    =   1405.0
       WALLCLOCK TIME (SEC) =         1438
              INIT (SEC) =          0
              MAIN (SEC) =       1438

  THE ANALYSIS HAS COMPLETED SUCCESSFULLY

