1
0
1
ASSEMBLY
6
BACK-SCLERA-1
BACK-SCLERA
CORNEA-1
CORNEA
CRYSTALLINE-1
CRYSTALLINE
FRONT-SCLERA-1
FRONT-SCLERA
TOUCH-LEN-1
TOUCH-LEN
VITREOUS-1
VITREOUS
6
BACK-SCLERA-1
58
2 1
3 2
4 3
5 4
6 5
7 6
8 7
9 8
10 9
11 10
12 11
13 12
14 13
15 14
16 15
17 16
18 17
19 18
20 19
21 20
22 21
23 22
24 23
25 24
26 25
27 26
28 27
29 28
30 29
31 30
32 31
33 32
34 33
35 34
36 35
37 36
38 37
39 38
40 39
41 40
42 41
43 42
44 43
45 44
46 45
47 46
48 47
49 48
50 49
51 50
52 51
53 52
54 53
55 54
56 55
57 56
58 57
59 58
-2147483647
CORNEA-1
14
-2147483646
0
48 1 16 5 0 1 0 -1 -1 387 1 -1879048189 60 387 
14
48 1 16 5 0 1 0 -1 -1 387 1 -1879048189 1 387 
CRYSTALLINE-1
14
-2147483646
0
48 1 16 5 0 1 0 -1 -1 438 1 -1879048189 447 438 
14
48 1 16 5 0 1 0 -1 -1 438 1 -1879048189 1 438 
FRONT-SCLERA-1
51
885 1
886 2
887 3
888 4
889 5
890 6
891 7
892 8
893 9
894 10
895 11
896 12
897 13
898 14
899 15
900 16
901 17
902 18
903 19
904 20
905 21
906 22
907 23
908 24
909 25
910 26
911 27
912 28
913 29
914 30
915 31
916 32
917 33
918 34
919 35
920 36
921 37
922 38
923 39
924 40
925 41
926 42
927 43
928 44
929 45
930 46
931 47
932 48
933 49
934 50
935 51
-2147483647
TOUCH-LEN-1
88
936 1
937 2
938 3
939 4
940 5
941 6
942 7
943 8
944 9
945 10
946 11
947 12
948 13
949 14
950 15
951 16
952 17
953 18
954 19
955 20
956 21
957 22
958 23
959 24
960 25
961 26
962 27
963 28
964 29
965 30
966 31
967 32
968 33
969 34
970 35
971 36
972 37
973 38
974 39
975 40
976 41
977 42
978 43
979 44
980 45
981 46
982 47
983 48
984 49
985 50
986 51
987 52
988 53
989 54
990 55
991 56
992 57
993 58
994 59
995 60
996 61
997 62
998 63
999 64
1000 65
1001 66
1002 67
1003 68
1004 69
1005 70
1006 71
1007 72
1008 73
1009 74
1010 75
1011 76
1012 77
1013 78
1014 79
1015 80
1016 81
1017 82
1018 83
1019 84
1020 85
1021 86
1022 87
1023 88
-2147483647
VITREOUS-1
218
1024 1
1025 2
1026 3
1027 4
1028 5
1029 6
1030 7
1031 8
1032 9
1033 10
1034 11
1035 12
1036 13
1037 14
1038 15
1039 16
1040 17
1041 18
1042 19
1043 20
1044 21
1045 22
1046 23
1047 24
1048 25
1049 26
1050 27
1051 28
1052 29
1053 30
1054 31
1055 32
1056 33
1057 34
1058 35
1059 36
1060 37
1061 38
1062 39
1063 40
1064 41
1065 42
1066 43
1067 44
1068 45
1069 46
1070 47
1071 48
1072 49
1073 50
1074 51
1075 52
1076 53
1077 54
1078 55
1079 56
1080 57
1081 58
1082 59
1083 60
1084 61
1085 62
1086 63
1087 64
1088 65
1089 66
1090 67
1091 68
1092 69
1093 70
1094 71
1095 72
1096 73
1097 74
1098 75
1099 76
1100 77
1101 78
1102 79
1103 80
1104 81
1105 82
1106 83
1107 84
1108 85
1109 86
1110 87
1111 88
1112 89
1113 90
1114 91
1115 92
1116 93
1117 94
1118 95
1119 96
1120 97
1121 98
1122 99
1123 100
1124 101
1125 102
1126 103
1127 104
1128 105
1129 106
1130 107
1131 108
1132 109
1133 110
1134 111
1135 112
1136 113
1137 114
1138 115
1139 116
1140 117
1141 118
1142 119
1143 120
1144 121
1145 122
1146 123
1147 124
1148 125
1149 126
1150 127
1151 128
1152 129
1153 130
1154 131
1155 132
1156 133
1157 134
1158 135
1159 136
1160 137
1161 138
1162 139
1163 140
1164 141
1165 142
1166 143
1167 144
1168 145
1169 146
1170 147
1171 148
1172 149
1173 150
1174 151
1175 152
1176 153
1177 154
1178 155
1179 156
1180 157
1181 158
1182 159
1183 160
1184 161
1185 162
1186 163
1187 164
1188 165
1189 166
1190 167
1191 168
1192 169
1193 170
1194 171
1195 172
1196 173
1197 174
1198 175
1199 176
1200 177
1201 178
1202 179
1203 180
1204 181
1205 182
1206 183
1207 184
1208 185
1209 186
1210 187
1211 188
1212 189
1213 190
1214 191
1215 192
1216 193
1217 194
1218 195
1219 196
1220 197
1221 198
1222 199
1223 200
1224 201
1225 202
1226 203
1227 204
1228 205
1229 206
1230 207
1231 208
1232 209
1233 210
1234 211
1235 212
1236 213
1237 214
1238 215
1239 216
1240 217
1241 218
-2147483647
1
1 1
-2147483647
6
BACK-SCLERA-1
28
1 1
2 2
3 3
4 4
5 5
6 6
7 7
8 8
9 9
10 10
11 11
12 12
13 13
14 14
15 15
16 16
17 17
18 18
19 19
20 20
21 21
22 22
23 23
24 24
25 25
26 26
27 27
28 28
-2147483647
CORNEA-1
14
-2147483646
0
48 1 16 5 0 1 0 -1 -1 331 1 -1879048189 29 331 
14
48 1 16 5 0 1 0 -1 -1 331 1 -1879048189 1 331 
CRYSTALLINE-1
14
-2147483646
0
48 1 16 5 0 1 0 -1 -1 403 1 -1879048189 360 403 
14
48 1 16 5 0 1 0 -1 -1 403 1 -1879048189 1 403 
FRONT-SCLERA-1
32
763 1
764 2
765 3
766 4
767 5
768 6
769 7
770 8
771 9
772 10
773 11
774 12
775 13
776 14
777 15
778 16
779 17
780 18
781 19
782 20
783 21
784 22
785 23
786 24
787 25
788 26
789 27
790 28
791 29
792 30
793 31
794 32
-2147483647
TOUCH-LEN-1
63
795 1
796 2
797 3
798 4
799 5
800 6
801 7
802 8
803 9
804 10
805 11
806 12
807 13
808 14
809 15
810 16
811 17
812 18
813 19
814 20
815 21
816 22
817 23
818 24
819 25
820 26
821 27
822 28
823 29
824 30
825 31
826 32
827 33
828 34
829 35
830 36
831 37
832 38
833 39
834 40
835 41
836 42
837 43
838 44
839 45
840 46
841 47
842 48
843 49
844 50
845 51
846 52
847 53
848 54
849 55
850 56
851 57
852 58
853 59
854 60
855 61
856 62
857 63
-2147483647
VITREOUS-1
195
858 1
859 2
860 3
861 4
862 5
863 6
864 7
865 8
866 9
867 10
868 11
869 12
870 13
871 14
872 15
873 16
874 17
875 18
876 19
877 20
878 21
879 22
880 23
881 24
882 25
883 26
884 27
885 28
886 29
887 30
888 31
889 32
890 33
891 34
892 35
893 36
894 37
895 38
896 39
897 40
898 41
899 42
900 43
901 44
902 45
903 46
904 47
905 48
906 49
907 50
908 51
909 52
910 53
911 54
912 55
913 56
914 57
915 58
916 59
917 60
918 61
919 62
920 63
921 64
922 65
923 66
924 67
925 68
926 69
927 70
928 71
929 72
930 73
931 74
932 75
933 76
934 77
935 78
936 79
937 80
938 81
939 82
940 83
941 84
942 85
943 86
944 87
945 88
946 89
947 90
948 91
949 92
950 93
951 94
952 95
953 96
954 97
955 98
956 99
957 100
958 101
959 102
960 103
961 104
962 105
963 106
964 107
965 108
966 109
967 110
968 111
969 112
970 113
971 114
972 115
973 116
974 117
975 118
976 119
977 120
978 121
979 122
980 123
981 124
982 125
983 126
984 127
985 128
986 129
987 130
988 131
989 132
990 133
991 134
992 135
993 136
994 137
995 138
996 139
997 140
998 141
999 142
1000 143
1001 144
1002 145
1003 146
1004 147
1005 148
1006 149
1007 150
1008 151
1009 152
1010 153
1011 154
1012 155
1013 156
1014 157
1015 158
1016 159
1017 160
1018 161
1019 162
1020 163
1021 164
1022 165
1023 166
1024 167
1025 168
1026 169
1027 170
1028 171
1029 172
1030 173
1031 174
1032 175
1033 176
1034 177
1035 178
1036 179
1037 180
1038 181
1039 182
1040 183
1041 184
1042 185
1043 186
1044 187
1045 188
1046 189
1047 190
1048 191
1049 192
1050 193
1051 194
1052 195
-2147483647
0
20
 PIBATCH
0
2
0
6
BACK-SCLERA-1
28
1 2 3 4 5 6 7 8 9 10 11 12 13 14 15 16 17 18 19 20 21 22 23 24 25 26 27 28 
FRONT-SCLERA-1
32
763 764 765 766 767 768 769 770 771 772 773 774 775 776 777 778 779 780 781 782 783 784 785 786 787 788 789 790 791 792 793 794 
TOUCH-LEN-1
63
795 796 797 798 799 800 801 802 803 804 805 806 807 808 809 810 811 812 813 814 815 816 817 818 819 820 821 822 823 824 825 826 827 828 829 830 831 832 833 834 835 836 837 838 839 840 841 842 843 844 845 846 847 848 849 850 851 852 853 854 855 856 857 
VITREOUS-1
195
858 859 860 861 862 863 864 865 866 867 868 869 870 871 872 873 874 875 876 877 878 879 880 881 882 883 884 885 886 887 888 889 890 891 892 893 894 895 896 897 898 899 900 901 902 903 904 905 906 907 908 909 910 911 912 913 914 915 916 917 918 919 920 921 922 923 924 925 926 927 928 929 930 931 932 933 934 935 936 937 938 939 940 941 942 943 944 945 946 947 948 949 950 951 952 953 954 955 956 957 958 959 960 961 962 963 964 965 966 967 968 969 970 971 972 973 974 975 976 977 978 979 980 981 982 983 984 985 986 987 988 989 990 991 992 993 994 995 996 997 998 999 1000 1001 1002 1003 1004 1005 1006 1007 1008 1009 1010 1011 1012 1013 1014 1015 1016 1017 1018 1019 1020 1021 1022 1023 1024 1025 1026 1027 1028 1029 1030 1031 1032 1033 1034 1035 1036 1037 1038 1039 1040 1041 1042 1043 1044 1045 1046 1047 1048 1049 1050 1051 1052 
CORNEA-1
14
-2147483647
48 1 16 5 0 1 0 -1 -1 331 1 -1879048189 29 331 
CRYSTALLINE-1
14
-2147483647
48 1 16 5 0 1 0 -1 -1 403 1 -1879048189 360 403 
0
_PICKEDSET31
0
2
0
2
BACK-SCLERA-1
28
1 2 3 4 5 6 7 8 9 10 11 12 13 14 15 16 17 18 19 20 21 22 23 24 25 26 27 28 
FRONT-SCLERA-1
16
763 765 767 769 771 773 775 777 779 781 784 786 788 790 792 794 
0
_PICKEDSET76
0
2
0
5
BACK-SCLERA-1
1
28 
TOUCH-LEN-1
3
815 836 857 
VITREOUS-1
13
884 887 889 890 893 895 897 899 900 902 903 924 980 
CORNEA-1
6
97 99 209 210 211 225 
CRYSTALLINE-1
23
369 373 386 387 395 397 399 401 403 404 405 408 409 444 485 487 502 519 528 532 535 537 539 
0
__PICKEDSURF109_S1
0
2
0
3
CORNEA-1
32
55 62 92 93 102 103 116 117 126 131 133 137 139 145 153 154 179 192 211 212 213 214 215 217 219 220 223 232 234 248 249 255 
VITREOUS-1
3
859 865 866 
CRYSTALLINE-1
1
421 
0
__PICKEDSURF109_S2
0
2
0
3
CORNEA-1
1
138 
VITREOUS-1
1
874 
CRYSTALLINE-1
16
376 378 379 384 387 420 423 428 429 431 435 443 445 448 451 756 
0
__PICKEDSURF109_S3
0
2
0
2
CORNEA-1
18
61 77 78 101 125 130 142 144 165 186 191 216 218 221 222 231 238 283 
VITREOUS-1
2
862 864 
0
__PICKEDSURF109_S4
0
2
0
3
CORNEA-1
1
136 
FRONT-SCLERA-1
6
783 785 787 789 791 793 
CRYSTALLINE-1
12
365 370 371 374 377 385 422 424 426 433 442 447 
0
__PICKEDSURF23_S1
0
2
0
1
CORNEA-1
4
37 44 46 48 
0
__PICKEDSURF23_S2
0
2
0
1
CORNEA-1
1
29 
0
__PICKEDSURF23_S3
0
2
0
1
FRONT-SCLERA-1
2
793 794 
0
__PICKEDSURF23_S4
0
2
0
1
CORNEA-1
3
34 35 47 
0
__PICKEDSURF24_S1
0
2
0
1
CORNEA-1
4
37 44 46 48 
0
__PICKEDSURF24_S2
0
2
0
1
CORNEA-1
1
29 
0
__PICKEDSURF24_S4
0
2
0
1
CORNEA-1
3
34 35 47 
0
__PICKEDSURF25_S4
0
2
0
1
BACK-SCLERA-1
1
1 
0
__PICKEDSURF26_S3
0
2
0
1
FRONT-SCLERA-1
2
781 782 
0
__PICKEDSURF73_S1
0
2
0
1
TOUCH-LEN-1
21
795 796 797 798 799 800 801 802 803 804 805 806 807 808 809 810 811 812 813 814 815 
0
__PICKEDSURF73_S2
0
2
0
1
TOUCH-LEN-1
3
815 836 857 
0
__PICKEDSURF73_S3
0
2
0
1
TOUCH-LEN-1
21
837 838 839 840 841 842 843 844 845 846 847 848 849 850 851 852 853 854 855 856 857 
0
__PICKEDSURF73_S4
0
2
0
1
TOUCH-LEN-1
3
795 816 837 
0
6
BACK-SCLERA-1
4
 P       1 PIBATCH
0
2
28
1 2 3 4 5 6 7 8 9 10 11 12 13 14 15 16 17 18 19 20 21 22 23 24 25 26 27 28 
0
0
 P       1_PICKEDSET31
0
2
28
1 2 3 4 5 6 7 8 9 10 11 12 13 14 15 16 17 18 19 20 21 22 23 24 25 26 27 28 
0
0
 P       1_PICKEDSET76
0
2
1
28 
0
0
_PICKEDSET2
0
2
28
1 2 3 4 5 6 7 8 9 10 11 12 13 14 15 16 17 18 19 20 21 22 23 24 25 26 27 28 
0
0
0
FRONT-SCLERA-1
4
 P       4 PIBATCH
0
2
32
763 764 765 766 767 768 769 770 771 772 773 774 775 776 777 778 779 780 781 782 783 784 785 786 787 788 789 790 791 792 793 794 
0
0
 P       4_PICKEDSET31
0
2
16
763 765 767 769 771 773 775 777 779 781 784 786 788 790 792 794 
0
0
 P       4__PICKEDSURF109_S4
0
2
6
783 785 787 789 791 793 
0
0
_PICKEDSET2
0
2
32
763 764 765 766 767 768 769 770 771 772 773 774 775 776 777 778 779 780 781 782 783 784 785 786 787 788 789 790 791 792 793 794 
0
0
0
VITREOUS-1
6
 P       6 PIBATCH
0
2
195
858 859 860 861 862 863 864 865 866 867 868 869 870 871 872 873 874 875 876 877 878 879 880 881 882 883 884 885 886 887 888 889 890 891 892 893 894 895 896 897 898 899 900 901 902 903 904 905 906 907 908 909 910 911 912 913 914 915 916 917 918 919 920 921 922 923 924 925 926 927 928 929 930 931 932 933 934 935 936 937 938 939 940 941 942 943 944 945 946 947 948 949 950 951 952 953 954 955 956 957 958 959 960 961 962 963 964 965 966 967 968 969 970 971 972 973 974 975 976 977 978 979 980 981 982 983 984 985 986 987 988 989 990 991 992 993 994 995 996 997 998 999 1000 1001 1002 1003 1004 1005 1006 1007 1008 1009 1010 1011 1012 1013 1014 1015 1016 1017 1018 1019 1020 1021 1022 1023 1024 1025 1026 1027 1028 1029 1030 1031 1032 1033 1034 1035 1036 1037 1038 1039 1040 1041 1042 1043 1044 1045 1046 1047 1048 1049 1050 1051 1052 
0
0
 P       6_PICKEDSET76
0
2
13
884 887 889 890 893 895 897 899 900 902 903 924 980 
0
0
 P       6__PICKEDSURF109_S1
0
2
3
859 865 866 
0
0
 P       6__PICKEDSURF109_S2
0
2
1
874 
0
0
 P       6__PICKEDSURF109_S3
0
2
2
862 864 
0
0
_PICKEDSET2
0
2
195
858 859 860 861 862 863 864 865 866 867 868 869 870 871 872 873 874 875 876 877 878 879 880 881 882 883 884 885 886 887 888 889 890 891 892 893 894 895 896 897 898 899 900 901 902 903 904 905 906 907 908 909 910 911 912 913 914 915 916 917 918 919 920 921 922 923 924 925 926 927 928 929 930 931 932 933 934 935 936 937 938 939 940 941 942 943 944 945 946 947 948 949 950 951 952 953 954 955 956 957 958 959 960 961 962 963 964 965 966 967 968 969 970 971 972 973 974 975 976 977 978 979 980 981 982 983 984 985 986 987 988 989 990 991 992 993 994 995 996 997 998 999 1000 1001 1002 1003 1004 1005 1006 1007 1008 1009 1010 1011 1012 1013 1014 1015 1016 1017 1018 1019 1020 1021 1022 1023 1024 1025 1026 1027 1028 1029 1030 1031 1032 1033 1034 1035 1036 1037 1038 1039 1040 1041 1042 1043 1044 1045 1046 1047 1048 1049 1050 1051 1052 
0
0
0
TOUCH-LEN-1
3
 P       5 PIBATCH
0
2
63
795 796 797 798 799 800 801 802 803 804 805 806 807 808 809 810 811 812 813 814 815 816 817 818 819 820 821 822 823 824 825 826 827 828 829 830 831 832 833 834 835 836 837 838 839 840 841 842 843 844 845 846 847 848 849 850 851 852 853 854 855 856 857 
0
0
 P       5_PICKEDSET76
0
2
3
815 836 857 
0
0
_PICKEDSET2
0
2
63
795 796 797 798 799 800 801 802 803 804 805 806 807 808 809 810 811 812 813 814 815 816 817 818 819 820 821 822 823 824 825 826 827 828 829 830 831 832 833 834 835 836 837 838 839 840 841 842 843 844 845 846 847 848 849 850 851 852 853 854 855 856 857 
0
0
0
CORNEA-1
7
 P       2 PIBATCH
0
2
14
-2147483647
48 1 16 5 0 1 0 -1 -1 331 1 -1879048189 29 331 
0
0
 P       2_PICKEDSET76
0
2
6
97 99 209 210 211 225 
0
0
 P       2__PICKEDSURF109_S1
0
2
32
55 62 92 93 102 103 116 117 126 131 133 137 139 145 153 154 179 192 211 212 213 214 215 217 219 220 223 232 234 248 249 255 
0
0
 P       2__PICKEDSURF109_S2
0
2
1
138 
0
0
 P       2__PICKEDSURF109_S3
0
2
18
61 77 78 101 125 130 142 144 165 186 191 216 218 221 222 231 238 283 
0
0
 P       2__PICKEDSURF109_S4
0
2
1
136 
0
0
_PICKEDSET2
0
2
14
-2147483647
48 1 16 5 0 1 0 -1 -1 331 1 -1879048189 29 331 
0
0
0
CRYSTALLINE-1
6
 P       3 PIBATCH
0
2
14
-2147483647
48 1 16 5 0 1 0 -1 -1 403 1 -1879048189 360 403 
0
0
 P       3_PICKEDSET76
0
2
23
369 373 386 387 395 397 399 401 403 404 405 408 409 444 485 487 502 519 528 532 535 537 539 
0
0
 P       3__PICKEDSURF109_S1
0
2
1
421 
0
0
 P       3__PICKEDSURF109_S2
0
2
16
376 378 379 384 387 420 423 428 429 431 435 443 445 448 451 756 
0
0
 P       3__PICKEDSURF109_S4
0
2
12
365 370 371 374 377 385 422 424 426 433 442 447 
0
0
_PICKEDSET2
0
2
14
-2147483647
48 1 16 5 0 1 0 -1 -1 403 1 -1879048189 360 403 
0
0
0
5
 PIBATCH
0
2
0
7

1
1 
BACK-SCLERA-1
58
2 3 4 5 6 7 8 9 10 11 12 13 14 15 16 17 18 19 20 21 22 23 24 25 26 27 28 29 30 31 32 33 34 35 36 37 38 39 40 41 42 43 44 45 46 47 48 49 50 51 52 53 54 55 56 57 58 59 
FRONT-SCLERA-1
51
885 886 887 888 889 890 891 892 893 894 895 896 897 898 899 900 901 902 903 904 905 906 907 908 909 910 911 912 913 914 915 916 917 918 919 920 921 922 923 924 925 926 927 928 929 930 931 932 933 934 935 
TOUCH-LEN-1
88
936 937 938 939 940 941 942 943 944 945 946 947 948 949 950 951 952 953 954 955 956 957 958 959 960 961 962 963 964 965 966 967 968 969 970 971 972 973 974 975 976 977 978 979 980 981 982 983 984 985 986 987 988 989 990 991 992 993 994 995 996 997 998 999 1000 1001 1002 1003 1004 1005 1006 1007 1008 1009 1010 1011 1012 1013 1014 1015 1016 1017 1018 1019 1020 1021 1022 1023 
VITREOUS-1
218
1024 1025 1026 1027 1028 1029 1030 1031 1032 1033 1034 1035 1036 1037 1038 1039 1040 1041 1042 1043 1044 1045 1046 1047 1048 1049 1050 1051 1052 1053 1054 1055 1056 1057 1058 1059 1060 1061 1062 1063 1064 1065 1066 1067 1068 1069 1070 1071 1072 1073 1074 1075 1076 1077 1078 1079 1080 1081 1082 1083 1084 1085 1086 1087 1088 1089 1090 1091 1092 1093 1094 1095 1096 1097 1098 1099 1100 1101 1102 1103 1104 1105 1106 1107 1108 1109 1110 1111 1112 1113 1114 1115 1116 1117 1118 1119 1120 1121 1122 1123 1124 1125 1126 1127 1128 1129 1130 1131 1132 1133 1134 1135 1136 1137 1138 1139 1140 1141 1142 1143 1144 1145 1146 1147 1148 1149 1150 1151 1152 1153 1154 1155 1156 1157 1158 1159 1160 1161 1162 1163 1164 1165 1166 1167 1168 1169 1170 1171 1172 1173 1174 1175 1176 1177 1178 1179 1180 1181 1182 1183 1184 1185 1186 1187 1188 1189 1190 1191 1192 1193 1194 1195 1196 1197 1198 1199 1200 1201 1202 1203 1204 1205 1206 1207 1208 1209 1210 1211 1212 1213 1214 1215 1216 1217 1218 1219 1220 1221 1222 1223 1224 1225 1226 1227 1228 1229 1230 1231 1232 1233 1234 1235 1236 1237 1238 1239 1240 1241 
CORNEA-1
14
-2147483647
48 1 16 5 0 1 0 -1 -1 387 1 -1879048189 60 387 
CRYSTALLINE-1
14
-2147483647
48 1 16 5 0 1 0 -1 -1 438 1 -1879048189 447 438 
0
_PICKEDSET31
0
2
0
2
BACK-SCLERA-1
29
31 32 33 34 35 36 37 38 39 40 41 42 43 44 45 46 47 48 49 50 51 52 53 54 55 56 57 58 59 
FRONT-SCLERA-1
17
885 888 889 902 903 904 905 906 907 908 909 910 911 912 913 914 915 
0
_PICKEDSET74
0
2
1
1 
0
0
_PICKEDSET75
0
2
1
1 
0
0
_PICKEDSET76
0
2
0
5
BACK-SCLERA-1
2
30 59 
TOUCH-LEN-1
4
957 979 1001 1023 
VITREOUS-1
14
1028 1029 1044 1045 1046 1047 1048 1049 1050 1051 1052 1053 1054 1055 
CORNEA-1
7
63 64 133 134 135 136 137 
CRYSTALLINE-1
24
452 453 475 476 477 478 479 480 481 482 483 484 485 486 487 488 489 490 491 492 493 494 495 496 
0
7
BACK-SCLERA-1
4
 P       1 PIBATCH
0
2
58
2 3 4 5 6 7 8 9 10 11 12 13 14 15 16 17 18 19 20 21 22 23 24 25 26 27 28 29 30 31 32 33 34 35 36 37 38 39 40 41 42 43 44 45 46 47 48 49 50 51 52 53 54 55 56 57 58 59 
0
0
 P       1_PICKEDSET31
0
2
29
31 32 33 34 35 36 37 38 39 40 41 42 43 44 45 46 47 48 49 50 51 52 53 54 55 56 57 58 59 
0
0
 P       1_PICKEDSET76
0
2
2
30 59 
0
0
_PICKEDSET2
0
2
58
2 3 4 5 6 7 8 9 10 11 12 13 14 15 16 17 18 19 20 21 22 23 24 25 26 27 28 29 30 31 32 33 34 35 36 37 38 39 40 41 42 43 44 45 46 47 48 49 50 51 52 53 54 55 56 57 58 59 
0
0
0
FRONT-SCLERA-1
3
 P       4 PIBATCH
0
2
51
885 886 887 888 889 890 891 892 893 894 895 896 897 898 899 900 901 902 903 904 905 906 907 908 909 910 911 912 913 914 915 916 917 918 919 920 921 922 923 924 925 926 927 928 929 930 931 932 933 934 935 
0
0
 P       4_PICKEDSET31
0
2
17
885 888 889 902 903 904 905 906 907 908 909 910 911 912 913 914 915 
0
0
_PICKEDSET2
0
2
51
885 886 887 888 889 890 891 892 893 894 895 896 897 898 899 900 901 902 903 904 905 906 907 908 909 910 911 912 913 914 915 916 917 918 919 920 921 922 923 924 925 926 927 928 929 930 931 932 933 934 935 
0
0
0

1
 P       0 PIBATCH
0
2
1
1 
0
0
0
VITREOUS-1
3
 P       6 PIBATCH
0
2
218
1024 1025 1026 1027 1028 1029 1030 1031 1032 1033 1034 1035 1036 1037 1038 1039 1040 1041 1042 1043 1044 1045 1046 1047 1048 1049 1050 1051 1052 1053 1054 1055 1056 1057 1058 1059 1060 1061 1062 1063 1064 1065 1066 1067 1068 1069 1070 1071 1072 1073 1074 1075 1076 1077 1078 1079 1080 1081 1082 1083 1084 1085 1086 1087 1088 1089 1090 1091 1092 1093 1094 1095 1096 1097 1098 1099 1100 1101 1102 1103 1104 1105 1106 1107 1108 1109 1110 1111 1112 1113 1114 1115 1116 1117 1118 1119 1120 1121 1122 1123 1124 1125 1126 1127 1128 1129 1130 1131 1132 1133 1134 1135 1136 1137 1138 1139 1140 1141 1142 1143 1144 1145 1146 1147 1148 1149 1150 1151 1152 1153 1154 1155 1156 1157 1158 1159 1160 1161 1162 1163 1164 1165 1166 1167 1168 1169 1170 1171 1172 1173 1174 1175 1176 1177 1178 1179 1180 1181 1182 1183 1184 1185 1186 1187 1188 1189 1190 1191 1192 1193 1194 1195 1196 1197 1198 1199 1200 1201 1202 1203 1204 1205 1206 1207 1208 1209 1210 1211 1212 1213 1214 1215 1216 1217 1218 1219 1220 1221 1222 1223 1224 1225 1226 1227 1228 1229 1230 1231 1232 1233 1234 1235 1236 1237 1238 1239 1240 1241 
0
0
 P       6_PICKEDSET76
0
2
14
1028 1029 1044 1045 1046 1047 1048 1049 1050 1051 1052 1053 1054 1055 
0
0
_PICKEDSET2
0
2
218
1024 1025 1026 1027 1028 1029 1030 1031 1032 1033 1034 1035 1036 1037 1038 1039 1040 1041 1042 1043 1044 1045 1046 1047 1048 1049 1050 1051 1052 1053 1054 1055 1056 1057 1058 1059 1060 1061 1062 1063 1064 1065 1066 1067 1068 1069 1070 1071 1072 1073 1074 1075 1076 1077 1078 1079 1080 1081 1082 1083 1084 1085 1086 1087 1088 1089 1090 1091 1092 1093 1094 1095 1096 1097 1098 1099 1100 1101 1102 1103 1104 1105 1106 1107 1108 1109 1110 1111 1112 1113 1114 1115 1116 1117 1118 1119 1120 1121 1122 1123 1124 1125 1126 1127 1128 1129 1130 1131 1132 1133 1134 1135 1136 1137 1138 1139 1140 1141 1142 1143 1144 1145 1146 1147 1148 1149 1150 1151 1152 1153 1154 1155 1156 1157 1158 1159 1160 1161 1162 1163 1164 1165 1166 1167 1168 1169 1170 1171 1172 1173 1174 1175 1176 1177 1178 1179 1180 1181 1182 1183 1184 1185 1186 1187 1188 1189 1190 1191 1192 1193 1194 1195 1196 1197 1198 1199 1200 1201 1202 1203 1204 1205 1206 1207 1208 1209 1210 1211 1212 1213 1214 1215 1216 1217 1218 1219 1220 1221 1222 1223 1224 1225 1226 1227 1228 1229 1230 1231 1232 1233 1234 1235 1236 1237 1238 1239 1240 1241 
0
0
0
TOUCH-LEN-1
3
 P       5 PIBATCH
0
2
88
936 937 938 939 940 941 942 943 944 945 946 947 948 949 950 951 952 953 954 955 956 957 958 959 960 961 962 963 964 965 966 967 968 969 970 971 972 973 974 975 976 977 978 979 980 981 982 983 984 985 986 987 988 989 990 991 992 993 994 995 996 997 998 999 1000 1001 1002 1003 1004 1005 1006 1007 1008 1009 1010 1011 1012 1013 1014 1015 1016 1017 1018 1019 1020 1021 1022 1023 
0
0
 P       5_PICKEDSET76
0
2
4
957 979 1001 1023 
0
0
_PICKEDSET2
0
2
88
936 937 938 939 940 941 942 943 944 945 946 947 948 949 950 951 952 953 954 955 956 957 958 959 960 961 962 963 964 965 966 967 968 969 970 971 972 973 974 975 976 977 978 979 980 981 982 983 984 985 986 987 988 989 990 991 992 993 994 995 996 997 998 999 1000 1001 1002 1003 1004 1005 1006 1007 1008 1009 1010 1011 1012 1013 1014 1015 1016 1017 1018 1019 1020 1021 1022 1023 
0
0
0
CORNEA-1
3
 P       2 PIBATCH
0
2
14
-2147483647
48 1 16 5 0 1 0 -1 -1 387 1 -1879048189 60 387 
0
0
 P       2_PICKEDSET76
0
2
7
63 64 133 134 135 136 137 
0
0
_PICKEDSET2
0
2
14
-2147483647
48 1 16 5 0 1 0 -1 -1 387 1 -1879048189 60 387 
0
0
0
CRYSTALLINE-1
3
 P       3 PIBATCH
0
2
14
-2147483647
48 1 16 5 0 1 0 -1 -1 438 1 -1879048189 447 438 
0
0
 P       3_PICKEDSET76
0
2
24
452 453 475 476 477 478 479 480 481 482 483 484 485 486 487 488 489 490 491 492 493 494 495 496 
0
0
_PICKEDSET2
0
2
14
-2147483647
48 1 16 5 0 1 0 -1 -1 438 1 -1879048189 447 438 
0
0
0
0
6
_PICKEDSURF109
1
0
0
4
CORNEA-1
0
0
4
S1
32
55 62 92 93 102 103 116 117 126 131 133 137 139 145 153 154 179 192 211 212 213 214 215 217 219 220 223 232 234 248 249 255 
S3
18
61 77 78 101 125 130 142 144 165 186 191 216 218 221 222 231 238 283 
S4
1
136 
S2
1
138 
CRYSTALLINE-1
0
0
3
S1
1
421 
S4
12
365 370 371 374 377 385 422 424 426 433 442 447 
S2
16
376 378 379 384 387 420 423 428 429 431 435 443 445 448 451 756 
FRONT-SCLERA-1
0
0
1
S4
6
783 785 787 789 791 793 
VITREOUS-1
0
0
3
S1
3
859 865 866 
S3
2
862 864 
S2
1
874 
_PICKEDSURF23
1
0
0
2
CORNEA-1
0
0
3
S2
1
29 
S4
3
34 35 47 
S1
4
37 44 46 48 
FRONT-SCLERA-1
0
0
1
S3
2
793 794 
_PICKEDSURF24
1
0
0
1
CORNEA-1
0
0
3
S2
1
29 
S4
3
34 35 47 
S1
4
37 44 46 48 
_PICKEDSURF25
1
0
0
1
BACK-SCLERA-1
0
0
1
S4
1
1 
_PICKEDSURF26
1
0
0
1
FRONT-SCLERA-1
0
0
1
S3
2
781 782 
_PICKEDSURF73
1
0
0
1
TOUCH-LEN-1
0
0
4
S1
21
795 796 797 798 799 800 801 802 803 804 805 806 807 808 809 810 811 812 813 814 815 
S2
3
815 836 857 
S4
3
795 816 837 
S3
21
837 838 839 840 841 842 843 844 845 846 847 848 849 850 851 852 853 854 855 856 857 
1
0
1
ASSEMBLY
6
BACK-SCLERA-1
BACK-SCLERA
CORNEA-1
CORNEA
CRYSTALLINE-1
CRYSTALLINE
FRONT-SCLERA-1
FRONT-SCLERA
TOUCH-LEN-1
TOUCH-LEN
VITREOUS-1
VITREOUS
6
BACK-SCLERA-1
58
2 1
3 2
4 3
5 4
6 5
7 6
8 7
9 8
10 9
11 10
12 11
13 12
14 13
15 14
16 15
17 16
18 17
19 18
20 19
21 20
22 21
23 22
24 23
25 24
26 25
27 26
28 27
29 28
30 29
31 30
32 31
33 32
34 33
35 34
36 35
37 36
38 37
39 38
40 39
41 40
42 41
43 42
44 43
45 44
46 45
47 46
48 47
49 48
50 49
51 50
52 51
53 52
54 53
55 54
56 55
57 56
58 57
59 58
-2147483647
CORNEA-1
14
-2147483646
0
48 1 16 5 0 1 0 -1 -1 387 1 -1879048189 60 387 
14
48 1 16 5 0 1 0 -1 -1 387 1 -1879048189 1 387 
CRYSTALLINE-1
14
-2147483646
0
48 1 16 5 0 1 0 -1 -1 438 1 -1879048189 447 438 
14
48 1 16 5 0 1 0 -1 -1 438 1 -1879048189 1 438 
FRONT-SCLERA-1
51
885 1
886 2
887 3
888 4
889 5
890 6
891 7
892 8
893 9
894 10
895 11
896 12
897 13
898 14
899 15
900 16
901 17
902 18
903 19
904 20
905 21
906 22
907 23
908 24
909 25
910 26
911 27
912 28
913 29
914 30
915 31
916 32
917 33
918 34
919 35
920 36
921 37
922 38
923 39
924 40
925 41
926 42
927 43
928 44
929 45
930 46
931 47
932 48
933 49
934 50
935 51
-2147483647
TOUCH-LEN-1
88
936 1
937 2
938 3
939 4
940 5
941 6
942 7
943 8
944 9
945 10
946 11
947 12
948 13
949 14
950 15
951 16
952 17
953 18
954 19
955 20
956 21
957 22
958 23
959 24
960 25
961 26
962 27
963 28
964 29
965 30
966 31
967 32
968 33
969 34
970 35
971 36
972 37
973 38
974 39
975 40
976 41
977 42
978 43
979 44
980 45
981 46
982 47
983 48
984 49
985 50
986 51
987 52
988 53
989 54
990 55
991 56
992 57
993 58
994 59
995 60
996 61
997 62
998 63
999 64
1000 65
1001 66
1002 67
1003 68
1004 69
1005 70
1006 71
1007 72
1008 73
1009 74
1010 75
1011 76
1012 77
1013 78
1014 79
1015 80
1016 81
1017 82
1018 83
1019 84
1020 85
1021 86
1022 87
1023 88
-2147483647
VITREOUS-1
218
1024 1
1025 2
1026 3
1027 4
1028 5
1029 6
1030 7
1031 8
1032 9
1033 10
1034 11
1035 12
1036 13
1037 14
1038 15
1039 16
1040 17
1041 18
1042 19
1043 20
1044 21
1045 22
1046 23
1047 24
1048 25
1049 26
1050 27
1051 28
1052 29
1053 30
1054 31
1055 32
1056 33
1057 34
1058 35
1059 36
1060 37
1061 38
1062 39
1063 40
1064 41
1065 42
1066 43
1067 44
1068 45
1069 46
1070 47
1071 48
1072 49
1073 50
1074 51
1075 52
1076 53
1077 54
1078 55
1079 56
1080 57
1081 58
1082 59
1083 60
1084 61
1085 62
1086 63
1087 64
1088 65
1089 66
1090 67
1091 68
1092 69
1093 70
1094 71
1095 72
1096 73
1097 74
1098 75
1099 76
1100 77
1101 78
1102 79
1103 80
1104 81
1105 82
1106 83
1107 84
1108 85
1109 86
1110 87
1111 88
1112 89
1113 90
1114 91
1115 92
1116 93
1117 94
1118 95
1119 96
1120 97
1121 98
1122 99
1123 100
1124 101
1125 102
1126 103
1127 104
1128 105
1129 106
1130 107
1131 108
1132 109
1133 110
1134 111
1135 112
1136 113
1137 114
1138 115
1139 116
1140 117
1141 118
1142 119
1143 120
1144 121
1145 122
1146 123
1147 124
1148 125
1149 126
1150 127
1151 128
1152 129
1153 130
1154 131
1155 132
1156 133
1157 134
1158 135
1159 136
1160 137
1161 138
1162 139
1163 140
1164 141
1165 142
1166 143
1167 144
1168 145
1169 146
1170 147
1171 148
1172 149
1173 150
1174 151
1175 152
1176 153
1177 154
1178 155
1179 156
1180 157
1181 158
1182 159
1183 160
1184 161
1185 162
1186 163
1187 164
1188 165
1189 166
1190 167
1191 168
1192 169
1193 170
1194 171
1195 172
1196 173
1197 174
1198 175
1199 176
1200 177
1201 178
1202 179
1203 180
1204 181
1205 182
1206 183
1207 184
1208 185
1209 186
1210 187
1211 188
1212 189
1213 190
1214 191
1215 192
1216 193
1217 194
1218 195
1219 196
1220 197
1221 198
1222 199
1223 200
1224 201
1225 202
1226 203
1227 204
1228 205
1229 206
1230 207
1231 208
1232 209
1233 210
1234 211
1235 212
1236 213
1237 214
1238 215
1239 216
1240 217
1241 218
-2147483647
1
1 1
-2147483647
6
BACK-SCLERA-1
28
1 1
2 2
3 3
4 4
5 5
6 6
7 7
8 8
9 9
10 10
11 11
12 12
13 13
14 14
15 15
16 16
17 17
18 18
19 19
20 20
21 21
22 22
23 23
24 24
25 25
26 26
27 27
28 28
-2147483647
CORNEA-1
14
-2147483646
0
48 1 16 5 0 1 0 -1 -1 331 1 -1879048189 29 331 
14
48 1 16 5 0 1 0 -1 -1 331 1 -1879048189 1 331 
CRYSTALLINE-1
14
-2147483646
0
48 1 16 5 0 1 0 -1 -1 403 1 -1879048189 360 403 
14
48 1 16 5 0 1 0 -1 -1 403 1 -1879048189 1 403 
FRONT-SCLERA-1
32
763 1
764 2
765 3
766 4
767 5
768 6
769 7
770 8
771 9
772 10
773 11
774 12
775 13
776 14
777 15
778 16
779 17
780 18
781 19
782 20
783 21
784 22
785 23
786 24
787 25
788 26
789 27
790 28
791 29
792 30
793 31
794 32
-2147483647
TOUCH-LEN-1
63
795 1
796 2
797 3
798 4
799 5
800 6
801 7
802 8
803 9
804 10
805 11
806 12
807 13
808 14
809 15
810 16
811 17
812 18
813 19
814 20
815 21
816 22
817 23
818 24
819 25
820 26
821 27
822 28
823 29
824 30
825 31
826 32
827 33
828 34
829 35
830 36
831 37
832 38
833 39
834 40
835 41
836 42
837 43
838 44
839 45
840 46
841 47
842 48
843 49
844 50
845 51
846 52
847 53
848 54
849 55
850 56
851 57
852 58
853 59
854 60
855 61
856 62
857 63
-2147483647
VITREOUS-1
195
858 1
859 2
860 3
861 4
862 5
863 6
864 7
865 8
866 9
867 10
868 11
869 12
870 13
871 14
872 15
873 16
874 17
875 18
876 19
877 20
878 21
879 22
880 23
881 24
882 25
883 26
884 27
885 28
886 29
887 30
888 31
889 32
890 33
891 34
892 35
893 36
894 37
895 38
896 39
897 40
898 41
899 42
900 43
901 44
902 45
903 46
904 47
905 48
906 49
907 50
908 51
909 52
910 53
911 54
912 55
913 56
914 57
915 58
916 59
917 60
918 61
919 62
920 63
921 64
922 65
923 66
924 67
925 68
926 69
927 70
928 71
929 72
930 73
931 74
932 75
933 76
934 77
935 78
936 79
937 80
938 81
939 82
940 83
941 84
942 85
943 86
944 87
945 88
946 89
947 90
948 91
949 92
950 93
951 94
952 95
953 96
954 97
955 98
956 99
957 100
958 101
959 102
960 103
961 104
962 105
963 106
964 107
965 108
966 109
967 110
968 111
969 112
970 113
971 114
972 115
973 116
974 117
975 118
976 119
977 120
978 121
979 122
980 123
981 124
982 125
983 126
984 127
985 128
986 129
987 130
988 131
989 132
990 133
991 134
992 135
993 136
994 137
995 138
996 139
997 140
998 141
999 142
1000 143
1001 144
1002 145
1003 146
1004 147
1005 148
1006 149
1007 150
1008 151
1009 152
1010 153
1011 154
1012 155
1013 156
1014 157
1015 158
1016 159
1017 160
1018 161
1019 162
1020 163
1021 164
1022 165
1023 166
1024 167
1025 168
1026 169
1027 170
1028 171
1029 172
1030 173
1031 174
1032 175
1033 176
1034 177
1035 178
1036 179
1037 180
1038 181
1039 182
1040 183
1041 184
1042 185
1043 186
1044 187
1045 188
1046 189
1047 190
1048 191
1049 192
1050 193
1051 194
1052 195
-2147483647
0
20
 PIBATCH
0
2
0
6
BACK-SCLERA-1
28
1 2 3 4 5 6 7 8 9 10 11 12 13 14 15 16 17 18 19 20 21 22 23 24 25 26 27 28 
FRONT-SCLERA-1
32
763 764 765 766 767 768 769 770 771 772 773 774 775 776 777 778 779 780 781 782 783 784 785 786 787 788 789 790 791 792 793 794 
TOUCH-LEN-1
63
795 796 797 798 799 800 801 802 803 804 805 806 807 808 809 810 811 812 813 814 815 816 817 818 819 820 821 822 823 824 825 826 827 828 829 830 831 832 833 834 835 836 837 838 839 840 841 842 843 844 845 846 847 848 849 850 851 852 853 854 855 856 857 
VITREOUS-1
195
858 859 860 861 862 863 864 865 866 867 868 869 870 871 872 873 874 875 876 877 878 879 880 881 882 883 884 885 886 887 888 889 890 891 892 893 894 895 896 897 898 899 900 901 902 903 904 905 906 907 908 909 910 911 912 913 914 915 916 917 918 919 920 921 922 923 924 925 926 927 928 929 930 931 932 933 934 935 936 937 938 939 940 941 942 943 944 945 946 947 948 949 950 951 952 953 954 955 956 957 958 959 960 961 962 963 964 965 966 967 968 969 970 971 972 973 974 975 976 977 978 979 980 981 982 983 984 985 986 987 988 989 990 991 992 993 994 995 996 997 998 999 1000 1001 1002 1003 1004 1005 1006 1007 1008 1009 1010 1011 1012 1013 1014 1015 1016 1017 1018 1019 1020 1021 1022 1023 1024 1025 1026 1027 1028 1029 1030 1031 1032 1033 1034 1035 1036 1037 1038 1039 1040 1041 1042 1043 1044 1045 1046 1047 1048 1049 1050 1051 1052 
CORNEA-1
14
-2147483647
48 1 16 5 0 1 0 -1 -1 331 1 -1879048189 29 331 
CRYSTALLINE-1
14
-2147483647
48 1 16 5 0 1 0 -1 -1 403 1 -1879048189 360 403 
0
_PICKEDSET31
0
2
0
2
BACK-SCLERA-1
28
1 2 3 4 5 6 7 8 9 10 11 12 13 14 15 16 17 18 19 20 21 22 23 24 25 26 27 28 
FRONT-SCLERA-1
16
763 765 767 769 771 773 775 777 779 781 784 786 788 790 792 794 
0
_PICKEDSET76
0
2
0
5
BACK-SCLERA-1
1
28 
TOUCH-LEN-1
3
815 836 857 
VITREOUS-1
13
884 887 889 890 893 895 897 899 900 902 903 924 980 
CORNEA-1
6
97 99 209 210 211 225 
CRYSTALLINE-1
23
369 373 386 387 395 397 399 401 403 404 405 408 409 444 485 487 502 519 528 532 535 537 539 
0
__PICKEDSURF109_S1
0
2
0
3
CORNEA-1
32
55 62 92 93 102 103 116 117 126 131 133 137 139 145 153 154 179 192 211 212 213 214 215 217 219 220 223 232 234 248 249 255 
VITREOUS-1
3
859 865 866 
CRYSTALLINE-1
1
421 
0
__PICKEDSURF109_S2
0
2
0
3
CORNEA-1
1
138 
VITREOUS-1
1
874 
CRYSTALLINE-1
16
376 378 379 384 387 420 423 428 429 431 435 443 445 448 451 756 
0
__PICKEDSURF109_S3
0
2
0
2
CORNEA-1
18
61 77 78 101 125 130 142 144 165 186 191 216 218 221 222 231 238 283 
VITREOUS-1
2
862 864 
0
__PICKEDSURF109_S4
0
2
0
3
CORNEA-1
1
136 
FRONT-SCLERA-1
6
783 785 787 789 791 793 
CRYSTALLINE-1
12
365 370 371 374 377 385 422 424 426 433 442 447 
0
__PICKEDSURF23_S1
0
2
0
1
CORNEA-1
4
37 44 46 48 
0
__PICKEDSURF23_S2
0
2
0
1
CORNEA-1
1
29 
0
__PICKEDSURF23_S3
0
2
0
1
FRONT-SCLERA-1
2
793 794 
0
__PICKEDSURF23_S4
0
2
0
1
CORNEA-1
3
34 35 47 
0
__PICKEDSURF24_S1
0
2
0
1
CORNEA-1
4
37 44 46 48 
0
__PICKEDSURF24_S2
0
2
0
1
CORNEA-1
1
29 
0
__PICKEDSURF24_S4
0
2
0
1
CORNEA-1
3
34 35 47 
0
__PICKEDSURF25_S4
0
2
0
1
BACK-SCLERA-1
1
1 
0
__PICKEDSURF26_S3
0
2
0
1
FRONT-SCLERA-1
2
781 782 
0
__PICKEDSURF73_S1
0
2
0
1
TOUCH-LEN-1
21
795 796 797 798 799 800 801 802 803 804 805 806 807 808 809 810 811 812 813 814 815 
0
__PICKEDSURF73_S2
0
2
0
1
TOUCH-LEN-1
3
815 836 857 
0
__PICKEDSURF73_S3
0
2
0
1
TOUCH-LEN-1
21
837 838 839 840 841 842 843 844 845 846 847 848 849 850 851 852 853 854 855 856 857 
0
__PICKEDSURF73_S4
0
2
0
1
TOUCH-LEN-1
3
795 816 837 
0
6
BACK-SCLERA-1
4
 P       1 PIBATCH
0
2
28
1 2 3 4 5 6 7 8 9 10 11 12 13 14 15 16 17 18 19 20 21 22 23 24 25 26 27 28 
0
0
 P       1_PICKEDSET31
0
2
28
1 2 3 4 5 6 7 8 9 10 11 12 13 14 15 16 17 18 19 20 21 22 23 24 25 26 27 28 
0
0
 P       1_PICKEDSET76
0
2
1
28 
0
0
_PICKEDSET2
0
2
28
1 2 3 4 5 6 7 8 9 10 11 12 13 14 15 16 17 18 19 20 21 22 23 24 25 26 27 28 
0
0
0
FRONT-SCLERA-1
4
 P       4 PIBATCH
0
2
32
763 764 765 766 767 768 769 770 771 772 773 774 775 776 777 778 779 780 781 782 783 784 785 786 787 788 789 790 791 792 793 794 
0
0
 P       4_PICKEDSET31
0
2
16
763 765 767 769 771 773 775 777 779 781 784 786 788 790 792 794 
0
0
 P       4__PICKEDSURF109_S4
0
2
6
783 785 787 789 791 793 
0
0
_PICKEDSET2
0
2
32
763 764 765 766 767 768 769 770 771 772 773 774 775 776 777 778 779 780 781 782 783 784 785 786 787 788 789 790 791 792 793 794 
0
0
0
VITREOUS-1
6
 P       6 PIBATCH
0
2
195
858 859 860 861 862 863 864 865 866 867 868 869 870 871 872 873 874 875 876 877 878 879 880 881 882 883 884 885 886 887 888 889 890 891 892 893 894 895 896 897 898 899 900 901 902 903 904 905 906 907 908 909 910 911 912 913 914 915 916 917 918 919 920 921 922 923 924 925 926 927 928 929 930 931 932 933 934 935 936 937 938 939 940 941 942 943 944 945 946 947 948 949 950 951 952 953 954 955 956 957 958 959 960 961 962 963 964 965 966 967 968 969 970 971 972 973 974 975 976 977 978 979 980 981 982 983 984 985 986 987 988 989 990 991 992 993 994 995 996 997 998 999 1000 1001 1002 1003 1004 1005 1006 1007 1008 1009 1010 1011 1012 1013 1014 1015 1016 1017 1018 1019 1020 1021 1022 1023 1024 1025 1026 1027 1028 1029 1030 1031 1032 1033 1034 1035 1036 1037 1038 1039 1040 1041 1042 1043 1044 1045 1046 1047 1048 1049 1050 1051 1052 
0
0
 P       6_PICKEDSET76
0
2
13
884 887 889 890 893 895 897 899 900 902 903 924 980 
0
0
 P       6__PICKEDSURF109_S1
0
2
3
859 865 866 
0
0
 P       6__PICKEDSURF109_S2
0
2
1
874 
0
0
 P       6__PICKEDSURF109_S3
0
2
2
862 864 
0
0
_PICKEDSET2
0
2
195
858 859 860 861 862 863 864 865 866 867 868 869 870 871 872 873 874 875 876 877 878 879 880 881 882 883 884 885 886 887 888 889 890 891 892 893 894 895 896 897 898 899 900 901 902 903 904 905 906 907 908 909 910 911 912 913 914 915 916 917 918 919 920 921 922 923 924 925 926 927 928 929 930 931 932 933 934 935 936 937 938 939 940 941 942 943 944 945 946 947 948 949 950 951 952 953 954 955 956 957 958 959 960 961 962 963 964 965 966 967 968 969 970 971 972 973 974 975 976 977 978 979 980 981 982 983 984 985 986 987 988 989 990 991 992 993 994 995 996 997 998 999 1000 1001 1002 1003 1004 1005 1006 1007 1008 1009 1010 1011 1012 1013 1014 1015 1016 1017 1018 1019 1020 1021 1022 1023 1024 1025 1026 1027 1028 1029 1030 1031 1032 1033 1034 1035 1036 1037 1038 1039 1040 1041 1042 1043 1044 1045 1046 1047 1048 1049 1050 1051 1052 
0
0
0
TOUCH-LEN-1
3
 P       5 PIBATCH
0
2
63
795 796 797 798 799 800 801 802 803 804 805 806 807 808 809 810 811 812 813 814 815 816 817 818 819 820 821 822 823 824 825 826 827 828 829 830 831 832 833 834 835 836 837 838 839 840 841 842 843 844 845 846 847 848 849 850 851 852 853 854 855 856 857 
0
0
 P       5_PICKEDSET76
0
2
3
815 836 857 
0
0
_PICKEDSET2
0
2
63
795 796 797 798 799 800 801 802 803 804 805 806 807 808 809 810 811 812 813 814 815 816 817 818 819 820 821 822 823 824 825 826 827 828 829 830 831 832 833 834 835 836 837 838 839 840 841 842 843 844 845 846 847 848 849 850 851 852 853 854 855 856 857 
0
0
0
CORNEA-1
7
 P       2 PIBATCH
0
2
14
-2147483647
48 1 16 5 0 1 0 -1 -1 331 1 -1879048189 29 331 
0
0
 P       2_PICKEDSET76
0
2
6
97 99 209 210 211 225 
0
0
 P       2__PICKEDSURF109_S1
0
2
32
55 62 92 93 102 103 116 117 126 131 133 137 139 145 153 154 179 192 211 212 213 214 215 217 219 220 223 232 234 248 249 255 
0
0
 P       2__PICKEDSURF109_S2
0
2
1
138 
0
0
 P       2__PICKEDSURF109_S3
0
2
18
61 77 78 101 125 130 142 144 165 186 191 216 218 221 222 231 238 283 
0
0
 P       2__PICKEDSURF109_S4
0
2
1
136 
0
0
_PICKEDSET2
0
2
14
-2147483647
48 1 16 5 0 1 0 -1 -1 331 1 -1879048189 29 331 
0
0
0
CRYSTALLINE-1
6
 P       3 PIBATCH
0
2
14
-2147483647
48 1 16 5 0 1 0 -1 -1 403 1 -1879048189 360 403 
0
0
 P       3_PICKEDSET76
0
2
23
369 373 386 387 395 397 399 401 403 404 405 408 409 444 485 487 502 519 528 532 535 537 539 
0
0
 P       3__PICKEDSURF109_S1
0
2
1
421 
0
0
 P       3__PICKEDSURF109_S2
0
2
16
376 378 379 384 387 420 423 428 429 431 435 443 445 448 451 756 
0
0
 P       3__PICKEDSURF109_S4
0
2
12
365 370 371 374 377 385 422 424 426 433 442 447 
0
0
_PICKEDSET2
0
2
14
-2147483647
48 1 16 5 0 1 0 -1 -1 403 1 -1879048189 360 403 
0
0
0
5
 PIBATCH
0
2
0
7

1
1 
BACK-SCLERA-1
58
2 3 4 5 6 7 8 9 10 11 12 13 14 15 16 17 18 19 20 21 22 23 24 25 26 27 28 29 30 31 32 33 34 35 36 37 38 39 40 41 42 43 44 45 46 47 48 49 50 51 52 53 54 55 56 57 58 59 
FRONT-SCLERA-1
51
885 886 887 888 889 890 891 892 893 894 895 896 897 898 899 900 901 902 903 904 905 906 907 908 909 910 911 912 913 914 915 916 917 918 919 920 921 922 923 924 925 926 927 928 929 930 931 932 933 934 935 
TOUCH-LEN-1
88
936 937 938 939 940 941 942 943 944 945 946 947 948 949 950 951 952 953 954 955 956 957 958 959 960 961 962 963 964 965 966 967 968 969 970 971 972 973 974 975 976 977 978 979 980 981 982 983 984 985 986 987 988 989 990 991 992 993 994 995 996 997 998 999 1000 1001 1002 1003 1004 1005 1006 1007 1008 1009 1010 1011 1012 1013 1014 1015 1016 1017 1018 1019 1020 1021 1022 1023 
VITREOUS-1
218
1024 1025 1026 1027 1028 1029 1030 1031 1032 1033 1034 1035 1036 1037 1038 1039 1040 1041 1042 1043 1044 1045 1046 1047 1048 1049 1050 1051 1052 1053 1054 1055 1056 1057 1058 1059 1060 1061 1062 1063 1064 1065 1066 1067 1068 1069 1070 1071 1072 1073 1074 1075 1076 1077 1078 1079 1080 1081 1082 1083 1084 1085 1086 1087 1088 1089 1090 1091 1092 1093 1094 1095 1096 1097 1098 1099 1100 1101 1102 1103 1104 1105 1106 1107 1108 1109 1110 1111 1112 1113 1114 1115 1116 1117 1118 1119 1120 1121 1122 1123 1124 1125 1126 1127 1128 1129 1130 1131 1132 1133 1134 1135 1136 1137 1138 1139 1140 1141 1142 1143 1144 1145 1146 1147 1148 1149 1150 1151 1152 1153 1154 1155 1156 1157 1158 1159 1160 1161 1162 1163 1164 1165 1166 1167 1168 1169 1170 1171 1172 1173 1174 1175 1176 1177 1178 1179 1180 1181 1182 1183 1184 1185 1186 1187 1188 1189 1190 1191 1192 1193 1194 1195 1196 1197 1198 1199 1200 1201 1202 1203 1204 1205 1206 1207 1208 1209 1210 1211 1212 1213 1214 1215 1216 1217 1218 1219 1220 1221 1222 1223 1224 1225 1226 1227 1228 1229 1230 1231 1232 1233 1234 1235 1236 1237 1238 1239 1240 1241 
CORNEA-1
14
-2147483647
48 1 16 5 0 1 0 -1 -1 387 1 -1879048189 60 387 
CRYSTALLINE-1
14
-2147483647
48 1 16 5 0 1 0 -1 -1 438 1 -1879048189 447 438 
0
_PICKEDSET31
0
2
0
2
BACK-SCLERA-1
29
31 32 33 34 35 36 37 38 39 40 41 42 43 44 45 46 47 48 49 50 51 52 53 54 55 56 57 58 59 
FRONT-SCLERA-1
17
885 888 889 902 903 904 905 906 907 908 909 910 911 912 913 914 915 
0
_PICKEDSET74
0
2
1
1 
0
0
_PICKEDSET75
0
2
1
1 
0
0
_PICKEDSET76
0
2
0
5
BACK-SCLERA-1
2
30 59 
TOUCH-LEN-1
4
957 979 1001 1023 
VITREOUS-1
14
1028 1029 1044 1045 1046 1047 1048 1049 1050 1051 1052 1053 1054 1055 
CORNEA-1
7
63 64 133 134 135 136 137 
CRYSTALLINE-1
24
452 453 475 476 477 478 479 480 481 482 483 484 485 486 487 488 489 490 491 492 493 494 495 496 
0
7
BACK-SCLERA-1
4
 P       1 PIBATCH
0
2
58
2 3 4 5 6 7 8 9 10 11 12 13 14 15 16 17 18 19 20 21 22 23 24 25 26 27 28 29 30 31 32 33 34 35 36 37 38 39 40 41 42 43 44 45 46 47 48 49 50 51 52 53 54 55 56 57 58 59 
0
0
 P       1_PICKEDSET31
0
2
29
31 32 33 34 35 36 37 38 39 40 41 42 43 44 45 46 47 48 49 50 51 52 53 54 55 56 57 58 59 
0
0
 P       1_PICKEDSET76
0
2
2
30 59 
0
0
_PICKEDSET2
0
2
58
2 3 4 5 6 7 8 9 10 11 12 13 14 15 16 17 18 19 20 21 22 23 24 25 26 27 28 29 30 31 32 33 34 35 36 37 38 39 40 41 42 43 44 45 46 47 48 49 50 51 52 53 54 55 56 57 58 59 
0
0
0
FRONT-SCLERA-1
3
 P       4 PIBATCH
0
2
51
885 886 887 888 889 890 891 892 893 894 895 896 897 898 899 900 901 902 903 904 905 906 907 908 909 910 911 912 913 914 915 916 917 918 919 920 921 922 923 924 925 926 927 928 929 930 931 932 933 934 935 
0
0
 P       4_PICKEDSET31
0
2
17
885 888 889 902 903 904 905 906 907 908 909 910 911 912 913 914 915 
0
0
_PICKEDSET2
0
2
51
885 886 887 888 889 890 891 892 893 894 895 896 897 898 899 900 901 902 903 904 905 906 907 908 909 910 911 912 913 914 915 916 917 918 919 920 921 922 923 924 925 926 927 928 929 930 931 932 933 934 935 
0
0
0

1
 P       0 PIBATCH
0
2
1
1 
0
0
0
VITREOUS-1
3
 P       6 PIBATCH
0
2
218
1024 1025 1026 1027 1028 1029 1030 1031 1032 1033 1034 1035 1036 1037 1038 1039 1040 1041 1042 1043 1044 1045 1046 1047 1048 1049 1050 1051 1052 1053 1054 1055 1056 1057 1058 1059 1060 1061 1062 1063 1064 1065 1066 1067 1068 1069 1070 1071 1072 1073 1074 1075 1076 1077 1078 1079 1080 1081 1082 1083 1084 1085 1086 1087 1088 1089 1090 1091 1092 1093 1094 1095 1096 1097 1098 1099 1100 1101 1102 1103 1104 1105 1106 1107 1108 1109 1110 1111 1112 1113 1114 1115 1116 1117 1118 1119 1120 1121 1122 1123 1124 1125 1126 1127 1128 1129 1130 1131 1132 1133 1134 1135 1136 1137 1138 1139 1140 1141 1142 1143 1144 1145 1146 1147 1148 1149 1150 1151 1152 1153 1154 1155 1156 1157 1158 1159 1160 1161 1162 1163 1164 1165 1166 1167 1168 1169 1170 1171 1172 1173 1174 1175 1176 1177 1178 1179 1180 1181 1182 1183 1184 1185 1186 1187 1188 1189 1190 1191 1192 1193 1194 1195 1196 1197 1198 1199 1200 1201 1202 1203 1204 1205 1206 1207 1208 1209 1210 1211 1212 1213 1214 1215 1216 1217 1218 1219 1220 1221 1222 1223 1224 1225 1226 1227 1228 1229 1230 1231 1232 1233 1234 1235 1236 1237 1238 1239 1240 1241 
0
0
 P       6_PICKEDSET76
0
2
14
1028 1029 1044 1045 1046 1047 1048 1049 1050 1051 1052 1053 1054 1055 
0
0
_PICKEDSET2
0
2
218
1024 1025 1026 1027 1028 1029 1030 1031 1032 1033 1034 1035 1036 1037 1038 1039 1040 1041 1042 1043 1044 1045 1046 1047 1048 1049 1050 1051 1052 1053 1054 1055 1056 1057 1058 1059 1060 1061 1062 1063 1064 1065 1066 1067 1068 1069 1070 1071 1072 1073 1074 1075 1076 1077 1078 1079 1080 1081 1082 1083 1084 1085 1086 1087 1088 1089 1090 1091 1092 1093 1094 1095 1096 1097 1098 1099 1100 1101 1102 1103 1104 1105 1106 1107 1108 1109 1110 1111 1112 1113 1114 1115 1116 1117 1118 1119 1120 1121 1122 1123 1124 1125 1126 1127 1128 1129 1130 1131 1132 1133 1134 1135 1136 1137 1138 1139 1140 1141 1142 1143 1144 1145 1146 1147 1148 1149 1150 1151 1152 1153 1154 1155 1156 1157 1158 1159 1160 1161 1162 1163 1164 1165 1166 1167 1168 1169 1170 1171 1172 1173 1174 1175 1176 1177 1178 1179 1180 1181 1182 1183 1184 1185 1186 1187 1188 1189 1190 1191 1192 1193 1194 1195 1196 1197 1198 1199 1200 1201 1202 1203 1204 1205 1206 1207 1208 1209 1210 1211 1212 1213 1214 1215 1216 1217 1218 1219 1220 1221 1222 1223 1224 1225 1226 1227 1228 1229 1230 1231 1232 1233 1234 1235 1236 1237 1238 1239 1240 1241 
0
0
0
TOUCH-LEN-1
3
 P       5 PIBATCH
0
2
88
936 937 938 939 940 941 942 943 944 945 946 947 948 949 950 951 952 953 954 955 956 957 958 959 960 961 962 963 964 965 966 967 968 969 970 971 972 973 974 975 976 977 978 979 980 981 982 983 984 985 986 987 988 989 990 991 992 993 994 995 996 997 998 999 1000 1001 1002 1003 1004 1005 1006 1007 1008 1009 1010 1011 1012 1013 1014 1015 1016 1017 1018 1019 1020 1021 1022 1023 
0
0
 P       5_PICKEDSET76
0
2
4
957 979 1001 1023 
0
0
_PICKEDSET2
0
2
88
936 937 938 939 940 941 942 943 944 945 946 947 948 949 950 951 952 953 954 955 956 957 958 959 960 961 962 963 964 965 966 967 968 969 970 971 972 973 974 975 976 977 978 979 980 981 982 983 984 985 986 987 988 989 990 991 992 993 994 995 996 997 998 999 1000 1001 1002 1003 1004 1005 1006 1007 1008 1009 1010 1011 1012 1013 1014 1015 1016 1017 1018 1019 1020 1021 1022 1023 
0
0
0
CORNEA-1
3
 P       2 PIBATCH
0
2
14
-2147483647
48 1 16 5 0 1 0 -1 -1 387 1 -1879048189 60 387 
0
0
 P       2_PICKEDSET76
0
2
7
63 64 133 134 135 136 137 
0
0
_PICKEDSET2
0
2
14
-2147483647
48 1 16 5 0 1 0 -1 -1 387 1 -1879048189 60 387 
0
0
0
CRYSTALLINE-1
3
 P       3 PIBATCH
0
2
14
-2147483647
48 1 16 5 0 1 0 -1 -1 438 1 -1879048189 447 438 
0
0
 P       3_PICKEDSET76
0
2
24
452 453 475 476 477 478 479 480 481 482 483 484 485 486 487 488 489 490 491 492 493 494 495 496 
0
0
_PICKEDSET2
0
2
14
-2147483647
48 1 16 5 0 1 0 -1 -1 438 1 -1879048189 447 438 
0
0
0
0
6
_PICKEDSURF109
1
0
0
4
CORNEA-1
0
0
4
S1
32
55 62 92 93 102 103 116 117 126 131 133 137 139 145 153 154 179 192 211 212 213 214 215 217 219 220 223 232 234 248 249 255 
S3
18
61 77 78 101 125 130 142 144 165 186 191 216 218 221 222 231 238 283 
S4
1
136 
S2
1
138 
CRYSTALLINE-1
0
0
3
S1
1
421 
S4
12
365 370 371 374 377 385 422 424 426 433 442 447 
S2
16
376 378 379 384 387 420 423 428 429 431 435 443 445 448 451 756 
FRONT-SCLERA-1
0
0
1
S4
6
783 785 787 789 791 793 
VITREOUS-1
0
0
3
S1
3
859 865 866 
S3
2
862 864 
S2
1
874 
_PICKEDSURF23
1
0
0
2
CORNEA-1
0
0
3
S2
1
29 
S4
3
34 35 47 
S1
4
37 44 46 48 
FRONT-SCLERA-1
0
0
1
S3
2
793 794 
_PICKEDSURF24
1
0
0
1
CORNEA-1
0
0
3
S2
1
29 
S4
3
34 35 47 
S1
4
37 44 46 48 
_PICKEDSURF25
1
0
0
1
BACK-SCLERA-1
0
0
1
S4
1
1 
_PICKEDSURF26
1
0
0
1
FRONT-SCLERA-1
0
0
1
S3
2
781 782 
_PICKEDSURF73
1
0
0
1
TOUCH-LEN-1
0
0
4
S1
21
795 796 797 798 799 800 801 802 803 804 805 806 807 808 809 810 811 812 813 814 815 
S2
3
815 836 857 
S4
3
795 816 837 
S3
21
837 838 839 840 841 842 843 844 845 846 847 848 849 850 851 852 853 854 855 856 857 
1
0
1
ASSEMBLY
6
BACK-SCLERA-1
BACK-SCLERA
CORNEA-1
CORNEA
CRYSTALLINE-1
CRYSTALLINE
FRONT-SCLERA-1
FRONT-SCLERA
TOUCH-LEN-1
TOUCH-LEN
VITREOUS-1
VITREOUS
6
BACK-SCLERA-1
58
2 1
3 2
4 3
5 4
6 5
7 6
8 7
9 8
10 9
11 10
12 11
13 12
14 13
15 14
16 15
17 16
18 17
19 18
20 19
21 20
22 21
23 22
24 23
25 24
26 25
27 26
28 27
29 28
30 29
31 30
32 31
33 32
34 33
35 34
36 35
37 36
38 37
39 38
40 39
41 40
42 41
43 42
44 43
45 44
46 45
47 46
48 47
49 48
50 49
51 50
52 51
53 52
54 53
55 54
56 55
57 56
58 57
59 58
-2147483647
CORNEA-1
14
-2147483646
0
48 1 16 5 0 1 0 -1 -1 387 1 -1879048189 60 387 
14
48 1 16 5 0 1 0 -1 -1 387 1 -1879048189 1 387 
CRYSTALLINE-1
14
-2147483646
0
48 1 16 5 0 1 0 -1 -1 438 1 -1879048189 447 438 
14
48 1 16 5 0 1 0 -1 -1 438 1 -1879048189 1 438 
FRONT-SCLERA-1
51
885 1
886 2
887 3
888 4
889 5
890 6
891 7
892 8
893 9
894 10
895 11
896 12
897 13
898 14
899 15
900 16
901 17
902 18
903 19
904 20
905 21
906 22
907 23
908 24
909 25
910 26
911 27
912 28
913 29
914 30
915 31
916 32
917 33
918 34
919 35
920 36
921 37
922 38
923 39
924 40
925 41
926 42
927 43
928 44
929 45
930 46
931 47
932 48
933 49
934 50
935 51
-2147483647
TOUCH-LEN-1
88
936 1
937 2
938 3
939 4
940 5
941 6
942 7
943 8
944 9
945 10
946 11
947 12
948 13
949 14
950 15
951 16
952 17
953 18
954 19
955 20
956 21
957 22
958 23
959 24
960 25
961 26
962 27
963 28
964 29
965 30
966 31
967 32
968 33
969 34
970 35
971 36
972 37
973 38
974 39
975 40
976 41
977 42
978 43
979 44
980 45
981 46
982 47
983 48
984 49
985 50
986 51
987 52
988 53
989 54
990 55
991 56
992 57
993 58
994 59
995 60
996 61
997 62
998 63
999 64
1000 65
1001 66
1002 67
1003 68
1004 69
1005 70
1006 71
1007 72
1008 73
1009 74
1010 75
1011 76
1012 77
1013 78
1014 79
1015 80
1016 81
1017 82
1018 83
1019 84
1020 85
1021 86
1022 87
1023 88
-2147483647
VITREOUS-1
218
1024 1
1025 2
1026 3
1027 4
1028 5
1029 6
1030 7
1031 8
1032 9
1033 10
1034 11
1035 12
1036 13
1037 14
1038 15
1039 16
1040 17
1041 18
1042 19
1043 20
1044 21
1045 22
1046 23
1047 24
1048 25
1049 26
1050 27
1051 28
1052 29
1053 30
1054 31
1055 32
1056 33
1057 34
1058 35
1059 36
1060 37
1061 38
1062 39
1063 40
1064 41
1065 42
1066 43
1067 44
1068 45
1069 46
1070 47
1071 48
1072 49
1073 50
1074 51
1075 52
1076 53
1077 54
1078 55
1079 56
1080 57
1081 58
1082 59
1083 60
1084 61
1085 62
1086 63
1087 64
1088 65
1089 66
1090 67
1091 68
1092 69
1093 70
1094 71
1095 72
1096 73
1097 74
1098 75
1099 76
1100 77
1101 78
1102 79
1103 80
1104 81
1105 82
1106 83
1107 84
1108 85
1109 86
1110 87
1111 88
1112 89
1113 90
1114 91
1115 92
1116 93
1117 94
1118 95
1119 96
1120 97
1121 98
1122 99
1123 100
1124 101
1125 102
1126 103
1127 104
1128 105
1129 106
1130 107
1131 108
1132 109
1133 110
1134 111
1135 112
1136 113
1137 114
1138 115
1139 116
1140 117
1141 118
1142 119
1143 120
1144 121
1145 122
1146 123
1147 124
1148 125
1149 126
1150 127
1151 128
1152 129
1153 130
1154 131
1155 132
1156 133
1157 134
1158 135
1159 136
1160 137
1161 138
1162 139
1163 140
1164 141
1165 142
1166 143
1167 144
1168 145
1169 146
1170 147
1171 148
1172 149
1173 150
1174 151
1175 152
1176 153
1177 154
1178 155
1179 156
1180 157
1181 158
1182 159
1183 160
1184 161
1185 162
1186 163
1187 164
1188 165
1189 166
1190 167
1191 168
1192 169
1193 170
1194 171
1195 172
1196 173
1197 174
1198 175
1199 176
1200 177
1201 178
1202 179
1203 180
1204 181
1205 182
1206 183
1207 184
1208 185
1209 186
1210 187
1211 188
1212 189
1213 190
1214 191
1215 192
1216 193
1217 194
1218 195
1219 196
1220 197
1221 198
1222 199
1223 200
1224 201
1225 202
1226 203
1227 204
1228 205
1229 206
1230 207
1231 208
1232 209
1233 210
1234 211
1235 212
1236 213
1237 214
1238 215
1239 216
1240 217
1241 218
-2147483647
1
1 1
-2147483647
6
BACK-SCLERA-1
28
1 1
2 2
3 3
4 4
5 5
6 6
7 7
8 8
9 9
10 10
11 11
12 12
13 13
14 14
15 15
16 16
17 17
18 18
19 19
20 20
21 21
22 22
23 23
24 24
25 25
26 26
27 27
28 28
-2147483647
CORNEA-1
14
-2147483646
0
48 1 16 5 0 1 0 -1 -1 331 1 -1879048189 29 331 
14
48 1 16 5 0 1 0 -1 -1 331 1 -1879048189 1 331 
CRYSTALLINE-1
14
-2147483646
0
48 1 16 5 0 1 0 -1 -1 403 1 -1879048189 360 403 
14
48 1 16 5 0 1 0 -1 -1 403 1 -1879048189 1 403 
FRONT-SCLERA-1
32
763 1
764 2
765 3
766 4
767 5
768 6
769 7
770 8
771 9
772 10
773 11
774 12
775 13
776 14
777 15
778 16
779 17
780 18
781 19
782 20
783 21
784 22
785 23
786 24
787 25
788 26
789 27
790 28
791 29
792 30
793 31
794 32
-2147483647
TOUCH-LEN-1
63
795 1
796 2
797 3
798 4
799 5
800 6
801 7
802 8
803 9
804 10
805 11
806 12
807 13
808 14
809 15
810 16
811 17
812 18
813 19
814 20
815 21
816 22
817 23
818 24
819 25
820 26
821 27
822 28
823 29
824 30
825 31
826 32
827 33
828 34
829 35
830 36
831 37
832 38
833 39
834 40
835 41
836 42
837 43
838 44
839 45
840 46
841 47
842 48
843 49
844 50
845 51
846 52
847 53
848 54
849 55
850 56
851 57
852 58
853 59
854 60
855 61
856 62
857 63
-2147483647
VITREOUS-1
195
858 1
859 2
860 3
861 4
862 5
863 6
864 7
865 8
866 9
867 10
868 11
869 12
870 13
871 14
872 15
873 16
874 17
875 18
876 19
877 20
878 21
879 22
880 23
881 24
882 25
883 26
884 27
885 28
886 29
887 30
888 31
889 32
890 33
891 34
892 35
893 36
894 37
895 38
896 39
897 40
898 41
899 42
900 43
901 44
902 45
903 46
904 47
905 48
906 49
907 50
908 51
909 52
910 53
911 54
912 55
913 56
914 57
915 58
916 59
917 60
918 61
919 62
920 63
921 64
922 65
923 66
924 67
925 68
926 69
927 70
928 71
929 72
930 73
931 74
932 75
933 76
934 77
935 78
936 79
937 80
938 81
939 82
940 83
941 84
942 85
943 86
944 87
945 88
946 89
947 90
948 91
949 92
950 93
951 94
952 95
953 96
954 97
955 98
956 99
957 100
958 101
959 102
960 103
961 104
962 105
963 106
964 107
965 108
966 109
967 110
968 111
969 112
970 113
971 114
972 115
973 116
974 117
975 118
976 119
977 120
978 121
979 122
980 123
981 124
982 125
983 126
984 127
985 128
986 129
987 130
988 131
989 132
990 133
991 134
992 135
993 136
994 137
995 138
996 139
997 140
998 141
999 142
1000 143
1001 144
1002 145
1003 146
1004 147
1005 148
1006 149
1007 150
1008 151
1009 152
1010 153
1011 154
1012 155
1013 156
1014 157
1015 158
1016 159
1017 160
1018 161
1019 162
1020 163
1021 164
1022 165
1023 166
1024 167
1025 168
1026 169
1027 170
1028 171
1029 172
1030 173
1031 174
1032 175
1033 176
1034 177
1035 178
1036 179
1037 180
1038 181
1039 182
1040 183
1041 184
1042 185
1043 186
1044 187
1045 188
1046 189
1047 190
1048 191
1049 192
1050 193
1051 194
1052 195
-2147483647
0
20
 PIBATCH
0
2
0
6
BACK-SCLERA-1
28
1 2 3 4 5 6 7 8 9 10 11 12 13 14 15 16 17 18 19 20 21 22 23 24 25 26 27 28 
FRONT-SCLERA-1
32
763 764 765 766 767 768 769 770 771 772 773 774 775 776 777 778 779 780 781 782 783 784 785 786 787 788 789 790 791 792 793 794 
TOUCH-LEN-1
63
795 796 797 798 799 800 801 802 803 804 805 806 807 808 809 810 811 812 813 814 815 816 817 818 819 820 821 822 823 824 825 826 827 828 829 830 831 832 833 834 835 836 837 838 839 840 841 842 843 844 845 846 847 848 849 850 851 852 853 854 855 856 857 
VITREOUS-1
195
858 859 860 861 862 863 864 865 866 867 868 869 870 871 872 873 874 875 876 877 878 879 880 881 882 883 884 885 886 887 888 889 890 891 892 893 894 895 896 897 898 899 900 901 902 903 904 905 906 907 908 909 910 911 912 913 914 915 916 917 918 919 920 921 922 923 924 925 926 927 928 929 930 931 932 933 934 935 936 937 938 939 940 941 942 943 944 945 946 947 948 949 950 951 952 953 954 955 956 957 958 959 960 961 962 963 964 965 966 967 968 969 970 971 972 973 974 975 976 977 978 979 980 981 982 983 984 985 986 987 988 989 990 991 992 993 994 995 996 997 998 999 1000 1001 1002 1003 1004 1005 1006 1007 1008 1009 1010 1011 1012 1013 1014 1015 1016 1017 1018 1019 1020 1021 1022 1023 1024 1025 1026 1027 1028 1029 1030 1031 1032 1033 1034 1035 1036 1037 1038 1039 1040 1041 1042 1043 1044 1045 1046 1047 1048 1049 1050 1051 1052 
CORNEA-1
14
-2147483647
48 1 16 5 0 1 0 -1 -1 331 1 -1879048189 29 331 
CRYSTALLINE-1
14
-2147483647
48 1 16 5 0 1 0 -1 -1 403 1 -1879048189 360 403 
0
_PICKEDSET31
0
2
0
2
BACK-SCLERA-1
28
1 2 3 4 5 6 7 8 9 10 11 12 13 14 15 16 17 18 19 20 21 22 23 24 25 26 27 28 
FRONT-SCLERA-1
16
763 765 767 769 771 773 775 777 779 781 784 786 788 790 792 794 
0
_PICKEDSET76
0
2
0
5
BACK-SCLERA-1
1
28 
TOUCH-LEN-1
3
815 836 857 
VITREOUS-1
13
884 887 889 890 893 895 897 899 900 902 903 924 980 
CORNEA-1
6
97 99 209 210 211 225 
CRYSTALLINE-1
23
369 373 386 387 395 397 399 401 403 404 405 408 409 444 485 487 502 519 528 532 535 537 539 
0
__PICKEDSURF109_S1
0
2
0
3
CORNEA-1
32
55 62 92 93 102 103 116 117 126 131 133 137 139 145 153 154 179 192 211 212 213 214 215 217 219 220 223 232 234 248 249 255 
VITREOUS-1
3
859 865 866 
CRYSTALLINE-1
1
421 
0
__PICKEDSURF109_S2
0
2
0
3
CORNEA-1
1
138 
VITREOUS-1
1
874 
CRYSTALLINE-1
16
376 378 379 384 387 420 423 428 429 431 435 443 445 448 451 756 
0
__PICKEDSURF109_S3
0
2
0
2
CORNEA-1
18
61 77 78 101 125 130 142 144 165 186 191 216 218 221 222 231 238 283 
VITREOUS-1
2
862 864 
0
__PICKEDSURF109_S4
0
2
0
3
CORNEA-1
1
136 
FRONT-SCLERA-1
6
783 785 787 789 791 793 
CRYSTALLINE-1
12
365 370 371 374 377 385 422 424 426 433 442 447 
0
__PICKEDSURF23_S1
0
2
0
1
CORNEA-1
4
37 44 46 48 
0
__PICKEDSURF23_S2
0
2
0
1
CORNEA-1
1
29 
0
__PICKEDSURF23_S3
0
2
0
1
FRONT-SCLERA-1
2
793 794 
0
__PICKEDSURF23_S4
0
2
0
1
CORNEA-1
3
34 35 47 
0
__PICKEDSURF24_S1
0
2
0
1
CORNEA-1
4
37 44 46 48 
0
__PICKEDSURF24_S2
0
2
0
1
CORNEA-1
1
29 
0
__PICKEDSURF24_S4
0
2
0
1
CORNEA-1
3
34 35 47 
0
__PICKEDSURF25_S4
0
2
0
1
BACK-SCLERA-1
1
1 
0
__PICKEDSURF26_S3
0
2
0
1
FRONT-SCLERA-1
2
781 782 
0
__PICKEDSURF73_S1
0
2
0
1
TOUCH-LEN-1
21
795 796 797 798 799 800 801 802 803 804 805 806 807 808 809 810 811 812 813 814 815 
0
__PICKEDSURF73_S2
0
2
0
1
TOUCH-LEN-1
3
815 836 857 
0
__PICKEDSURF73_S3
0
2
0
1
TOUCH-LEN-1
21
837 838 839 840 841 842 843 844 845 846 847 848 849 850 851 852 853 854 855 856 857 
0
__PICKEDSURF73_S4
0
2
0
1
TOUCH-LEN-1
3
795 816 837 
0
6
BACK-SCLERA-1
4
 P       1 PIBATCH
0
2
28
1 2 3 4 5 6 7 8 9 10 11 12 13 14 15 16 17 18 19 20 21 22 23 24 25 26 27 28 
0
0
 P       1_PICKEDSET31
0
2
28
1 2 3 4 5 6 7 8 9 10 11 12 13 14 15 16 17 18 19 20 21 22 23 24 25 26 27 28 
0
0
 P       1_PICKEDSET76
0
2
1
28 
0
0
_PICKEDSET2
0
2
28
1 2 3 4 5 6 7 8 9 10 11 12 13 14 15 16 17 18 19 20 21 22 23 24 25 26 27 28 
0
0
0
FRONT-SCLERA-1
4
 P       4 PIBATCH
0
2
32
763 764 765 766 767 768 769 770 771 772 773 774 775 776 777 778 779 780 781 782 783 784 785 786 787 788 789 790 791 792 793 794 
0
0
 P       4_PICKEDSET31
0
2
16
763 765 767 769 771 773 775 777 779 781 784 786 788 790 792 794 
0
0
 P       4__PICKEDSURF109_S4
0
2
6
783 785 787 789 791 793 
0
0
_PICKEDSET2
0
2
32
763 764 765 766 767 768 769 770 771 772 773 774 775 776 777 778 779 780 781 782 783 784 785 786 787 788 789 790 791 792 793 794 
0
0
0
VITREOUS-1
6
 P       6 PIBATCH
0
2
195
858 859 860 861 862 863 864 865 866 867 868 869 870 871 872 873 874 875 876 877 878 879 880 881 882 883 884 885 886 887 888 889 890 891 892 893 894 895 896 897 898 899 900 901 902 903 904 905 906 907 908 909 910 911 912 913 914 915 916 917 918 919 920 921 922 923 924 925 926 927 928 929 930 931 932 933 934 935 936 937 938 939 940 941 942 943 944 945 946 947 948 949 950 951 952 953 954 955 956 957 958 959 960 961 962 963 964 965 966 967 968 969 970 971 972 973 974 975 976 977 978 979 980 981 982 983 984 985 986 987 988 989 990 991 992 993 994 995 996 997 998 999 1000 1001 1002 1003 1004 1005 1006 1007 1008 1009 1010 1011 1012 1013 1014 1015 1016 1017 1018 1019 1020 1021 1022 1023 1024 1025 1026 1027 1028 1029 1030 1031 1032 1033 1034 1035 1036 1037 1038 1039 1040 1041 1042 1043 1044 1045 1046 1047 1048 1049 1050 1051 1052 
0
0
 P       6_PICKEDSET76
0
2
13
884 887 889 890 893 895 897 899 900 902 903 924 980 
0
0
 P       6__PICKEDSURF109_S1
0
2
3
859 865 866 
0
0
 P       6__PICKEDSURF109_S2
0
2
1
874 
0
0
 P       6__PICKEDSURF109_S3
0
2
2
862 864 
0
0
_PICKEDSET2
0
2
195
858 859 860 861 862 863 864 865 866 867 868 869 870 871 872 873 874 875 876 877 878 879 880 881 882 883 884 885 886 887 888 889 890 891 892 893 894 895 896 897 898 899 900 901 902 903 904 905 906 907 908 909 910 911 912 913 914 915 916 917 918 919 920 921 922 923 924 925 926 927 928 929 930 931 932 933 934 935 936 937 938 939 940 941 942 943 944 945 946 947 948 949 950 951 952 953 954 955 956 957 958 959 960 961 962 963 964 965 966 967 968 969 970 971 972 973 974 975 976 977 978 979 980 981 982 983 984 985 986 987 988 989 990 991 992 993 994 995 996 997 998 999 1000 1001 1002 1003 1004 1005 1006 1007 1008 1009 1010 1011 1012 1013 1014 1015 1016 1017 1018 1019 1020 1021 1022 1023 1024 1025 1026 1027 1028 1029 1030 1031 1032 1033 1034 1035 1036 1037 1038 1039 1040 1041 1042 1043 1044 1045 1046 1047 1048 1049 1050 1051 1052 
0
0
0
TOUCH-LEN-1
3
 P       5 PIBATCH
0
2
63
795 796 797 798 799 800 801 802 803 804 805 806 807 808 809 810 811 812 813 814 815 816 817 818 819 820 821 822 823 824 825 826 827 828 829 830 831 832 833 834 835 836 837 838 839 840 841 842 843 844 845 846 847 848 849 850 851 852 853 854 855 856 857 
0
0
 P       5_PICKEDSET76
0
2
3
815 836 857 
0
0
_PICKEDSET2
0
2
63
795 796 797 798 799 800 801 802 803 804 805 806 807 808 809 810 811 812 813 814 815 816 817 818 819 820 821 822 823 824 825 826 827 828 829 830 831 832 833 834 835 836 837 838 839 840 841 842 843 844 845 846 847 848 849 850 851 852 853 854 855 856 857 
0
0
0
CORNEA-1
7
 P       2 PIBATCH
0
2
14
-2147483647
48 1 16 5 0 1 0 -1 -1 331 1 -1879048189 29 331 
0
0
 P       2_PICKEDSET76
0
2
6
97 99 209 210 211 225 
0
0
 P       2__PICKEDSURF109_S1
0
2
32
55 62 92 93 102 103 116 117 126 131 133 137 139 145 153 154 179 192 211 212 213 214 215 217 219 220 223 232 234 248 249 255 
0
0
 P       2__PICKEDSURF109_S2
0
2
1
138 
0
0
 P       2__PICKEDSURF109_S3
0
2
18
61 77 78 101 125 130 142 144 165 186 191 216 218 221 222 231 238 283 
0
0
 P       2__PICKEDSURF109_S4
0
2
1
136 
0
0
_PICKEDSET2
0
2
14
-2147483647
48 1 16 5 0 1 0 -1 -1 331 1 -1879048189 29 331 
0
0
0
CRYSTALLINE-1
6
 P       3 PIBATCH
0
2
14
-2147483647
48 1 16 5 0 1 0 -1 -1 403 1 -1879048189 360 403 
0
0
 P       3_PICKEDSET76
0
2
23
369 373 386 387 395 397 399 401 403 404 405 408 409 444 485 487 502 519 528 532 535 537 539 
0
0
 P       3__PICKEDSURF109_S1
0
2
1
421 
0
0
 P       3__PICKEDSURF109_S2
0
2
16
376 378 379 384 387 420 423 428 429 431 435 443 445 448 451 756 
0
0
 P       3__PICKEDSURF109_S4
0
2
12
365 370 371 374 377 385 422 424 426 433 442 447 
0
0
_PICKEDSET2
0
2
14
-2147483647
48 1 16 5 0 1 0 -1 -1 403 1 -1879048189 360 403 
0
0
0
5
 PIBATCH
0
2
0
7

1
1 
BACK-SCLERA-1
58
2 3 4 5 6 7 8 9 10 11 12 13 14 15 16 17 18 19 20 21 22 23 24 25 26 27 28 29 30 31 32 33 34 35 36 37 38 39 40 41 42 43 44 45 46 47 48 49 50 51 52 53 54 55 56 57 58 59 
FRONT-SCLERA-1
51
885 886 887 888 889 890 891 892 893 894 895 896 897 898 899 900 901 902 903 904 905 906 907 908 909 910 911 912 913 914 915 916 917 918 919 920 921 922 923 924 925 926 927 928 929 930 931 932 933 934 935 
TOUCH-LEN-1
88
936 937 938 939 940 941 942 943 944 945 946 947 948 949 950 951 952 953 954 955 956 957 958 959 960 961 962 963 964 965 966 967 968 969 970 971 972 973 974 975 976 977 978 979 980 981 982 983 984 985 986 987 988 989 990 991 992 993 994 995 996 997 998 999 1000 1001 1002 1003 1004 1005 1006 1007 1008 1009 1010 1011 1012 1013 1014 1015 1016 1017 1018 1019 1020 1021 1022 1023 
VITREOUS-1
218
1024 1025 1026 1027 1028 1029 1030 1031 1032 1033 1034 1035 1036 1037 1038 1039 1040 1041 1042 1043 1044 1045 1046 1047 1048 1049 1050 1051 1052 1053 1054 1055 1056 1057 1058 1059 1060 1061 1062 1063 1064 1065 1066 1067 1068 1069 1070 1071 1072 1073 1074 1075 1076 1077 1078 1079 1080 1081 1082 1083 1084 1085 1086 1087 1088 1089 1090 1091 1092 1093 1094 1095 1096 1097 1098 1099 1100 1101 1102 1103 1104 1105 1106 1107 1108 1109 1110 1111 1112 1113 1114 1115 1116 1117 1118 1119 1120 1121 1122 1123 1124 1125 1126 1127 1128 1129 1130 1131 1132 1133 1134 1135 1136 1137 1138 1139 1140 1141 1142 1143 1144 1145 1146 1147 1148 1149 1150 1151 1152 1153 1154 1155 1156 1157 1158 1159 1160 1161 1162 1163 1164 1165 1166 1167 1168 1169 1170 1171 1172 1173 1174 1175 1176 1177 1178 1179 1180 1181 1182 1183 1184 1185 1186 1187 1188 1189 1190 1191 1192 1193 1194 1195 1196 1197 1198 1199 1200 1201 1202 1203 1204 1205 1206 1207 1208 1209 1210 1211 1212 1213 1214 1215 1216 1217 1218 1219 1220 1221 1222 1223 1224 1225 1226 1227 1228 1229 1230 1231 1232 1233 1234 1235 1236 1237 1238 1239 1240 1241 
CORNEA-1
14
-2147483647
48 1 16 5 0 1 0 -1 -1 387 1 -1879048189 60 387 
CRYSTALLINE-1
14
-2147483647
48 1 16 5 0 1 0 -1 -1 438 1 -1879048189 447 438 
0
_PICKEDSET31
0
2
0
2
BACK-SCLERA-1
29
31 32 33 34 35 36 37 38 39 40 41 42 43 44 45 46 47 48 49 50 51 52 53 54 55 56 57 58 59 
FRONT-SCLERA-1
17
885 888 889 902 903 904 905 906 907 908 909 910 911 912 913 914 915 
0
_PICKEDSET74
0
2
1
1 
0
0
_PICKEDSET75
0
2
1
1 
0
0
_PICKEDSET76
0
2
0
5
BACK-SCLERA-1
2
30 59 
TOUCH-LEN-1
4
957 979 1001 1023 
VITREOUS-1
14
1028 1029 1044 1045 1046 1047 1048 1049 1050 1051 1052 1053 1054 1055 
CORNEA-1
7
63 64 133 134 135 136 137 
CRYSTALLINE-1
24
452 453 475 476 477 478 479 480 481 482 483 484 485 486 487 488 489 490 491 492 493 494 495 496 
0
7
BACK-SCLERA-1
4
 P       1 PIBATCH
0
2
58
2 3 4 5 6 7 8 9 10 11 12 13 14 15 16 17 18 19 20 21 22 23 24 25 26 27 28 29 30 31 32 33 34 35 36 37 38 39 40 41 42 43 44 45 46 47 48 49 50 51 52 53 54 55 56 57 58 59 
0
0
 P       1_PICKEDSET31
0
2
29
31 32 33 34 35 36 37 38 39 40 41 42 43 44 45 46 47 48 49 50 51 52 53 54 55 56 57 58 59 
0
0
 P       1_PICKEDSET76
0
2
2
30 59 
0
0
_PICKEDSET2
0
2
58
2 3 4 5 6 7 8 9 10 11 12 13 14 15 16 17 18 19 20 21 22 23 24 25 26 27 28 29 30 31 32 33 34 35 36 37 38 39 40 41 42 43 44 45 46 47 48 49 50 51 52 53 54 55 56 57 58 59 
0
0
0
FRONT-SCLERA-1
3
 P       4 PIBATCH
0
2
51
885 886 887 888 889 890 891 892 893 894 895 896 897 898 899 900 901 902 903 904 905 906 907 908 909 910 911 912 913 914 915 916 917 918 919 920 921 922 923 924 925 926 927 928 929 930 931 932 933 934 935 
0
0
 P       4_PICKEDSET31
0
2
17
885 888 889 902 903 904 905 906 907 908 909 910 911 912 913 914 915 
0
0
_PICKEDSET2
0
2
51
885 886 887 888 889 890 891 892 893 894 895 896 897 898 899 900 901 902 903 904 905 906 907 908 909 910 911 912 913 914 915 916 917 918 919 920 921 922 923 924 925 926 927 928 929 930 931 932 933 934 935 
0
0
0

1
 P       0 PIBATCH
0
2
1
1 
0
0
0
VITREOUS-1
3
 P       6 PIBATCH
0
2
218
1024 1025 1026 1027 1028 1029 1030 1031 1032 1033 1034 1035 1036 1037 1038 1039 1040 1041 1042 1043 1044 1045 1046 1047 1048 1049 1050 1051 1052 1053 1054 1055 1056 1057 1058 1059 1060 1061 1062 1063 1064 1065 1066 1067 1068 1069 1070 1071 1072 1073 1074 1075 1076 1077 1078 1079 1080 1081 1082 1083 1084 1085 1086 1087 1088 1089 1090 1091 1092 1093 1094 1095 1096 1097 1098 1099 1100 1101 1102 1103 1104 1105 1106 1107 1108 1109 1110 1111 1112 1113 1114 1115 1116 1117 1118 1119 1120 1121 1122 1123 1124 1125 1126 1127 1128 1129 1130 1131 1132 1133 1134 1135 1136 1137 1138 1139 1140 1141 1142 1143 1144 1145 1146 1147 1148 1149 1150 1151 1152 1153 1154 1155 1156 1157 1158 1159 1160 1161 1162 1163 1164 1165 1166 1167 1168 1169 1170 1171 1172 1173 1174 1175 1176 1177 1178 1179 1180 1181 1182 1183 1184 1185 1186 1187 1188 1189 1190 1191 1192 1193 1194 1195 1196 1197 1198 1199 1200 1201 1202 1203 1204 1205 1206 1207 1208 1209 1210 1211 1212 1213 1214 1215 1216 1217 1218 1219 1220 1221 1222 1223 1224 1225 1226 1227 1228 1229 1230 1231 1232 1233 1234 1235 1236 1237 1238 1239 1240 1241 
0
0
 P       6_PICKEDSET76
0
2
14
1028 1029 1044 1045 1046 1047 1048 1049 1050 1051 1052 1053 1054 1055 
0
0
_PICKEDSET2
0
2
218
1024 1025 1026 1027 1028 1029 1030 1031 1032 1033 1034 1035 1036 1037 1038 1039 1040 1041 1042 1043 1044 1045 1046 1047 1048 1049 1050 1051 1052 1053 1054 1055 1056 1057 1058 1059 1060 1061 1062 1063 1064 1065 1066 1067 1068 1069 1070 1071 1072 1073 1074 1075 1076 1077 1078 1079 1080 1081 1082 1083 1084 1085 1086 1087 1088 1089 1090 1091 1092 1093 1094 1095 1096 1097 1098 1099 1100 1101 1102 1103 1104 1105 1106 1107 1108 1109 1110 1111 1112 1113 1114 1115 1116 1117 1118 1119 1120 1121 1122 1123 1124 1125 1126 1127 1128 1129 1130 1131 1132 1133 1134 1135 1136 1137 1138 1139 1140 1141 1142 1143 1144 1145 1146 1147 1148 1149 1150 1151 1152 1153 1154 1155 1156 1157 1158 1159 1160 1161 1162 1163 1164 1165 1166 1167 1168 1169 1170 1171 1172 1173 1174 1175 1176 1177 1178 1179 1180 1181 1182 1183 1184 1185 1186 1187 1188 1189 1190 1191 1192 1193 1194 1195 1196 1197 1198 1199 1200 1201 1202 1203 1204 1205 1206 1207 1208 1209 1210 1211 1212 1213 1214 1215 1216 1217 1218 1219 1220 1221 1222 1223 1224 1225 1226 1227 1228 1229 1230 1231 1232 1233 1234 1235 1236 1237 1238 1239 1240 1241 
0
0
0
TOUCH-LEN-1
3
 P       5 PIBATCH
0
2
88
936 937 938 939 940 941 942 943 944 945 946 947 948 949 950 951 952 953 954 955 956 957 958 959 960 961 962 963 964 965 966 967 968 969 970 971 972 973 974 975 976 977 978 979 980 981 982 983 984 985 986 987 988 989 990 991 992 993 994 995 996 997 998 999 1000 1001 1002 1003 1004 1005 1006 1007 1008 1009 1010 1011 1012 1013 1014 1015 1016 1017 1018 1019 1020 1021 1022 1023 
0
0
 P       5_PICKEDSET76
0
2
4
957 979 1001 1023 
0
0
_PICKEDSET2
0
2
88
936 937 938 939 940 941 942 943 944 945 946 947 948 949 950 951 952 953 954 955 956 957 958 959 960 961 962 963 964 965 966 967 968 969 970 971 972 973 974 975 976 977 978 979 980 981 982 983 984 985 986 987 988 989 990 991 992 993 994 995 996 997 998 999 1000 1001 1002 1003 1004 1005 1006 1007 1008 1009 1010 1011 1012 1013 1014 1015 1016 1017 1018 1019 1020 1021 1022 1023 
0
0
0
CORNEA-1
3
 P       2 PIBATCH
0
2
14
-2147483647
48 1 16 5 0 1 0 -1 -1 387 1 -1879048189 60 387 
0
0
 P       2_PICKEDSET76
0
2
7
63 64 133 134 135 136 137 
0
0
_PICKEDSET2
0
2
14
-2147483647
48 1 16 5 0 1 0 -1 -1 387 1 -1879048189 60 387 
0
0
0
CRYSTALLINE-1
3
 P       3 PIBATCH
0
2
14
-2147483647
48 1 16 5 0 1 0 -1 -1 438 1 -1879048189 447 438 
0
0
 P       3_PICKEDSET76
0
2
24
452 453 475 476 477 478 479 480 481 482 483 484 485 486 487 488 489 490 491 492 493 494 495 496 
0
0
_PICKEDSET2
0
2
14
-2147483647
48 1 16 5 0 1 0 -1 -1 438 1 -1879048189 447 438 
0
0
0
0
6
_PICKEDSURF109
1
0
0
4
CORNEA-1
0
0
4
S1
32
55 62 92 93 102 103 116 117 126 131 133 137 139 145 153 154 179 192 211 212 213 214 215 217 219 220 223 232 234 248 249 255 
S3
18
61 77 78 101 125 130 142 144 165 186 191 216 218 221 222 231 238 283 
S4
1
136 
S2
1
138 
CRYSTALLINE-1
0
0
3
S1
1
421 
S4
12
365 370 371 374 377 385 422 424 426 433 442 447 
S2
16
376 378 379 384 387 420 423 428 429 431 435 443 445 448 451 756 
FRONT-SCLERA-1
0
0
1
S4
6
783 785 787 789 791 793 
VITREOUS-1
0
0
3
S1
3
859 865 866 
S3
2
862 864 
S2
1
874 
_PICKEDSURF23
1
0
0
2
CORNEA-1
0
0
3
S2
1
29 
S4
3
34 35 47 
S1
4
37 44 46 48 
FRONT-SCLERA-1
0
0
1
S3
2
793 794 
_PICKEDSURF24
1
0
0
1
CORNEA-1
0
0
3
S2
1
29 
S4
3
34 35 47 
S1
4
37 44 46 48 
_PICKEDSURF25
1
0
0
1
BACK-SCLERA-1
0
0
1
S4
1
1 
_PICKEDSURF26
1
0
0
1
FRONT-SCLERA-1
0
0
1
S3
2
781 782 
_PICKEDSURF73
1
0
0
1
TOUCH-LEN-1
0
0
4
S1
21
795 796 797 798 799 800 801 802 803 804 805 806 807 808 809 810 811 812 813 814 815 
S2
3
815 836 857 
S4
3
795 816 837 
S3
21
837 838 839 840 841 842 843 844 845 846 847 848 849 850 851 852 853 854 855 856 857 
