Abaqus/Explicit 2025                             DATE 08-5į┬-2026  TIME 21:35:25
-------------------------------------------------------------------------------
 PREPROCESSOR WARNING MESSAGES
-------------------------------------------------------------------------------


***WARNING: There are 33 warning messages in the data (.dat) file.  Please
            check the data file for possible errors in the input file.


-------------------------------------------------------------------------------
 NUMERICAL PRECISION USED FOR THIS Abaqus/Explicit ANALYSIS
-------------------------------------------------------------------------------

Single precision package and explicit executables will be used in this analysis.

-------------------------------------------------------------------------------

***WARNING: In step 1, portions of main surfaces in the general contact domain
            have been tied together.  Joining disconnected surfaces with *TIE
            does not alter the surface connectivity and results in a seam in
            the contact surface.  The nodes along the tied surface perimeters
            have been added to the node set named  "WarnNodePerimTieSeam".

-------------------------------------------------------------------------------
 MODEL INFORMATION (IN GLOBAL X-Y COORDINATES)
-------------------------------------------------------------------------------

   Total mass in model = 6.26842E-06
   Center of mass of model = ( 6.901401E+00,-1.749841E+00)
   For the axisymmetric body, the center of mass is located at the center of mass
   of the circumferential slice.

   Moments of Inertia :
                 About Center of Mass              About Origin
      I(XX)          1.729787E-04                  1.921722E-04
      I(YY)          4.516378E-05                  3.437247E-04
      I(XY)         -1.755501E-06                  7.394421E-05
      I(ZZ)          2.181425E-04                  5.358969E-04

-------------------------------------------------------------------------------
 STABLE TIME INCREMENT INFORMATION
-------------------------------------------------------------------------------


  The stable time increment estimate for each element is based on
  linearization about the initial state.


   Initial time increment = 6.83764E-07

   Statistics over 1052 deformable elements:
      Mean = 9.36419E-06
      Standard deviation = 1.46578E-05

   Most critical elements:
    Element number   Rank    Time increment   Increment ratio
    (Instance name)
   ----------------------------------------------------------
          27          1       6.837637E-07      1.000000E+00
    CORNEA-1
           1          2       7.346187E-07      9.307737E-01
    CORNEA-1
          28          3       9.586126E-07      7.132847E-01
    BACK-SCLERA-1
           3          4       1.008067E-06      6.782917E-01
    CORNEA-1
          15          5       1.083977E-06      6.307920E-01
    CORNEA-1
          26          6       1.109113E-06      6.164958E-01
    CORNEA-1
          30          7       1.125270E-06      6.076441E-01
    CORNEA-1
          27          8       1.138756E-06      6.004480E-01
    BACK-SCLERA-1
          29          9       1.150745E-06      5.941923E-01
    CORNEA-1
          32         10       1.159465E-06      5.897237E-01
    CORNEA-1


  Instance name for the most critical element will be printed if the critical
  element changes or at the beginning of a new page.


-------------------------------------------------------------------------------

  INFORMATION REGARDING INITIAL CONTACT OVERCLOSURES FOR NEWLY DEFINED GENERAL
  CONTACT INTERACTIONS IN STEP 1

-------------------------------------------------------------------------------

  Abaqus/Explicit will attempt to resolve 47 initial node-face overclosure(s).


  Maximum initial overclosure for node-face contact is 2.08169E-02 at node 11
  of instance CRYSTALLINE-1 and face S2 of element 89 of instance VITREOUS-1.


  Maximum initial contact adjustment is: 2.08386E-02 at node 11 of instance
  CRYSTALLINE-1.


  No unresolved initial node-face overclosures found.


***NOTE: You can view the deformed configuration due to the resolution of
         initial overclosures.  In increment 0, draw the deformed shape or
         draw a symbol plot of vector displacements.

------------------------------------------------------------------------------

Abaqus/Explicit 2025                             DATE 08-5į┬-2026  TIME 21:35:32
The entire model is considered 1 domain.
Only 1 MPI rank is used.

-------------------------------------------------------------------------------
 SOLUTION PROGRESS
-------------------------------------------------------------------------------

 STEP 1  ORIGIN 0.0000

  Total memory used for step 1 is approximately 3.1 megabytes.
  Global time estimation algorithm will be used.
  Scaling factor:  1.0000
              STEP     TOTAL      WALL        STABLE    CRITICAL    KINETIC      TOTAL
INCREMENT     TIME      TIME      TIME     INCREMENT     ELEMENT     ENERGY     ENERGY
        0  0.000E+00 0.000E+00  00:00:01 6.83764E-07          27  6.126E-05  6.126E-05
INSTANCE WITH CRITICAL ELEMENT: CORNEA-1
Output Field Frame Number     0, of     20, at step time 0.000E+00
      439  5.009E-04 5.009E-04  00:00:01 1.13356E-06          27  5.251E-02  1.113E-04
INSTANCE WITH CRITICAL ELEMENT: CORNEA-1
Output Field Frame Number     1, of     20, at step time 5.009E-04
      884  1.000E-03 1.000E-03  00:00:02 1.10883E-06          27  8.139E-02  1.989E-04
INSTANCE WITH CRITICAL ELEMENT: CORNEA-1
Output Field Frame Number     2, of     20, at step time 1.000E-03
     1342  1.500E-03 1.500E-03  00:00:02 1.08095E-06          27  5.702E-02  2.552E-04
INSTANCE WITH CRITICAL ELEMENT: CORNEA-1
Output Field Frame Number     3, of     20, at step time 1.500E-03
     1809  2.001E-03 2.001E-03  00:00:03 1.06705E-06          27  2.349E-02  3.397E-04
INSTANCE WITH CRITICAL ELEMENT: CORNEA-1
Output Field Frame Number     4, of     20, at step time 2.001E-03
     2276  2.500E-03 2.500E-03  00:00:03 1.07585E-06          27  3.416E-02  3.181E-04
INSTANCE WITH CRITICAL ELEMENT: CORNEA-1
Output Field Frame Number     5, of     20, at step time 2.500E-03
     2740  3.001E-03 3.001E-03  00:00:04 1.07248E-06          27  6.370E-02  3.051E-04
INSTANCE WITH CRITICAL ELEMENT: CORNEA-1
Output Field Frame Number     6, of     20, at step time 3.001E-03
     3207  3.501E-03 3.501E-03  00:00:05 1.08097E-06          27  5.884E-02  2.996E-04
INSTANCE WITH CRITICAL ELEMENT: CORNEA-1
Output Field Frame Number     7, of     20, at step time 3.501E-03
     3669  4.001E-03 4.001E-03  00:00:05 1.07894E-06          27  2.385E-02  2.931E-04
INSTANCE WITH CRITICAL ELEMENT: CORNEA-1
Output Field Frame Number     8, of     20, at step time 4.001E-03
     4134  4.501E-03 4.501E-03  00:00:06 1.07990E-06          27  1.525E-02  2.912E-04
INSTANCE WITH CRITICAL ELEMENT: CORNEA-1
Output Field Frame Number     9, of     20, at step time 4.501E-03
     4595  5.000E-03 5.000E-03  00:00:06 1.08490E-06          27  3.498E-02  2.993E-04
INSTANCE WITH CRITICAL ELEMENT: CORNEA-1
Output Field Frame Number    10, of     20, at step time 5.000E-03
     5057  5.501E-03 5.501E-03  00:00:07 1.08049E-06          27  5.880E-02  3.118E-04
INSTANCE WITH CRITICAL ELEMENT: CORNEA-1
Output Field Frame Number    11, of     20, at step time 5.501E-03
     5518  6.001E-03 6.001E-03  00:00:08 1.08659E-06          27  3.846E-02  3.481E-04
INSTANCE WITH CRITICAL ELEMENT: CORNEA-1
Output Field Frame Number    12, of     20, at step time 6.001E-03
     5977  6.501E-03 6.501E-03  00:00:08 1.09066E-06          27  1.225E-02  3.616E-04
INSTANCE WITH CRITICAL ELEMENT: CORNEA-1
Output Field Frame Number    13, of     20, at step time 6.501E-03
     6435  7.000E-03 7.000E-03  00:00:09 1.10026E-06          27  2.118E-02  3.156E-04
INSTANCE WITH CRITICAL ELEMENT: CORNEA-1
Output Field Frame Number    14, of     20, at step time 7.000E-03
     6893  7.501E-03 7.501E-03  00:00:10 1.09655E-06          27  4.680E-02  2.368E-04
INSTANCE WITH CRITICAL ELEMENT: CORNEA-1
Output Field Frame Number    15, of     20, at step time 7.501E-03
     7348  8.001E-03 8.001E-03  00:00:11 1.09145E-06          27  4.456E-02  1.798E-04
INSTANCE WITH CRITICAL ELEMENT: CORNEA-1
Output Field Frame Number    16, of     20, at step time 8.001E-03
     7803  8.501E-03 8.501E-03  00:00:11 1.09782E-06          27  1.836E-02  1.534E-04
INSTANCE WITH CRITICAL ELEMENT: CORNEA-1
Output Field Frame Number    17, of     20, at step time 8.501E-03
     8257  9.000E-03 9.000E-03  00:00:12 1.10724E-06          27  1.186E-02  1.371E-04
INSTANCE WITH CRITICAL ELEMENT: CORNEA-1
Output Field Frame Number    18, of     20, at step time 9.000E-03
     8711  9.501E-03 9.501E-03  00:00:13 1.10287E-06          27  3.288E-02  1.276E-04
INSTANCE WITH CRITICAL ELEMENT: CORNEA-1
Output Field Frame Number    19, of     20, at step time 9.501E-03
     9164  1.000E-02 1.000E-02  00:00:13 1.09111E-06          27  4.598E-02  1.315E-04
INSTANCE WITH CRITICAL ELEMENT: CORNEA-1
Restart Number  1 at 1.00000E-02
Output Field Frame Number    20, of     20, at step time 1.000E-02

Abaqus/Explicit 2025                             DATE 08-5į┬-2026  TIME 21:35:45

 STEP 2  ORIGIN 1.00000E-02

  Total memory used for step 2 is approximately 3.2 megabytes.
  Global time estimation algorithm will be used.
  Scaling factor:  1.0000
              STEP     TOTAL      WALL        STABLE    CRITICAL    KINETIC      TOTAL
INCREMENT     TIME      TIME      TIME     INCREMENT     ELEMENT     ENERGY     ENERGY
        0  0.000E+00 1.000E-02  00:00:13 6.87398E-07          27  4.598E-02  1.306E-04
INSTANCE WITH CRITICAL ELEMENT: CORNEA-1
Output Field Frame Number     0, of     20, at step time 0.000E+00
     4555  5.000E-03 1.500E-02  00:00:20 1.09564E-06          27  1.458E-02 -1.962E-04
INSTANCE WITH CRITICAL ELEMENT: CORNEA-1
Output Field Frame Number     1, of     20, at step time 5.000E-03
     9110  1.000E-02 2.000E-02  00:00:26 1.09946E-06          27  1.524E-02 -5.118E-04
INSTANCE WITH CRITICAL ELEMENT: CORNEA-1
Output Field Frame Number     2, of     20, at step time 1.000E-02
    13664  1.500E-02 2.500E-02  00:00:32 1.09310E-06          27  3.311E-02 -7.560E-04
INSTANCE WITH CRITICAL ELEMENT: CORNEA-1
Output Field Frame Number     3, of     20, at step time 1.500E-02
    18218  2.000E-02 3.000E-02  00:00:38 1.09633E-06          27  1.586E-02 -9.138E-04
INSTANCE WITH CRITICAL ELEMENT: CORNEA-1
Output Field Frame Number     4, of     20, at step time 2.000E-02
    22771  2.500E-02 3.500E-02  00:00:45 1.10005E-06          27  8.059E-03 -1.017E-03
INSTANCE WITH CRITICAL ELEMENT: CORNEA-1
Output Field Frame Number     5, of     20, at step time 2.500E-02
    27325  3.000E-02 4.000E-02  00:00:51 1.09569E-06          27  2.655E-02 -1.056E-03
INSTANCE WITH CRITICAL ELEMENT: CORNEA-1
Output Field Frame Number     6, of     20, at step time 3.000E-02
    31879  3.500E-02 4.500E-02  00:00:57 1.09915E-06          27  1.687E-02 -1.153E-03
INSTANCE WITH CRITICAL ELEMENT: CORNEA-1
Output Field Frame Number     7, of     20, at step time 3.500E-02
    36434  4.000E-02 5.000E-02  00:01:05 1.09606E-06          27  4.645E-03 -1.238E-03
INSTANCE WITH CRITICAL ELEMENT: CORNEA-1
Output Field Frame Number     8, of     20, at step time 4.000E-02
    40987  4.500E-02 5.500E-02  00:01:13 1.09904E-06          27  2.269E-02 -1.305E-03
INSTANCE WITH CRITICAL ELEMENT: CORNEA-1
Output Field Frame Number     9, of     20, at step time 4.500E-02
    45541  5.000E-02 6.000E-02  00:01:21 1.09831E-06          27  1.566E-02 -1.393E-03
INSTANCE WITH CRITICAL ELEMENT: CORNEA-1
Output Field Frame Number    10, of     20, at step time 5.000E-02
    50094  5.500E-02 6.500E-02  00:01:27 1.09407E-06          27  3.177E-03 -1.442E-03
INSTANCE WITH CRITICAL ELEMENT: CORNEA-1
Output Field Frame Number    11, of     20, at step time 5.500E-02
    54647  6.000E-02 7.000E-02  00:01:33 1.09727E-06          27  1.879E-02 -1.466E-03
INSTANCE WITH CRITICAL ELEMENT: CORNEA-1
Output Field Frame Number    12, of     20, at step time 6.000E-02
    59201  6.500E-02 7.500E-02  00:01:39 1.09766E-06          27  1.489E-02 -1.443E-03
INSTANCE WITH CRITICAL ELEMENT: CORNEA-1
Output Field Frame Number    13, of     20, at step time 6.500E-02
    63755  7.000E-02 8.000E-02  00:01:45 1.09386E-06          27  3.150E-03 -1.424E-03
INSTANCE WITH CRITICAL ELEMENT: CORNEA-1
Output Field Frame Number    14, of     20, at step time 7.000E-02
    68308  7.500E-02 8.500E-02  00:01:51 1.09565E-06          27  1.486E-02 -1.456E-03
INSTANCE WITH CRITICAL ELEMENT: CORNEA-1
Output Field Frame Number    15, of     20, at step time 7.500E-02
    72863  8.000E-02 9.000E-02  00:01:57 1.09577E-06          27  1.493E-02 -1.496E-03
INSTANCE WITH CRITICAL ELEMENT: CORNEA-1
Output Field Frame Number    16, of     20, at step time 8.000E-02
    77415  8.500E-02 9.500E-02  00:02:03 1.09401E-06          27  2.708E-03 -1.529E-03
INSTANCE WITH CRITICAL ELEMENT: CORNEA-1
Output Field Frame Number    17, of     20, at step time 8.500E-02
    81967  9.000E-02 1.000E-01  00:02:09 1.09443E-06          27  1.108E-02 -1.525E-03
INSTANCE WITH CRITICAL ELEMENT: CORNEA-1
Output Field Frame Number    18, of     20, at step time 9.000E-02
    86521  9.500E-02 1.050E-01  00:02:15 1.09479E-06          27  1.440E-02 -1.485E-03
INSTANCE WITH CRITICAL ELEMENT: CORNEA-1
Output Field Frame Number    19, of     20, at step time 9.500E-02
    91072  1.000E-01 1.100E-01  00:02:20 1.09636E-06          27  2.278E-03 -1.455E-03
INSTANCE WITH CRITICAL ELEMENT: CORNEA-1
Restart Number  1 at 0.11000
Output Field Frame Number    20, of     20, at step time 1.000E-01
  EXPLICIT EXECUTABLE TIME SUMMARY
       USER TIME (SEC)      =   96.900
       SYSTEM TIME (SEC)    =   133.60
       WALLCLOCK TIME (SEC) =          140
              INIT (SEC) =          1
              MAIN (SEC) =        139

  THE ANALYSIS HAS COMPLETED SUCCESSFULLY

