Analysis initiated from SIMULIA established products
Abaqus JOB Job-2
Abaqus 2025
USING MEMORY DOUG-LEA ALLOCATOR
Abaqus License Manager checked out the following licenses:
Abaqus/Explicit checked out 5 tokens from Flexnet server localhost.
<9994 out of 9999 licenses remain available>.
Begin Analysis Input File Processor
2026/5/8 21:35:11
Run pre.exe
2026/5/8 21:35:19
End Analysis Input File Processor
Begin Abaqus/Explicit Packager
2026/5/8 21:35:19
PAC_NUM_THREADS VALUE: 1
Run package.exe
2026/5/8 21:35:26
End Abaqus/Explicit Packager
Begin Abaqus/Explicit Analysis
2026/5/8 21:35:26
Run explicit.exe
2026/5/8 21:37:53
End Abaqus/Explicit Analysis
Abaqus JOB Job-2 COMPLETED
