1
0
1
ASSEMBLY
6
BACK-SCLERA-1
BACK-SCLERA
CORNEA-1
CORNEA
CRYSTALLINE-1
CRYSTALLINE
FRONT-SCLERA-1
FRONT-SCLERA
TOUCH-LEN-1
TOUCH-LEN
VITREOUS-1
VITREOUS
6
BACK-SCLERA-1
58
2 1
3 2
4 3
5 4
6 5
7 6
8 7
9 8
10 9
11 10
12 11
13 12
14 13
15 14
16 15
17 16
18 17
19 18
20 19
21 20
22 21
23 22
24 23
25 24
26 25
27 26
28 27
29 28
30 29
31 30
32 31
33 32
34 33
35 34
36 35
37 36
38 37
39 38
40 39
41 40
42 41
43 42
44 43
45 44
46 45
47 46
48 47
49 48
50 49
51 50
52 51
53 52
54 53
55 54
56 55
57 56
58 57
59 58
-2147483647
CORNEA-1
14
-2147483646
0
48 1 16 5 0 1 0 -1 -1 498 1 -1879048189 60 498 
14
48 1 16 5 0 1 0 -1 -1 498 1 -1879048189 1 498 
CRYSTALLINE-1
14
-2147483646
0
48 1 16 5 0 1 0 -1 -1 438 1 -1879048189 558 438 
14
48 1 16 5 0 1 0 -1 -1 438 1 -1879048189 1 438 
FRONT-SCLERA-1
51
996 1
997 2
998 3
999 4
1000 5
1001 6
1002 7
1003 8
1004 9
1005 10
1006 11
1007 12
1008 13
1009 14
1010 15
1011 16
1012 17
1013 18
1014 19
1015 20
1016 21
1017 22
1018 23
1019 24
1020 25
1021 26
1022 27
1023 28
1024 29
1025 30
1026 31
1027 32
1028 33
1029 34
1030 35
1031 36
1032 37
1033 38
1034 39
1035 40
1036 41
1037 42
1038 43
1039 44
1040 45
1041 46
1042 47
1043 48
1044 49
1045 50
1046 51
-2147483647
TOUCH-LEN-1
88
1047 1
1048 2
1049 3
1050 4
1051 5
1052 6
1053 7
1054 8
1055 9
1056 10
1057 11
1058 12
1059 13
1060 14
1061 15
1062 16
1063 17
1064 18
1065 19
1066 20
1067 21
1068 22
1069 23
1070 24
1071 25
1072 26
1073 27
1074 28
1075 29
1076 30
1077 31
1078 32
1079 33
1080 34
1081 35
1082 36
1083 37
1084 38
1085 39
1086 40
1087 41
1088 42
1089 43
1090 44
1091 45
1092 46
1093 47
1094 48
1095 49
1096 50
1097 51
1098 52
1099 53
1100 54
1101 55
1102 56
1103 57
1104 58
1105 59
1106 60
1107 61
1108 62
1109 63
1110 64
1111 65
1112 66
1113 67
1114 68
1115 69
1116 70
1117 71
1118 72
1119 73
1120 74
1121 75
1122 76
1123 77
1124 78
1125 79
1126 80
1127 81
1128 82
1129 83
1130 84
1131 85
1132 86
1133 87
1134 88
-2147483647
VITREOUS-1
218
1135 1
1136 2
1137 3
1138 4
1139 5
1140 6
1141 7
1142 8
1143 9
1144 10
1145 11
1146 12
1147 13
1148 14
1149 15
1150 16
1151 17
1152 18
1153 19
1154 20
1155 21
1156 22
1157 23
1158 24
1159 25
1160 26
1161 27
1162 28
1163 29
1164 30
1165 31
1166 32
1167 33
1168 34
1169 35
1170 36
1171 37
1172 38
1173 39
1174 40
1175 41
1176 42
1177 43
1178 44
1179 45
1180 46
1181 47
1182 48
1183 49
1184 50
1185 51
1186 52
1187 53
1188 54
1189 55
1190 56
1191 57
1192 58
1193 59
1194 60
1195 61
1196 62
1197 63
1198 64
1199 65
1200 66
1201 67
1202 68
1203 69
1204 70
1205 71
1206 72
1207 73
1208 74
1209 75
1210 76
1211 77
1212 78
1213 79
1214 80
1215 81
1216 82
1217 83
1218 84
1219 85
1220 86
1221 87
1222 88
1223 89
1224 90
1225 91
1226 92
1227 93
1228 94
1229 95
1230 96
1231 97
1232 98
1233 99
1234 100
1235 101
1236 102
1237 103
1238 104
1239 105
1240 106
1241 107
1242 108
1243 109
1244 110
1245 111
1246 112
1247 113
1248 114
1249 115
1250 116
1251 117
1252 118
1253 119
1254 120
1255 121
1256 122
1257 123
1258 124
1259 125
1260 126
1261 127
1262 128
1263 129
1264 130
1265 131
1266 132
1267 133
1268 134
1269 135
1270 136
1271 137
1272 138
1273 139
1274 140
1275 141
1276 142
1277 143
1278 144
1279 145
1280 146
1281 147
1282 148
1283 149
1284 150
1285 151
1286 152
1287 153
1288 154
1289 155
1290 156
1291 157
1292 158
1293 159
1294 160
1295 161
1296 162
1297 163
1298 164
1299 165
1300 166
1301 167
1302 168
1303 169
1304 170
1305 171
1306 172
1307 173
1308 174
1309 175
1310 176
1311 177
1312 178
1313 179
1314 180
1315 181
1316 182
1317 183
1318 184
1319 185
1320 186
1321 187
1322 188
1323 189
1324 190
1325 191
1326 192
1327 193
1328 194
1329 195
1330 196
1331 197
1332 198
1333 199
1334 200
1335 201
1336 202
1337 203
1338 204
1339 205
1340 206
1341 207
1342 208
1343 209
1344 210
1345 211
1346 212
1347 213
1348 214
1349 215
1350 216
1351 217
1352 218
-2147483647
1
1 1
-2147483647
6
BACK-SCLERA-1
28
1 1
2 2
3 3
4 4
5 5
6 6
7 7
8 8
9 9
10 10
11 11
12 12
13 13
14 14
15 15
16 16
17 17
18 18
19 19
20 20
21 21
22 22
23 23
24 24
25 25
26 26
27 27
28 28
-2147483647
CORNEA-1
14
-2147483646
0
48 1 16 5 0 1 0 -1 -1 437 1 -1879048189 29 437 
14
48 1 16 5 0 1 0 -1 -1 437 1 -1879048189 1 437 
CRYSTALLINE-1
14
-2147483646
0
48 1 16 5 0 1 0 -1 -1 403 1 -1879048189 466 403 
14
48 1 16 5 0 1 0 -1 -1 403 1 -1879048189 1 403 
FRONT-SCLERA-1
32
869 1
870 2
871 3
872 4
873 5
874 6
875 7
876 8
877 9
878 10
879 11
880 12
881 13
882 14
883 15
884 16
885 17
886 18
887 19
888 20
889 21
890 22
891 23
892 24
893 25
894 26
895 27
896 28
897 29
898 30
899 31
900 32
-2147483647
TOUCH-LEN-1
63
901 1
902 2
903 3
904 4
905 5
906 6
907 7
908 8
909 9
910 10
911 11
912 12
913 13
914 14
915 15
916 16
917 17
918 18
919 19
920 20
921 21
922 22
923 23
924 24
925 25
926 26
927 27
928 28
929 29
930 30
931 31
932 32
933 33
934 34
935 35
936 36
937 37
938 38
939 39
940 40
941 41
942 42
943 43
944 44
945 45
946 46
947 47
948 48
949 49
950 50
951 51
952 52
953 53
954 54
955 55
956 56
957 57
958 58
959 59
960 60
961 61
962 62
963 63
-2147483647
VITREOUS-1
195
964 1
965 2
966 3
967 4
968 5
969 6
970 7
971 8
972 9
973 10
974 11
975 12
976 13
977 14
978 15
979 16
980 17
981 18
982 19
983 20
984 21
985 22
986 23
987 24
988 25
989 26
990 27
991 28
992 29
993 30
994 31
995 32
996 33
997 34
998 35
999 36
1000 37
1001 38
1002 39
1003 40
1004 41
1005 42
1006 43
1007 44
1008 45
1009 46
1010 47
1011 48
1012 49
1013 50
1014 51
1015 52
1016 53
1017 54
1018 55
1019 56
1020 57
1021 58
1022 59
1023 60
1024 61
1025 62
1026 63
1027 64
1028 65
1029 66
1030 67
1031 68
1032 69
1033 70
1034 71
1035 72
1036 73
1037 74
1038 75
1039 76
1040 77
1041 78
1042 79
1043 80
1044 81
1045 82
1046 83
1047 84
1048 85
1049 86
1050 87
1051 88
1052 89
1053 90
1054 91
1055 92
1056 93
1057 94
1058 95
1059 96
1060 97
1061 98
1062 99
1063 100
1064 101
1065 102
1066 103
1067 104
1068 105
1069 106
1070 107
1071 108
1072 109
1073 110
1074 111
1075 112
1076 113
1077 114
1078 115
1079 116
1080 117
1081 118
1082 119
1083 120
1084 121
1085 122
1086 123
1087 124
1088 125
1089 126
1090 127
1091 128
1092 129
1093 130
1094 131
1095 132
1096 133
1097 134
1098 135
1099 136
1100 137
1101 138
1102 139
1103 140
1104 141
1105 142
1106 143
1107 144
1108 145
1109 146
1110 147
1111 148
1112 149
1113 150
1114 151
1115 152
1116 153
1117 154
1118 155
1119 156
1120 157
1121 158
1122 159
1123 160
1124 161
1125 162
1126 163
1127 164
1128 165
1129 166
1130 167
1131 168
1132 169
1133 170
1134 171
1135 172
1136 173
1137 174
1138 175
1139 176
1140 177
1141 178
1142 179
1143 180
1144 181
1145 182
1146 183
1147 184
1148 185
1149 186
1150 187
1151 188
1152 189
1153 190
1154 191
1155 192
1156 193
1157 194
1158 195
-2147483647
0
19
 PIBATCH
0
2
0
6
BACK-SCLERA-1
28
1 2 3 4 5 6 7 8 9 10 11 12 13 14 15 16 17 18 19 20 21 22 23 24 25 26 27 28 
FRONT-SCLERA-1
32
869 870 871 872 873 874 875 876 877 878 879 880 881 882 883 884 885 886 887 888 889 890 891 892 893 894 895 896 897 898 899 900 
TOUCH-LEN-1
63
901 902 903 904 905 906 907 908 909 910 911 912 913 914 915 916 917 918 919 920 921 922 923 924 925 926 927 928 929 930 931 932 933 934 935 936 937 938 939 940 941 942 943 944 945 946 947 948 949 950 951 952 953 954 955 956 957 958 959 960 961 962 963 
VITREOUS-1
195
964 965 966 967 968 969 970 971 972 973 974 975 976 977 978 979 980 981 982 983 984 985 986 987 988 989 990 991 992 993 994 995 996 997 998 999 1000 1001 1002 1003 1004 1005 1006 1007 1008 1009 1010 1011 1012 1013 1014 1015 1016 1017 1018 1019 1020 1021 1022 1023 1024 1025 1026 1027 1028 1029 1030 1031 1032 1033 1034 1035 1036 1037 1038 1039 1040 1041 1042 1043 1044 1045 1046 1047 1048 1049 1050 1051 1052 1053 1054 1055 1056 1057 1058 1059 1060 1061 1062 1063 1064 1065 1066 1067 1068 1069 1070 1071 1072 1073 1074 1075 1076 1077 1078 1079 1080 1081 1082 1083 1084 1085 1086 1087 1088 1089 1090 1091 1092 1093 1094 1095 1096 1097 1098 1099 1100 1101 1102 1103 1104 1105 1106 1107 1108 1109 1110 1111 1112 1113 1114 1115 1116 1117 1118 1119 1120 1121 1122 1123 1124 1125 1126 1127 1128 1129 1130 1131 1132 1133 1134 1135 1136 1137 1138 1139 1140 1141 1142 1143 1144 1145 1146 1147 1148 1149 1150 1151 1152 1153 1154 1155 1156 1157 1158 
CORNEA-1
14
-2147483647
48 1 16 5 0 1 0 -1 -1 437 1 -1879048189 29 437 
CRYSTALLINE-1
14
-2147483647
48 1 16 5 0 1 0 -1 -1 403 1 -1879048189 466 403 
0
_PICKEDSET31
0
2
0
2
BACK-SCLERA-1
28
1 2 3 4 5 6 7 8 9 10 11 12 13 14 15 16 17 18 19 20 21 22 23 24 25 26 27 28 
FRONT-SCLERA-1
16
869 871 873 875 877 879 881 883 885 887 890 892 894 896 898 900 
0
_PICKEDSET76
0
2
0
5
BACK-SCLERA-1
1
28 
TOUCH-LEN-1
3
921 942 963 
VITREOUS-1
13
990 993 995 996 999 1001 1003 1005 1006 1008 1009 1030 1086 
CORNEA-1
10
34 40 46 52 58 64 75 257 267 278 
CRYSTALLINE-1
23
475 479 492 493 501 503 505 507 509 510 511 514 515 550 591 593 608 625 634 638 641 643 645 
0
__PICKEDSURF109_S1
0
2
0
3
CORNEA-1
15
66 87 102 105 167 219 225 226 228 235 236 238 239 240 423 
VITREOUS-1
3
965 971 972 
CRYSTALLINE-1
1
527 
0
__PICKEDSURF109_S2
0
2
0
3
CORNEA-1
15
68 124 134 139 140 147 164 166 171 191 231 232 234 243 292 
VITREOUS-1
1
980 
CRYSTALLINE-1
16
482 484 485 490 493 526 529 534 535 537 541 549 551 554 557 862 
0
__PICKEDSURF109_S3
0
2
0
2
CORNEA-1
13
59 60 61 62 63 64 99 101 103 150 217 237 289 
VITREOUS-1
2
968 970 
0
__PICKEDSURF109_S4
0
2
0
3
CORNEA-1
15
85 86 122 123 148 149 161 162 188 210 218 229 230 233 242 
FRONT-SCLERA-1
6
889 891 893 895 897 899 
CRYSTALLINE-1
12
471 476 477 480 483 491 528 530 532 539 548 553 
0
__PICKEDSURF23_S2
0
2
0
1
CORNEA-1
2
436 463 
0
__PICKEDSURF23_S3
0
2
0
2
CORNEA-1
4
441 442 451 458 
FRONT-SCLERA-1
2
899 900 
0
__PICKEDSURF23_S4
0
2
0
1
CORNEA-1
2
450 452 
0
__PICKEDSURF24_S2
0
2
0
1
CORNEA-1
2
436 463 
0
__PICKEDSURF24_S3
0
2
0
1
CORNEA-1
4
441 442 451 458 
0
__PICKEDSURF24_S4
0
2
0
1
CORNEA-1
2
450 452 
0
__PICKEDSURF25_S4
0
2
0
1
BACK-SCLERA-1
1
1 
0
__PICKEDSURF26_S3
0
2
0
1
FRONT-SCLERA-1
2
887 888 
0
__PICKEDSURF73_S1
0
2
0
1
TOUCH-LEN-1
21
901 902 903 904 905 906 907 908 909 910 911 912 913 914 915 916 917 918 919 920 921 
0
__PICKEDSURF73_S2
0
2
0
1
TOUCH-LEN-1
3
921 942 963 
0
__PICKEDSURF73_S3
0
2
0
1
TOUCH-LEN-1
21
943 944 945 946 947 948 949 950 951 952 953 954 955 956 957 958 959 960 961 962 963 
0
__PICKEDSURF73_S4
0
2
0
1
TOUCH-LEN-1
3
901 922 943 
0
6
BACK-SCLERA-1
4
 P       1 PIBATCH
0
2
28
1 2 3 4 5 6 7 8 9 10 11 12 13 14 15 16 17 18 19 20 21 22 23 24 25 26 27 28 
0
0
 P       1_PICKEDSET31
0
2
28
1 2 3 4 5 6 7 8 9 10 11 12 13 14 15 16 17 18 19 20 21 22 23 24 25 26 27 28 
0
0
 P       1_PICKEDSET76
0
2
1
28 
0
0
_PICKEDSET2
0
2
28
1 2 3 4 5 6 7 8 9 10 11 12 13 14 15 16 17 18 19 20 21 22 23 24 25 26 27 28 
0
0
0
FRONT-SCLERA-1
5
 P       4 PIBATCH
0
2
32
869 870 871 872 873 874 875 876 877 878 879 880 881 882 883 884 885 886 887 888 889 890 891 892 893 894 895 896 897 898 899 900 
0
0
 P       4_PICKEDSET31
0
2
16
869 871 873 875 877 879 881 883 885 887 890 892 894 896 898 900 
0
0
 P       4__PICKEDSURF109_S4
0
2
6
889 891 893 895 897 899 
0
0
 P       4__PICKEDSURF23_S3
0
2
2
899 900 
0
0
_PICKEDSET2
0
2
32
869 870 871 872 873 874 875 876 877 878 879 880 881 882 883 884 885 886 887 888 889 890 891 892 893 894 895 896 897 898 899 900 
0
0
0
VITREOUS-1
6
 P       6 PIBATCH
0
2
195
964 965 966 967 968 969 970 971 972 973 974 975 976 977 978 979 980 981 982 983 984 985 986 987 988 989 990 991 992 993 994 995 996 997 998 999 1000 1001 1002 1003 1004 1005 1006 1007 1008 1009 1010 1011 1012 1013 1014 1015 1016 1017 1018 1019 1020 1021 1022 1023 1024 1025 1026 1027 1028 1029 1030 1031 1032 1033 1034 1035 1036 1037 1038 1039 1040 1041 1042 1043 1044 1045 1046 1047 1048 1049 1050 1051 1052 1053 1054 1055 1056 1057 1058 1059 1060 1061 1062 1063 1064 1065 1066 1067 1068 1069 1070 1071 1072 1073 1074 1075 1076 1077 1078 1079 1080 1081 1082 1083 1084 1085 1086 1087 1088 1089 1090 1091 1092 1093 1094 1095 1096 1097 1098 1099 1100 1101 1102 1103 1104 1105 1106 1107 1108 1109 1110 1111 1112 1113 1114 1115 1116 1117 1118 1119 1120 1121 1122 1123 1124 1125 1126 1127 1128 1129 1130 1131 1132 1133 1134 1135 1136 1137 1138 1139 1140 1141 1142 1143 1144 1145 1146 1147 1148 1149 1150 1151 1152 1153 1154 1155 1156 1157 1158 
0
0
 P       6_PICKEDSET76
0
2
13
990 993 995 996 999 1001 1003 1005 1006 1008 1009 1030 1086 
0
0
 P       6__PICKEDSURF109_S1
0
2
3
965 971 972 
0
0
 P       6__PICKEDSURF109_S2
0
2
1
980 
0
0
 P       6__PICKEDSURF109_S3
0
2
2
968 970 
0
0
_PICKEDSET2
0
2
195
964 965 966 967 968 969 970 971 972 973 974 975 976 977 978 979 980 981 982 983 984 985 986 987 988 989 990 991 992 993 994 995 996 997 998 999 1000 1001 1002 1003 1004 1005 1006 1007 1008 1009 1010 1011 1012 1013 1014 1015 1016 1017 1018 1019 1020 1021 1022 1023 1024 1025 1026 1027 1028 1029 1030 1031 1032 1033 1034 1035 1036 1037 1038 1039 1040 1041 1042 1043 1044 1045 1046 1047 1048 1049 1050 1051 1052 1053 1054 1055 1056 1057 1058 1059 1060 1061 1062 1063 1064 1065 1066 1067 1068 1069 1070 1071 1072 1073 1074 1075 1076 1077 1078 1079 1080 1081 1082 1083 1084 1085 1086 1087 1088 1089 1090 1091 1092 1093 1094 1095 1096 1097 1098 1099 1100 1101 1102 1103 1104 1105 1106 1107 1108 1109 1110 1111 1112 1113 1114 1115 1116 1117 1118 1119 1120 1121 1122 1123 1124 1125 1126 1127 1128 1129 1130 1131 1132 1133 1134 1135 1136 1137 1138 1139 1140 1141 1142 1143 1144 1145 1146 1147 1148 1149 1150 1151 1152 1153 1154 1155 1156 1157 1158 
0
0
0
TOUCH-LEN-1
3
 P       5 PIBATCH
0
2
63
901 902 903 904 905 906 907 908 909 910 911 912 913 914 915 916 917 918 919 920 921 922 923 924 925 926 927 928 929 930 931 932 933 934 935 936 937 938 939 940 941 942 943 944 945 946 947 948 949 950 951 952 953 954 955 956 957 958 959 960 961 962 963 
0
0
 P       5_PICKEDSET76
0
2
3
921 942 963 
0
0
_PICKEDSET2
0
2
63
901 902 903 904 905 906 907 908 909 910 911 912 913 914 915 916 917 918 919 920 921 922 923 924 925 926 927 928 929 930 931 932 933 934 935 936 937 938 939 940 941 942 943 944 945 946 947 948 949 950 951 952 953 954 955 956 957 958 959 960 961 962 963 
0
0
0
CORNEA-1
8
 P       2 PIBATCH
0
2
14
-2147483647
48 1 16 5 0 1 0 -1 -1 437 1 -1879048189 29 437 
0
0
 P       2_PICKEDSET76
0
2
10
34 40 46 52 58 64 75 257 267 278 
0
0
 P       2__PICKEDSURF109_S1
0
2
15
66 87 102 105 167 219 225 226 228 235 236 238 239 240 423 
0
0
 P       2__PICKEDSURF109_S2
0
2
15
68 124 134 139 140 147 164 166 171 191 231 232 234 243 292 
0
0
 P       2__PICKEDSURF109_S3
0
2
13
59 60 61 62 63 64 99 101 103 150 217 237 289 
0
0
 P       2__PICKEDSURF109_S4
0
2
15
85 86 122 123 148 149 161 162 188 210 218 229 230 233 242 
0
0
 P       2__PICKEDSURF23_S3
0
2
4
441 442 451 458 
0
0
_PICKEDSET2
0
2
14
-2147483647
48 1 16 5 0 1 0 -1 -1 437 1 -1879048189 29 437 
0
0
0
CRYSTALLINE-1
6
 P       3 PIBATCH
0
2
14
-2147483647
48 1 16 5 0 1 0 -1 -1 403 1 -1879048189 466 403 
0
0
 P       3_PICKEDSET76
0
2
23
475 479 492 493 501 503 505 507 509 510 511 514 515 550 591 593 608 625 634 638 641 643 645 
0
0
 P       3__PICKEDSURF109_S1
0
2
1
527 
0
0
 P       3__PICKEDSURF109_S2
0
2
16
482 484 485 490 493 526 529 534 535 537 541 549 551 554 557 862 
0
0
 P       3__PICKEDSURF109_S4
0
2
12
471 476 477 480 483 491 528 530 532 539 548 553 
0
0
_PICKEDSET2
0
2
14
-2147483647
48 1 16 5 0 1 0 -1 -1 403 1 -1879048189 466 403 
0
0
0
5
 PIBATCH
0
2
0
7

1
1 
BACK-SCLERA-1
58
2 3 4 5 6 7 8 9 10 11 12 13 14 15 16 17 18 19 20 21 22 23 24 25 26 27 28 29 30 31 32 33 34 35 36 37 38 39 40 41 42 43 44 45 46 47 48 49 50 51 52 53 54 55 56 57 58 59 
FRONT-SCLERA-1
51
996 997 998 999 1000 1001 1002 1003 1004 1005 1006 1007 1008 1009 1010 1011 1012 1013 1014 1015 1016 1017 1018 1019 1020 1021 1022 1023 1024 1025 1026 1027 1028 1029 1030 1031 1032 1033 1034 1035 1036 1037 1038 1039 1040 1041 1042 1043 1044 1045 1046 
TOUCH-LEN-1
88
1047 1048 1049 1050 1051 1052 1053 1054 1055 1056 1057 1058 1059 1060 1061 1062 1063 1064 1065 1066 1067 1068 1069 1070 1071 1072 1073 1074 1075 1076 1077 1078 1079 1080 1081 1082 1083 1084 1085 1086 1087 1088 1089 1090 1091 1092 1093 1094 1095 1096 1097 1098 1099 1100 1101 1102 1103 1104 1105 1106 1107 1108 1109 1110 1111 1112 1113 1114 1115 1116 1117 1118 1119 1120 1121 1122 1123 1124 1125 1126 1127 1128 1129 1130 1131 1132 1133 1134 
VITREOUS-1
218
1135 1136 1137 1138 1139 1140 1141 1142 1143 1144 1145 1146 1147 1148 1149 1150 1151 1152 1153 1154 1155 1156 1157 1158 1159 1160 1161 1162 1163 1164 1165 1166 1167 1168 1169 1170 1171 1172 1173 1174 1175 1176 1177 1178 1179 1180 1181 1182 1183 1184 1185 1186 1187 1188 1189 1190 1191 1192 1193 1194 1195 1196 1197 1198 1199 1200 1201 1202 1203 1204 1205 1206 1207 1208 1209 1210 1211 1212 1213 1214 1215 1216 1217 1218 1219 1220 1221 1222 1223 1224 1225 1226 1227 1228 1229 1230 1231 1232 1233 1234 1235 1236 1237 1238 1239 1240 1241 1242 1243 1244 1245 1246 1247 1248 1249 1250 1251 1252 1253 1254 1255 1256 1257 1258 1259 1260 1261 1262 1263 1264 1265 1266 1267 1268 1269 1270 1271 1272 1273 1274 1275 1276 1277 1278 1279 1280 1281 1282 1283 1284 1285 1286 1287 1288 1289 1290 1291 1292 1293 1294 1295 1296 1297 1298 1299 1300 1301 1302 1303 1304 1305 1306 1307 1308 1309 1310 1311 1312 1313 1314 1315 1316 1317 1318 1319 1320 1321 1322 1323 1324 1325 1326 1327 1328 1329 1330 1331 1332 1333 1334 1335 1336 1337 1338 1339 1340 1341 1342 1343 1344 1345 1346 1347 1348 1349 1350 1351 1352 
CORNEA-1
14
-2147483647
48 1 16 5 0 1 0 -1 -1 498 1 -1879048189 60 498 
CRYSTALLINE-1
14
-2147483647
48 1 16 5 0 1 0 -1 -1 438 1 -1879048189 558 438 
0
_PICKEDSET31
0
2
0
2
BACK-SCLERA-1
29
31 32 33 34 35 36 37 38 39 40 41 42 43 44 45 46 47 48 49 50 51 52 53 54 55 56 57 58 59 
FRONT-SCLERA-1
17
996 999 1000 1013 1014 1015 1016 1017 1018 1019 1020 1021 1022 1023 1024 1025 1026 
0
_PICKEDSET74
0
2
1
1 
0
0
_PICKEDSET75
0
2
1
1 
0
0
_PICKEDSET76
0
2
0
5
BACK-SCLERA-1
2
30 59 
TOUCH-LEN-1
4
1068 1090 1112 1134 
VITREOUS-1
14
1139 1140 1155 1156 1157 1158 1159 1160 1161 1162 1163 1164 1165 1166 
CORNEA-1
11
61 62 66 73 74 75 76 77 199 200 201 
CRYSTALLINE-1
24
563 564 586 587 588 589 590 591 592 593 594 595 596 597 598 599 600 601 602 603 604 605 606 607 
0
7
BACK-SCLERA-1
4
 P       1 PIBATCH
0
2
58
2 3 4 5 6 7 8 9 10 11 12 13 14 15 16 17 18 19 20 21 22 23 24 25 26 27 28 29 30 31 32 33 34 35 36 37 38 39 40 41 42 43 44 45 46 47 48 49 50 51 52 53 54 55 56 57 58 59 
0
0
 P       1_PICKEDSET31
0
2
29
31 32 33 34 35 36 37 38 39 40 41 42 43 44 45 46 47 48 49 50 51 52 53 54 55 56 57 58 59 
0
0
 P       1_PICKEDSET76
0
2
2
30 59 
0
0
_PICKEDSET2
0
2
58
2 3 4 5 6 7 8 9 10 11 12 13 14 15 16 17 18 19 20 21 22 23 24 25 26 27 28 29 30 31 32 33 34 35 36 37 38 39 40 41 42 43 44 45 46 47 48 49 50 51 52 53 54 55 56 57 58 59 
0
0
0
FRONT-SCLERA-1
3
 P       4 PIBATCH
0
2
51
996 997 998 999 1000 1001 1002 1003 1004 1005 1006 1007 1008 1009 1010 1011 1012 1013 1014 1015 1016 1017 1018 1019 1020 1021 1022 1023 1024 1025 1026 1027 1028 1029 1030 1031 1032 1033 1034 1035 1036 1037 1038 1039 1040 1041 1042 1043 1044 1045 1046 
0
0
 P       4_PICKEDSET31
0
2
17
996 999 1000 1013 1014 1015 1016 1017 1018 1019 1020 1021 1022 1023 1024 1025 1026 
0
0
_PICKEDSET2
0
2
51
996 997 998 999 1000 1001 1002 1003 1004 1005 1006 1007 1008 1009 1010 1011 1012 1013 1014 1015 1016 1017 1018 1019 1020 1021 1022 1023 1024 1025 1026 1027 1028 1029 1030 1031 1032 1033 1034 1035 1036 1037 1038 1039 1040 1041 1042 1043 1044 1045 1046 
0
0
0

1
 P       0 PIBATCH
0
2
1
1 
0
0
0
VITREOUS-1
3
 P       6 PIBATCH
0
2
218
1135 1136 1137 1138 1139 1140 1141 1142 1143 1144 1145 1146 1147 1148 1149 1150 1151 1152 1153 1154 1155 1156 1157 1158 1159 1160 1161 1162 1163 1164 1165 1166 1167 1168 1169 1170 1171 1172 1173 1174 1175 1176 1177 1178 1179 1180 1181 1182 1183 1184 1185 1186 1187 1188 1189 1190 1191 1192 1193 1194 1195 1196 1197 1198 1199 1200 1201 1202 1203 1204 1205 1206 1207 1208 1209 1210 1211 1212 1213 1214 1215 1216 1217 1218 1219 1220 1221 1222 1223 1224 1225 1226 1227 1228 1229 1230 1231 1232 1233 1234 1235 1236 1237 1238 1239 1240 1241 1242 1243 1244 1245 1246 1247 1248 1249 1250 1251 1252 1253 1254 1255 1256 1257 1258 1259 1260 1261 1262 1263 1264 1265 1266 1267 1268 1269 1270 1271 1272 1273 1274 1275 1276 1277 1278 1279 1280 1281 1282 1283 1284 1285 1286 1287 1288 1289 1290 1291 1292 1293 1294 1295 1296 1297 1298 1299 1300 1301 1302 1303 1304 1305 1306 1307 1308 1309 1310 1311 1312 1313 1314 1315 1316 1317 1318 1319 1320 1321 1322 1323 1324 1325 1326 1327 1328 1329 1330 1331 1332 1333 1334 1335 1336 1337 1338 1339 1340 1341 1342 1343 1344 1345 1346 1347 1348 1349 1350 1351 1352 
0
0
 P       6_PICKEDSET76
0
2
14
1139 1140 1155 1156 1157 1158 1159 1160 1161 1162 1163 1164 1165 1166 
0
0
_PICKEDSET2
0
2
218
1135 1136 1137 1138 1139 1140 1141 1142 1143 1144 1145 1146 1147 1148 1149 1150 1151 1152 1153 1154 1155 1156 1157 1158 1159 1160 1161 1162 1163 1164 1165 1166 1167 1168 1169 1170 1171 1172 1173 1174 1175 1176 1177 1178 1179 1180 1181 1182 1183 1184 1185 1186 1187 1188 1189 1190 1191 1192 1193 1194 1195 1196 1197 1198 1199 1200 1201 1202 1203 1204 1205 1206 1207 1208 1209 1210 1211 1212 1213 1214 1215 1216 1217 1218 1219 1220 1221 1222 1223 1224 1225 1226 1227 1228 1229 1230 1231 1232 1233 1234 1235 1236 1237 1238 1239 1240 1241 1242 1243 1244 1245 1246 1247 1248 1249 1250 1251 1252 1253 1254 1255 1256 1257 1258 1259 1260 1261 1262 1263 1264 1265 1266 1267 1268 1269 1270 1271 1272 1273 1274 1275 1276 1277 1278 1279 1280 1281 1282 1283 1284 1285 1286 1287 1288 1289 1290 1291 1292 1293 1294 1295 1296 1297 1298 1299 1300 1301 1302 1303 1304 1305 1306 1307 1308 1309 1310 1311 1312 1313 1314 1315 1316 1317 1318 1319 1320 1321 1322 1323 1324 1325 1326 1327 1328 1329 1330 1331 1332 1333 1334 1335 1336 1337 1338 1339 1340 1341 1342 1343 1344 1345 1346 1347 1348 1349 1350 1351 1352 
0
0
0
TOUCH-LEN-1
3
 P       5 PIBATCH
0
2
88
1047 1048 1049 1050 1051 1052 1053 1054 1055 1056 1057 1058 1059 1060 1061 1062 1063 1064 1065 1066 1067 1068 1069 1070 1071 1072 1073 1074 1075 1076 1077 1078 1079 1080 1081 1082 1083 1084 1085 1086 1087 1088 1089 1090 1091 1092 1093 1094 1095 1096 1097 1098 1099 1100 1101 1102 1103 1104 1105 1106 1107 1108 1109 1110 1111 1112 1113 1114 1115 1116 1117 1118 1119 1120 1121 1122 1123 1124 1125 1126 1127 1128 1129 1130 1131 1132 1133 1134 
0
0
 P       5_PICKEDSET76
0
2
4
1068 1090 1112 1134 
0
0
_PICKEDSET2
0
2
88
1047 1048 1049 1050 1051 1052 1053 1054 1055 1056 1057 1058 1059 1060 1061 1062 1063 1064 1065 1066 1067 1068 1069 1070 1071 1072 1073 1074 1075 1076 1077 1078 1079 1080 1081 1082 1083 1084 1085 1086 1087 1088 1089 1090 1091 1092 1093 1094 1095 1096 1097 1098 1099 1100 1101 1102 1103 1104 1105 1106 1107 1108 1109 1110 1111 1112 1113 1114 1115 1116 1117 1118 1119 1120 1121 1122 1123 1124 1125 1126 1127 1128 1129 1130 1131 1132 1133 1134 
0
0
0
CORNEA-1
3
 P       2 PIBATCH
0
2
14
-2147483647
48 1 16 5 0 1 0 -1 -1 498 1 -1879048189 60 498 
0
0
 P       2_PICKEDSET76
0
2
11
61 62 66 73 74 75 76 77 199 200 201 
0
0
_PICKEDSET2
0
2
14
-2147483647
48 1 16 5 0 1 0 -1 -1 498 1 -1879048189 60 498 
0
0
0
CRYSTALLINE-1
3
 P       3 PIBATCH
0
2
14
-2147483647
48 1 16 5 0 1 0 -1 -1 438 1 -1879048189 558 438 
0
0
 P       3_PICKEDSET76
0
2
24
563 564 586 587 588 589 590 591 592 593 594 595 596 597 598 599 600 601 602 603 604 605 606 607 
0
0
_PICKEDSET2
0
2
14
-2147483647
48 1 16 5 0 1 0 -1 -1 438 1 -1879048189 558 438 
0
0
0
0
6
_PICKEDSURF109
1
0
0
4
CORNEA-1
0
0
4
S1
15
66 87 102 105 167 219 225 226 228 235 236 238 239 240 423 
S2
15
68 124 134 139 140 147 164 166 171 191 231 232 234 243 292 
S4
15
85 86 122 123 148 149 161 162 188 210 218 229 230 233 242 
S3
13
59 60 61 62 63 64 99 101 103 150 217 237 289 
CRYSTALLINE-1
0
0
3
S1
1
527 
S2
16
482 484 485 490 493 526 529 534 535 537 541 549 551 554 557 862 
S4
12
471 476 477 480 483 491 528 530 532 539 548 553 
FRONT-SCLERA-1
0
0
1
S4
6
889 891 893 895 897 899 
VITREOUS-1
0
0
3
S1
3
965 971 972 
S2
1
980 
S3
2
968 970 
_PICKEDSURF23
1
0
0
2
CORNEA-1
0
0
3
S2
2
436 463 
S3
4
441 442 451 458 
S4
2
450 452 
FRONT-SCLERA-1
0
0
1
S3
2
899 900 
_PICKEDSURF24
1
0
0
1
CORNEA-1
0
0
3
S2
2
436 463 
S3
4
441 442 451 458 
S4
2
450 452 
_PICKEDSURF25
1
0
0
1
BACK-SCLERA-1
0
0
1
S4
1
1 
_PICKEDSURF26
1
0
0
1
FRONT-SCLERA-1
0
0
1
S3
2
887 888 
_PICKEDSURF73
1
0
0
1
TOUCH-LEN-1
0
0
4
S1
21
901 902 903 904 905 906 907 908 909 910 911 912 913 914 915 916 917 918 919 920 921 
S2
3
921 942 963 
S4
3
901 922 943 
S3
21
943 944 945 946 947 948 949 950 951 952 953 954 955 956 957 958 959 960 961 962 963 
1
0
1
ASSEMBLY
6
BACK-SCLERA-1
BACK-SCLERA
CORNEA-1
CORNEA
CRYSTALLINE-1
CRYSTALLINE
FRONT-SCLERA-1
FRONT-SCLERA
TOUCH-LEN-1
TOUCH-LEN
VITREOUS-1
VITREOUS
6
BACK-SCLERA-1
58
2 1
3 2
4 3
5 4
6 5
7 6
8 7
9 8
10 9
11 10
12 11
13 12
14 13
15 14
16 15
17 16
18 17
19 18
20 19
21 20
22 21
23 22
24 23
25 24
26 25
27 26
28 27
29 28
30 29
31 30
32 31
33 32
34 33
35 34
36 35
37 36
38 37
39 38
40 39
41 40
42 41
43 42
44 43
45 44
46 45
47 46
48 47
49 48
50 49
51 50
52 51
53 52
54 53
55 54
56 55
57 56
58 57
59 58
-2147483647
CORNEA-1
14
-2147483646
0
48 1 16 5 0 1 0 -1 -1 498 1 -1879048189 60 498 
14
48 1 16 5 0 1 0 -1 -1 498 1 -1879048189 1 498 
CRYSTALLINE-1
14
-2147483646
0
48 1 16 5 0 1 0 -1 -1 438 1 -1879048189 558 438 
14
48 1 16 5 0 1 0 -1 -1 438 1 -1879048189 1 438 
FRONT-SCLERA-1
51
996 1
997 2
998 3
999 4
1000 5
1001 6
1002 7
1003 8
1004 9
1005 10
1006 11
1007 12
1008 13
1009 14
1010 15
1011 16
1012 17
1013 18
1014 19
1015 20
1016 21
1017 22
1018 23
1019 24
1020 25
1021 26
1022 27
1023 28
1024 29
1025 30
1026 31
1027 32
1028 33
1029 34
1030 35
1031 36
1032 37
1033 38
1034 39
1035 40
1036 41
1037 42
1038 43
1039 44
1040 45
1041 46
1042 47
1043 48
1044 49
1045 50
1046 51
-2147483647
TOUCH-LEN-1
88
1047 1
1048 2
1049 3
1050 4
1051 5
1052 6
1053 7
1054 8
1055 9
1056 10
1057 11
1058 12
1059 13
1060 14
1061 15
1062 16
1063 17
1064 18
1065 19
1066 20
1067 21
1068 22
1069 23
1070 24
1071 25
1072 26
1073 27
1074 28
1075 29
1076 30
1077 31
1078 32
1079 33
1080 34
1081 35
1082 36
1083 37
1084 38
1085 39
1086 40
1087 41
1088 42
1089 43
1090 44
1091 45
1092 46
1093 47
1094 48
1095 49
1096 50
1097 51
1098 52
1099 53
1100 54
1101 55
1102 56
1103 57
1104 58
1105 59
1106 60
1107 61
1108 62
1109 63
1110 64
1111 65
1112 66
1113 67
1114 68
1115 69
1116 70
1117 71
1118 72
1119 73
1120 74
1121 75
1122 76
1123 77
1124 78
1125 79
1126 80
1127 81
1128 82
1129 83
1130 84
1131 85
1132 86
1133 87
1134 88
-2147483647
VITREOUS-1
218
1135 1
1136 2
1137 3
1138 4
1139 5
1140 6
1141 7
1142 8
1143 9
1144 10
1145 11
1146 12
1147 13
1148 14
1149 15
1150 16
1151 17
1152 18
1153 19
1154 20
1155 21
1156 22
1157 23
1158 24
1159 25
1160 26
1161 27
1162 28
1163 29
1164 30
1165 31
1166 32
1167 33
1168 34
1169 35
1170 36
1171 37
1172 38
1173 39
1174 40
1175 41
1176 42
1177 43
1178 44
1179 45
1180 46
1181 47
1182 48
1183 49
1184 50
1185 51
1186 52
1187 53
1188 54
1189 55
1190 56
1191 57
1192 58
1193 59
1194 60
1195 61
1196 62
1197 63
1198 64
1199 65
1200 66
1201 67
1202 68
1203 69
1204 70
1205 71
1206 72
1207 73
1208 74
1209 75
1210 76
1211 77
1212 78
1213 79
1214 80
1215 81
1216 82
1217 83
1218 84
1219 85
1220 86
1221 87
1222 88
1223 89
1224 90
1225 91
1226 92
1227 93
1228 94
1229 95
1230 96
1231 97
1232 98
1233 99
1234 100
1235 101
1236 102
1237 103
1238 104
1239 105
1240 106
1241 107
1242 108
1243 109
1244 110
1245 111
1246 112
1247 113
1248 114
1249 115
1250 116
1251 117
1252 118
1253 119
1254 120
1255 121
1256 122
1257 123
1258 124
1259 125
1260 126
1261 127
1262 128
1263 129
1264 130
1265 131
1266 132
1267 133
1268 134
1269 135
1270 136
1271 137
1272 138
1273 139
1274 140
1275 141
1276 142
1277 143
1278 144
1279 145
1280 146
1281 147
1282 148
1283 149
1284 150
1285 151
1286 152
1287 153
1288 154
1289 155
1290 156
1291 157
1292 158
1293 159
1294 160
1295 161
1296 162
1297 163
1298 164
1299 165
1300 166
1301 167
1302 168
1303 169
1304 170
1305 171
1306 172
1307 173
1308 174
1309 175
1310 176
1311 177
1312 178
1313 179
1314 180
1315 181
1316 182
1317 183
1318 184
1319 185
1320 186
1321 187
1322 188
1323 189
1324 190
1325 191
1326 192
1327 193
1328 194
1329 195
1330 196
1331 197
1332 198
1333 199
1334 200
1335 201
1336 202
1337 203
1338 204
1339 205
1340 206
1341 207
1342 208
1343 209
1344 210
1345 211
1346 212
1347 213
1348 214
1349 215
1350 216
1351 217
1352 218
-2147483647
1
1 1
-2147483647
6
BACK-SCLERA-1
28
1 1
2 2
3 3
4 4
5 5
6 6
7 7
8 8
9 9
10 10
11 11
12 12
13 13
14 14
15 15
16 16
17 17
18 18
19 19
20 20
21 21
22 22
23 23
24 24
25 25
26 26
27 27
28 28
-2147483647
CORNEA-1
14
-2147483646
0
48 1 16 5 0 1 0 -1 -1 437 1 -1879048189 29 437 
14
48 1 16 5 0 1 0 -1 -1 437 1 -1879048189 1 437 
CRYSTALLINE-1
14
-2147483646
0
48 1 16 5 0 1 0 -1 -1 403 1 -1879048189 466 403 
14
48 1 16 5 0 1 0 -1 -1 403 1 -1879048189 1 403 
FRONT-SCLERA-1
32
869 1
870 2
871 3
872 4
873 5
874 6
875 7
876 8
877 9
878 10
879 11
880 12
881 13
882 14
883 15
884 16
885 17
886 18
887 19
888 20
889 21
890 22
891 23
892 24
893 25
894 26
895 27
896 28
897 29
898 30
899 31
900 32
-2147483647
TOUCH-LEN-1
63
901 1
902 2
903 3
904 4
905 5
906 6
907 7
908 8
909 9
910 10
911 11
912 12
913 13
914 14
915 15
916 16
917 17
918 18
919 19
920 20
921 21
922 22
923 23
924 24
925 25
926 26
927 27
928 28
929 29
930 30
931 31
932 32
933 33
934 34
935 35
936 36
937 37
938 38
939 39
940 40
941 41
942 42
943 43
944 44
945 45
946 46
947 47
948 48
949 49
950 50
951 51
952 52
953 53
954 54
955 55
956 56
957 57
958 58
959 59
960 60
961 61
962 62
963 63
-2147483647
VITREOUS-1
195
964 1
965 2
966 3
967 4
968 5
969 6
970 7
971 8
972 9
973 10
974 11
975 12
976 13
977 14
978 15
979 16
980 17
981 18
982 19
983 20
984 21
985 22
986 23
987 24
988 25
989 26
990 27
991 28
992 29
993 30
994 31
995 32
996 33
997 34
998 35
999 36
1000 37
1001 38
1002 39
1003 40
1004 41
1005 42
1006 43
1007 44
1008 45
1009 46
1010 47
1011 48
1012 49
1013 50
1014 51
1015 52
1016 53
1017 54
1018 55
1019 56
1020 57
1021 58
1022 59
1023 60
1024 61
1025 62
1026 63
1027 64
1028 65
1029 66
1030 67
1031 68
1032 69
1033 70
1034 71
1035 72
1036 73
1037 74
1038 75
1039 76
1040 77
1041 78
1042 79
1043 80
1044 81
1045 82
1046 83
1047 84
1048 85
1049 86
1050 87
1051 88
1052 89
1053 90
1054 91
1055 92
1056 93
1057 94
1058 95
1059 96
1060 97
1061 98
1062 99
1063 100
1064 101
1065 102
1066 103
1067 104
1068 105
1069 106
1070 107
1071 108
1072 109
1073 110
1074 111
1075 112
1076 113
1077 114
1078 115
1079 116
1080 117
1081 118
1082 119
1083 120
1084 121
1085 122
1086 123
1087 124
1088 125
1089 126
1090 127
1091 128
1092 129
1093 130
1094 131
1095 132
1096 133
1097 134
1098 135
1099 136
1100 137
1101 138
1102 139
1103 140
1104 141
1105 142
1106 143
1107 144
1108 145
1109 146
1110 147
1111 148
1112 149
1113 150
1114 151
1115 152
1116 153
1117 154
1118 155
1119 156
1120 157
1121 158
1122 159
1123 160
1124 161
1125 162
1126 163
1127 164
1128 165
1129 166
1130 167
1131 168
1132 169
1133 170
1134 171
1135 172
1136 173
1137 174
1138 175
1139 176
1140 177
1141 178
1142 179
1143 180
1144 181
1145 182
1146 183
1147 184
1148 185
1149 186
1150 187
1151 188
1152 189
1153 190
1154 191
1155 192
1156 193
1157 194
1158 195
-2147483647
0
19
 PIBATCH
0
2
0
6
BACK-SCLERA-1
28
1 2 3 4 5 6 7 8 9 10 11 12 13 14 15 16 17 18 19 20 21 22 23 24 25 26 27 28 
FRONT-SCLERA-1
32
869 870 871 872 873 874 875 876 877 878 879 880 881 882 883 884 885 886 887 888 889 890 891 892 893 894 895 896 897 898 899 900 
TOUCH-LEN-1
63
901 902 903 904 905 906 907 908 909 910 911 912 913 914 915 916 917 918 919 920 921 922 923 924 925 926 927 928 929 930 931 932 933 934 935 936 937 938 939 940 941 942 943 944 945 946 947 948 949 950 951 952 953 954 955 956 957 958 959 960 961 962 963 
VITREOUS-1
195
964 965 966 967 968 969 970 971 972 973 974 975 976 977 978 979 980 981 982 983 984 985 986 987 988 989 990 991 992 993 994 995 996 997 998 999 1000 1001 1002 1003 1004 1005 1006 1007 1008 1009 1010 1011 1012 1013 1014 1015 1016 1017 1018 1019 1020 1021 1022 1023 1024 1025 1026 1027 1028 1029 1030 1031 1032 1033 1034 1035 1036 1037 1038 1039 1040 1041 1042 1043 1044 1045 1046 1047 1048 1049 1050 1051 1052 1053 1054 1055 1056 1057 1058 1059 1060 1061 1062 1063 1064 1065 1066 1067 1068 1069 1070 1071 1072 1073 1074 1075 1076 1077 1078 1079 1080 1081 1082 1083 1084 1085 1086 1087 1088 1089 1090 1091 1092 1093 1094 1095 1096 1097 1098 1099 1100 1101 1102 1103 1104 1105 1106 1107 1108 1109 1110 1111 1112 1113 1114 1115 1116 1117 1118 1119 1120 1121 1122 1123 1124 1125 1126 1127 1128 1129 1130 1131 1132 1133 1134 1135 1136 1137 1138 1139 1140 1141 1142 1143 1144 1145 1146 1147 1148 1149 1150 1151 1152 1153 1154 1155 1156 1157 1158 
CORNEA-1
14
-2147483647
48 1 16 5 0 1 0 -1 -1 437 1 -1879048189 29 437 
CRYSTALLINE-1
14
-2147483647
48 1 16 5 0 1 0 -1 -1 403 1 -1879048189 466 403 
0
_PICKEDSET31
0
2
0
2
BACK-SCLERA-1
28
1 2 3 4 5 6 7 8 9 10 11 12 13 14 15 16 17 18 19 20 21 22 23 24 25 26 27 28 
FRONT-SCLERA-1
16
869 871 873 875 877 879 881 883 885 887 890 892 894 896 898 900 
0
_PICKEDSET76
0
2
0
5
BACK-SCLERA-1
1
28 
TOUCH-LEN-1
3
921 942 963 
VITREOUS-1
13
990 993 995 996 999 1001 1003 1005 1006 1008 1009 1030 1086 
CORNEA-1
10
34 40 46 52 58 64 75 257 267 278 
CRYSTALLINE-1
23
475 479 492 493 501 503 505 507 509 510 511 514 515 550 591 593 608 625 634 638 641 643 645 
0
__PICKEDSURF109_S1
0
2
0
3
CORNEA-1
15
66 87 102 105 167 219 225 226 228 235 236 238 239 240 423 
VITREOUS-1
3
965 971 972 
CRYSTALLINE-1
1
527 
0
__PICKEDSURF109_S2
0
2
0
3
CORNEA-1
15
68 124 134 139 140 147 164 166 171 191 231 232 234 243 292 
VITREOUS-1
1
980 
CRYSTALLINE-1
16
482 484 485 490 493 526 529 534 535 537 541 549 551 554 557 862 
0
__PICKEDSURF109_S3
0
2
0
2
CORNEA-1
13
59 60 61 62 63 64 99 101 103 150 217 237 289 
VITREOUS-1
2
968 970 
0
__PICKEDSURF109_S4
0
2
0
3
CORNEA-1
15
85 86 122 123 148 149 161 162 188 210 218 229 230 233 242 
FRONT-SCLERA-1
6
889 891 893 895 897 899 
CRYSTALLINE-1
12
471 476 477 480 483 491 528 530 532 539 548 553 
0
__PICKEDSURF23_S2
0
2
0
1
CORNEA-1
2
436 463 
0
__PICKEDSURF23_S3
0
2
0
2
CORNEA-1
4
441 442 451 458 
FRONT-SCLERA-1
2
899 900 
0
__PICKEDSURF23_S4
0
2
0
1
CORNEA-1
2
450 452 
0
__PICKEDSURF24_S2
0
2
0
1
CORNEA-1
2
436 463 
0
__PICKEDSURF24_S3
0
2
0
1
CORNEA-1
4
441 442 451 458 
0
__PICKEDSURF24_S4
0
2
0
1
CORNEA-1
2
450 452 
0
__PICKEDSURF25_S4
0
2
0
1
BACK-SCLERA-1
1
1 
0
__PICKEDSURF26_S3
0
2
0
1
FRONT-SCLERA-1
2
887 888 
0
__PICKEDSURF73_S1
0
2
0
1
TOUCH-LEN-1
21
901 902 903 904 905 906 907 908 909 910 911 912 913 914 915 916 917 918 919 920 921 
0
__PICKEDSURF73_S2
0
2
0
1
TOUCH-LEN-1
3
921 942 963 
0
__PICKEDSURF73_S3
0
2
0
1
TOUCH-LEN-1
21
943 944 945 946 947 948 949 950 951 952 953 954 955 956 957 958 959 960 961 962 963 
0
__PICKEDSURF73_S4
0
2
0
1
TOUCH-LEN-1
3
901 922 943 
0
6
BACK-SCLERA-1
4
 P       1 PIBATCH
0
2
28
1 2 3 4 5 6 7 8 9 10 11 12 13 14 15 16 17 18 19 20 21 22 23 24 25 26 27 28 
0
0
 P       1_PICKEDSET31
0
2
28
1 2 3 4 5 6 7 8 9 10 11 12 13 14 15 16 17 18 19 20 21 22 23 24 25 26 27 28 
0
0
 P       1_PICKEDSET76
0
2
1
28 
0
0
_PICKEDSET2
0
2
28
1 2 3 4 5 6 7 8 9 10 11 12 13 14 15 16 17 18 19 20 21 22 23 24 25 26 27 28 
0
0
0
FRONT-SCLERA-1
5
 P       4 PIBATCH
0
2
32
869 870 871 872 873 874 875 876 877 878 879 880 881 882 883 884 885 886 887 888 889 890 891 892 893 894 895 896 897 898 899 900 
0
0
 P       4_PICKEDSET31
0
2
16
869 871 873 875 877 879 881 883 885 887 890 892 894 896 898 900 
0
0
 P       4__PICKEDSURF109_S4
0
2
6
889 891 893 895 897 899 
0
0
 P       4__PICKEDSURF23_S3
0
2
2
899 900 
0
0
_PICKEDSET2
0
2
32
869 870 871 872 873 874 875 876 877 878 879 880 881 882 883 884 885 886 887 888 889 890 891 892 893 894 895 896 897 898 899 900 
0
0
0
VITREOUS-1
6
 P       6 PIBATCH
0
2
195
964 965 966 967 968 969 970 971 972 973 974 975 976 977 978 979 980 981 982 983 984 985 986 987 988 989 990 991 992 993 994 995 996 997 998 999 1000 1001 1002 1003 1004 1005 1006 1007 1008 1009 1010 1011 1012 1013 1014 1015 1016 1017 1018 1019 1020 1021 1022 1023 1024 1025 1026 1027 1028 1029 1030 1031 1032 1033 1034 1035 1036 1037 1038 1039 1040 1041 1042 1043 1044 1045 1046 1047 1048 1049 1050 1051 1052 1053 1054 1055 1056 1057 1058 1059 1060 1061 1062 1063 1064 1065 1066 1067 1068 1069 1070 1071 1072 1073 1074 1075 1076 1077 1078 1079 1080 1081 1082 1083 1084 1085 1086 1087 1088 1089 1090 1091 1092 1093 1094 1095 1096 1097 1098 1099 1100 1101 1102 1103 1104 1105 1106 1107 1108 1109 1110 1111 1112 1113 1114 1115 1116 1117 1118 1119 1120 1121 1122 1123 1124 1125 1126 1127 1128 1129 1130 1131 1132 1133 1134 1135 1136 1137 1138 1139 1140 1141 1142 1143 1144 1145 1146 1147 1148 1149 1150 1151 1152 1153 1154 1155 1156 1157 1158 
0
0
 P       6_PICKEDSET76
0
2
13
990 993 995 996 999 1001 1003 1005 1006 1008 1009 1030 1086 
0
0
 P       6__PICKEDSURF109_S1
0
2
3
965 971 972 
0
0
 P       6__PICKEDSURF109_S2
0
2
1
980 
0
0
 P       6__PICKEDSURF109_S3
0
2
2
968 970 
0
0
_PICKEDSET2
0
2
195
964 965 966 967 968 969 970 971 972 973 974 975 976 977 978 979 980 981 982 983 984 985 986 987 988 989 990 991 992 993 994 995 996 997 998 999 1000 1001 1002 1003 1004 1005 1006 1007 1008 1009 1010 1011 1012 1013 1014 1015 1016 1017 1018 1019 1020 1021 1022 1023 1024 1025 1026 1027 1028 1029 1030 1031 1032 1033 1034 1035 1036 1037 1038 1039 1040 1041 1042 1043 1044 1045 1046 1047 1048 1049 1050 1051 1052 1053 1054 1055 1056 1057 1058 1059 1060 1061 1062 1063 1064 1065 1066 1067 1068 1069 1070 1071 1072 1073 1074 1075 1076 1077 1078 1079 1080 1081 1082 1083 1084 1085 1086 1087 1088 1089 1090 1091 1092 1093 1094 1095 1096 1097 1098 1099 1100 1101 1102 1103 1104 1105 1106 1107 1108 1109 1110 1111 1112 1113 1114 1115 1116 1117 1118 1119 1120 1121 1122 1123 1124 1125 1126 1127 1128 1129 1130 1131 1132 1133 1134 1135 1136 1137 1138 1139 1140 1141 1142 1143 1144 1145 1146 1147 1148 1149 1150 1151 1152 1153 1154 1155 1156 1157 1158 
0
0
0
TOUCH-LEN-1
3
 P       5 PIBATCH
0
2
63
901 902 903 904 905 906 907 908 909 910 911 912 913 914 915 916 917 918 919 920 921 922 923 924 925 926 927 928 929 930 931 932 933 934 935 936 937 938 939 940 941 942 943 944 945 946 947 948 949 950 951 952 953 954 955 956 957 958 959 960 961 962 963 
0
0
 P       5_PICKEDSET76
0
2
3
921 942 963 
0
0
_PICKEDSET2
0
2
63
901 902 903 904 905 906 907 908 909 910 911 912 913 914 915 916 917 918 919 920 921 922 923 924 925 926 927 928 929 930 931 932 933 934 935 936 937 938 939 940 941 942 943 944 945 946 947 948 949 950 951 952 953 954 955 956 957 958 959 960 961 962 963 
0
0
0
CORNEA-1
8
 P       2 PIBATCH
0
2
14
-2147483647
48 1 16 5 0 1 0 -1 -1 437 1 -1879048189 29 437 
0
0
 P       2_PICKEDSET76
0
2
10
34 40 46 52 58 64 75 257 267 278 
0
0
 P       2__PICKEDSURF109_S1
0
2
15
66 87 102 105 167 219 225 226 228 235 236 238 239 240 423 
0
0
 P       2__PICKEDSURF109_S2
0
2
15
68 124 134 139 140 147 164 166 171 191 231 232 234 243 292 
0
0
 P       2__PICKEDSURF109_S3
0
2
13
59 60 61 62 63 64 99 101 103 150 217 237 289 
0
0
 P       2__PICKEDSURF109_S4
0
2
15
85 86 122 123 148 149 161 162 188 210 218 229 230 233 242 
0
0
 P       2__PICKEDSURF23_S3
0
2
4
441 442 451 458 
0
0
_PICKEDSET2
0
2
14
-2147483647
48 1 16 5 0 1 0 -1 -1 437 1 -1879048189 29 437 
0
0
0
CRYSTALLINE-1
6
 P       3 PIBATCH
0
2
14
-2147483647
48 1 16 5 0 1 0 -1 -1 403 1 -1879048189 466 403 
0
0
 P       3_PICKEDSET76
0
2
23
475 479 492 493 501 503 505 507 509 510 511 514 515 550 591 593 608 625 634 638 641 643 645 
0
0
 P       3__PICKEDSURF109_S1
0
2
1
527 
0
0
 P       3__PICKEDSURF109_S2
0
2
16
482 484 485 490 493 526 529 534 535 537 541 549 551 554 557 862 
0
0
 P       3__PICKEDSURF109_S4
0
2
12
471 476 477 480 483 491 528 530 532 539 548 553 
0
0
_PICKEDSET2
0
2
14
-2147483647
48 1 16 5 0 1 0 -1 -1 403 1 -1879048189 466 403 
0
0
0
5
 PIBATCH
0
2
0
7

1
1 
BACK-SCLERA-1
58
2 3 4 5 6 7 8 9 10 11 12 13 14 15 16 17 18 19 20 21 22 23 24 25 26 27 28 29 30 31 32 33 34 35 36 37 38 39 40 41 42 43 44 45 46 47 48 49 50 51 52 53 54 55 56 57 58 59 
FRONT-SCLERA-1
51
996 997 998 999 1000 1001 1002 1003 1004 1005 1006 1007 1008 1009 1010 1011 1012 1013 1014 1015 1016 1017 1018 1019 1020 1021 1022 1023 1024 1025 1026 1027 1028 1029 1030 1031 1032 1033 1034 1035 1036 1037 1038 1039 1040 1041 1042 1043 1044 1045 1046 
TOUCH-LEN-1
88
1047 1048 1049 1050 1051 1052 1053 1054 1055 1056 1057 1058 1059 1060 1061 1062 1063 1064 1065 1066 1067 1068 1069 1070 1071 1072 1073 1074 1075 1076 1077 1078 1079 1080 1081 1082 1083 1084 1085 1086 1087 1088 1089 1090 1091 1092 1093 1094 1095 1096 1097 1098 1099 1100 1101 1102 1103 1104 1105 1106 1107 1108 1109 1110 1111 1112 1113 1114 1115 1116 1117 1118 1119 1120 1121 1122 1123 1124 1125 1126 1127 1128 1129 1130 1131 1132 1133 1134 
VITREOUS-1
218
1135 1136 1137 1138 1139 1140 1141 1142 1143 1144 1145 1146 1147 1148 1149 1150 1151 1152 1153 1154 1155 1156 1157 1158 1159 1160 1161 1162 1163 1164 1165 1166 1167 1168 1169 1170 1171 1172 1173 1174 1175 1176 1177 1178 1179 1180 1181 1182 1183 1184 1185 1186 1187 1188 1189 1190 1191 1192 1193 1194 1195 1196 1197 1198 1199 1200 1201 1202 1203 1204 1205 1206 1207 1208 1209 1210 1211 1212 1213 1214 1215 1216 1217 1218 1219 1220 1221 1222 1223 1224 1225 1226 1227 1228 1229 1230 1231 1232 1233 1234 1235 1236 1237 1238 1239 1240 1241 1242 1243 1244 1245 1246 1247 1248 1249 1250 1251 1252 1253 1254 1255 1256 1257 1258 1259 1260 1261 1262 1263 1264 1265 1266 1267 1268 1269 1270 1271 1272 1273 1274 1275 1276 1277 1278 1279 1280 1281 1282 1283 1284 1285 1286 1287 1288 1289 1290 1291 1292 1293 1294 1295 1296 1297 1298 1299 1300 1301 1302 1303 1304 1305 1306 1307 1308 1309 1310 1311 1312 1313 1314 1315 1316 1317 1318 1319 1320 1321 1322 1323 1324 1325 1326 1327 1328 1329 1330 1331 1332 1333 1334 1335 1336 1337 1338 1339 1340 1341 1342 1343 1344 1345 1346 1347 1348 1349 1350 1351 1352 
CORNEA-1
14
-2147483647
48 1 16 5 0 1 0 -1 -1 498 1 -1879048189 60 498 
CRYSTALLINE-1
14
-2147483647
48 1 16 5 0 1 0 -1 -1 438 1 -1879048189 558 438 
0
_PICKEDSET31
0
2
0
2
BACK-SCLERA-1
29
31 32 33 34 35 36 37 38 39 40 41 42 43 44 45 46 47 48 49 50 51 52 53 54 55 56 57 58 59 
FRONT-SCLERA-1
17
996 999 1000 1013 1014 1015 1016 1017 1018 1019 1020 1021 1022 1023 1024 1025 1026 
0
_PICKEDSET74
0
2
1
1 
0
0
_PICKEDSET75
0
2
1
1 
0
0
_PICKEDSET76
0
2
0
5
BACK-SCLERA-1
2
30 59 
TOUCH-LEN-1
4
1068 1090 1112 1134 
VITREOUS-1
14
1139 1140 1155 1156 1157 1158 1159 1160 1161 1162 1163 1164 1165 1166 
CORNEA-1
11
61 62 66 73 74 75 76 77 199 200 201 
CRYSTALLINE-1
24
563 564 586 587 588 589 590 591 592 593 594 595 596 597 598 599 600 601 602 603 604 605 606 607 
0
7
BACK-SCLERA-1
4
 P       1 PIBATCH
0
2
58
2 3 4 5 6 7 8 9 10 11 12 13 14 15 16 17 18 19 20 21 22 23 24 25 26 27 28 29 30 31 32 33 34 35 36 37 38 39 40 41 42 43 44 45 46 47 48 49 50 51 52 53 54 55 56 57 58 59 
0
0
 P       1_PICKEDSET31
0
2
29
31 32 33 34 35 36 37 38 39 40 41 42 43 44 45 46 47 48 49 50 51 52 53 54 55 56 57 58 59 
0
0
 P       1_PICKEDSET76
0
2
2
30 59 
0
0
_PICKEDSET2
0
2
58
2 3 4 5 6 7 8 9 10 11 12 13 14 15 16 17 18 19 20 21 22 23 24 25 26 27 28 29 30 31 32 33 34 35 36 37 38 39 40 41 42 43 44 45 46 47 48 49 50 51 52 53 54 55 56 57 58 59 
0
0
0
FRONT-SCLERA-1
3
 P       4 PIBATCH
0
2
51
996 997 998 999 1000 1001 1002 1003 1004 1005 1006 1007 1008 1009 1010 1011 1012 1013 1014 1015 1016 1017 1018 1019 1020 1021 1022 1023 1024 1025 1026 1027 1028 1029 1030 1031 1032 1033 1034 1035 1036 1037 1038 1039 1040 1041 1042 1043 1044 1045 1046 
0
0
 P       4_PICKEDSET31
0
2
17
996 999 1000 1013 1014 1015 1016 1017 1018 1019 1020 1021 1022 1023 1024 1025 1026 
0
0
_PICKEDSET2
0
2
51
996 997 998 999 1000 1001 1002 1003 1004 1005 1006 1007 1008 1009 1010 1011 1012 1013 1014 1015 1016 1017 1018 1019 1020 1021 1022 1023 1024 1025 1026 1027 1028 1029 1030 1031 1032 1033 1034 1035 1036 1037 1038 1039 1040 1041 1042 1043 1044 1045 1046 
0
0
0

1
 P       0 PIBATCH
0
2
1
1 
0
0
0
VITREOUS-1
3
 P       6 PIBATCH
0
2
218
1135 1136 1137 1138 1139 1140 1141 1142 1143 1144 1145 1146 1147 1148 1149 1150 1151 1152 1153 1154 1155 1156 1157 1158 1159 1160 1161 1162 1163 1164 1165 1166 1167 1168 1169 1170 1171 1172 1173 1174 1175 1176 1177 1178 1179 1180 1181 1182 1183 1184 1185 1186 1187 1188 1189 1190 1191 1192 1193 1194 1195 1196 1197 1198 1199 1200 1201 1202 1203 1204 1205 1206 1207 1208 1209 1210 1211 1212 1213 1214 1215 1216 1217 1218 1219 1220 1221 1222 1223 1224 1225 1226 1227 1228 1229 1230 1231 1232 1233 1234 1235 1236 1237 1238 1239 1240 1241 1242 1243 1244 1245 1246 1247 1248 1249 1250 1251 1252 1253 1254 1255 1256 1257 1258 1259 1260 1261 1262 1263 1264 1265 1266 1267 1268 1269 1270 1271 1272 1273 1274 1275 1276 1277 1278 1279 1280 1281 1282 1283 1284 1285 1286 1287 1288 1289 1290 1291 1292 1293 1294 1295 1296 1297 1298 1299 1300 1301 1302 1303 1304 1305 1306 1307 1308 1309 1310 1311 1312 1313 1314 1315 1316 1317 1318 1319 1320 1321 1322 1323 1324 1325 1326 1327 1328 1329 1330 1331 1332 1333 1334 1335 1336 1337 1338 1339 1340 1341 1342 1343 1344 1345 1346 1347 1348 1349 1350 1351 1352 
0
0
 P       6_PICKEDSET76
0
2
14
1139 1140 1155 1156 1157 1158 1159 1160 1161 1162 1163 1164 1165 1166 
0
0
_PICKEDSET2
0
2
218
1135 1136 1137 1138 1139 1140 1141 1142 1143 1144 1145 1146 1147 1148 1149 1150 1151 1152 1153 1154 1155 1156 1157 1158 1159 1160 1161 1162 1163 1164 1165 1166 1167 1168 1169 1170 1171 1172 1173 1174 1175 1176 1177 1178 1179 1180 1181 1182 1183 1184 1185 1186 1187 1188 1189 1190 1191 1192 1193 1194 1195 1196 1197 1198 1199 1200 1201 1202 1203 1204 1205 1206 1207 1208 1209 1210 1211 1212 1213 1214 1215 1216 1217 1218 1219 1220 1221 1222 1223 1224 1225 1226 1227 1228 1229 1230 1231 1232 1233 1234 1235 1236 1237 1238 1239 1240 1241 1242 1243 1244 1245 1246 1247 1248 1249 1250 1251 1252 1253 1254 1255 1256 1257 1258 1259 1260 1261 1262 1263 1264 1265 1266 1267 1268 1269 1270 1271 1272 1273 1274 1275 1276 1277 1278 1279 1280 1281 1282 1283 1284 1285 1286 1287 1288 1289 1290 1291 1292 1293 1294 1295 1296 1297 1298 1299 1300 1301 1302 1303 1304 1305 1306 1307 1308 1309 1310 1311 1312 1313 1314 1315 1316 1317 1318 1319 1320 1321 1322 1323 1324 1325 1326 1327 1328 1329 1330 1331 1332 1333 1334 1335 1336 1337 1338 1339 1340 1341 1342 1343 1344 1345 1346 1347 1348 1349 1350 1351 1352 
0
0
0
TOUCH-LEN-1
3
 P       5 PIBATCH
0
2
88
1047 1048 1049 1050 1051 1052 1053 1054 1055 1056 1057 1058 1059 1060 1061 1062 1063 1064 1065 1066 1067 1068 1069 1070 1071 1072 1073 1074 1075 1076 1077 1078 1079 1080 1081 1082 1083 1084 1085 1086 1087 1088 1089 1090 1091 1092 1093 1094 1095 1096 1097 1098 1099 1100 1101 1102 1103 1104 1105 1106 1107 1108 1109 1110 1111 1112 1113 1114 1115 1116 1117 1118 1119 1120 1121 1122 1123 1124 1125 1126 1127 1128 1129 1130 1131 1132 1133 1134 
0
0
 P       5_PICKEDSET76
0
2
4
1068 1090 1112 1134 
0
0
_PICKEDSET2
0
2
88
1047 1048 1049 1050 1051 1052 1053 1054 1055 1056 1057 1058 1059 1060 1061 1062 1063 1064 1065 1066 1067 1068 1069 1070 1071 1072 1073 1074 1075 1076 1077 1078 1079 1080 1081 1082 1083 1084 1085 1086 1087 1088 1089 1090 1091 1092 1093 1094 1095 1096 1097 1098 1099 1100 1101 1102 1103 1104 1105 1106 1107 1108 1109 1110 1111 1112 1113 1114 1115 1116 1117 1118 1119 1120 1121 1122 1123 1124 1125 1126 1127 1128 1129 1130 1131 1132 1133 1134 
0
0
0
CORNEA-1
3
 P       2 PIBATCH
0
2
14
-2147483647
48 1 16 5 0 1 0 -1 -1 498 1 -1879048189 60 498 
0
0
 P       2_PICKEDSET76
0
2
11
61 62 66 73 74 75 76 77 199 200 201 
0
0
_PICKEDSET2
0
2
14
-2147483647
48 1 16 5 0 1 0 -1 -1 498 1 -1879048189 60 498 
0
0
0
CRYSTALLINE-1
3
 P       3 PIBATCH
0
2
14
-2147483647
48 1 16 5 0 1 0 -1 -1 438 1 -1879048189 558 438 
0
0
 P       3_PICKEDSET76
0
2
24
563 564 586 587 588 589 590 591 592 593 594 595 596 597 598 599 600 601 602 603 604 605 606 607 
0
0
_PICKEDSET2
0
2
14
-2147483647
48 1 16 5 0 1 0 -1 -1 438 1 -1879048189 558 438 
0
0
0
0
6
_PICKEDSURF109
1
0
0
4
CORNEA-1
0
0
4
S1
15
66 87 102 105 167 219 225 226 228 235 236 238 239 240 423 
S2
15
68 124 134 139 140 147 164 166 171 191 231 232 234 243 292 
S4
15
85 86 122 123 148 149 161 162 188 210 218 229 230 233 242 
S3
13
59 60 61 62 63 64 99 101 103 150 217 237 289 
CRYSTALLINE-1
0
0
3
S1
1
527 
S2
16
482 484 485 490 493 526 529 534 535 537 541 549 551 554 557 862 
S4
12
471 476 477 480 483 491 528 530 532 539 548 553 
FRONT-SCLERA-1
0
0
1
S4
6
889 891 893 895 897 899 
VITREOUS-1
0
0
3
S1
3
965 971 972 
S2
1
980 
S3
2
968 970 
_PICKEDSURF23
1
0
0
2
CORNEA-1
0
0
3
S2
2
436 463 
S3
4
441 442 451 458 
S4
2
450 452 
FRONT-SCLERA-1
0
0
1
S3
2
899 900 
_PICKEDSURF24
1
0
0
1
CORNEA-1
0
0
3
S2
2
436 463 
S3
4
441 442 451 458 
S4
2
450 452 
_PICKEDSURF25
1
0
0
1
BACK-SCLERA-1
0
0
1
S4
1
1 
_PICKEDSURF26
1
0
0
1
FRONT-SCLERA-1
0
0
1
S3
2
887 888 
_PICKEDSURF73
1
0
0
1
TOUCH-LEN-1
0
0
4
S1
21
901 902 903 904 905 906 907 908 909 910 911 912 913 914 915 916 917 918 919 920 921 
S2
3
921 942 963 
S4
3
901 922 943 
S3
21
943 944 945 946 947 948 949 950 951 952 953 954 955 956 957 958 959 960 961 962 963 
1
0
1
ASSEMBLY
6
BACK-SCLERA-1
BACK-SCLERA
CORNEA-1
CORNEA
CRYSTALLINE-1
CRYSTALLINE
FRONT-SCLERA-1
FRONT-SCLERA
TOUCH-LEN-1
TOUCH-LEN
VITREOUS-1
VITREOUS
6
BACK-SCLERA-1
58
2 1
3 2
4 3
5 4
6 5
7 6
8 7
9 8
10 9
11 10
12 11
13 12
14 13
15 14
16 15
17 16
18 17
19 18
20 19
21 20
22 21
23 22
24 23
25 24
26 25
27 26
28 27
29 28
30 29
31 30
32 31
33 32
34 33
35 34
36 35
37 36
38 37
39 38
40 39
41 40
42 41
43 42
44 43
45 44
46 45
47 46
48 47
49 48
50 49
51 50
52 51
53 52
54 53
55 54
56 55
57 56
58 57
59 58
-2147483647
CORNEA-1
14
-2147483646
0
48 1 16 5 0 1 0 -1 -1 498 1 -1879048189 60 498 
14
48 1 16 5 0 1 0 -1 -1 498 1 -1879048189 1 498 
CRYSTALLINE-1
14
-2147483646
0
48 1 16 5 0 1 0 -1 -1 438 1 -1879048189 558 438 
14
48 1 16 5 0 1 0 -1 -1 438 1 -1879048189 1 438 
FRONT-SCLERA-1
51
996 1
997 2
998 3
999 4
1000 5
1001 6
1002 7
1003 8
1004 9
1005 10
1006 11
1007 12
1008 13
1009 14
1010 15
1011 16
1012 17
1013 18
1014 19
1015 20
1016 21
1017 22
1018 23
1019 24
1020 25
1021 26
1022 27
1023 28
1024 29
1025 30
1026 31
1027 32
1028 33
1029 34
1030 35
1031 36
1032 37
1033 38
1034 39
1035 40
1036 41
1037 42
1038 43
1039 44
1040 45
1041 46
1042 47
1043 48
1044 49
1045 50
1046 51
-2147483647
TOUCH-LEN-1
88
1047 1
1048 2
1049 3
1050 4
1051 5
1052 6
1053 7
1054 8
1055 9
1056 10
1057 11
1058 12
1059 13
1060 14
1061 15
1062 16
1063 17
1064 18
1065 19
1066 20
1067 21
1068 22
1069 23
1070 24
1071 25
1072 26
1073 27
1074 28
1075 29
1076 30
1077 31
1078 32
1079 33
1080 34
1081 35
1082 36
1083 37
1084 38
1085 39
1086 40
1087 41
1088 42
1089 43
1090 44
1091 45
1092 46
1093 47
1094 48
1095 49
1096 50
1097 51
1098 52
1099 53
1100 54
1101 55
1102 56
1103 57
1104 58
1105 59
1106 60
1107 61
1108 62
1109 63
1110 64
1111 65
1112 66
1113 67
1114 68
1115 69
1116 70
1117 71
1118 72
1119 73
1120 74
1121 75
1122 76
1123 77
1124 78
1125 79
1126 80
1127 81
1128 82
1129 83
1130 84
1131 85
1132 86
1133 87
1134 88
-2147483647
VITREOUS-1
218
1135 1
1136 2
1137 3
1138 4
1139 5
1140 6
1141 7
1142 8
1143 9
1144 10
1145 11
1146 12
1147 13
1148 14
1149 15
1150 16
1151 17
1152 18
1153 19
1154 20
1155 21
1156 22
1157 23
1158 24
1159 25
1160 26
1161 27
1162 28
1163 29
1164 30
1165 31
1166 32
1167 33
1168 34
1169 35
1170 36
1171 37
1172 38
1173 39
1174 40
1175 41
1176 42
1177 43
1178 44
1179 45
1180 46
1181 47
1182 48
1183 49
1184 50
1185 51
1186 52
1187 53
1188 54
1189 55
1190 56
1191 57
1192 58
1193 59
1194 60
1195 61
1196 62
1197 63
1198 64
1199 65
1200 66
1201 67
1202 68
1203 69
1204 70
1205 71
1206 72
1207 73
1208 74
1209 75
1210 76
1211 77
1212 78
1213 79
1214 80
1215 81
1216 82
1217 83
1218 84
1219 85
1220 86
1221 87
1222 88
1223 89
1224 90
1225 91
1226 92
1227 93
1228 94
1229 95
1230 96
1231 97
1232 98
1233 99
1234 100
1235 101
1236 102
1237 103
1238 104
1239 105
1240 106
1241 107
1242 108
1243 109
1244 110
1245 111
1246 112
1247 113
1248 114
1249 115
1250 116
1251 117
1252 118
1253 119
1254 120
1255 121
1256 122
1257 123
1258 124
1259 125
1260 126
1261 127
1262 128
1263 129
1264 130
1265 131
1266 132
1267 133
1268 134
1269 135
1270 136
1271 137
1272 138
1273 139
1274 140
1275 141
1276 142
1277 143
1278 144
1279 145
1280 146
1281 147
1282 148
1283 149
1284 150
1285 151
1286 152
1287 153
1288 154
1289 155
1290 156
1291 157
1292 158
1293 159
1294 160
1295 161
1296 162
1297 163
1298 164
1299 165
1300 166
1301 167
1302 168
1303 169
1304 170
1305 171
1306 172
1307 173
1308 174
1309 175
1310 176
1311 177
1312 178
1313 179
1314 180
1315 181
1316 182
1317 183
1318 184
1319 185
1320 186
1321 187
1322 188
1323 189
1324 190
1325 191
1326 192
1327 193
1328 194
1329 195
1330 196
1331 197
1332 198
1333 199
1334 200
1335 201
1336 202
1337 203
1338 204
1339 205
1340 206
1341 207
1342 208
1343 209
1344 210
1345 211
1346 212
1347 213
1348 214
1349 215
1350 216
1351 217
1352 218
-2147483647
1
1 1
-2147483647
6
BACK-SCLERA-1
28
1 1
2 2
3 3
4 4
5 5
6 6
7 7
8 8
9 9
10 10
11 11
12 12
13 13
14 14
15 15
16 16
17 17
18 18
19 19
20 20
21 21
22 22
23 23
24 24
25 25
26 26
27 27
28 28
-2147483647
CORNEA-1
14
-2147483646
0
48 1 16 5 0 1 0 -1 -1 437 1 -1879048189 29 437 
14
48 1 16 5 0 1 0 -1 -1 437 1 -1879048189 1 437 
CRYSTALLINE-1
14
-2147483646
0
48 1 16 5 0 1 0 -1 -1 403 1 -1879048189 466 403 
14
48 1 16 5 0 1 0 -1 -1 403 1 -1879048189 1 403 
FRONT-SCLERA-1
32
869 1
870 2
871 3
872 4
873 5
874 6
875 7
876 8
877 9
878 10
879 11
880 12
881 13
882 14
883 15
884 16
885 17
886 18
887 19
888 20
889 21
890 22
891 23
892 24
893 25
894 26
895 27
896 28
897 29
898 30
899 31
900 32
-2147483647
TOUCH-LEN-1
63
901 1
902 2
903 3
904 4
905 5
906 6
907 7
908 8
909 9
910 10
911 11
912 12
913 13
914 14
915 15
916 16
917 17
918 18
919 19
920 20
921 21
922 22
923 23
924 24
925 25
926 26
927 27
928 28
929 29
930 30
931 31
932 32
933 33
934 34
935 35
936 36
937 37
938 38
939 39
940 40
941 41
942 42
943 43
944 44
945 45
946 46
947 47
948 48
949 49
950 50
951 51
952 52
953 53
954 54
955 55
956 56
957 57
958 58
959 59
960 60
961 61
962 62
963 63
-2147483647
VITREOUS-1
195
964 1
965 2
966 3
967 4
968 5
969 6
970 7
971 8
972 9
973 10
974 11
975 12
976 13
977 14
978 15
979 16
980 17
981 18
982 19
983 20
984 21
985 22
986 23
987 24
988 25
989 26
990 27
991 28
992 29
993 30
994 31
995 32
996 33
997 34
998 35
999 36
1000 37
1001 38
1002 39
1003 40
1004 41
1005 42
1006 43
1007 44
1008 45
1009 46
1010 47
1011 48
1012 49
1013 50
1014 51
1015 52
1016 53
1017 54
1018 55
1019 56
1020 57
1021 58
1022 59
1023 60
1024 61
1025 62
1026 63
1027 64
1028 65
1029 66
1030 67
1031 68
1032 69
1033 70
1034 71
1035 72
1036 73
1037 74
1038 75
1039 76
1040 77
1041 78
1042 79
1043 80
1044 81
1045 82
1046 83
1047 84
1048 85
1049 86
1050 87
1051 88
1052 89
1053 90
1054 91
1055 92
1056 93
1057 94
1058 95
1059 96
1060 97
1061 98
1062 99
1063 100
1064 101
1065 102
1066 103
1067 104
1068 105
1069 106
1070 107
1071 108
1072 109
1073 110
1074 111
1075 112
1076 113
1077 114
1078 115
1079 116
1080 117
1081 118
1082 119
1083 120
1084 121
1085 122
1086 123
1087 124
1088 125
1089 126
1090 127
1091 128
1092 129
1093 130
1094 131
1095 132
1096 133
1097 134
1098 135
1099 136
1100 137
1101 138
1102 139
1103 140
1104 141
1105 142
1106 143
1107 144
1108 145
1109 146
1110 147
1111 148
1112 149
1113 150
1114 151
1115 152
1116 153
1117 154
1118 155
1119 156
1120 157
1121 158
1122 159
1123 160
1124 161
1125 162
1126 163
1127 164
1128 165
1129 166
1130 167
1131 168
1132 169
1133 170
1134 171
1135 172
1136 173
1137 174
1138 175
1139 176
1140 177
1141 178
1142 179
1143 180
1144 181
1145 182
1146 183
1147 184
1148 185
1149 186
1150 187
1151 188
1152 189
1153 190
1154 191
1155 192
1156 193
1157 194
1158 195
-2147483647
0
19
 PIBATCH
0
2
0
6
BACK-SCLERA-1
28
1 2 3 4 5 6 7 8 9 10 11 12 13 14 15 16 17 18 19 20 21 22 23 24 25 26 27 28 
FRONT-SCLERA-1
32
869 870 871 872 873 874 875 876 877 878 879 880 881 882 883 884 885 886 887 888 889 890 891 892 893 894 895 896 897 898 899 900 
TOUCH-LEN-1
63
901 902 903 904 905 906 907 908 909 910 911 912 913 914 915 916 917 918 919 920 921 922 923 924 925 926 927 928 929 930 931 932 933 934 935 936 937 938 939 940 941 942 943 944 945 946 947 948 949 950 951 952 953 954 955 956 957 958 959 960 961 962 963 
VITREOUS-1
195
964 965 966 967 968 969 970 971 972 973 974 975 976 977 978 979 980 981 982 983 984 985 986 987 988 989 990 991 992 993 994 995 996 997 998 999 1000 1001 1002 1003 1004 1005 1006 1007 1008 1009 1010 1011 1012 1013 1014 1015 1016 1017 1018 1019 1020 1021 1022 1023 1024 1025 1026 1027 1028 1029 1030 1031 1032 1033 1034 1035 1036 1037 1038 1039 1040 1041 1042 1043 1044 1045 1046 1047 1048 1049 1050 1051 1052 1053 1054 1055 1056 1057 1058 1059 1060 1061 1062 1063 1064 1065 1066 1067 1068 1069 1070 1071 1072 1073 1074 1075 1076 1077 1078 1079 1080 1081 1082 1083 1084 1085 1086 1087 1088 1089 1090 1091 1092 1093 1094 1095 1096 1097 1098 1099 1100 1101 1102 1103 1104 1105 1106 1107 1108 1109 1110 1111 1112 1113 1114 1115 1116 1117 1118 1119 1120 1121 1122 1123 1124 1125 1126 1127 1128 1129 1130 1131 1132 1133 1134 1135 1136 1137 1138 1139 1140 1141 1142 1143 1144 1145 1146 1147 1148 1149 1150 1151 1152 1153 1154 1155 1156 1157 1158 
CORNEA-1
14
-2147483647
48 1 16 5 0 1 0 -1 -1 437 1 -1879048189 29 437 
CRYSTALLINE-1
14
-2147483647
48 1 16 5 0 1 0 -1 -1 403 1 -1879048189 466 403 
0
_PICKEDSET31
0
2
0
2
BACK-SCLERA-1
28
1 2 3 4 5 6 7 8 9 10 11 12 13 14 15 16 17 18 19 20 21 22 23 24 25 26 27 28 
FRONT-SCLERA-1
16
869 871 873 875 877 879 881 883 885 887 890 892 894 896 898 900 
0
_PICKEDSET76
0
2
0
5
BACK-SCLERA-1
1
28 
TOUCH-LEN-1
3
921 942 963 
VITREOUS-1
13
990 993 995 996 999 1001 1003 1005 1006 1008 1009 1030 1086 
CORNEA-1
10
34 40 46 52 58 64 75 257 267 278 
CRYSTALLINE-1
23
475 479 492 493 501 503 505 507 509 510 511 514 515 550 591 593 608 625 634 638 641 643 645 
0
__PICKEDSURF109_S1
0
2
0
3
CORNEA-1
15
66 87 102 105 167 219 225 226 228 235 236 238 239 240 423 
VITREOUS-1
3
965 971 972 
CRYSTALLINE-1
1
527 
0
__PICKEDSURF109_S2
0
2
0
3
CORNEA-1
15
68 124 134 139 140 147 164 166 171 191 231 232 234 243 292 
VITREOUS-1
1
980 
CRYSTALLINE-1
16
482 484 485 490 493 526 529 534 535 537 541 549 551 554 557 862 
0
__PICKEDSURF109_S3
0
2
0
2
CORNEA-1
13
59 60 61 62 63 64 99 101 103 150 217 237 289 
VITREOUS-1
2
968 970 
0
__PICKEDSURF109_S4
0
2
0
3
CORNEA-1
15
85 86 122 123 148 149 161 162 188 210 218 229 230 233 242 
FRONT-SCLERA-1
6
889 891 893 895 897 899 
CRYSTALLINE-1
12
471 476 477 480 483 491 528 530 532 539 548 553 
0
__PICKEDSURF23_S2
0
2
0
1
CORNEA-1
2
436 463 
0
__PICKEDSURF23_S3
0
2
0
2
CORNEA-1
4
441 442 451 458 
FRONT-SCLERA-1
2
899 900 
0
__PICKEDSURF23_S4
0
2
0
1
CORNEA-1
2
450 452 
0
__PICKEDSURF24_S2
0
2
0
1
CORNEA-1
2
436 463 
0
__PICKEDSURF24_S3
0
2
0
1
CORNEA-1
4
441 442 451 458 
0
__PICKEDSURF24_S4
0
2
0
1
CORNEA-1
2
450 452 
0
__PICKEDSURF25_S4
0
2
0
1
BACK-SCLERA-1
1
1 
0
__PICKEDSURF26_S3
0
2
0
1
FRONT-SCLERA-1
2
887 888 
0
__PICKEDSURF73_S1
0
2
0
1
TOUCH-LEN-1
21
901 902 903 904 905 906 907 908 909 910 911 912 913 914 915 916 917 918 919 920 921 
0
__PICKEDSURF73_S2
0
2
0
1
TOUCH-LEN-1
3
921 942 963 
0
__PICKEDSURF73_S3
0
2
0
1
TOUCH-LEN-1
21
943 944 945 946 947 948 949 950 951 952 953 954 955 956 957 958 959 960 961 962 963 
0
__PICKEDSURF73_S4
0
2
0
1
TOUCH-LEN-1
3
901 922 943 
0
6
BACK-SCLERA-1
4
 P       1 PIBATCH
0
2
28
1 2 3 4 5 6 7 8 9 10 11 12 13 14 15 16 17 18 19 20 21 22 23 24 25 26 27 28 
0
0
 P       1_PICKEDSET31
0
2
28
1 2 3 4 5 6 7 8 9 10 11 12 13 14 15 16 17 18 19 20 21 22 23 24 25 26 27 28 
0
0
 P       1_PICKEDSET76
0
2
1
28 
0
0
_PICKEDSET2
0
2
28
1 2 3 4 5 6 7 8 9 10 11 12 13 14 15 16 17 18 19 20 21 22 23 24 25 26 27 28 
0
0
0
FRONT-SCLERA-1
5
 P       4 PIBATCH
0
2
32
869 870 871 872 873 874 875 876 877 878 879 880 881 882 883 884 885 886 887 888 889 890 891 892 893 894 895 896 897 898 899 900 
0
0
 P       4_PICKEDSET31
0
2
16
869 871 873 875 877 879 881 883 885 887 890 892 894 896 898 900 
0
0
 P       4__PICKEDSURF109_S4
0
2
6
889 891 893 895 897 899 
0
0
 P       4__PICKEDSURF23_S3
0
2
2
899 900 
0
0
_PICKEDSET2
0
2
32
869 870 871 872 873 874 875 876 877 878 879 880 881 882 883 884 885 886 887 888 889 890 891 892 893 894 895 896 897 898 899 900 
0
0
0
VITREOUS-1
6
 P       6 PIBATCH
0
2
195
964 965 966 967 968 969 970 971 972 973 974 975 976 977 978 979 980 981 982 983 984 985 986 987 988 989 990 991 992 993 994 995 996 997 998 999 1000 1001 1002 1003 1004 1005 1006 1007 1008 1009 1010 1011 1012 1013 1014 1015 1016 1017 1018 1019 1020 1021 1022 1023 1024 1025 1026 1027 1028 1029 1030 1031 1032 1033 1034 1035 1036 1037 1038 1039 1040 1041 1042 1043 1044 1045 1046 1047 1048 1049 1050 1051 1052 1053 1054 1055 1056 1057 1058 1059 1060 1061 1062 1063 1064 1065 1066 1067 1068 1069 1070 1071 1072 1073 1074 1075 1076 1077 1078 1079 1080 1081 1082 1083 1084 1085 1086 1087 1088 1089 1090 1091 1092 1093 1094 1095 1096 1097 1098 1099 1100 1101 1102 1103 1104 1105 1106 1107 1108 1109 1110 1111 1112 1113 1114 1115 1116 1117 1118 1119 1120 1121 1122 1123 1124 1125 1126 1127 1128 1129 1130 1131 1132 1133 1134 1135 1136 1137 1138 1139 1140 1141 1142 1143 1144 1145 1146 1147 1148 1149 1150 1151 1152 1153 1154 1155 1156 1157 1158 
0
0
 P       6_PICKEDSET76
0
2
13
990 993 995 996 999 1001 1003 1005 1006 1008 1009 1030 1086 
0
0
 P       6__PICKEDSURF109_S1
0
2
3
965 971 972 
0
0
 P       6__PICKEDSURF109_S2
0
2
1
980 
0
0
 P       6__PICKEDSURF109_S3
0
2
2
968 970 
0
0
_PICKEDSET2
0
2
195
964 965 966 967 968 969 970 971 972 973 974 975 976 977 978 979 980 981 982 983 984 985 986 987 988 989 990 991 992 993 994 995 996 997 998 999 1000 1001 1002 1003 1004 1005 1006 1007 1008 1009 1010 1011 1012 1013 1014 1015 1016 1017 1018 1019 1020 1021 1022 1023 1024 1025 1026 1027 1028 1029 1030 1031 1032 1033 1034 1035 1036 1037 1038 1039 1040 1041 1042 1043 1044 1045 1046 1047 1048 1049 1050 1051 1052 1053 1054 1055 1056 1057 1058 1059 1060 1061 1062 1063 1064 1065 1066 1067 1068 1069 1070 1071 1072 1073 1074 1075 1076 1077 1078 1079 1080 1081 1082 1083 1084 1085 1086 1087 1088 1089 1090 1091 1092 1093 1094 1095 1096 1097 1098 1099 1100 1101 1102 1103 1104 1105 1106 1107 1108 1109 1110 1111 1112 1113 1114 1115 1116 1117 1118 1119 1120 1121 1122 1123 1124 1125 1126 1127 1128 1129 1130 1131 1132 1133 1134 1135 1136 1137 1138 1139 1140 1141 1142 1143 1144 1145 1146 1147 1148 1149 1150 1151 1152 1153 1154 1155 1156 1157 1158 
0
0
0
TOUCH-LEN-1
3
 P       5 PIBATCH
0
2
63
901 902 903 904 905 906 907 908 909 910 911 912 913 914 915 916 917 918 919 920 921 922 923 924 925 926 927 928 929 930 931 932 933 934 935 936 937 938 939 940 941 942 943 944 945 946 947 948 949 950 951 952 953 954 955 956 957 958 959 960 961 962 963 
0
0
 P       5_PICKEDSET76
0
2
3
921 942 963 
0
0
_PICKEDSET2
0
2
63
901 902 903 904 905 906 907 908 909 910 911 912 913 914 915 916 917 918 919 920 921 922 923 924 925 926 927 928 929 930 931 932 933 934 935 936 937 938 939 940 941 942 943 944 945 946 947 948 949 950 951 952 953 954 955 956 957 958 959 960 961 962 963 
0
0
0
CORNEA-1
8
 P       2 PIBATCH
0
2
14
-2147483647
48 1 16 5 0 1 0 -1 -1 437 1 -1879048189 29 437 
0
0
 P       2_PICKEDSET76
0
2
10
34 40 46 52 58 64 75 257 267 278 
0
0
 P       2__PICKEDSURF109_S1
0
2
15
66 87 102 105 167 219 225 226 228 235 236 238 239 240 423 
0
0
 P       2__PICKEDSURF109_S2
0
2
15
68 124 134 139 140 147 164 166 171 191 231 232 234 243 292 
0
0
 P       2__PICKEDSURF109_S3
0
2
13
59 60 61 62 63 64 99 101 103 150 217 237 289 
0
0
 P       2__PICKEDSURF109_S4
0
2
15
85 86 122 123 148 149 161 162 188 210 218 229 230 233 242 
0
0
 P       2__PICKEDSURF23_S3
0
2
4
441 442 451 458 
0
0
_PICKEDSET2
0
2
14
-2147483647
48 1 16 5 0 1 0 -1 -1 437 1 -1879048189 29 437 
0
0
0
CRYSTALLINE-1
6
 P       3 PIBATCH
0
2
14
-2147483647
48 1 16 5 0 1 0 -1 -1 403 1 -1879048189 466 403 
0
0
 P       3_PICKEDSET76
0
2
23
475 479 492 493 501 503 505 507 509 510 511 514 515 550 591 593 608 625 634 638 641 643 645 
0
0
 P       3__PICKEDSURF109_S1
0
2
1
527 
0
0
 P       3__PICKEDSURF109_S2
0
2
16
482 484 485 490 493 526 529 534 535 537 541 549 551 554 557 862 
0
0
 P       3__PICKEDSURF109_S4
0
2
12
471 476 477 480 483 491 528 530 532 539 548 553 
0
0
_PICKEDSET2
0
2
14
-2147483647
48 1 16 5 0 1 0 -1 -1 403 1 -1879048189 466 403 
0
0
0
5
 PIBATCH
0
2
0
7

1
1 
BACK-SCLERA-1
58
2 3 4 5 6 7 8 9 10 11 12 13 14 15 16 17 18 19 20 21 22 23 24 25 26 27 28 29 30 31 32 33 34 35 36 37 38 39 40 41 42 43 44 45 46 47 48 49 50 51 52 53 54 55 56 57 58 59 
FRONT-SCLERA-1
51
996 997 998 999 1000 1001 1002 1003 1004 1005 1006 1007 1008 1009 1010 1011 1012 1013 1014 1015 1016 1017 1018 1019 1020 1021 1022 1023 1024 1025 1026 1027 1028 1029 1030 1031 1032 1033 1034 1035 1036 1037 1038 1039 1040 1041 1042 1043 1044 1045 1046 
TOUCH-LEN-1
88
1047 1048 1049 1050 1051 1052 1053 1054 1055 1056 1057 1058 1059 1060 1061 1062 1063 1064 1065 1066 1067 1068 1069 1070 1071 1072 1073 1074 1075 1076 1077 1078 1079 1080 1081 1082 1083 1084 1085 1086 1087 1088 1089 1090 1091 1092 1093 1094 1095 1096 1097 1098 1099 1100 1101 1102 1103 1104 1105 1106 1107 1108 1109 1110 1111 1112 1113 1114 1115 1116 1117 1118 1119 1120 1121 1122 1123 1124 1125 1126 1127 1128 1129 1130 1131 1132 1133 1134 
VITREOUS-1
218
1135 1136 1137 1138 1139 1140 1141 1142 1143 1144 1145 1146 1147 1148 1149 1150 1151 1152 1153 1154 1155 1156 1157 1158 1159 1160 1161 1162 1163 1164 1165 1166 1167 1168 1169 1170 1171 1172 1173 1174 1175 1176 1177 1178 1179 1180 1181 1182 1183 1184 1185 1186 1187 1188 1189 1190 1191 1192 1193 1194 1195 1196 1197 1198 1199 1200 1201 1202 1203 1204 1205 1206 1207 1208 1209 1210 1211 1212 1213 1214 1215 1216 1217 1218 1219 1220 1221 1222 1223 1224 1225 1226 1227 1228 1229 1230 1231 1232 1233 1234 1235 1236 1237 1238 1239 1240 1241 1242 1243 1244 1245 1246 1247 1248 1249 1250 1251 1252 1253 1254 1255 1256 1257 1258 1259 1260 1261 1262 1263 1264 1265 1266 1267 1268 1269 1270 1271 1272 1273 1274 1275 1276 1277 1278 1279 1280 1281 1282 1283 1284 1285 1286 1287 1288 1289 1290 1291 1292 1293 1294 1295 1296 1297 1298 1299 1300 1301 1302 1303 1304 1305 1306 1307 1308 1309 1310 1311 1312 1313 1314 1315 1316 1317 1318 1319 1320 1321 1322 1323 1324 1325 1326 1327 1328 1329 1330 1331 1332 1333 1334 1335 1336 1337 1338 1339 1340 1341 1342 1343 1344 1345 1346 1347 1348 1349 1350 1351 1352 
CORNEA-1
14
-2147483647
48 1 16 5 0 1 0 -1 -1 498 1 -1879048189 60 498 
CRYSTALLINE-1
14
-2147483647
48 1 16 5 0 1 0 -1 -1 438 1 -1879048189 558 438 
0
_PICKEDSET31
0
2
0
2
BACK-SCLERA-1
29
31 32 33 34 35 36 37 38 39 40 41 42 43 44 45 46 47 48 49 50 51 52 53 54 55 56 57 58 59 
FRONT-SCLERA-1
17
996 999 1000 1013 1014 1015 1016 1017 1018 1019 1020 1021 1022 1023 1024 1025 1026 
0
_PICKEDSET74
0
2
1
1 
0
0
_PICKEDSET75
0
2
1
1 
0
0
_PICKEDSET76
0
2
0
5
BACK-SCLERA-1
2
30 59 
TOUCH-LEN-1
4
1068 1090 1112 1134 
VITREOUS-1
14
1139 1140 1155 1156 1157 1158 1159 1160 1161 1162 1163 1164 1165 1166 
CORNEA-1
11
61 62 66 73 74 75 76 77 199 200 201 
CRYSTALLINE-1
24
563 564 586 587 588 589 590 591 592 593 594 595 596 597 598 599 600 601 602 603 604 605 606 607 
0
7
BACK-SCLERA-1
4
 P       1 PIBATCH
0
2
58
2 3 4 5 6 7 8 9 10 11 12 13 14 15 16 17 18 19 20 21 22 23 24 25 26 27 28 29 30 31 32 33 34 35 36 37 38 39 40 41 42 43 44 45 46 47 48 49 50 51 52 53 54 55 56 57 58 59 
0
0
 P       1_PICKEDSET31
0
2
29
31 32 33 34 35 36 37 38 39 40 41 42 43 44 45 46 47 48 49 50 51 52 53 54 55 56 57 58 59 
0
0
 P       1_PICKEDSET76
0
2
2
30 59 
0
0
_PICKEDSET2
0
2
58
2 3 4 5 6 7 8 9 10 11 12 13 14 15 16 17 18 19 20 21 22 23 24 25 26 27 28 29 30 31 32 33 34 35 36 37 38 39 40 41 42 43 44 45 46 47 48 49 50 51 52 53 54 55 56 57 58 59 
0
0
0
FRONT-SCLERA-1
3
 P       4 PIBATCH
0
2
51
996 997 998 999 1000 1001 1002 1003 1004 1005 1006 1007 1008 1009 1010 1011 1012 1013 1014 1015 1016 1017 1018 1019 1020 1021 1022 1023 1024 1025 1026 1027 1028 1029 1030 1031 1032 1033 1034 1035 1036 1037 1038 1039 1040 1041 1042 1043 1044 1045 1046 
0
0
 P       4_PICKEDSET31
0
2
17
996 999 1000 1013 1014 1015 1016 1017 1018 1019 1020 1021 1022 1023 1024 1025 1026 
0
0
_PICKEDSET2
0
2
51
996 997 998 999 1000 1001 1002 1003 1004 1005 1006 1007 1008 1009 1010 1011 1012 1013 1014 1015 1016 1017 1018 1019 1020 1021 1022 1023 1024 1025 1026 1027 1028 1029 1030 1031 1032 1033 1034 1035 1036 1037 1038 1039 1040 1041 1042 1043 1044 1045 1046 
0
0
0

1
 P       0 PIBATCH
0
2
1
1 
0
0
0
VITREOUS-1
3
 P       6 PIBATCH
0
2
218
1135 1136 1137 1138 1139 1140 1141 1142 1143 1144 1145 1146 1147 1148 1149 1150 1151 1152 1153 1154 1155 1156 1157 1158 1159 1160 1161 1162 1163 1164 1165 1166 1167 1168 1169 1170 1171 1172 1173 1174 1175 1176 1177 1178 1179 1180 1181 1182 1183 1184 1185 1186 1187 1188 1189 1190 1191 1192 1193 1194 1195 1196 1197 1198 1199 1200 1201 1202 1203 1204 1205 1206 1207 1208 1209 1210 1211 1212 1213 1214 1215 1216 1217 1218 1219 1220 1221 1222 1223 1224 1225 1226 1227 1228 1229 1230 1231 1232 1233 1234 1235 1236 1237 1238 1239 1240 1241 1242 1243 1244 1245 1246 1247 1248 1249 1250 1251 1252 1253 1254 1255 1256 1257 1258 1259 1260 1261 1262 1263 1264 1265 1266 1267 1268 1269 1270 1271 1272 1273 1274 1275 1276 1277 1278 1279 1280 1281 1282 1283 1284 1285 1286 1287 1288 1289 1290 1291 1292 1293 1294 1295 1296 1297 1298 1299 1300 1301 1302 1303 1304 1305 1306 1307 1308 1309 1310 1311 1312 1313 1314 1315 1316 1317 1318 1319 1320 1321 1322 1323 1324 1325 1326 1327 1328 1329 1330 1331 1332 1333 1334 1335 1336 1337 1338 1339 1340 1341 1342 1343 1344 1345 1346 1347 1348 1349 1350 1351 1352 
0
0
 P       6_PICKEDSET76
0
2
14
1139 1140 1155 1156 1157 1158 1159 1160 1161 1162 1163 1164 1165 1166 
0
0
_PICKEDSET2
0
2
218
1135 1136 1137 1138 1139 1140 1141 1142 1143 1144 1145 1146 1147 1148 1149 1150 1151 1152 1153 1154 1155 1156 1157 1158 1159 1160 1161 1162 1163 1164 1165 1166 1167 1168 1169 1170 1171 1172 1173 1174 1175 1176 1177 1178 1179 1180 1181 1182 1183 1184 1185 1186 1187 1188 1189 1190 1191 1192 1193 1194 1195 1196 1197 1198 1199 1200 1201 1202 1203 1204 1205 1206 1207 1208 1209 1210 1211 1212 1213 1214 1215 1216 1217 1218 1219 1220 1221 1222 1223 1224 1225 1226 1227 1228 1229 1230 1231 1232 1233 1234 1235 1236 1237 1238 1239 1240 1241 1242 1243 1244 1245 1246 1247 1248 1249 1250 1251 1252 1253 1254 1255 1256 1257 1258 1259 1260 1261 1262 1263 1264 1265 1266 1267 1268 1269 1270 1271 1272 1273 1274 1275 1276 1277 1278 1279 1280 1281 1282 1283 1284 1285 1286 1287 1288 1289 1290 1291 1292 1293 1294 1295 1296 1297 1298 1299 1300 1301 1302 1303 1304 1305 1306 1307 1308 1309 1310 1311 1312 1313 1314 1315 1316 1317 1318 1319 1320 1321 1322 1323 1324 1325 1326 1327 1328 1329 1330 1331 1332 1333 1334 1335 1336 1337 1338 1339 1340 1341 1342 1343 1344 1345 1346 1347 1348 1349 1350 1351 1352 
0
0
0
TOUCH-LEN-1
3
 P       5 PIBATCH
0
2
88
1047 1048 1049 1050 1051 1052 1053 1054 1055 1056 1057 1058 1059 1060 1061 1062 1063 1064 1065 1066 1067 1068 1069 1070 1071 1072 1073 1074 1075 1076 1077 1078 1079 1080 1081 1082 1083 1084 1085 1086 1087 1088 1089 1090 1091 1092 1093 1094 1095 1096 1097 1098 1099 1100 1101 1102 1103 1104 1105 1106 1107 1108 1109 1110 1111 1112 1113 1114 1115 1116 1117 1118 1119 1120 1121 1122 1123 1124 1125 1126 1127 1128 1129 1130 1131 1132 1133 1134 
0
0
 P       5_PICKEDSET76
0
2
4
1068 1090 1112 1134 
0
0
_PICKEDSET2
0
2
88
1047 1048 1049 1050 1051 1052 1053 1054 1055 1056 1057 1058 1059 1060 1061 1062 1063 1064 1065 1066 1067 1068 1069 1070 1071 1072 1073 1074 1075 1076 1077 1078 1079 1080 1081 1082 1083 1084 1085 1086 1087 1088 1089 1090 1091 1092 1093 1094 1095 1096 1097 1098 1099 1100 1101 1102 1103 1104 1105 1106 1107 1108 1109 1110 1111 1112 1113 1114 1115 1116 1117 1118 1119 1120 1121 1122 1123 1124 1125 1126 1127 1128 1129 1130 1131 1132 1133 1134 
0
0
0
CORNEA-1
3
 P       2 PIBATCH
0
2
14
-2147483647
48 1 16 5 0 1 0 -1 -1 498 1 -1879048189 60 498 
0
0
 P       2_PICKEDSET76
0
2
11
61 62 66 73 74 75 76 77 199 200 201 
0
0
_PICKEDSET2
0
2
14
-2147483647
48 1 16 5 0 1 0 -1 -1 498 1 -1879048189 60 498 
0
0
0
CRYSTALLINE-1
3
 P       3 PIBATCH
0
2
14
-2147483647
48 1 16 5 0 1 0 -1 -1 438 1 -1879048189 558 438 
0
0
 P       3_PICKEDSET76
0
2
24
563 564 586 587 588 589 590 591 592 593 594 595 596 597 598 599 600 601 602 603 604 605 606 607 
0
0
_PICKEDSET2
0
2
14
-2147483647
48 1 16 5 0 1 0 -1 -1 438 1 -1879048189 558 438 
0
0
0
0
6
_PICKEDSURF109
1
0
0
4
CORNEA-1
0
0
4
S1
15
66 87 102 105 167 219 225 226 228 235 236 238 239 240 423 
S2
15
68 124 134 139 140 147 164 166 171 191 231 232 234 243 292 
S4
15
85 86 122 123 148 149 161 162 188 210 218 229 230 233 242 
S3
13
59 60 61 62 63 64 99 101 103 150 217 237 289 
CRYSTALLINE-1
0
0
3
S1
1
527 
S2
16
482 484 485 490 493 526 529 534 535 537 541 549 551 554 557 862 
S4
12
471 476 477 480 483 491 528 530 532 539 548 553 
FRONT-SCLERA-1
0
0
1
S4
6
889 891 893 895 897 899 
VITREOUS-1
0
0
3
S1
3
965 971 972 
S2
1
980 
S3
2
968 970 
_PICKEDSURF23
1
0
0
2
CORNEA-1
0
0
3
S2
2
436 463 
S3
4
441 442 451 458 
S4
2
450 452 
FRONT-SCLERA-1
0
0
1
S3
2
899 900 
_PICKEDSURF24
1
0
0
1
CORNEA-1
0
0
3
S2
2
436 463 
S3
4
441 442 451 458 
S4
2
450 452 
_PICKEDSURF25
1
0
0
1
BACK-SCLERA-1
0
0
1
S4
1
1 
_PICKEDSURF26
1
0
0
1
FRONT-SCLERA-1
0
0
1
S3
2
887 888 
_PICKEDSURF73
1
0
0
1
TOUCH-LEN-1
0
0
4
S1
21
901 902 903 904 905 906 907 908 909 910 911 912 913 914 915 916 917 918 919 920 921 
S2
3
921 942 963 
S4
3
901 922 943 
S3
21
943 944 945 946 947 948 949 950 951 952 953 954 955 956 957 958 959 960 961 962 963 
