Abaqus/Explicit 2025                             DATE 09-5ÔÂ-2026  TIME 05:04:28
-------------------------------------------------------------------------------
 PREPROCESSOR WARNING MESSAGES
-------------------------------------------------------------------------------


***WARNING: There are 2 warning messages in the data (.dat) file.  Please
            check the data file for possible errors in the input file.


-------------------------------------------------------------------------------
 NUMERICAL PRECISION USED FOR THIS Abaqus/Explicit ANALYSIS
-------------------------------------------------------------------------------

Single precision package and explicit executables will be used in this analysis.

-------------------------------------------------------------------------------

***WARNING: In step 1, portions of main surfaces in the general contact domain
            have been tied together.  Joining disconnected surfaces with *TIE
            does not alter the surface connectivity and results in a seam in
            the contact surface.  The nodes along the tied surface perimeters
            have been added to the node set named  "WarnNodePerimTieSeam".

-------------------------------------------------------------------------------
 MODEL INFORMATION (IN GLOBAL X-Y COORDINATES)
-------------------------------------------------------------------------------

   Total mass in model = 6.26843E-06
   Center of mass of model = ( 6.901401E+00,-1.176077E+00)
   For the axisymmetric body, the center of mass is located at the center of mass
   of the circumferential slice.

   Moments of Inertia :
                 About Center of Mass              About Origin
      I(XX)          1.729123E-04                  1.815825E-04
      I(YY)          4.516371E-05                  3.437247E-04
      I(XY)         -1.763412E-06                  4.911475E-05
      I(ZZ)          2.180760E-04                  5.253072E-04

-------------------------------------------------------------------------------
 STABLE TIME INCREMENT INFORMATION
-------------------------------------------------------------------------------


  The stable time increment estimate for each element is based on
  linearization about the initial state.


   Initial time increment = 3.56654E-07

   Statistics over 1158 deformable elements:
      Mean = 8.56594E-06
      Standard deviation = 1.41935E-05

   Most critical elements:
    Element number   Rank    Time increment   Increment ratio
    (Instance name)
   ----------------------------------------------------------
           6          1       3.566541E-07      1.000000E+00
    CORNEA-1
          12          2       3.959686E-07      9.007131E-01
    CORNEA-1
          18          3       4.294736E-07      8.304446E-01
    CORNEA-1
           5          4       4.397008E-07      8.111291E-01
    CORNEA-1
          24          5       4.561990E-07      7.817950E-01
    CORNEA-1
           4          6       4.676534E-07      7.626461E-01
    CORNEA-1
          30          7       4.763390E-07      7.487401E-01
    CORNEA-1
           3          8       4.866605E-07      7.328601E-01
    CORNEA-1
          36          9       4.908593E-07      7.265912E-01
    CORNEA-1
           2         10       5.022716E-07      7.100822E-01
    CORNEA-1


  Instance name for the most critical element will be printed if the critical
  element changes or at the beginning of a new page.


-------------------------------------------------------------------------------

  INFORMATION REGARDING INITIAL CONTACT OVERCLOSURES FOR NEWLY DEFINED GENERAL
  CONTACT INTERACTIONS IN STEP 1

-------------------------------------------------------------------------------

  Abaqus/Explicit will attempt to resolve 50 initial node-face overclosure(s).


  Maximum initial overclosure for node-face contact is 2.08170E-02 at node 11
  of instance CRYSTALLINE-1 and face S2 of element 89 of instance VITREOUS-1.


  Maximum initial contact adjustment is: 2.08387E-02 at node 11 of instance
  CRYSTALLINE-1.


  No unresolved initial node-face overclosures found.


***NOTE: You can view the deformed configuration due to the resolution of
         initial overclosures.  In increment 0, draw the deformed shape or
         draw a symbol plot of vector displacements.

------------------------------------------------------------------------------

Abaqus/Explicit 2025                             DATE 09-5ÔÂ-2026  TIME 05:04:35
The entire model is considered 1 domain.
Only 1 MPI rank is used.

-------------------------------------------------------------------------------
 SOLUTION PROGRESS
-------------------------------------------------------------------------------

 STEP 1  ORIGIN 0.0000

  Total memory used for step 1 is approximately 3.2 megabytes.
  Global time estimation algorithm will be used.
  Scaling factor:  1.0000
              STEP     TOTAL      WALL        STABLE    CRITICAL    KINETIC      TOTAL
INCREMENT     TIME      TIME      TIME     INCREMENT     ELEMENT     ENERGY     ENERGY
        0  0.000E+00 0.000E+00  00:00:00 3.56654E-07           6  6.126E-05  6.126E-05
INSTANCE WITH CRITICAL ELEMENT: CORNEA-1
Output Field Frame Number     0, of     15, at step time 0.000E+00
      792  5.002E-04 5.002E-04  00:00:01 6.32525E-07           6  4.968E-02  9.593E-05
INSTANCE WITH CRITICAL ELEMENT: CORNEA-1
     1056  6.667E-04 6.667E-04  00:00:01 6.32073E-07           6  5.148E-02  1.131E-04
INSTANCE WITH CRITICAL ELEMENT: CORNEA-1
Output Field Frame Number     1, of     15, at step time 6.667E-04
     1861  1.167E-03 1.167E-03  00:00:02 6.17502E-07           6  7.006E-02  1.527E-04
INSTANCE WITH CRITICAL ELEMENT: CORNEA-1
     2133  1.333E-03 1.333E-03  00:00:02 6.13431E-07           6  6.719E-02  1.755E-04
INSTANCE WITH CRITICAL ELEMENT: CORNEA-1
Output Field Frame Number     2, of     15, at step time 1.333E-03
     2954  1.834E-03 1.834E-03  00:00:03 6.03644E-07           6  3.060E-02  2.393E-04
INSTANCE WITH CRITICAL ELEMENT: CORNEA-1
     3229  2.000E-03 2.000E-03  00:00:03 6.07947E-07           6  2.244E-02  2.713E-04
INSTANCE WITH CRITICAL ELEMENT: CORNEA-1
Output Field Frame Number     3, of     15, at step time 2.000E-03
     4126  2.500E-03 2.500E-03  00:00:04 4.90368E-07           6  2.664E-02  2.761E-04
INSTANCE WITH CRITICAL ELEMENT: CORNEA-1
     4476  2.667E-03 2.667E-03  00:00:04 4.65164E-07           6  3.916E-02  2.560E-04
INSTANCE WITH CRITICAL ELEMENT: CORNEA-1
Output Field Frame Number     4, of     15, at step time 2.667E-03
     5538  3.167E-03 3.167E-03  00:00:05 4.80128E-07           6  6.193E-02  2.045E-04
INSTANCE WITH CRITICAL ELEMENT: CORNEA-1
     5891  3.333E-03 3.333E-03  00:00:05 4.72612E-07           6  6.017E-02  1.845E-04
INSTANCE WITH CRITICAL ELEMENT: CORNEA-1
Output Field Frame Number     5, of     15, at step time 3.333E-03
     6952  3.834E-03 3.834E-03  00:00:06 4.77311E-07           6  2.876E-02  1.728E-04
INSTANCE WITH CRITICAL ELEMENT: CORNEA-1
     7304  4.000E-03 4.000E-03  00:00:06 4.64480E-07           6  1.833E-02  1.723E-04
INSTANCE WITH CRITICAL ELEMENT: CORNEA-1
Output Field Frame Number     6, of     15, at step time 4.000E-03
     8367  4.500E-03 4.500E-03  00:00:07 4.66519E-07           6  1.260E-02  1.622E-04
INSTANCE WITH CRITICAL ELEMENT: CORNEA-1
     8722  4.667E-03 4.667E-03  00:00:08 4.66181E-07           6  1.668E-02  1.637E-04
INSTANCE WITH CRITICAL ELEMENT: CORNEA-1
Output Field Frame Number     7, of     15, at step time 4.667E-03
     9776  5.167E-03 5.167E-03  00:00:08 4.84847E-07           6  4.184E-02  1.732E-04
INSTANCE WITH CRITICAL ELEMENT: CORNEA-1
    10131  5.333E-03 5.333E-03  00:00:09 4.79104E-07           6  5.064E-02  1.814E-04
INSTANCE WITH CRITICAL ELEMENT: CORNEA-1
Output Field Frame Number     8, of     15, at step time 5.333E-03
    11184  5.833E-03 5.833E-03  00:00:10 4.71479E-07           6  4.609E-02  2.145E-04
INSTANCE WITH CRITICAL ELEMENT: CORNEA-1
    11535  6.000E-03 6.000E-03  00:00:10 4.68134E-07           6  3.600E-02  2.409E-04
INSTANCE WITH CRITICAL ELEMENT: CORNEA-1
Output Field Frame Number     9, of     15, at step time 6.000E-03
    12587  6.500E-03 6.500E-03  00:00:11 4.74876E-07           6  1.020E-02  2.793E-04
INSTANCE WITH CRITICAL ELEMENT: CORNEA-1
    12934  6.667E-03 6.667E-03  00:00:11 4.68210E-07           6  8.052E-03  2.860E-04
INSTANCE WITH CRITICAL ELEMENT: CORNEA-1
Output Field Frame Number    10, of     15, at step time 6.667E-03
    13979  7.167E-03 7.167E-03  00:00:12 4.80358E-07           6  2.983E-02  2.361E-04
INSTANCE WITH CRITICAL ELEMENT: CORNEA-1
    14325  7.333E-03 7.333E-03  00:00:12 4.79963E-07           6  3.901E-02  2.172E-04
INSTANCE WITH CRITICAL ELEMENT: CORNEA-1
Output Field Frame Number    11, of     15, at step time 7.333E-03
    15365  7.834E-03 7.834E-03  00:00:13 4.62760E-07           6  4.785E-02  1.596E-04
INSTANCE WITH CRITICAL ELEMENT: CORNEA-1
    15712  8.000E-03 8.000E-03  00:00:14 4.77749E-07           6  4.335E-02  1.530E-04
INSTANCE WITH CRITICAL ELEMENT: CORNEA-1
Output Field Frame Number    12, of     15, at step time 8.000E-03
    16749  8.500E-03 8.500E-03  00:00:15 4.72799E-07           6  1.719E-02  1.432E-04
INSTANCE WITH CRITICAL ELEMENT: CORNEA-1
    17094  8.667E-03 8.667E-03  00:00:15 4.85297E-07           6  1.009E-02  1.394E-04
INSTANCE WITH CRITICAL ELEMENT: CORNEA-1
Output Field Frame Number    13, of     15, at step time 8.667E-03
    18127  9.167E-03 9.167E-03  00:00:16 4.88045E-07           6  1.535E-02  1.449E-04
INSTANCE WITH CRITICAL ELEMENT: CORNEA-1
    18471  9.333E-03 9.333E-03  00:00:16 4.82209E-07           6  2.303E-02  1.543E-04
INSTANCE WITH CRITICAL ELEMENT: CORNEA-1
Output Field Frame Number    14, of     15, at step time 9.333E-03
    19502  9.833E-03 9.833E-03  00:00:17 4.89542E-07           6  4.264E-02  1.747E-04
INSTANCE WITH CRITICAL ELEMENT: CORNEA-1
    19845  1.000E-02 1.000E-02  00:00:17 4.89070E-07           6  4.439E-02  1.887E-04
INSTANCE WITH CRITICAL ELEMENT: CORNEA-1
Restart Number  1 at 1.00000E-02
Output Field Frame Number    15, of     15, at step time 1.000E-02

Abaqus/Explicit 2025                             DATE 09-5ÔÂ-2026  TIME 05:04:52

 STEP 2  ORIGIN 1.00000E-02

  Total memory used for step 2 is approximately 3.3 megabytes.
  Global time estimation algorithm will be used.
  Scaling factor:  1.0000
              STEP     TOTAL      WALL        STABLE    CRITICAL    KINETIC      TOTAL
INCREMENT     TIME      TIME      TIME     INCREMENT     ELEMENT     ENERGY     ENERGY
        0  0.000E+00 1.000E-02  00:00:17 3.72682E-07           6  4.439E-02  1.868E-04
INSTANCE WITH CRITICAL ELEMENT: CORNEA-1
Output Field Frame Number     0, of     15, at step time 0.000E+00
    10280  5.000E-03 1.500E-02  00:00:26 4.89344E-07           6  1.383E-02  1.386E-04
INSTANCE WITH CRITICAL ELEMENT: CORNEA-1
    13700  6.667E-03 1.667E-02  00:00:29 4.87723E-07           6  3.512E-02  4.595E-05
INSTANCE WITH CRITICAL ELEMENT: CORNEA-1
Output Field Frame Number     1, of     15, at step time 6.667E-03
    23958  1.167E-02 2.167E-02  00:00:38 4.88763E-07           6  7.075E-03  2.118E-05
INSTANCE WITH CRITICAL ELEMENT: CORNEA-1
    27375  1.333E-02 2.333E-02  00:00:41 4.88751E-07           6  2.493E-02  9.698E-05
INSTANCE WITH CRITICAL ELEMENT: CORNEA-1
Output Field Frame Number     2, of     15, at step time 1.333E-02
    37624  1.833E-02 2.833E-02  00:00:50 4.88827E-07           6  5.897E-03  1.294E-04
INSTANCE WITH CRITICAL ELEMENT: CORNEA-1
    41040  2.000E-02 3.000E-02  00:00:53 4.88319E-07           6  1.566E-02  1.578E-05
INSTANCE WITH CRITICAL ELEMENT: CORNEA-1
Output Field Frame Number     3, of     15, at step time 2.000E-02
    51289  2.500E-02 3.500E-02  00:01:02 4.87816E-07           6  7.443E-03  2.751E-05
INSTANCE WITH CRITICAL ELEMENT: CORNEA-1
    54704  2.667E-02 3.667E-02  00:01:05 4.88489E-07           6  8.947E-03  9.682E-05
INSTANCE WITH CRITICAL ELEMENT: CORNEA-1
Output Field Frame Number     4, of     15, at step time 2.667E-02
    64942  3.167E-02 4.167E-02  00:01:14 4.88554E-07           6  1.206E-02  9.806E-05
INSTANCE WITH CRITICAL ELEMENT: CORNEA-1
    68358  3.333E-02 4.333E-02  00:01:17 4.88050E-07           6  3.999E-03  8.713E-06
INSTANCE WITH CRITICAL ELEMENT: CORNEA-1
Output Field Frame Number     5, of     15, at step time 3.333E-02
    78605  3.833E-02 4.833E-02  00:01:26 4.88037E-07           6  1.863E-02  2.933E-05
INSTANCE WITH CRITICAL ELEMENT: CORNEA-1
    82020  4.000E-02 5.000E-02  00:01:29 4.89118E-07           6  4.348E-03  8.230E-05
INSTANCE WITH CRITICAL ELEMENT: CORNEA-1
Output Field Frame Number     6, of     15, at step time 4.000E-02
    92266  4.500E-02 5.500E-02  00:01:38 4.89114E-07           6  2.330E-02  5.078E-05
INSTANCE WITH CRITICAL ELEMENT: CORNEA-1
    95682  4.667E-02 5.667E-02  00:01:40 4.88999E-07           6  9.009E-03  2.566E-06
INSTANCE WITH CRITICAL ELEMENT: CORNEA-1
Output Field Frame Number     7, of     15, at step time 4.667E-02
   105929  5.167E-02 6.167E-02  00:01:49 4.88890E-07           6  2.383E-02  2.793E-05
INSTANCE WITH CRITICAL ELEMENT: CORNEA-1
   109344  5.333E-02 6.333E-02  00:01:52 4.88941E-07           6  1.570E-02  5.119E-05
INSTANCE WITH CRITICAL ELEMENT: CORNEA-1
Output Field Frame Number     8, of     15, at step time 5.333E-02
   119590  5.833E-02 6.833E-02  00:02:01 4.89481E-07           6  1.880E-02  6.977E-06
INSTANCE WITH CRITICAL ELEMENT: CORNEA-1
   123006  6.000E-02 7.000E-02  00:02:04 4.88792E-07           6  1.924E-02  3.243E-06
INSTANCE WITH CRITICAL ELEMENT: CORNEA-1
Output Field Frame Number     9, of     15, at step time 6.000E-02
   133214  6.500E-02 7.500E-02  00:02:13 4.89082E-07           6  1.289E-02  3.220E-05
INSTANCE WITH CRITICAL ELEMENT: CORNEA-1
   136604  6.667E-02 7.667E-02  00:02:16 4.89395E-07           6  2.000E-02  2.028E-05
INSTANCE WITH CRITICAL ELEMENT: CORNEA-1
Output Field Frame Number    10, of     15, at step time 6.667E-02
   146773  7.167E-02 8.167E-02  00:02:25 4.89360E-07           6  7.917E-03 -1.861E-05
INSTANCE WITH CRITICAL ELEMENT: CORNEA-1
   150163  7.333E-02 8.333E-02  00:02:27 4.89224E-07           6  1.764E-02  1.108E-05
INSTANCE WITH CRITICAL ELEMENT: CORNEA-1
Output Field Frame Number    11, of     15, at step time 7.333E-02
   160334  7.833E-02 8.833E-02  00:02:36 4.89276E-07           6  4.840E-03  3.705E-05
INSTANCE WITH CRITICAL ELEMENT: CORNEA-1
   163724  8.000E-02 9.000E-02  00:02:39 4.89123E-07           6  1.472E-02 -7.714E-06
INSTANCE WITH CRITICAL ELEMENT: CORNEA-1
Output Field Frame Number    12, of     15, at step time 8.000E-02
   173895  8.500E-02 9.500E-02  00:02:48 4.89362E-07           6  2.536E-03 -3.821E-05
INSTANCE WITH CRITICAL ELEMENT: CORNEA-1
   177284  8.667E-02 9.667E-02  00:02:51 4.88919E-07           6  9.893E-03  2.079E-05
INSTANCE WITH CRITICAL ELEMENT: CORNEA-1
Output Field Frame Number    13, of     15, at step time 8.667E-02
   187453  9.167E-02 1.017E-01  00:02:59 4.89289E-07           6  2.347E-03  2.917E-05
INSTANCE WITH CRITICAL ELEMENT: CORNEA-1
   190843  9.333E-02 1.033E-01  00:03:02 4.89317E-07           6  6.484E-03 -3.356E-05
INSTANCE WITH CRITICAL ELEMENT: CORNEA-1
Output Field Frame Number    14, of     15, at step time 9.333E-02
   201012  9.833E-02 1.083E-01  00:03:11 4.89195E-07           6  3.441E-03 -5.095E-05
INSTANCE WITH CRITICAL ELEMENT: CORNEA-1
   204402  1.000E-01 1.100E-01  00:03:14 4.89342E-07           6  2.992E-03  1.745E-05
INSTANCE WITH CRITICAL ELEMENT: CORNEA-1
Restart Number  1 at 0.11000
Output Field Frame Number    15, of     15, at step time 1.000E-01
  EXPLICIT EXECUTABLE TIME SUMMARY
       USER TIME (SEC)      =   99.400
       SYSTEM TIME (SEC)    =   110.70
       WALLCLOCK TIME (SEC) =          194
              INIT (SEC) =          0
              MAIN (SEC) =        194

  THE ANALYSIS HAS COMPLETED SUCCESSFULLY

