Abaqus/Explicit 2025                             DATE 12-5ÔÂ-2026  TIME 04:58:04
-------------------------------------------------------------------------------
 PREPROCESSOR WARNING MESSAGES
-------------------------------------------------------------------------------


***WARNING: There are 33 warning messages in the data (.dat) file.  Please
            check the data file for possible errors in the input file.


-------------------------------------------------------------------------------
 NUMERICAL PRECISION USED FOR THIS Abaqus/Explicit ANALYSIS
-------------------------------------------------------------------------------

Single precision package and explicit executables will be used in this analysis.

-------------------------------------------------------------------------------

***WARNING: In step 1, portions of main surfaces in the general contact domain
            have been tied together.  Joining disconnected surfaces with *TIE
            does not alter the surface connectivity and results in a seam in
            the contact surface.  The nodes along the tied surface perimeters
            have been added to the node set named  "WarnNodePerimTieSeam".

-------------------------------------------------------------------------------
 MODEL INFORMATION (IN GLOBAL X-Y COORDINATES)
-------------------------------------------------------------------------------

   Total mass in model = 6.26842E-06
   Center of mass of model = ( 6.901401E+00,-1.749841E+00)
   For the axisymmetric body, the center of mass is located at the center of mass
   of the circumferential slice.

   Moments of Inertia :
                 About Center of Mass              About Origin
      I(XX)          1.729787E-04                  1.921722E-04
      I(YY)          4.516378E-05                  3.437247E-04
      I(XY)         -1.755501E-06                  7.394421E-05
      I(ZZ)          2.181425E-04                  5.358969E-04

-------------------------------------------------------------------------------
 STABLE TIME INCREMENT INFORMATION
-------------------------------------------------------------------------------


  The stable time increment estimate for each element is based on
  linearization about the initial state.


   Initial time increment = 6.83764E-07

   Statistics over 1052 deformable elements:
      Mean = 9.36419E-06
      Standard deviation = 1.46578E-05

   Most critical elements:
    Element number   Rank    Time increment   Increment ratio
    (Instance name)
   ----------------------------------------------------------
          27          1       6.837637E-07      1.000000E+00
    CORNEA-1
           1          2       7.346187E-07      9.307737E-01
    CORNEA-1
          28          3       9.586126E-07      7.132847E-01
    BACK-SCLERA-1
           3          4       1.008067E-06      6.782917E-01
    CORNEA-1
          15          5       1.083977E-06      6.307920E-01
    CORNEA-1
          26          6       1.109113E-06      6.164958E-01
    CORNEA-1
          30          7       1.125270E-06      6.076441E-01
    CORNEA-1
          27          8       1.138756E-06      6.004480E-01
    BACK-SCLERA-1
          29          9       1.150745E-06      5.941923E-01
    CORNEA-1
          32         10       1.159465E-06      5.897237E-01
    CORNEA-1


  Instance name for the most critical element will be printed if the critical
  element changes or at the beginning of a new page.


-------------------------------------------------------------------------------

  INFORMATION REGARDING INITIAL CONTACT OVERCLOSURES FOR NEWLY DEFINED GENERAL
  CONTACT INTERACTIONS IN STEP 1

-------------------------------------------------------------------------------

  Abaqus/Explicit will attempt to resolve 47 initial node-face overclosure(s).


  Maximum initial overclosure for node-face contact is 2.08169E-02 at node 11
  of instance CRYSTALLINE-1 and face S2 of element 89 of instance VITREOUS-1.


  Maximum initial contact adjustment is: 2.08386E-02 at node 11 of instance
  CRYSTALLINE-1.


  No unresolved initial node-face overclosures found.


***NOTE: You can view the deformed configuration due to the resolution of
         initial overclosures.  In increment 0, draw the deformed shape or
         draw a symbol plot of vector displacements.

------------------------------------------------------------------------------

Abaqus/Explicit 2025                             DATE 12-5ÔÂ-2026  TIME 04:58:11
The entire model is considered 1 domain.
Only 1 MPI rank is used.

-------------------------------------------------------------------------------
 SOLUTION PROGRESS
-------------------------------------------------------------------------------

 STEP 1  ORIGIN 0.0000

  Total memory used for step 1 is approximately 3.1 megabytes.
  Global time estimation algorithm will be used.
  Scaling factor:  1.0000
              STEP     TOTAL      WALL        STABLE    CRITICAL    KINETIC      TOTAL
INCREMENT     TIME      TIME      TIME     INCREMENT     ELEMENT     ENERGY     ENERGY
        0  0.000E+00 0.000E+00  00:00:00 6.83764E-07          27  6.126E-05  6.126E-05
INSTANCE WITH CRITICAL ELEMENT: CORNEA-1
Output Field Frame Number     0, of     25, at step time 0.000E+00
      351  4.000E-04 4.000E-04  00:00:00 1.14132E-06          27  4.845E-02  8.517E-05
INSTANCE WITH CRITICAL ELEMENT: CORNEA-1
Output Field Frame Number     1, of     25, at step time 4.000E-04
      705  8.000E-04 8.000E-04  00:00:01 1.12682E-06          27  6.061E-02  1.743E-04
INSTANCE WITH CRITICAL ELEMENT: CORNEA-1
Output Field Frame Number     2, of     25, at step time 8.000E-04
     1066  1.200E-03 1.200E-03  00:00:01 1.10158E-06          27  6.970E-02  2.188E-04
INSTANCE WITH CRITICAL ELEMENT: CORNEA-1
Output Field Frame Number     3, of     25, at step time 1.200E-03
     1438  1.600E-03 1.600E-03  00:00:02 1.07166E-06          27  4.712E-02  2.676E-04
INSTANCE WITH CRITICAL ELEMENT: CORNEA-1
Output Field Frame Number     4, of     25, at step time 1.600E-03
     1812  2.000E-03 2.000E-03  00:00:03 1.06685E-06          27  2.356E-02  3.430E-04
INSTANCE WITH CRITICAL ELEMENT: CORNEA-1
Output Field Frame Number     5, of     25, at step time 2.000E-03
     2187  2.400E-03 2.400E-03  00:00:03 1.07807E-06          27  2.388E-02  3.394E-04
INSTANCE WITH CRITICAL ELEMENT: CORNEA-1
Output Field Frame Number     6, of     25, at step time 2.400E-03
     2558  2.800E-03 2.800E-03  00:00:04 1.08264E-06          27  5.361E-02  3.237E-04
INSTANCE WITH CRITICAL ELEMENT: CORNEA-1
Output Field Frame Number     7, of     25, at step time 2.800E-03
     2932  3.200E-03 3.200E-03  00:00:05 1.06473E-06          27  6.538E-02  3.018E-04
INSTANCE WITH CRITICAL ELEMENT: CORNEA-1
Output Field Frame Number     8, of     25, at step time 3.200E-03
     3306  3.600E-03 3.600E-03  00:00:05 1.08302E-06          27  5.011E-02  2.891E-04
INSTANCE WITH CRITICAL ELEMENT: CORNEA-1
Output Field Frame Number     9, of     25, at step time 3.600E-03
     3676  4.000E-03 4.000E-03  00:00:06 1.07869E-06          27  2.401E-02  2.898E-04
INSTANCE WITH CRITICAL ELEMENT: CORNEA-1
Output Field Frame Number    10, of     25, at step time 4.000E-03
     4048  4.400E-03 4.400E-03  00:00:07 1.07997E-06          27  1.237E-02  2.852E-04
INSTANCE WITH CRITICAL ELEMENT: CORNEA-1
Output Field Frame Number    11, of     25, at step time 4.400E-03
     4418  4.800E-03 4.800E-03  00:00:07 1.07877E-06          27  2.564E-02  2.979E-04
INSTANCE WITH CRITICAL ELEMENT: CORNEA-1
Output Field Frame Number    12, of     25, at step time 4.800E-03
     4789  5.200E-03 5.200E-03  00:00:08 1.08495E-06          27  4.610E-02  2.936E-04
INSTANCE WITH CRITICAL ELEMENT: CORNEA-1
Output Field Frame Number    13, of     25, at step time 5.200E-03
     5159  5.600E-03 5.600E-03  00:00:08 1.09759E-06          27  5.896E-02  3.024E-04
INSTANCE WITH CRITICAL ELEMENT: CORNEA-1
Output Field Frame Number    14, of     25, at step time 5.600E-03
     5528  6.000E-03 6.000E-03  00:00:09 1.08558E-06          27  3.803E-02  3.346E-04
INSTANCE WITH CRITICAL ELEMENT: CORNEA-1
Output Field Frame Number    15, of     25, at step time 6.000E-03
     5896  6.400E-03 6.400E-03  00:00:10 1.07809E-06          27  1.692E-02  3.489E-04
INSTANCE WITH CRITICAL ELEMENT: CORNEA-1
Output Field Frame Number    16, of     25, at step time 6.400E-03
     6264  6.800E-03 6.800E-03  00:00:10 1.09745E-06          27  1.183E-02  3.374E-04
INSTANCE WITH CRITICAL ELEMENT: CORNEA-1
Output Field Frame Number    17, of     25, at step time 6.800E-03
     6630  7.200E-03 7.200E-03  00:00:11 1.09059E-06          27  3.253E-02  2.716E-04
INSTANCE WITH CRITICAL ELEMENT: CORNEA-1
Output Field Frame Number    18, of     25, at step time 7.200E-03
     6997  7.600E-03 7.600E-03  00:00:11 1.10402E-06          27  4.813E-02  2.113E-04
INSTANCE WITH CRITICAL ELEMENT: CORNEA-1
Output Field Frame Number    19, of     25, at step time 7.600E-03
     7362  8.000E-03 8.000E-03  00:00:12 1.09259E-06          27  4.467E-02  1.619E-04
INSTANCE WITH CRITICAL ELEMENT: CORNEA-1
Output Field Frame Number    20, of     25, at step time 8.000E-03
     7727  8.400E-03 8.400E-03  00:00:13 1.09693E-06          27  2.152E-02  1.437E-04
INSTANCE WITH CRITICAL ELEMENT: CORNEA-1
Output Field Frame Number    21, of     25, at step time 8.400E-03
     8091  8.800E-03 8.800E-03  00:00:13 1.09424E-06          27  9.241E-03  1.321E-04
INSTANCE WITH CRITICAL ELEMENT: CORNEA-1
Output Field Frame Number    22, of     25, at step time 8.800E-03
     8455  9.200E-03 9.200E-03  00:00:14 1.10282E-06          27  1.772E-02  1.334E-04
INSTANCE WITH CRITICAL ELEMENT: CORNEA-1
Output Field Frame Number    23, of     25, at step time 9.200E-03
     8819  9.600E-03 9.600E-03  00:00:15 1.10757E-06          27  3.722E-02  1.326E-04
INSTANCE WITH CRITICAL ELEMENT: CORNEA-1
Output Field Frame Number    24, of     25, at step time 9.600E-03
     9183  1.000E-02 1.000E-02  00:00:15 1.09108E-06          27  4.573E-02  1.502E-04
INSTANCE WITH CRITICAL ELEMENT: CORNEA-1
Restart Number  1 at 1.00000E-02
Output Field Frame Number    25, of     25, at step time 1.000E-02

Abaqus/Explicit 2025                             DATE 12-5ÔÂ-2026  TIME 04:58:26

 STEP 2  ORIGIN 1.00000E-02

  Total memory used for step 2 is approximately 3.2 megabytes.
  Global time estimation algorithm will be used.
  Scaling factor:  1.0000
              STEP     TOTAL      WALL        STABLE    CRITICAL    KINETIC      TOTAL
INCREMENT     TIME      TIME      TIME     INCREMENT     ELEMENT     ENERGY     ENERGY
        0  0.000E+00 1.000E-02  00:00:15 6.88113E-07          27  4.573E-02  1.657E-04
INSTANCE WITH CRITICAL ELEMENT: CORNEA-1
Output Field Frame Number     0, of     25, at step time 0.000E+00
     3646  4.000E-03 1.400E-02  00:00:21 1.10149E-06          27  3.589E-02 -1.556E-04
INSTANCE WITH CRITICAL ELEMENT: CORNEA-1
Output Field Frame Number     1, of     25, at step time 4.000E-03
     7293  8.000E-03 1.800E-02  00:00:27 1.10580E-06          27  2.021E-02 -4.593E-04
INSTANCE WITH CRITICAL ELEMENT: CORNEA-1
Output Field Frame Number     2, of     25, at step time 8.000E-03
    10940  1.200E-02 2.200E-02  00:00:34 1.09656E-06          27  7.687E-03 -7.106E-04
INSTANCE WITH CRITICAL ELEMENT: CORNEA-1
Output Field Frame Number     3, of     25, at step time 1.200E-02
    14586  1.600E-02 2.600E-02  00:00:40 1.09502E-06          27  8.153E-03 -8.688E-04
INSTANCE WITH CRITICAL ELEMENT: CORNEA-1
Output Field Frame Number     4, of     25, at step time 1.600E-02
    18231  2.000E-02 3.000E-02  00:00:46 1.09708E-06          27  1.579E-02 -1.079E-03
INSTANCE WITH CRITICAL ELEMENT: CORNEA-1
Output Field Frame Number     5, of     25, at step time 2.000E-02
    21877  2.400E-02 3.400E-02  00:00:53 1.09482E-06          27  2.648E-02 -1.271E-03
INSTANCE WITH CRITICAL ELEMENT: CORNEA-1
Output Field Frame Number     6, of     25, at step time 2.400E-02
    25523  2.800E-02 3.800E-02  00:01:00 1.10021E-06          27  2.904E-02 -1.501E-03
INSTANCE WITH CRITICAL ELEMENT: CORNEA-1
Output Field Frame Number     7, of     25, at step time 2.800E-02
    29169  3.200E-02 4.200E-02  00:01:06 1.10267E-06          27  2.417E-02 -1.772E-03
INSTANCE WITH CRITICAL ELEMENT: CORNEA-1
Output Field Frame Number     8, of     25, at step time 3.200E-02
    32815  3.600E-02 4.600E-02  00:01:14 1.09952E-06          27  1.406E-02 -2.079E-03
INSTANCE WITH CRITICAL ELEMENT: CORNEA-1
Output Field Frame Number     9, of     25, at step time 3.600E-02
    36461  4.000E-02 5.000E-02  00:01:22 1.09596E-06          27  4.702E-03 -2.418E-03
INSTANCE WITH CRITICAL ELEMENT: CORNEA-1
Output Field Frame Number    10, of     25, at step time 4.000E-02
    40107  4.400E-02 5.400E-02  00:01:29 1.09165E-06          27  4.482E-03 -2.553E-03
INSTANCE WITH CRITICAL ELEMENT: CORNEA-1
Output Field Frame Number    11, of     25, at step time 4.400E-02
    43753  4.800E-02 5.800E-02  00:01:37 1.09644E-06          27  1.248E-02 -2.622E-03
INSTANCE WITH CRITICAL ELEMENT: CORNEA-1
Output Field Frame Number    12, of     25, at step time 4.800E-02
    47398  5.200E-02 6.200E-02  00:01:44 1.10200E-06          27  1.960E-02 -2.675E-03
INSTANCE WITH CRITICAL ELEMENT: CORNEA-1
Output Field Frame Number    13, of     25, at step time 5.200E-02
    51043  5.600E-02 6.600E-02  00:01:50 1.09790E-06          27  2.288E-02 -2.731E-03
INSTANCE WITH CRITICAL ELEMENT: CORNEA-1
Output Field Frame Number    14, of     25, at step time 5.600E-02
    54689  6.000E-02 7.000E-02  00:01:57 1.09636E-06          27  1.887E-02 -2.783E-03
INSTANCE WITH CRITICAL ELEMENT: CORNEA-1
Output Field Frame Number    15, of     25, at step time 6.000E-02
    58335  6.400E-02 7.400E-02  00:02:04 1.09850E-06          27  1.235E-02 -2.805E-03
INSTANCE WITH CRITICAL ELEMENT: CORNEA-1
Output Field Frame Number    16, of     25, at step time 6.400E-02
    61981  6.800E-02 7.800E-02  00:02:12 1.09740E-06          27  4.417E-03 -2.803E-03
INSTANCE WITH CRITICAL ELEMENT: CORNEA-1
Output Field Frame Number    17, of     25, at step time 6.800E-02
    65627  7.200E-02 8.200E-02  00:02:19 1.09839E-06          27  3.495E-03 -2.823E-03
INSTANCE WITH CRITICAL ELEMENT: CORNEA-1
Output Field Frame Number    18, of     25, at step time 7.200E-02
    69273  7.600E-02 8.600E-02  00:02:27 1.09442E-06          27  8.959E-03 -2.834E-03
INSTANCE WITH CRITICAL ELEMENT: CORNEA-1
Output Field Frame Number    19, of     25, at step time 7.600E-02
    72919  8.000E-02 9.000E-02  00:02:35 1.09662E-06          27  1.506E-02 -2.830E-03
INSTANCE WITH CRITICAL ELEMENT: CORNEA-1
Output Field Frame Number    20, of     25, at step time 8.000E-02
    76565  8.400E-02 9.400E-02  00:02:42 1.10281E-06          27  1.676E-02 -2.844E-03
INSTANCE WITH CRITICAL ELEMENT: CORNEA-1
Output Field Frame Number    21, of     25, at step time 8.400E-02
    80208  8.800E-02 9.800E-02  00:02:48 1.09995E-06          27  1.475E-02 -2.822E-03
INSTANCE WITH CRITICAL ELEMENT: CORNEA-1
Output Field Frame Number    22, of     25, at step time 8.800E-02
    83853  9.200E-02 1.020E-01  00:02:55 1.09570E-06          27  8.517E-03 -2.819E-03
INSTANCE WITH CRITICAL ELEMENT: CORNEA-1
Output Field Frame Number    23, of     25, at step time 9.200E-02
    87498  9.600E-02 1.060E-01  00:03:01 1.09745E-06          27  3.364E-03 -2.819E-03
INSTANCE WITH CRITICAL ELEMENT: CORNEA-1
Output Field Frame Number    24, of     25, at step time 9.600E-02
    91141  1.000E-01 1.100E-01  00:03:08 1.09422E-06          27  2.144E-03 -2.819E-03
INSTANCE WITH CRITICAL ELEMENT: CORNEA-1
Restart Number  1 at 0.11000
Output Field Frame Number    25, of     25, at step time 1.000E-01
  EXPLICIT EXECUTABLE TIME SUMMARY
       USER TIME (SEC)      =   226.90
       SYSTEM TIME (SEC)    =   188.60
       WALLCLOCK TIME (SEC) =          188
              INIT (SEC) =          0
              MAIN (SEC) =        188

  THE ANALYSIS HAS COMPLETED SUCCESSFULLY

