Abaqus/Explicit 2025                             DATE 12-5ÔÂ-2026  TIME 04:47:22
-------------------------------------------------------------------------------
 PREPROCESSOR WARNING MESSAGES
-------------------------------------------------------------------------------


***WARNING: There are 33 warning messages in the data (.dat) file.  Please
            check the data file for possible errors in the input file.


-------------------------------------------------------------------------------
 NUMERICAL PRECISION USED FOR THIS Abaqus/Explicit ANALYSIS
-------------------------------------------------------------------------------

Single precision package and explicit executables will be used in this analysis.

-------------------------------------------------------------------------------

***WARNING: In step 1, portions of main surfaces in the general contact domain
            have been tied together.  Joining disconnected surfaces with *TIE
            does not alter the surface connectivity and results in a seam in
            the contact surface.  The nodes along the tied surface perimeters
            have been added to the node set named  "WarnNodePerimTieSeam".

-------------------------------------------------------------------------------
 MODEL INFORMATION (IN GLOBAL X-Y COORDINATES)
-------------------------------------------------------------------------------

   Total mass in model = 6.26842E-06
   Center of mass of model = ( 6.901401E+00,-1.749841E+00)
   For the axisymmetric body, the center of mass is located at the center of mass
   of the circumferential slice.

   Moments of Inertia :
                 About Center of Mass              About Origin
      I(XX)          1.729787E-04                  1.921722E-04
      I(YY)          4.516378E-05                  3.437247E-04
      I(XY)         -1.755501E-06                  7.394421E-05
      I(ZZ)          2.181425E-04                  5.358969E-04

-------------------------------------------------------------------------------
 STABLE TIME INCREMENT INFORMATION
-------------------------------------------------------------------------------


  The stable time increment estimate for each element is based on
  linearization about the initial state.


   Initial time increment = 6.83764E-07

   Statistics over 1052 deformable elements:
      Mean = 3.15459E-06
      Standard deviation = 1.64334E-06

   Most critical elements:
    Element number   Rank    Time increment   Increment ratio
    (Instance name)
   ----------------------------------------------------------
          27          1       6.837637E-07      1.000000E+00
    CORNEA-1
           1          2       7.346187E-07      9.307737E-01
    CORNEA-1
          28          3       9.586126E-07      7.132847E-01
    BACK-SCLERA-1
           3          4       1.008067E-06      6.782917E-01
    CORNEA-1
          15          5       1.083977E-06      6.307920E-01
    CORNEA-1
          26          6       1.109113E-06      6.164958E-01
    CORNEA-1
          30          7       1.125270E-06      6.076441E-01
    CORNEA-1
          27          8       1.138756E-06      6.004480E-01
    BACK-SCLERA-1
          29          9       1.150745E-06      5.941923E-01
    CORNEA-1
          32         10       1.159465E-06      5.897237E-01
    CORNEA-1


  Instance name for the most critical element will be printed if the critical
  element changes or at the beginning of a new page.


-------------------------------------------------------------------------------

  INFORMATION REGARDING INITIAL CONTACT OVERCLOSURES FOR NEWLY DEFINED GENERAL
  CONTACT INTERACTIONS IN STEP 1

-------------------------------------------------------------------------------

  Abaqus/Explicit will attempt to resolve 47 initial node-face overclosure(s).


  Maximum initial overclosure for node-face contact is 2.08169E-02 at node 11
  of instance CRYSTALLINE-1 and face S2 of element 89 of instance VITREOUS-1.


  Maximum initial contact adjustment is: 2.08386E-02 at node 11 of instance
  CRYSTALLINE-1.


  No unresolved initial node-face overclosures found.


***NOTE: You can view the deformed configuration due to the resolution of
         initial overclosures.  In increment 0, draw the deformed shape or
         draw a symbol plot of vector displacements.

------------------------------------------------------------------------------

Abaqus/Explicit 2025                             DATE 12-5ÔÂ-2026  TIME 04:47:29
The entire model is considered 1 domain.
Only 1 MPI rank is used.

-------------------------------------------------------------------------------
 SOLUTION PROGRESS
-------------------------------------------------------------------------------

 STEP 1  ORIGIN 0.0000

  Total memory used for step 1 is approximately 3.1 megabytes.
  Global time estimation algorithm will be used.
  Scaling factor:  1.0000
              STEP     TOTAL      WALL        STABLE    CRITICAL    KINETIC      TOTAL
INCREMENT     TIME      TIME      TIME     INCREMENT     ELEMENT     ENERGY     ENERGY
        0  0.000E+00 0.000E+00  00:00:00 6.83764E-07          27  6.126E-05  6.126E-05
INSTANCE WITH CRITICAL ELEMENT: CORNEA-1
Output Field Frame Number     0, of     25, at step time 0.000E+00
      351  4.000E-04 4.000E-04  00:00:01 1.14167E-06          27  2.723E-02  8.473E-05
INSTANCE WITH CRITICAL ELEMENT: CORNEA-1
Output Field Frame Number     1, of     25, at step time 4.000E-04
      705  8.000E-04 8.000E-04  00:00:01 1.12596E-06          27  1.308E-02  1.480E-04
INSTANCE WITH CRITICAL ELEMENT: CORNEA-1
Output Field Frame Number     2, of     25, at step time 8.000E-04
     1066  1.200E-03 1.200E-03  00:00:02 1.10127E-06          27  1.209E-02  1.589E-04
INSTANCE WITH CRITICAL ELEMENT: CORNEA-1
Output Field Frame Number     3, of     25, at step time 1.200E-03
     1438  1.600E-03 1.600E-03  00:00:02 1.06966E-06          27  1.646E-02  1.522E-04
INSTANCE WITH CRITICAL ELEMENT: CORNEA-1
Output Field Frame Number     4, of     25, at step time 1.600E-03
     1812  2.000E-03 2.000E-03  00:00:03 1.06613E-06          27  1.493E-02  1.773E-04
INSTANCE WITH CRITICAL ELEMENT: CORNEA-1
Output Field Frame Number     5, of     25, at step time 2.000E-03
     2187  2.400E-03 2.400E-03  00:00:04 1.07585E-06          27  1.299E-02  1.645E-04
INSTANCE WITH CRITICAL ELEMENT: CORNEA-1
Output Field Frame Number     6, of     25, at step time 2.400E-03
     2558  2.800E-03 2.800E-03  00:00:04 1.08116E-06          27  1.373E-02  2.062E-04
INSTANCE WITH CRITICAL ELEMENT: CORNEA-1
Output Field Frame Number     7, of     25, at step time 2.800E-03
     2932  3.200E-03 3.200E-03  00:00:05 1.06574E-06          27  1.190E-02  2.421E-04
INSTANCE WITH CRITICAL ELEMENT: CORNEA-1
Output Field Frame Number     8, of     25, at step time 3.200E-03
     3306  3.600E-03 3.600E-03  00:00:05 1.08192E-06          27  1.008E-02  2.525E-04
INSTANCE WITH CRITICAL ELEMENT: CORNEA-1
Output Field Frame Number     9, of     25, at step time 3.600E-03
     3676  4.000E-03 4.000E-03  00:00:06 1.07471E-06          27  1.154E-02  2.588E-04
INSTANCE WITH CRITICAL ELEMENT: CORNEA-1
Output Field Frame Number    10, of     25, at step time 4.000E-03
     4049  4.400E-03 4.400E-03  00:00:06 1.07795E-06          27  7.823E-03  2.595E-04
INSTANCE WITH CRITICAL ELEMENT: CORNEA-1
Output Field Frame Number    11, of     25, at step time 4.400E-03
     4420  4.800E-03 4.800E-03  00:00:07 1.08019E-06          27  7.445E-03  2.612E-04
INSTANCE WITH CRITICAL ELEMENT: CORNEA-1
Output Field Frame Number    12, of     25, at step time 4.800E-03
     4791  5.200E-03 5.200E-03  00:00:07 1.08474E-06          27  7.027E-03  2.518E-04
INSTANCE WITH CRITICAL ELEMENT: CORNEA-1
Output Field Frame Number    13, of     25, at step time 5.200E-03
     5161  5.600E-03 5.600E-03  00:00:08 1.09734E-06          27  6.815E-03  2.497E-04
INSTANCE WITH CRITICAL ELEMENT: CORNEA-1
Output Field Frame Number    14, of     25, at step time 5.600E-03
     5531  6.000E-03 6.000E-03  00:00:08 1.08683E-06          27  6.791E-03  2.225E-04
INSTANCE WITH CRITICAL ELEMENT: CORNEA-1
Output Field Frame Number    15, of     25, at step time 6.000E-03
     5903  6.400E-03 6.400E-03  00:00:09 1.08180E-06          27  5.667E-03  1.984E-04
INSTANCE WITH CRITICAL ELEMENT: CORNEA-1
Output Field Frame Number    16, of     25, at step time 6.400E-03
     6271  6.800E-03 6.800E-03  00:00:09 1.09442E-06          27  5.434E-03  1.849E-04
INSTANCE WITH CRITICAL ELEMENT: CORNEA-1
Output Field Frame Number    17, of     25, at step time 6.800E-03
     6637  7.200E-03 7.200E-03  00:00:10 1.08921E-06          27  4.880E-03  1.738E-04
INSTANCE WITH CRITICAL ELEMENT: CORNEA-1
Output Field Frame Number    18, of     25, at step time 7.200E-03
     7004  7.600E-03 7.600E-03  00:00:10 1.09727E-06          27  4.523E-03  1.530E-04
INSTANCE WITH CRITICAL ELEMENT: CORNEA-1
Output Field Frame Number    19, of     25, at step time 7.600E-03
     7369  8.000E-03 8.000E-03  00:00:11 1.09268E-06          27  4.726E-03  1.305E-04
INSTANCE WITH CRITICAL ELEMENT: CORNEA-1
Output Field Frame Number    20, of     25, at step time 8.000E-03
     7734  8.400E-03 8.400E-03  00:00:11 1.10007E-06          27  3.425E-03  1.139E-04
INSTANCE WITH CRITICAL ELEMENT: CORNEA-1
Output Field Frame Number    21, of     25, at step time 8.400E-03
     8098  8.800E-03 8.800E-03  00:00:12 1.09950E-06          27  3.663E-03  9.254E-05
INSTANCE WITH CRITICAL ELEMENT: CORNEA-1
Output Field Frame Number    22, of     25, at step time 8.800E-03
     8462  9.200E-03 9.200E-03  00:00:12 1.09825E-06          27  3.873E-03  6.900E-05
INSTANCE WITH CRITICAL ELEMENT: CORNEA-1
Output Field Frame Number    23, of     25, at step time 9.200E-03
     8827  9.600E-03 9.600E-03  00:00:13 1.10448E-06          27  3.835E-03  2.873E-05
INSTANCE WITH CRITICAL ELEMENT: CORNEA-1
Output Field Frame Number    24, of     25, at step time 9.600E-03
     9191  1.000E-02 1.000E-02  00:00:14 1.09221E-06          27  4.329E-03  8.726E-06
INSTANCE WITH CRITICAL ELEMENT: CORNEA-1
Restart Number  1 at 1.00000E-02
Output Field Frame Number    25, of     25, at step time 1.000E-02

Abaqus/Explicit 2025                             DATE 12-5ÔÂ-2026  TIME 04:47:43

 STEP 2  ORIGIN 1.00000E-02

  Total memory used for step 2 is approximately 3.2 megabytes.
  Global time estimation algorithm will be used.
  Scaling factor:  1.0000
              STEP     TOTAL      WALL        STABLE    CRITICAL    KINETIC      TOTAL
INCREMENT     TIME      TIME      TIME     INCREMENT     ELEMENT     ENERGY     ENERGY
        0  0.000E+00 1.000E-02  00:00:14 6.89429E-07          27  4.329E-03  2.253E-06
INSTANCE WITH CRITICAL ELEMENT: CORNEA-1
Output Field Frame Number     0, of     25, at step time 0.000E+00
     3644  4.000E-03 1.400E-02  00:00:19 1.10386E-06          27  3.158E-03 -2.302E-04
INSTANCE WITH CRITICAL ELEMENT: CORNEA-1
Output Field Frame Number     1, of     25, at step time 4.000E-03
     7289  8.000E-03 1.800E-02  00:00:25 1.10458E-06          27  2.373E-03 -4.790E-04
INSTANCE WITH CRITICAL ELEMENT: CORNEA-1
Output Field Frame Number     2, of     25, at step time 8.000E-03
    10934  1.200E-02 2.200E-02  00:00:33 1.09596E-06          27  1.916E-03 -6.701E-04
INSTANCE WITH CRITICAL ELEMENT: CORNEA-1
Output Field Frame Number     3, of     25, at step time 1.200E-02
    14579  1.600E-02 2.600E-02  00:00:40 1.09577E-06          27  2.474E-03 -7.511E-04
INSTANCE WITH CRITICAL ELEMENT: CORNEA-1
Output Field Frame Number     4, of     25, at step time 1.600E-02
    18223  2.000E-02 3.000E-02  00:00:46 1.09788E-06          27  1.468E-03 -8.724E-04
INSTANCE WITH CRITICAL ELEMENT: CORNEA-1
Output Field Frame Number     5, of     25, at step time 2.000E-02
    21867  2.400E-02 3.400E-02  00:00:54 1.09404E-06          27  2.066E-03 -1.005E-03
INSTANCE WITH CRITICAL ELEMENT: CORNEA-1
Output Field Frame Number     6, of     25, at step time 2.400E-02
    25511  2.800E-02 3.800E-02  00:01:01 1.10099E-06          27  1.565E-03 -1.092E-03
INSTANCE WITH CRITICAL ELEMENT: CORNEA-1
Output Field Frame Number     7, of     25, at step time 2.800E-02
    29155  3.200E-02 4.200E-02  00:01:08 1.10218E-06          27  1.815E-03 -1.189E-03
INSTANCE WITH CRITICAL ELEMENT: CORNEA-1
Output Field Frame Number     8, of     25, at step time 3.200E-02
    32799  3.600E-02 4.600E-02  00:01:14 1.09930E-06          27  1.456E-03 -1.276E-03
INSTANCE WITH CRITICAL ELEMENT: CORNEA-1
Output Field Frame Number     9, of     25, at step time 3.600E-02
    36443  4.000E-02 5.000E-02  00:01:21 1.09651E-06          27  1.225E-03 -1.350E-03
INSTANCE WITH CRITICAL ELEMENT: CORNEA-1
Output Field Frame Number    10, of     25, at step time 4.000E-02
    40087  4.400E-02 5.400E-02  00:01:27 1.09242E-06          27  1.380E-03 -1.410E-03
INSTANCE WITH CRITICAL ELEMENT: CORNEA-1
Output Field Frame Number    11, of     25, at step time 4.400E-02
    43731  4.800E-02 5.800E-02  00:01:34 1.09625E-06          27  1.405E-03 -1.474E-03
INSTANCE WITH CRITICAL ELEMENT: CORNEA-1
Output Field Frame Number    12, of     25, at step time 4.800E-02
    47374  5.200E-02 6.200E-02  00:01:41 1.10352E-06          27  9.158E-04 -1.531E-03
INSTANCE WITH CRITICAL ELEMENT: CORNEA-1
Output Field Frame Number    13, of     25, at step time 5.200E-02
    51017  5.600E-02 6.600E-02  00:01:47 1.09808E-06          27  1.468E-03 -1.600E-03
INSTANCE WITH CRITICAL ELEMENT: CORNEA-1
Output Field Frame Number    14, of     25, at step time 5.600E-02
    54661  6.000E-02 7.000E-02  00:01:54 1.09675E-06          27  1.027E-03 -1.647E-03
INSTANCE WITH CRITICAL ELEMENT: CORNEA-1
Output Field Frame Number    15, of     25, at step time 6.000E-02
    58305  6.400E-02 7.400E-02  00:02:00 1.09879E-06          27  1.407E-03 -1.695E-03
INSTANCE WITH CRITICAL ELEMENT: CORNEA-1
Output Field Frame Number    16, of     25, at step time 6.400E-02
    61949  6.800E-02 7.800E-02  00:02:06 1.09706E-06          27  6.441E-04 -1.744E-03
INSTANCE WITH CRITICAL ELEMENT: CORNEA-1
Output Field Frame Number    17, of     25, at step time 6.800E-02
    65593  7.200E-02 8.200E-02  00:02:13 1.09932E-06          27  9.786E-04 -1.788E-03
INSTANCE WITH CRITICAL ELEMENT: CORNEA-1
Output Field Frame Number    18, of     25, at step time 7.200E-02
    69237  7.600E-02 8.600E-02  00:02:21 1.09585E-06          27  1.265E-03 -1.833E-03
INSTANCE WITH CRITICAL ELEMENT: CORNEA-1
Output Field Frame Number    19, of     25, at step time 7.600E-02
    72881  8.000E-02 9.000E-02  00:02:28 1.09615E-06          27  7.438E-04 -1.875E-03
INSTANCE WITH CRITICAL ELEMENT: CORNEA-1
Output Field Frame Number    20, of     25, at step time 8.000E-02
    76524  8.400E-02 9.400E-02  00:02:37 1.10283E-06          27  6.912E-04 -1.913E-03
INSTANCE WITH CRITICAL ELEMENT: CORNEA-1
Output Field Frame Number    21, of     25, at step time 8.400E-02
    80165  8.800E-02 9.800E-02  00:02:49 1.09989E-06          27  1.242E-03 -1.946E-03
INSTANCE WITH CRITICAL ELEMENT: CORNEA-1
Output Field Frame Number    22, of     25, at step time 8.800E-02
    83809  9.200E-02 1.020E-01  00:02:58 1.09534E-06          27  5.832E-04 -1.979E-03
INSTANCE WITH CRITICAL ELEMENT: CORNEA-1
Output Field Frame Number    23, of     25, at step time 9.200E-02
    87453  9.600E-02 1.060E-01  00:03:06 1.09818E-06          27  9.120E-04 -2.012E-03
INSTANCE WITH CRITICAL ELEMENT: CORNEA-1
Output Field Frame Number    24, of     25, at step time 9.600E-02
    91094  1.000E-01 1.100E-01  00:03:14 1.09557E-06          27  5.607E-04 -2.039E-03
INSTANCE WITH CRITICAL ELEMENT: CORNEA-1
Restart Number  1 at 0.11000
Output Field Frame Number    25, of     25, at step time 1.000E-01
  EXPLICIT EXECUTABLE TIME SUMMARY
       USER TIME (SEC)      =   473.70
       SYSTEM TIME (SEC)    =   455.20
       WALLCLOCK TIME (SEC) =          194
              INIT (SEC) =          0
              MAIN (SEC) =        194

  THE ANALYSIS HAS COMPLETED SUCCESSFULLY

